<?xml version="1.0" encoding="UTF-8"?>
<testsuites name="Full and partial REFUNDS for teams (CARD, ACH, CHECK)" time="293.891" tests="6" failures="0" errors="0">
   <testsuite name="Full and partial REFUNDS for teams (CARD, ACH, CHECK)" tests="6" failures="0" errors="0" time="293.891" skipped="0" timestamp="21-04-2025T23:34:55" hostname="LENOVO - DESKTOP-9MN524E" id="Test Suites/Full and partial REFUNDS for teams (CARD, ACH, CHECK)">
      <properties>
         <property name="deviceName" value=""/>
         <property name="devicePlatform"/>
         <property name="logFolder" value="C:\\Users\\LENOVO\\git\\SportWrench\\Reports\\20250421_233453\\Full and partial REFUNDS for teams (CARD, ACH, CHECK)\\20250421_233453"/>
         <property name="logFiles" value="C:\\Users\\LENOVO\\git\\SportWrench\\Reports\\20250421_233453\\Full and partial REFUNDS for teams (CARD, ACH, CHECK)\\20250421_233453\\execution0.log"/>
         <property name="attachments" value=""/>
         <property name="hostName" value="LENOVO - DESKTOP-9MN524E"/>
         <property name="os" value="Windows 10 64bit"/>
         <property name="katalonVersion" value="10.1.1.0"/>
         <property name="browser" value="Chrome 135.0.7049.96"/>
         <property name="hostAddress" value="26.190.180.74"/>
         <property name="sessionId" value="b86140c96efab343bfb29171b633443a"/>
         <property name="seleniumVersion" value="4.22.0"/>
         <property name="proxyInformation" value="ProxyInformation { proxyOption=NO_PROXY, proxyServerType=HTTP, username=, password=********, proxyServerAddress=, proxyServerPort=0, executionList=&quot;&quot;, isApplyToDesiredCapabilities=true }"/>
         <property name="platform" value="Windows 10"/>
      </properties>
      <testcase name="Test Cases/111Team payments/Payments for teams (CARD, ACH, CHECK)" time="60.971" classname="Test Cases/111Team payments/Payments for teams (CARD, ACH, CHECK)" status="PASSED">
         <system-out><![CDATA[21-04-2025T23:34:56 - [TEST_CASE][PASSED] - Test Cases/111Team payments/Payments for teams (CARD, ACH, CHECK): Test Cases/111Team payments/Payments for teams (CARD, ACH, CHECK)

21-04-2025T23:34:56 - [TEST_STEP][PASSED] - openBrowser("http://USAV:demo@dev.swstage.com/"): Browser is opened with url: 'http://USAV:demo@dev.swstage.com/'

21-04-2025T23:34:56 - [MESSAGE][INFO] - Starting 'Chrome' driver

21-04-2025T23:34:56 - [MESSAGE][INFO] - Action delay is set to 0 milliseconds

21-04-2025T23:35:00 - [MESSAGE][PASSED] - Browser is opened with url: 'http://USAV:demo@dev.swstage.com/'

21-04-2025T23:35:00 - [TEST_STEP][PASSED] - navigateToUrl("http://USAV:demo@my.dev.swstage.com/#/"): Navigate to 'http://USAV:demo@my.dev.swstage.com/#/' successfully

21-04-2025T23:35:02 - [MESSAGE][PASSED] - Navigate to 'http://USAV:demo@my.dev.swstage.com/#/' successfully

21-04-2025T23:35:02 - [TEST_STEP][PASSED] - setText(findTestObject("Object Repository/Payment for teams (CARD, ACH, CHECK)/Page_SportWrench - The Home of Sporting Events/input_Log In_email"), "coachjon@trinityvolleyball.com"): Text 'coachjon@trinityvolleyball.com' is set on object 'Object Repository/Payment for teams (CARD, ACH, CHECK)/Page_SportWrench - The Home of Sporting Events/input_Log In_email'

21-04-2025T23:35:04 - [MESSAGE][PASSED] - Text 'coachjon@trinityvolleyball.com' is set on object 'Object Repository/Payment for teams (CARD, ACH, CHECK)/Page_SportWrench - The Home of Sporting Events/input_Log In_email'

21-04-2025T23:35:04 - [TEST_STEP][PASSED] - setEncryptedText(findTestObject("Object Repository/Payment for teams (CARD, ACH, CHECK)/Page_SportWrench - The Home of Sporting Events/input_false_password"), "ugkk24xDMrWrlVpEbACuNZEQlZ6qfcdw"): Text ****** has been set on object 'Object Repository/Payment for teams (CARD, ACH, CHECK)/Page_SportWrench - The Home of Sporting Events/input_false_password'

21-04-2025T23:35:04 - [MESSAGE][PASSED] - Text ****** has been set on object 'Object Repository/Payment for teams (CARD, ACH, CHECK)/Page_SportWrench - The Home of Sporting Events/input_false_password'

21-04-2025T23:35:04 - [TEST_STEP][PASSED] - click(findTestObject("Object Repository/Payment for teams (CARD, ACH, CHECK)/Page_SportWrench - The Home of Sporting Events/button_Log In")): Object: 'Object Repository/Payment for teams (CARD, ACH, CHECK)/Page_SportWrench - The Home of Sporting Events/button_Log In' is clicked on

21-04-2025T23:35:04 - [MESSAGE][PASSED] - Object: 'Object Repository/Payment for teams (CARD, ACH, CHECK)/Page_SportWrench - The Home of Sporting Events/button_Log In' is clicked on

21-04-2025T23:35:04 - [TEST_STEP][PASSED] - click(findTestObject("Object Repository/Payment for teams (CARD, ACH, CHECK)/Page_SportWrench - The Home of Sporting Events/a_Enter Events")): Object: 'Object Repository/Payment for teams (CARD, ACH, CHECK)/Page_SportWrench - The Home of Sporting Events/a_Enter Events' is clicked on

21-04-2025T23:35:08 - [MESSAGE][PASSED] - Object: 'Object Repository/Payment for teams (CARD, ACH, CHECK)/Page_SportWrench - The Home of Sporting Events/a_Enter Events' is clicked on

21-04-2025T23:35:08 - [TEST_STEP][PASSED] - setText(findTestObject("Spy Web/Page_SportWrench - The Home of Sporting Events/input_Invoices_searchbox"), "ULTIMATE TEAMS REFUND"): Text 'ULTIMATE TEAMS REFUND' is set on object 'Object Repository/Spy Web/Page_SportWrench - The Home of Sporting Events/input_Invoices_searchbox'

21-04-2025T23:35:09 - [MESSAGE][PASSED] - Text 'ULTIMATE TEAMS REFUND' is set on object 'Object Repository/Spy Web/Page_SportWrench - The Home of Sporting Events/input_Invoices_searchbox'

21-04-2025T23:35:09 - [TEST_STEP][PASSED] - delay(2): Delayed 2 second(s)

21-04-2025T23:35:11 - [MESSAGE][PASSED] - Delayed 2 second(s)

21-04-2025T23:35:11 - [TEST_STEP][PASSED] - click(findTestObject("Spy Web/Page_SportWrench - The Home of Sporting Events/span_ULTIMATE TEAMS REFUND")): Object: 'Object Repository/Spy Web/Page_SportWrench - The Home of Sporting Events/span_ULTIMATE TEAMS REFUND' is clicked on

21-04-2025T23:35:11 - [MESSAGE][PASSED] - Object: 'Object Repository/Spy Web/Page_SportWrench - The Home of Sporting Events/span_ULTIMATE TEAMS REFUND' is clicked on

21-04-2025T23:35:11 - [TEST_STEP][PASSED] - delay(2): Delayed 2 second(s)

21-04-2025T23:35:13 - [MESSAGE][PASSED] - Delayed 2 second(s)

21-04-2025T23:35:13 - [TEST_STEP][PASSED] - click(findTestObject("Object Repository/Payment for teams (CARD, ACH, CHECK)/Page_SportWrench - The Home of Sporting Events/button_Manage Teams")): Object: 'Object Repository/Payment for teams (CARD, ACH, CHECK)/Page_SportWrench - The Home of Sporting Events/button_Manage Teams' is clicked on

21-04-2025T23:35:13 - [MESSAGE][PASSED] - Object: 'Object Repository/Payment for teams (CARD, ACH, CHECK)/Page_SportWrench - The Home of Sporting Events/button_Manage Teams' is clicked on

21-04-2025T23:35:13 - [TEST_STEP][PASSED] - click(findTestObject("Object Repository/Payment for teams (CARD, ACH, CHECK)/Page_SportWrench - The Home of Sporting Events/button_Pay")): Object: 'Object Repository/Payment for teams (CARD, ACH, CHECK)/Page_SportWrench - The Home of Sporting Events/button_Pay' is clicked on

21-04-2025T23:35:16 - [MESSAGE][PASSED] - Object: 'Object Repository/Payment for teams (CARD, ACH, CHECK)/Page_SportWrench - The Home of Sporting Events/button_Pay' is clicked on

21-04-2025T23:35:16 - [TEST_STEP][PASSED] - delay(2): Delayed 2 second(s)

21-04-2025T23:35:18 - [MESSAGE][PASSED] - Delayed 2 second(s)

21-04-2025T23:35:18 - [TEST_STEP][PASSED] - click(findTestObject("Object Repository/Payment for teams (CARD, ACH, CHECK)/Page_SportWrench - The Home of Sporting Events/input_Payment history_ng-pristine ng-untouc_97ddf2")): Object: 'Object Repository/Payment for teams (CARD, ACH, CHECK)/Page_SportWrench - The Home of Sporting Events/input_Payment history_ng-pristine ng-untouc_97ddf2' is clicked on

21-04-2025T23:35:18 - [MESSAGE][PASSED] - Object: 'Object Repository/Payment for teams (CARD, ACH, CHECK)/Page_SportWrench - The Home of Sporting Events/input_Payment history_ng-pristine ng-untouc_97ddf2' is clicked on

21-04-2025T23:35:18 - [TEST_STEP][PASSED] - click(findTestObject("Object Repository/Payment for teams (CARD, ACH, CHECK)/Page_SportWrench - The Home of Sporting Events/input_To Pay_ng-pristine ng-untouched ng-va_e7e142")): Object: 'Object Repository/Payment for teams (CARD, ACH, CHECK)/Page_SportWrench - The Home of Sporting Events/input_To Pay_ng-pristine ng-untouched ng-va_e7e142' is clicked on

21-04-2025T23:35:18 - [MESSAGE][PASSED] - Object: 'Object Repository/Payment for teams (CARD, ACH, CHECK)/Page_SportWrench - The Home of Sporting Events/input_To Pay_ng-pristine ng-untouched ng-va_e7e142' is clicked on

21-04-2025T23:35:18 - [TEST_STEP][PASSED] - click(findTestObject("Object Repository/Payment for teams (CARD, ACH, CHECK)/Page_SportWrench - The Home of Sporting Events/input_1,000.00_ng-pristine ng-untouched ng-_714ebc")): Object: 'Object Repository/Payment for teams (CARD, ACH, CHECK)/Page_SportWrench - The Home of Sporting Events/input_1,000.00_ng-pristine ng-untouched ng-_714ebc' is clicked on

21-04-2025T23:35:19 - [MESSAGE][PASSED] - Object: 'Object Repository/Payment for teams (CARD, ACH, CHECK)/Page_SportWrench - The Home of Sporting Events/input_1,000.00_ng-pristine ng-untouched ng-_714ebc' is clicked on

21-04-2025T23:35:19 - [TEST_STEP][PASSED] - click(findTestObject("Object Repository/Payment for teams (CARD, ACH, CHECK)/Page_SportWrench - The Home of Sporting Events/input_1,000.00_ng-pristine ng-untouched ng-_714ebc_1")): Object: 'Object Repository/Payment for teams (CARD, ACH, CHECK)/Page_SportWrench - The Home of Sporting Events/input_1,000.00_ng-pristine ng-untouched ng-_714ebc_1' is clicked on

21-04-2025T23:35:19 - [MESSAGE][PASSED] - Object: 'Object Repository/Payment for teams (CARD, ACH, CHECK)/Page_SportWrench - The Home of Sporting Events/input_1,000.00_ng-pristine ng-untouched ng-_714ebc_1' is clicked on

21-04-2025T23:35:19 - [TEST_STEP][PASSED] - click(findTestObject("Object Repository/Payment for teams (CARD, ACH, CHECK)/Page_SportWrench - The Home of Sporting Events/input_1,000.00_ng-pristine ng-untouched ng-_714ebc_1_2")): Object: 'Object Repository/Payment for teams (CARD, ACH, CHECK)/Page_SportWrench - The Home of Sporting Events/input_1,000.00_ng-pristine ng-untouched ng-_714ebc_1_2' is clicked on

21-04-2025T23:35:20 - [MESSAGE][PASSED] - Object: 'Object Repository/Payment for teams (CARD, ACH, CHECK)/Page_SportWrench - The Home of Sporting Events/input_1,000.00_ng-pristine ng-untouched ng-_714ebc_1_2' is clicked on

21-04-2025T23:35:20 - [TEST_STEP][PASSED] - click(findTestObject("Object Repository/Payment for teams (CARD, ACH, CHECK)/Page_SportWrench - The Home of Sporting Events/input_1,000.00_ng-pristine ng-untouched ng-_714ebc_1_2_3")): Object: 'Object Repository/Payment for teams (CARD, ACH, CHECK)/Page_SportWrench - The Home of Sporting Events/input_1,000.00_ng-pristine ng-untouched ng-_714ebc_1_2_3' is clicked on

21-04-2025T23:35:20 - [MESSAGE][PASSED] - Object: 'Object Repository/Payment for teams (CARD, ACH, CHECK)/Page_SportWrench - The Home of Sporting Events/input_1,000.00_ng-pristine ng-untouched ng-_714ebc_1_2_3' is clicked on

21-04-2025T23:35:20 - [TEST_STEP][PASSED] - click(findTestObject("Object Repository/Payment for teams (CARD, ACH, CHECK)/Page_SportWrench - The Home of Sporting Events/div_Proceed to payment")): Object: 'Object Repository/Payment for teams (CARD, ACH, CHECK)/Page_SportWrench - The Home of Sporting Events/div_Proceed to payment' is clicked on

21-04-2025T23:35:20 - [MESSAGE][PASSED] - Object: 'Object Repository/Payment for teams (CARD, ACH, CHECK)/Page_SportWrench - The Home of Sporting Events/div_Proceed to payment' is clicked on

21-04-2025T23:35:20 - [TEST_STEP][PASSED] - delay(2): Delayed 2 second(s)

21-04-2025T23:35:22 - [MESSAGE][PASSED] - Delayed 2 second(s)

21-04-2025T23:35:22 - [TEST_STEP][PASSED] - setText(findTestObject("Object Repository/Payment for teams (CARD, ACH, CHECK)/Page_SportWrench - The Home of Sporting Events/input_Card number_number"), "4242 4242 4242 4242"): Text '4242 4242 4242 4242' is set on object 'Object Repository/Payment for teams (CARD, ACH, CHECK)/Page_SportWrench - The Home of Sporting Events/input_Card number_number'

21-04-2025T23:35:22 - [MESSAGE][WARNING] - [SELF-HEALING] Failed to find element with id 'Object Repository/Payment for teams (CARD, ACH, CHECK)/Page_SportWrench - The Home of Sporting Events/iframe_Use a Different Method___privateStri_5887b7'. Try using Self-healing.

21-04-2025T23:35:23 - [MESSAGE][WARNING] - [SELF-HEALING] The current locator of test object 'Object Repository/Payment for teams (CARD, ACH, CHECK)/Page_SportWrench - The Home of Sporting Events/iframe_Use a Different Method___privateStri_5887b7' was broken. Propose an alternative one: '//div[@id='payment-element']/div/iframe'.

21-04-2025T23:35:23 - [MESSAGE][PASSED] - Text '4242 4242 4242 4242' is set on object 'Object Repository/Payment for teams (CARD, ACH, CHECK)/Page_SportWrench - The Home of Sporting Events/input_Card number_number'

21-04-2025T23:35:23 - [TEST_STEP][PASSED] - setText(findTestObject("Object Repository/Payment for teams (CARD, ACH, CHECK)/Page_SportWrench - The Home of Sporting Events/input_MM  YY_expiry"), "12 / 26"): Text '12 / 26' is set on object 'Object Repository/Payment for teams (CARD, ACH, CHECK)/Page_SportWrench - The Home of Sporting Events/input_MM  YY_expiry'

21-04-2025T23:35:23 - [MESSAGE][WARNING] - [SELF-HEALING] Failed to find element with id 'Object Repository/Payment for teams (CARD, ACH, CHECK)/Page_SportWrench - The Home of Sporting Events/iframe_Use a Different Method___privateStri_5887b7'. Try using Self-healing.

21-04-2025T23:35:23 - [MESSAGE][WARNING] - [SELF-HEALING] The current locator of test object 'Object Repository/Payment for teams (CARD, ACH, CHECK)/Page_SportWrench - The Home of Sporting Events/iframe_Use a Different Method___privateStri_5887b7' was broken. Propose an alternative one: '//div[@id='payment-element']/div/iframe'.

21-04-2025T23:35:24 - [MESSAGE][PASSED] - Text '12 / 26' is set on object 'Object Repository/Payment for teams (CARD, ACH, CHECK)/Page_SportWrench - The Home of Sporting Events/input_MM  YY_expiry'

21-04-2025T23:35:24 - [TEST_STEP][PASSED] - setText(findTestObject("Object Repository/Payment for teams (CARD, ACH, CHECK)/Page_SportWrench - The Home of Sporting Events/input_Security code_cvc"), "345"): Text '345' is set on object 'Object Repository/Payment for teams (CARD, ACH, CHECK)/Page_SportWrench - The Home of Sporting Events/input_Security code_cvc'

21-04-2025T23:35:24 - [MESSAGE][WARNING] - [SELF-HEALING] Failed to find element with id 'Object Repository/Payment for teams (CARD, ACH, CHECK)/Page_SportWrench - The Home of Sporting Events/iframe_Use a Different Method___privateStri_5887b7'. Try using Self-healing.

21-04-2025T23:35:24 - [MESSAGE][WARNING] - [SELF-HEALING] The current locator of test object 'Object Repository/Payment for teams (CARD, ACH, CHECK)/Page_SportWrench - The Home of Sporting Events/iframe_Use a Different Method___privateStri_5887b7' was broken. Propose an alternative one: '//div[@id='payment-element']/div/iframe'.

21-04-2025T23:35:24 - [MESSAGE][PASSED] - Text '345' is set on object 'Object Repository/Payment for teams (CARD, ACH, CHECK)/Page_SportWrench - The Home of Sporting Events/input_Security code_cvc'

21-04-2025T23:35:24 - [TEST_STEP][PASSED] - click(findTestObject("Object Repository/Payment for teams (CARD, ACH, CHECK)/Page_SportWrench - The Home of Sporting Events/button_Pay 5,000.00")): Object: 'Object Repository/Payment for teams (CARD, ACH, CHECK)/Page_SportWrench - The Home of Sporting Events/button_Pay 5,000.00' is clicked on

21-04-2025T23:35:24 - [MESSAGE][PASSED] - Object: 'Object Repository/Payment for teams (CARD, ACH, CHECK)/Page_SportWrench - The Home of Sporting Events/button_Pay 5,000.00' is clicked on

21-04-2025T23:35:24 - [TEST_STEP][PASSED] - delay(5): Delayed 5 second(s)

21-04-2025T23:35:29 - [MESSAGE][PASSED] - Delayed 5 second(s)

21-04-2025T23:35:30 - [TEST_STEP][PASSED] - verifyElementPresent(findTestObject("Object Repository/Payment for teams (CARD, ACH, CHECK)/Page_SportWrench - The Home of Sporting Events/span_Your Payment of 5,000.00 succeeded"), 1): Object 'Object Repository/Payment for teams (CARD, ACH, CHECK)/Page_SportWrench - The Home of Sporting Events/span_Your Payment of 5,000.00 succeeded' is present

21-04-2025T23:35:30 - [MESSAGE][PASSED] - Object 'Object Repository/Payment for teams (CARD, ACH, CHECK)/Page_SportWrench - The Home of Sporting Events/span_Your Payment of 5,000.00 succeeded' is present

21-04-2025T23:35:30 - [TEST_STEP][PASSED] - click(findTestObject("Object Repository/Payment for teams (CARD, ACH, CHECK)/Page_SportWrench - The Home of Sporting Events/button_Close")): Object: 'Object Repository/Payment for teams (CARD, ACH, CHECK)/Page_SportWrench - The Home of Sporting Events/button_Close' is clicked on

21-04-2025T23:35:33 - [MESSAGE][PASSED] - Object: 'Object Repository/Payment for teams (CARD, ACH, CHECK)/Page_SportWrench - The Home of Sporting Events/button_Close' is clicked on

21-04-2025T23:35:33 - [TEST_STEP][PASSED] - click(findTestObject("Object Repository/Payment for teams (CARD, ACH, CHECK)/Page_SportWrench - The Home of Sporting Events/button_Pay")): Object: 'Object Repository/Payment for teams (CARD, ACH, CHECK)/Page_SportWrench - The Home of Sporting Events/button_Pay' is clicked on

21-04-2025T23:35:34 - [MESSAGE][PASSED] - Object: 'Object Repository/Payment for teams (CARD, ACH, CHECK)/Page_SportWrench - The Home of Sporting Events/button_Pay' is clicked on

21-04-2025T23:35:34 - [TEST_STEP][PASSED] - click(findTestObject("Object Repository/Payment for teams (CARD, ACH, CHECK)/Page_SportWrench - The Home of Sporting Events/input_Payment history_ng-pristine ng-untouc_97ddf2")): Object: 'Object Repository/Payment for teams (CARD, ACH, CHECK)/Page_SportWrench - The Home of Sporting Events/input_Payment history_ng-pristine ng-untouc_97ddf2' is clicked on

21-04-2025T23:35:34 - [MESSAGE][PASSED] - Object: 'Object Repository/Payment for teams (CARD, ACH, CHECK)/Page_SportWrench - The Home of Sporting Events/input_Payment history_ng-pristine ng-untouc_97ddf2' is clicked on

21-04-2025T23:35:34 - [TEST_STEP][PASSED] - click(findTestObject("Object Repository/Payment for teams (CARD, ACH, CHECK)/Page_SportWrench - The Home of Sporting Events/input_To Pay_ng-pristine ng-untouched ng-va_e7e142")): Object: 'Object Repository/Payment for teams (CARD, ACH, CHECK)/Page_SportWrench - The Home of Sporting Events/input_To Pay_ng-pristine ng-untouched ng-va_e7e142' is clicked on

21-04-2025T23:35:35 - [MESSAGE][PASSED] - Object: 'Object Repository/Payment for teams (CARD, ACH, CHECK)/Page_SportWrench - The Home of Sporting Events/input_To Pay_ng-pristine ng-untouched ng-va_e7e142' is clicked on

21-04-2025T23:35:35 - [TEST_STEP][PASSED] - click(findTestObject("Object Repository/Payment for teams (CARD, ACH, CHECK)/Page_SportWrench - The Home of Sporting Events/input_1,000.00_ng-pristine ng-untouched ng-_714ebc")): Object: 'Object Repository/Payment for teams (CARD, ACH, CHECK)/Page_SportWrench - The Home of Sporting Events/input_1,000.00_ng-pristine ng-untouched ng-_714ebc' is clicked on

21-04-2025T23:35:35 - [MESSAGE][PASSED] - Object: 'Object Repository/Payment for teams (CARD, ACH, CHECK)/Page_SportWrench - The Home of Sporting Events/input_1,000.00_ng-pristine ng-untouched ng-_714ebc' is clicked on

21-04-2025T23:35:35 - [TEST_STEP][PASSED] - click(findTestObject("Object Repository/Payment for teams (CARD, ACH, CHECK)/Page_SportWrench - The Home of Sporting Events/input_1,000.00_ng-pristine ng-untouched ng-_714ebc_1")): Object: 'Object Repository/Payment for teams (CARD, ACH, CHECK)/Page_SportWrench - The Home of Sporting Events/input_1,000.00_ng-pristine ng-untouched ng-_714ebc_1' is clicked on

21-04-2025T23:35:36 - [MESSAGE][PASSED] - Object: 'Object Repository/Payment for teams (CARD, ACH, CHECK)/Page_SportWrench - The Home of Sporting Events/input_1,000.00_ng-pristine ng-untouched ng-_714ebc_1' is clicked on

21-04-2025T23:35:36 - [TEST_STEP][PASSED] - click(findTestObject("Object Repository/Payment for teams (CARD, ACH, CHECK)/Page_SportWrench - The Home of Sporting Events/div_Proceed to payment_1")): Object: 'Object Repository/Payment for teams (CARD, ACH, CHECK)/Page_SportWrench - The Home of Sporting Events/div_Proceed to payment_1' is clicked on

21-04-2025T23:35:36 - [MESSAGE][PASSED] - Object: 'Object Repository/Payment for teams (CARD, ACH, CHECK)/Page_SportWrench - The Home of Sporting Events/div_Proceed to payment_1' is clicked on

21-04-2025T23:35:36 - [TEST_STEP][PASSED] - click(findTestObject("Object Repository/Payment for teams (CARD, ACH, CHECK)/Page_SportWrench - The Home of Sporting Events/a_Check")): Object: 'Object Repository/Payment for teams (CARD, ACH, CHECK)/Page_SportWrench - The Home of Sporting Events/a_Check' is clicked on

21-04-2025T23:35:37 - [MESSAGE][PASSED] - Object: 'Object Repository/Payment for teams (CARD, ACH, CHECK)/Page_SportWrench - The Home of Sporting Events/a_Check' is clicked on

21-04-2025T23:35:37 - [TEST_STEP][PASSED] - click(findTestObject("Object Repository/Payment for teams (CARD, ACH, CHECK)/Page_SportWrench - The Home of Sporting Events/button_Confirm 3,000.00")): Object: 'Object Repository/Payment for teams (CARD, ACH, CHECK)/Page_SportWrench - The Home of Sporting Events/button_Confirm 3,000.00' is clicked on

21-04-2025T23:35:38 - [MESSAGE][PASSED] - Object: 'Object Repository/Payment for teams (CARD, ACH, CHECK)/Page_SportWrench - The Home of Sporting Events/button_Confirm 3,000.00' is clicked on

21-04-2025T23:35:38 - [TEST_STEP][PASSED] - verifyElementPresent(findTestObject("Object Repository/Payment for teams (CARD, ACH, CHECK)/Page_SportWrench - The Home of Sporting Events/span_Your Payment of 3,000.00 is pending re_a194a2"), 0): Object 'Object Repository/Payment for teams (CARD, ACH, CHECK)/Page_SportWrench - The Home of Sporting Events/span_Your Payment of 3,000.00 is pending re_a194a2' is present

21-04-2025T23:35:38 - [MESSAGE][WARNING] - Timeout '0' is invalid. Using default page load timeout: '30'

21-04-2025T23:35:40 - [MESSAGE][PASSED] - Object 'Object Repository/Payment for teams (CARD, ACH, CHECK)/Page_SportWrench - The Home of Sporting Events/span_Your Payment of 3,000.00 is pending re_a194a2' is present

21-04-2025T23:35:40 - [TEST_STEP][PASSED] - click(findTestObject("Object Repository/Payment for teams (CARD, ACH, CHECK)/Page_SportWrench - The Home of Sporting Events/button_Close")): Object: 'Object Repository/Payment for teams (CARD, ACH, CHECK)/Page_SportWrench - The Home of Sporting Events/button_Close' is clicked on

21-04-2025T23:35:40 - [MESSAGE][PASSED] - Object: 'Object Repository/Payment for teams (CARD, ACH, CHECK)/Page_SportWrench - The Home of Sporting Events/button_Close' is clicked on

21-04-2025T23:35:40 - [TEST_STEP][PASSED] - click(findTestObject("Object Repository/Payment for teams (CARD, ACH, CHECK)/Page_SportWrench - The Home of Sporting Events/button_Pay")): Object: 'Object Repository/Payment for teams (CARD, ACH, CHECK)/Page_SportWrench - The Home of Sporting Events/button_Pay' is clicked on

21-04-2025T23:35:41 - [MESSAGE][PASSED] - Object: 'Object Repository/Payment for teams (CARD, ACH, CHECK)/Page_SportWrench - The Home of Sporting Events/button_Pay' is clicked on

21-04-2025T23:35:41 - [TEST_STEP][PASSED] - click(findTestObject("Object Repository/Payment for teams (CARD, ACH, CHECK)/Page_SportWrench - The Home of Sporting Events/div_Proceed to payment_1_2")): Object: 'Object Repository/Payment for teams (CARD, ACH, CHECK)/Page_SportWrench - The Home of Sporting Events/div_Proceed to payment_1_2' is clicked on

21-04-2025T23:35:41 - [MESSAGE][PASSED] - Object: 'Object Repository/Payment for teams (CARD, ACH, CHECK)/Page_SportWrench - The Home of Sporting Events/div_Proceed to payment_1_2' is clicked on

21-04-2025T23:35:41 - [TEST_STEP][PASSED] - click(findTestObject("Object Repository/Payment for teams (CARD, ACH, CHECK)/Page_SportWrench - The Home of Sporting Events/button_US bank account")): Object: 'Object Repository/Payment for teams (CARD, ACH, CHECK)/Page_SportWrench - The Home of Sporting Events/button_US bank account' is clicked on

21-04-2025T23:35:43 - [MESSAGE][WARNING] - [SELF-HEALING] Failed to find element with id 'Object Repository/Payment for teams (CARD, ACH, CHECK)/Page_SportWrench - The Home of Sporting Events/iframe_Use a Different Method___privateStri_ba7f68'. Try using Self-healing.

21-04-2025T23:35:43 - [MESSAGE][WARNING] - [SELF-HEALING] The current locator of test object 'Object Repository/Payment for teams (CARD, ACH, CHECK)/Page_SportWrench - The Home of Sporting Events/iframe_Use a Different Method___privateStri_ba7f68' was broken. Propose an alternative one: '//div[@id='payment-element']/div/iframe'.

21-04-2025T23:35:43 - [MESSAGE][PASSED] - Object: 'Object Repository/Payment for teams (CARD, ACH, CHECK)/Page_SportWrench - The Home of Sporting Events/button_US bank account' is clicked on

21-04-2025T23:35:43 - [TEST_STEP][PASSED] - setText(findTestObject("Object Repository/Payment for teams (CARD, ACH, CHECK)/Page_SportWrench - The Home of Sporting Events/input_Email_email"), "ddfdfgf@gmail.com"): Text 'ddfdfgf@gmail.com' is set on object 'Object Repository/Payment for teams (CARD, ACH, CHECK)/Page_SportWrench - The Home of Sporting Events/input_Email_email'

21-04-2025T23:35:43 - [MESSAGE][WARNING] - [SELF-HEALING] Failed to find element with id 'Object Repository/Payment for teams (CARD, ACH, CHECK)/Page_SportWrench - The Home of Sporting Events/iframe_Use a Different Method___privateStri_ba7f68'. Try using Self-healing.

21-04-2025T23:35:44 - [MESSAGE][WARNING] - [SELF-HEALING] The current locator of test object 'Object Repository/Payment for teams (CARD, ACH, CHECK)/Page_SportWrench - The Home of Sporting Events/iframe_Use a Different Method___privateStri_ba7f68' was broken. Propose an alternative one: '//div[@id='payment-element']/div/iframe'.

21-04-2025T23:35:44 - [MESSAGE][PASSED] - Text 'ddfdfgf@gmail.com' is set on object 'Object Repository/Payment for teams (CARD, ACH, CHECK)/Page_SportWrench - The Home of Sporting Events/input_Email_email'

21-04-2025T23:35:44 - [TEST_STEP][PASSED] - setText(findTestObject("Object Repository/Payment for teams (CARD, ACH, CHECK)/Page_SportWrench - The Home of Sporting Events/input_Full name_name"), "ddfddf fgffgfg"): Text 'ddfddf fgffgfg' is set on object 'Object Repository/Payment for teams (CARD, ACH, CHECK)/Page_SportWrench - The Home of Sporting Events/input_Full name_name'

21-04-2025T23:35:44 - [MESSAGE][WARNING] - [SELF-HEALING] Failed to find element with id 'Object Repository/Payment for teams (CARD, ACH, CHECK)/Page_SportWrench - The Home of Sporting Events/iframe_Use a Different Method___privateStri_ba7f68'. Try using Self-healing.

21-04-2025T23:35:44 - [MESSAGE][WARNING] - [SELF-HEALING] The current locator of test object 'Object Repository/Payment for teams (CARD, ACH, CHECK)/Page_SportWrench - The Home of Sporting Events/iframe_Use a Different Method___privateStri_ba7f68' was broken. Propose an alternative one: '//div[@id='payment-element']/div/iframe'.

21-04-2025T23:35:44 - [MESSAGE][PASSED] - Text 'ddfddf fgffgfg' is set on object 'Object Repository/Payment for teams (CARD, ACH, CHECK)/Page_SportWrench - The Home of Sporting Events/input_Full name_name'

21-04-2025T23:35:44 - [TEST_STEP][PASSED] - click(findTestObject("Object Repository/Payment for teams (CARD, ACH, CHECK)/Page_SportWrench - The Home of Sporting Events/p_Test Institution")): Object: 'Object Repository/Payment for teams (CARD, ACH, CHECK)/Page_SportWrench - The Home of Sporting Events/p_Test Institution' is clicked on

21-04-2025T23:35:45 - [MESSAGE][WARNING] - [SELF-HEALING] Failed to find element with id 'Object Repository/Payment for teams (CARD, ACH, CHECK)/Page_SportWrench - The Home of Sporting Events/iframe_Use a Different Method___privateStri_ba7f68'. Try using Self-healing.

21-04-2025T23:35:45 - [MESSAGE][WARNING] - [SELF-HEALING] The current locator of test object 'Object Repository/Payment for teams (CARD, ACH, CHECK)/Page_SportWrench - The Home of Sporting Events/iframe_Use a Different Method___privateStri_ba7f68' was broken. Propose an alternative one: '//div[@id='payment-element']/div/iframe'.

21-04-2025T23:35:45 - [MESSAGE][PASSED] - Object: 'Object Repository/Payment for teams (CARD, ACH, CHECK)/Page_SportWrench - The Home of Sporting Events/p_Test Institution' is clicked on

21-04-2025T23:35:46 - [TEST_STEP][PASSED] - enhancedClick(findTestObject("Payment for teams (CARD, ACH, CHECK)/Page_SportWrench - The Home of Sporting Events/button_Agree and continue")): Object: 'Object Repository/Payment for teams (CARD, ACH, CHECK)/Page_SportWrench - The Home of Sporting Events/button_Agree and continue' is clicked on

21-04-2025T23:35:47 - [MESSAGE][WARNING] - [SELF-HEALING] Failed to find element with id 'Object Repository/Payment for teams (CARD, ACH, CHECK)/Page_SportWrench - The Home of Sporting Events/iframe_New Payment___privateStripeFrame87928'. Try using Self-healing.

21-04-2025T23:35:47 - [MESSAGE][WARNING] - [SELF-HEALING] The current locator of test object 'Object Repository/Payment for teams (CARD, ACH, CHECK)/Page_SportWrench - The Home of Sporting Events/iframe_New Payment___privateStripeFrame87928' was broken. Propose an alternative one: '//iframe'.

21-04-2025T23:35:47 - [MESSAGE][PASSED] - Object: 'Object Repository/Payment for teams (CARD, ACH, CHECK)/Page_SportWrench - The Home of Sporting Events/button_Agree and continue' is clicked on

21-04-2025T23:35:47 - [TEST_STEP][PASSED] - click(findTestObject("Object Repository/Payment for teams (CARD, ACH, CHECK)/Page_SportWrench - The Home of Sporting Events/span_Connect account")): Object: 'Object Repository/Payment for teams (CARD, ACH, CHECK)/Page_SportWrench - The Home of Sporting Events/span_Connect account' is clicked on

21-04-2025T23:35:47 - [MESSAGE][WARNING] - [SELF-HEALING] Failed to find element with id 'Object Repository/Payment for teams (CARD, ACH, CHECK)/Page_SportWrench - The Home of Sporting Events/iframe_New Payment___privateStripeFrame87928'. Try using Self-healing.

21-04-2025T23:35:47 - [MESSAGE][WARNING] - [SELF-HEALING] The current locator of test object 'Object Repository/Payment for teams (CARD, ACH, CHECK)/Page_SportWrench - The Home of Sporting Events/iframe_New Payment___privateStripeFrame87928' was broken. Propose an alternative one: '//iframe'.

21-04-2025T23:35:50 - [MESSAGE][PASSED] - Object: 'Object Repository/Payment for teams (CARD, ACH, CHECK)/Page_SportWrench - The Home of Sporting Events/span_Connect account' is clicked on

21-04-2025T23:35:50 - [TEST_STEP][PASSED] - click(findTestObject("Object Repository/Payment for teams (CARD, ACH, CHECK)/Page_SportWrench - The Home of Sporting Events/span_Back to SportWrench Inc")): Object: 'Object Repository/Payment for teams (CARD, ACH, CHECK)/Page_SportWrench - The Home of Sporting Events/span_Back to SportWrench Inc' is clicked on

21-04-2025T23:35:51 - [MESSAGE][WARNING] - [SELF-HEALING] Failed to find element with id 'Object Repository/Payment for teams (CARD, ACH, CHECK)/Page_SportWrench - The Home of Sporting Events/iframe_New Payment___privateStripeFrame87928'. Try using Self-healing.

21-04-2025T23:35:51 - [MESSAGE][WARNING] - [SELF-HEALING] The current locator of test object 'Object Repository/Payment for teams (CARD, ACH, CHECK)/Page_SportWrench - The Home of Sporting Events/iframe_New Payment___privateStripeFrame87928' was broken. Propose an alternative one: '//iframe'.

21-04-2025T23:35:53 - [MESSAGE][PASSED] - Object: 'Object Repository/Payment for teams (CARD, ACH, CHECK)/Page_SportWrench - The Home of Sporting Events/span_Back to SportWrench Inc' is clicked on

21-04-2025T23:35:53 - [TEST_STEP][PASSED] - click(findTestObject("Object Repository/Payment for teams (CARD, ACH, CHECK)/Page_SportWrench - The Home of Sporting Events/button_Pay 4,000.00")): Object: 'Object Repository/Payment for teams (CARD, ACH, CHECK)/Page_SportWrench - The Home of Sporting Events/button_Pay 4,000.00' is clicked on

21-04-2025T23:35:55 - [MESSAGE][PASSED] - Object: 'Object Repository/Payment for teams (CARD, ACH, CHECK)/Page_SportWrench - The Home of Sporting Events/button_Pay 4,000.00' is clicked on

21-04-2025T23:35:55 - [TEST_STEP][PASSED] - verifyElementPresent(findTestObject("Object Repository/Payment for teams (CARD, ACH, CHECK)/Page_SportWrench - The Home of Sporting Events/span_Your Payment of 4,000.00 is pending ba_433985"), 0): Object 'Object Repository/Payment for teams (CARD, ACH, CHECK)/Page_SportWrench - The Home of Sporting Events/span_Your Payment of 4,000.00 is pending ba_433985' is present

21-04-2025T23:35:55 - [MESSAGE][WARNING] - Timeout '0' is invalid. Using default page load timeout: '30'

21-04-2025T23:35:56 - [MESSAGE][PASSED] - Object 'Object Repository/Payment for teams (CARD, ACH, CHECK)/Page_SportWrench - The Home of Sporting Events/span_Your Payment of 4,000.00 is pending ba_433985' is present

21-04-2025T23:35:56 - [TEST_STEP][PASSED] - closeBrowser(): Browser is closed

21-04-2025T23:35:57 - [MESSAGE][PASSED] - Browser is closed]]></system-out>
         <system-err><![CDATA[]]></system-err>
      </testcase>
      <testcase name="Test Cases/111Team payments/Refunds for teams (CARD, ACH, CHECK)" time="46.311" classname="Test Cases/111Team payments/Refunds for teams (CARD, ACH, CHECK)" status="PASSED">
         <system-out><![CDATA[21-04-2025T23:35:57 - [TEST_CASE][PASSED] - Test Cases/111Team payments/Refunds for teams (CARD, ACH, CHECK): Test Cases/111Team payments/Refunds for teams (CARD, ACH, CHECK)

21-04-2025T23:35:57 - [TEST_STEP][PASSED] - openBrowser("http://USAV:demo@dev.swstage.com/"): Browser is opened with url: 'http://USAV:demo@dev.swstage.com/'

21-04-2025T23:35:57 - [MESSAGE][INFO] - Starting 'Chrome' driver

21-04-2025T23:35:57 - [MESSAGE][INFO] - Action delay is set to 0 milliseconds

21-04-2025T23:36:00 - [MESSAGE][PASSED] - Browser is opened with url: 'http://USAV:demo@dev.swstage.com/'

21-04-2025T23:36:00 - [TEST_STEP][PASSED] - navigateToUrl("http://USAV:demo@my.dev.swstage.com/#/"): Navigate to 'http://USAV:demo@my.dev.swstage.com/#/' successfully

21-04-2025T23:36:03 - [MESSAGE][PASSED] - Navigate to 'http://USAV:demo@my.dev.swstage.com/#/' successfully

21-04-2025T23:36:03 - [TEST_STEP][PASSED] - setText(findTestObject("Object Repository/Refunds for teams (CARD, ACH, CHECK)/Page_SportWrench - The Home of Sporting Events/input_Log In_email"), "dcgfcgchfhgvhv@gmail.com"): Text 'dcgfcgchfhgvhv@gmail.com' is set on object 'Object Repository/Refunds for teams (CARD, ACH, CHECK)/Page_SportWrench - The Home of Sporting Events/input_Log In_email'

21-04-2025T23:36:04 - [MESSAGE][PASSED] - Text 'dcgfcgchfhgvhv@gmail.com' is set on object 'Object Repository/Refunds for teams (CARD, ACH, CHECK)/Page_SportWrench - The Home of Sporting Events/input_Log In_email'

21-04-2025T23:36:04 - [TEST_STEP][PASSED] - setEncryptedText(findTestObject("Object Repository/Refunds for teams (CARD, ACH, CHECK)/Page_SportWrench - The Home of Sporting Events/input_false_password"), "ugkk24xDMrWrlVpEbACuNZEQlZ6qfcdw"): Text ****** has been set on object 'Object Repository/Refunds for teams (CARD, ACH, CHECK)/Page_SportWrench - The Home of Sporting Events/input_false_password'

21-04-2025T23:36:04 - [MESSAGE][PASSED] - Text ****** has been set on object 'Object Repository/Refunds for teams (CARD, ACH, CHECK)/Page_SportWrench - The Home of Sporting Events/input_false_password'

21-04-2025T23:36:04 - [TEST_STEP][PASSED] - click(findTestObject("Object Repository/Refunds for teams (CARD, ACH, CHECK)/Page_SportWrench - The Home of Sporting Events/button_Log In")): Object: 'Object Repository/Refunds for teams (CARD, ACH, CHECK)/Page_SportWrench - The Home of Sporting Events/button_Log In' is clicked on

21-04-2025T23:36:04 - [MESSAGE][PASSED] - Object: 'Object Repository/Refunds for teams (CARD, ACH, CHECK)/Page_SportWrench - The Home of Sporting Events/button_Log In' is clicked on

21-04-2025T23:36:04 - [TEST_STEP][PASSED] - setText(findTestObject("Object Repository/Refunds for teams (CARD, ACH, CHECK)/Page_SportWrench - The Home of Sporting Events/input_Other Events_searchbox"), "ULTIMATE TEAMS REFUND"): Text 'ULTIMATE TEAMS REFUND' is set on object 'Object Repository/Refunds for teams (CARD, ACH, CHECK)/Page_SportWrench - The Home of Sporting Events/input_Other Events_searchbox'

21-04-2025T23:36:11 - [MESSAGE][PASSED] - Text 'ULTIMATE TEAMS REFUND' is set on object 'Object Repository/Refunds for teams (CARD, ACH, CHECK)/Page_SportWrench - The Home of Sporting Events/input_Other Events_searchbox'

21-04-2025T23:36:11 - [TEST_STEP][PASSED] - click(findTestObject("Object Repository/Refunds for teams (CARD, ACH, CHECK)/Page_SportWrench - The Home of Sporting Events/a_ULTIMATE TEAMS REFUND")): Object: 'Object Repository/Refunds for teams (CARD, ACH, CHECK)/Page_SportWrench - The Home of Sporting Events/a_ULTIMATE TEAMS REFUND' is clicked on

21-04-2025T23:36:11 - [MESSAGE][PASSED] - Object: 'Object Repository/Refunds for teams (CARD, ACH, CHECK)/Page_SportWrench - The Home of Sporting Events/a_ULTIMATE TEAMS REFUND' is clicked on

21-04-2025T23:36:11 - [TEST_STEP][PASSED] - delay(1): Delayed 1 second(s)

21-04-2025T23:36:12 - [MESSAGE][PASSED] - Delayed 1 second(s)

21-04-2025T23:36:12 - [TEST_STEP][PASSED] - click(findTestObject("Object Repository/Refunds for teams (CARD, ACH, CHECK)/Page_SportWrench - The Home of Sporting Events/a_Teams")): Object: 'Object Repository/Refunds for teams (CARD, ACH, CHECK)/Page_SportWrench - The Home of Sporting Events/a_Teams' is clicked on

21-04-2025T23:36:12 - [MESSAGE][PASSED] - Object: 'Object Repository/Refunds for teams (CARD, ACH, CHECK)/Page_SportWrench - The Home of Sporting Events/a_Teams' is clicked on

21-04-2025T23:36:12 - [TEST_STEP][PASSED] - delay(1): Delayed 1 second(s)

21-04-2025T23:36:13 - [MESSAGE][PASSED] - Delayed 1 second(s)

21-04-2025T23:36:13 - [TEST_STEP][PASSED] - click(findTestObject("Object Repository/Refunds for teams (CARD, ACH, CHECK)/Page_SportWrench - The Home of Sporting Events/a_Payments")): Object: 'Object Repository/Refunds for teams (CARD, ACH, CHECK)/Page_SportWrench - The Home of Sporting Events/a_Payments' is clicked on

21-04-2025T23:36:14 - [MESSAGE][PASSED] - Object: 'Object Repository/Refunds for teams (CARD, ACH, CHECK)/Page_SportWrench - The Home of Sporting Events/a_Payments' is clicked on

21-04-2025T23:36:14 - [TEST_STEP][PASSED] - delay(1): Delayed 1 second(s)

21-04-2025T23:36:15 - [MESSAGE][PASSED] - Delayed 1 second(s)

21-04-2025T23:36:15 - [TEST_STEP][PASSED] - click(findTestObject("Object Repository/Refunds for teams (CARD, ACH, CHECK)/Page_SportWrench - The Home of Sporting Events/td_5")): Object: 'Object Repository/Refunds for teams (CARD, ACH, CHECK)/Page_SportWrench - The Home of Sporting Events/td_5' is clicked on

21-04-2025T23:36:15 - [MESSAGE][PASSED] - Object: 'Object Repository/Refunds for teams (CARD, ACH, CHECK)/Page_SportWrench - The Home of Sporting Events/td_5' is clicked on

21-04-2025T23:36:15 - [TEST_STEP][PASSED] - click(findTestObject("Object Repository/Refunds for teams (CARD, ACH, CHECK)/Page_SportWrench - The Home of Sporting Events/a_B09TRNTY4FL")): Object: 'Object Repository/Refunds for teams (CARD, ACH, CHECK)/Page_SportWrench - The Home of Sporting Events/a_B09TRNTY4FL' is clicked on

21-04-2025T23:36:16 - [MESSAGE][PASSED] - Object: 'Object Repository/Refunds for teams (CARD, ACH, CHECK)/Page_SportWrench - The Home of Sporting Events/a_B09TRNTY4FL' is clicked on

21-04-2025T23:36:16 - [TEST_STEP][PASSED] - click(findTestObject("Object Repository/Refunds for teams (CARD, ACH, CHECK)/Page_SportWrench - The Home of Sporting Events/span_CARD (paid)")): Object: 'Object Repository/Refunds for teams (CARD, ACH, CHECK)/Page_SportWrench - The Home of Sporting Events/span_CARD (paid)' is clicked on

21-04-2025T23:36:18 - [MESSAGE][WARNING] - [SELF-HEALING] Failed to find element with id 'Object Repository/Refunds for teams (CARD, ACH, CHECK)/Page_SportWrench - The Home of Sporting Events/span_CARD (paid)'. Try using Self-healing.

21-04-2025T23:36:18 - [MESSAGE][WARNING] - [SELF-HEALING] The current locator of test object 'Object Repository/Refunds for teams (CARD, ACH, CHECK)/Page_SportWrench - The Home of Sporting Events/span_CARD (paid)' was broken. Propose an alternative one: '(.//*[normalize-space(text()) and normalize-space(.)='-'])[1]/following::span[1]'.

21-04-2025T23:36:18 - [MESSAGE][PASSED] - Object: 'Object Repository/Refunds for teams (CARD, ACH, CHECK)/Page_SportWrench - The Home of Sporting Events/span_CARD (paid)' is clicked on

21-04-2025T23:36:18 - [TEST_STEP][PASSED] - click(findTestObject("Object Repository/Refunds for teams (CARD, ACH, CHECK)/Page_SportWrench - The Home of Sporting Events/span_Refund_caret")): Object: 'Object Repository/Refunds for teams (CARD, ACH, CHECK)/Page_SportWrench - The Home of Sporting Events/span_Refund_caret' is clicked on

21-04-2025T23:36:18 - [MESSAGE][PASSED] - Object: 'Object Repository/Refunds for teams (CARD, ACH, CHECK)/Page_SportWrench - The Home of Sporting Events/span_Refund_caret' is clicked on

21-04-2025T23:36:18 - [TEST_STEP][PASSED] - click(findTestObject("Object Repository/Refunds for teams (CARD, ACH, CHECK)/Page_SportWrench - The Home of Sporting Events/a_Total")): Object: 'Object Repository/Refunds for teams (CARD, ACH, CHECK)/Page_SportWrench - The Home of Sporting Events/a_Total' is clicked on

21-04-2025T23:36:19 - [MESSAGE][PASSED] - Object: 'Object Repository/Refunds for teams (CARD, ACH, CHECK)/Page_SportWrench - The Home of Sporting Events/a_Total' is clicked on

21-04-2025T23:36:19 - [TEST_STEP][PASSED] - click(findTestObject("Object Repository/Refunds for teams (CARD, ACH, CHECK)/Page_SportWrench - The Home of Sporting Events/button_Yes")): Object: 'Object Repository/Refunds for teams (CARD, ACH, CHECK)/Page_SportWrench - The Home of Sporting Events/button_Yes' is clicked on

21-04-2025T23:36:19 - [MESSAGE][PASSED] - Object: 'Object Repository/Refunds for teams (CARD, ACH, CHECK)/Page_SportWrench - The Home of Sporting Events/button_Yes' is clicked on

21-04-2025T23:36:19 - [TEST_STEP][PASSED] - click(findTestObject("Object Repository/Refunds for teams (CARD, ACH, CHECK)/Page_SportWrench - The Home of Sporting Events/button_Close")): Object: 'Object Repository/Refunds for teams (CARD, ACH, CHECK)/Page_SportWrench - The Home of Sporting Events/button_Close' is clicked on

21-04-2025T23:36:24 - [MESSAGE][PASSED] - Object: 'Object Repository/Refunds for teams (CARD, ACH, CHECK)/Page_SportWrench - The Home of Sporting Events/button_Close' is clicked on

21-04-2025T23:36:24 - [TEST_STEP][PASSED] - click(findTestObject("Object Repository/Refunds for teams (CARD, ACH, CHECK)/Page_SportWrench - The Home of Sporting Events/td_4")): Object: 'Object Repository/Refunds for teams (CARD, ACH, CHECK)/Page_SportWrench - The Home of Sporting Events/td_4' is clicked on

21-04-2025T23:36:24 - [MESSAGE][PASSED] - Object: 'Object Repository/Refunds for teams (CARD, ACH, CHECK)/Page_SportWrench - The Home of Sporting Events/td_4' is clicked on

21-04-2025T23:36:24 - [TEST_STEP][PASSED] - click(findTestObject("Object Repository/Refunds for teams (CARD, ACH, CHECK)/Page_SportWrench - The Home of Sporting Events/a_B09TRNTY7FL")): Object: 'Object Repository/Refunds for teams (CARD, ACH, CHECK)/Page_SportWrench - The Home of Sporting Events/a_B09TRNTY7FL' is clicked on

21-04-2025T23:36:25 - [MESSAGE][PASSED] - Object: 'Object Repository/Refunds for teams (CARD, ACH, CHECK)/Page_SportWrench - The Home of Sporting Events/a_B09TRNTY7FL' is clicked on

21-04-2025T23:36:25 - [TEST_STEP][PASSED] - click(findTestObject("Object Repository/Refunds for teams (CARD, ACH, CHECK)/Page_SportWrench - The Home of Sporting Events/span_ACH (paid)")): Object: 'Object Repository/Refunds for teams (CARD, ACH, CHECK)/Page_SportWrench - The Home of Sporting Events/span_ACH (paid)' is clicked on

21-04-2025T23:36:26 - [MESSAGE][WARNING] - [SELF-HEALING] Failed to find element with id 'Object Repository/Refunds for teams (CARD, ACH, CHECK)/Page_SportWrench - The Home of Sporting Events/span_ACH (paid)'. Try using Self-healing.

21-04-2025T23:36:27 - [MESSAGE][WARNING] - [SELF-HEALING] The current locator of test object 'Object Repository/Refunds for teams (CARD, ACH, CHECK)/Page_SportWrench - The Home of Sporting Events/span_ACH (paid)' was broken. Propose an alternative one: '(.//*[normalize-space(text()) and normalize-space(.)='-'])[1]/following::span[1]'.

21-04-2025T23:36:27 - [MESSAGE][PASSED] - Object: 'Object Repository/Refunds for teams (CARD, ACH, CHECK)/Page_SportWrench - The Home of Sporting Events/span_ACH (paid)' is clicked on

21-04-2025T23:36:27 - [TEST_STEP][PASSED] - click(findTestObject("Object Repository/Refunds for teams (CARD, ACH, CHECK)/Page_SportWrench - The Home of Sporting Events/span_Refund_caret_1")): Object: 'Object Repository/Refunds for teams (CARD, ACH, CHECK)/Page_SportWrench - The Home of Sporting Events/span_Refund_caret_1' is clicked on

21-04-2025T23:36:27 - [MESSAGE][PASSED] - Object: 'Object Repository/Refunds for teams (CARD, ACH, CHECK)/Page_SportWrench - The Home of Sporting Events/span_Refund_caret_1' is clicked on

21-04-2025T23:36:27 - [TEST_STEP][PASSED] - click(findTestObject("Object Repository/Refunds for teams (CARD, ACH, CHECK)/Page_SportWrench - The Home of Sporting Events/a_Total_1")): Object: 'Object Repository/Refunds for teams (CARD, ACH, CHECK)/Page_SportWrench - The Home of Sporting Events/a_Total_1' is clicked on

21-04-2025T23:36:28 - [MESSAGE][PASSED] - Object: 'Object Repository/Refunds for teams (CARD, ACH, CHECK)/Page_SportWrench - The Home of Sporting Events/a_Total_1' is clicked on

21-04-2025T23:36:28 - [TEST_STEP][PASSED] - click(findTestObject("Object Repository/Refunds for teams (CARD, ACH, CHECK)/Page_SportWrench - The Home of Sporting Events/button_Yes")): Object: 'Object Repository/Refunds for teams (CARD, ACH, CHECK)/Page_SportWrench - The Home of Sporting Events/button_Yes' is clicked on

21-04-2025T23:36:28 - [MESSAGE][PASSED] - Object: 'Object Repository/Refunds for teams (CARD, ACH, CHECK)/Page_SportWrench - The Home of Sporting Events/button_Yes' is clicked on

21-04-2025T23:36:28 - [TEST_STEP][PASSED] - click(findTestObject("Object Repository/Refunds for teams (CARD, ACH, CHECK)/Page_SportWrench - The Home of Sporting Events/button_Close")): Object: 'Object Repository/Refunds for teams (CARD, ACH, CHECK)/Page_SportWrench - The Home of Sporting Events/button_Close' is clicked on

21-04-2025T23:36:32 - [MESSAGE][PASSED] - Object: 'Object Repository/Refunds for teams (CARD, ACH, CHECK)/Page_SportWrench - The Home of Sporting Events/button_Close' is clicked on

21-04-2025T23:36:32 - [TEST_STEP][PASSED] - click(findTestObject("Object Repository/Refunds for teams (CARD, ACH, CHECK)/Page_SportWrench - The Home of Sporting Events/td_3")): Object: 'Object Repository/Refunds for teams (CARD, ACH, CHECK)/Page_SportWrench - The Home of Sporting Events/td_3' is clicked on

21-04-2025T23:36:33 - [MESSAGE][PASSED] - Object: 'Object Repository/Refunds for teams (CARD, ACH, CHECK)/Page_SportWrench - The Home of Sporting Events/td_3' is clicked on

21-04-2025T23:36:33 - [TEST_STEP][PASSED] - click(findTestObject("Object Repository/Refunds for teams (CARD, ACH, CHECK)/Page_SportWrench - The Home of Sporting Events/a_B09TRNTY16FL")): Object: 'Object Repository/Refunds for teams (CARD, ACH, CHECK)/Page_SportWrench - The Home of Sporting Events/a_B09TRNTY16FL' is clicked on

21-04-2025T23:36:33 - [MESSAGE][PASSED] - Object: 'Object Repository/Refunds for teams (CARD, ACH, CHECK)/Page_SportWrench - The Home of Sporting Events/a_B09TRNTY16FL' is clicked on

21-04-2025T23:36:33 - [TEST_STEP][PASSED] - click(findTestObject("Object Repository/Refunds for teams (CARD, ACH, CHECK)/Page_SportWrench - The Home of Sporting Events/span_CHECK (pending)")): Object: 'Object Repository/Refunds for teams (CARD, ACH, CHECK)/Page_SportWrench - The Home of Sporting Events/span_CHECK (pending)' is clicked on

21-04-2025T23:36:35 - [MESSAGE][PASSED] - Object: 'Object Repository/Refunds for teams (CARD, ACH, CHECK)/Page_SportWrench - The Home of Sporting Events/span_CHECK (pending)' is clicked on

21-04-2025T23:36:35 - [TEST_STEP][PASSED] - click(findTestObject("Object Repository/Refunds for teams (CARD, ACH, CHECK)/Page_SportWrench - The Home of Sporting Events/input_Received_is_received")): Object: 'Object Repository/Refunds for teams (CARD, ACH, CHECK)/Page_SportWrench - The Home of Sporting Events/input_Received_is_received' is clicked on

21-04-2025T23:36:35 - [MESSAGE][PASSED] - Object: 'Object Repository/Refunds for teams (CARD, ACH, CHECK)/Page_SportWrench - The Home of Sporting Events/input_Received_is_received' is clicked on

21-04-2025T23:36:35 - [TEST_STEP][PASSED] - setText(findTestObject("Object Repository/Refunds for teams (CARD, ACH, CHECK)/Page_SportWrench - The Home of Sporting Events/input__check_num"), "1234567"): Text '1234567' is set on object 'Object Repository/Refunds for teams (CARD, ACH, CHECK)/Page_SportWrench - The Home of Sporting Events/input__check_num'

21-04-2025T23:36:36 - [MESSAGE][PASSED] - Text '1234567' is set on object 'Object Repository/Refunds for teams (CARD, ACH, CHECK)/Page_SportWrench - The Home of Sporting Events/input__check_num'

21-04-2025T23:36:36 - [TEST_STEP][PASSED] - click(findTestObject("Object Repository/Refunds for teams (CARD, ACH, CHECK)/Page_SportWrench - The Home of Sporting Events/button_Save")): Object: 'Object Repository/Refunds for teams (CARD, ACH, CHECK)/Page_SportWrench - The Home of Sporting Events/button_Save' is clicked on

21-04-2025T23:36:36 - [MESSAGE][PASSED] - Object: 'Object Repository/Refunds for teams (CARD, ACH, CHECK)/Page_SportWrench - The Home of Sporting Events/button_Save' is clicked on

21-04-2025T23:36:36 - [TEST_STEP][PASSED] - click(findTestObject("Object Repository/Refunds for teams (CARD, ACH, CHECK)/Page_SportWrench - The Home of Sporting Events/button_Void Invoice")): Object: 'Object Repository/Refunds for teams (CARD, ACH, CHECK)/Page_SportWrench - The Home of Sporting Events/button_Void Invoice' is clicked on

21-04-2025T23:36:37 - [MESSAGE][PASSED] - Object: 'Object Repository/Refunds for teams (CARD, ACH, CHECK)/Page_SportWrench - The Home of Sporting Events/button_Void Invoice' is clicked on

21-04-2025T23:36:37 - [TEST_STEP][PASSED] - click(findTestObject("Object Repository/Refunds for teams (CARD, ACH, CHECK)/Page_SportWrench - The Home of Sporting Events/button_Yes")): Object: 'Object Repository/Refunds for teams (CARD, ACH, CHECK)/Page_SportWrench - The Home of Sporting Events/button_Yes' is clicked on

21-04-2025T23:36:38 - [MESSAGE][PASSED] - Object: 'Object Repository/Refunds for teams (CARD, ACH, CHECK)/Page_SportWrench - The Home of Sporting Events/button_Yes' is clicked on

21-04-2025T23:36:38 - [TEST_STEP][PASSED] - click(findTestObject("Object Repository/Refunds for teams (CARD, ACH, CHECK)/Page_SportWrench - The Home of Sporting Events/button_Close")): Object: 'Object Repository/Refunds for teams (CARD, ACH, CHECK)/Page_SportWrench - The Home of Sporting Events/button_Close' is clicked on

21-04-2025T23:36:39 - [MESSAGE][PASSED] - Object: 'Object Repository/Refunds for teams (CARD, ACH, CHECK)/Page_SportWrench - The Home of Sporting Events/button_Close' is clicked on

21-04-2025T23:36:39 - [TEST_STEP][PASSED] - click(findTestObject("Object Repository/Refunds for teams (CARD, ACH, CHECK)/Page_SportWrench - The Home of Sporting Events/a_Accounting")): Object: 'Object Repository/Refunds for teams (CARD, ACH, CHECK)/Page_SportWrench - The Home of Sporting Events/a_Accounting' is clicked on

21-04-2025T23:36:40 - [MESSAGE][PASSED] - Object: 'Object Repository/Refunds for teams (CARD, ACH, CHECK)/Page_SportWrench - The Home of Sporting Events/a_Accounting' is clicked on

21-04-2025T23:36:40 - [TEST_STEP][PASSED] - click(findTestObject("Object Repository/Refunds for teams (CARD, ACH, CHECK)/Page_SportWrench - The Home of Sporting Events/div_0.00")): Object: 'Object Repository/Refunds for teams (CARD, ACH, CHECK)/Page_SportWrench - The Home of Sporting Events/div_0.00' is clicked on

21-04-2025T23:36:41 - [MESSAGE][PASSED] - Object: 'Object Repository/Refunds for teams (CARD, ACH, CHECK)/Page_SportWrench - The Home of Sporting Events/div_0.00' is clicked on

21-04-2025T23:36:41 - [TEST_STEP][PASSED] - click(findTestObject("Object Repository/Refunds for teams (CARD, ACH, CHECK)/Page_SportWrench - The Home of Sporting Events/div_0.00_1")): Object: 'Object Repository/Refunds for teams (CARD, ACH, CHECK)/Page_SportWrench - The Home of Sporting Events/div_0.00_1' is clicked on

21-04-2025T23:36:41 - [MESSAGE][PASSED] - Object: 'Object Repository/Refunds for teams (CARD, ACH, CHECK)/Page_SportWrench - The Home of Sporting Events/div_0.00_1' is clicked on

21-04-2025T23:36:41 - [TEST_STEP][PASSED] - click(findTestObject("Object Repository/Refunds for teams (CARD, ACH, CHECK)/Page_SportWrench - The Home of Sporting Events/div_0.00_1_2")): Object: 'Object Repository/Refunds for teams (CARD, ACH, CHECK)/Page_SportWrench - The Home of Sporting Events/div_0.00_1_2' is clicked on

21-04-2025T23:36:41 - [MESSAGE][PASSED] - Object: 'Object Repository/Refunds for teams (CARD, ACH, CHECK)/Page_SportWrench - The Home of Sporting Events/div_0.00_1_2' is clicked on

21-04-2025T23:36:41 - [TEST_STEP][PASSED] - click(findTestObject("Object Repository/Refunds for teams (CARD, ACH, CHECK)/Page_SportWrench - The Home of Sporting Events/div_0.00_1_2_3")): Object: 'Object Repository/Refunds for teams (CARD, ACH, CHECK)/Page_SportWrench - The Home of Sporting Events/div_0.00_1_2_3' is clicked on

21-04-2025T23:36:42 - [MESSAGE][PASSED] - Object: 'Object Repository/Refunds for teams (CARD, ACH, CHECK)/Page_SportWrench - The Home of Sporting Events/div_0.00_1_2_3' is clicked on

21-04-2025T23:36:42 - [TEST_STEP][PASSED] - verifyElementPresent(findTestObject("Refunds for teams (CARD, ACH, CHECK)/Page_SportWrench - The Home of Sporting Events/div_0.00"), 0): Object 'Object Repository/Refunds for teams (CARD, ACH, CHECK)/Page_SportWrench - The Home of Sporting Events/div_0.00' is present

21-04-2025T23:36:42 - [MESSAGE][WARNING] - Timeout '0' is invalid. Using default page load timeout: '30'

21-04-2025T23:36:42 - [MESSAGE][PASSED] - Object 'Object Repository/Refunds for teams (CARD, ACH, CHECK)/Page_SportWrench - The Home of Sporting Events/div_0.00' is present

21-04-2025T23:36:42 - [TEST_STEP][PASSED] - verifyElementPresent(findTestObject("Refunds for teams (CARD, ACH, CHECK)/Page_SportWrench - The Home of Sporting Events/div_0.00_1"), 0): Object 'Object Repository/Refunds for teams (CARD, ACH, CHECK)/Page_SportWrench - The Home of Sporting Events/div_0.00_1' is present

21-04-2025T23:36:42 - [MESSAGE][WARNING] - Timeout '0' is invalid. Using default page load timeout: '30'

21-04-2025T23:36:42 - [MESSAGE][PASSED] - Object 'Object Repository/Refunds for teams (CARD, ACH, CHECK)/Page_SportWrench - The Home of Sporting Events/div_0.00_1' is present

21-04-2025T23:36:42 - [TEST_STEP][PASSED] - verifyElementPresent(findTestObject("Refunds for teams (CARD, ACH, CHECK)/Page_SportWrench - The Home of Sporting Events/div_0.00_1_2"), 0): Object 'Object Repository/Refunds for teams (CARD, ACH, CHECK)/Page_SportWrench - The Home of Sporting Events/div_0.00_1_2' is present

21-04-2025T23:36:42 - [MESSAGE][WARNING] - Timeout '0' is invalid. Using default page load timeout: '30'

21-04-2025T23:36:42 - [MESSAGE][PASSED] - Object 'Object Repository/Refunds for teams (CARD, ACH, CHECK)/Page_SportWrench - The Home of Sporting Events/div_0.00_1_2' is present

21-04-2025T23:36:42 - [TEST_STEP][PASSED] - verifyElementPresent(findTestObject("Refunds for teams (CARD, ACH, CHECK)/Page_SportWrench - The Home of Sporting Events/div_0.00_1_2_3"), 0): Object 'Object Repository/Refunds for teams (CARD, ACH, CHECK)/Page_SportWrench - The Home of Sporting Events/div_0.00_1_2_3' is present

21-04-2025T23:36:42 - [MESSAGE][WARNING] - Timeout '0' is invalid. Using default page load timeout: '30'

21-04-2025T23:36:43 - [MESSAGE][PASSED] - Object 'Object Repository/Refunds for teams (CARD, ACH, CHECK)/Page_SportWrench - The Home of Sporting Events/div_0.00_1_2_3' is present

21-04-2025T23:36:43 - [TEST_STEP][PASSED] - closeBrowser(): Browser is closed

21-04-2025T23:36:43 - [MESSAGE][PASSED] - Browser is closed]]></system-out>
         <system-err><![CDATA[]]></system-err>
      </testcase>
      <testcase name="Test Cases/111Team payments/Payments for teams (CARD, ACH, CHECK)" time="56.748" classname="Test Cases/111Team payments/Payments for teams (CARD, ACH, CHECK)" status="PASSED">
         <system-out><![CDATA[21-04-2025T23:36:43 - [TEST_CASE][PASSED] - Test Cases/111Team payments/Payments for teams (CARD, ACH, CHECK): Test Cases/111Team payments/Payments for teams (CARD, ACH, CHECK)

21-04-2025T23:36:43 - [TEST_STEP][PASSED] - openBrowser("http://USAV:demo@dev.swstage.com/"): Browser is opened with url: 'http://USAV:demo@dev.swstage.com/'

21-04-2025T23:36:43 - [MESSAGE][INFO] - Starting 'Chrome' driver

21-04-2025T23:36:43 - [MESSAGE][INFO] - Action delay is set to 0 milliseconds

21-04-2025T23:36:46 - [MESSAGE][PASSED] - Browser is opened with url: 'http://USAV:demo@dev.swstage.com/'

21-04-2025T23:36:46 - [TEST_STEP][PASSED] - navigateToUrl("http://USAV:demo@my.dev.swstage.com/#/"): Navigate to 'http://USAV:demo@my.dev.swstage.com/#/' successfully

21-04-2025T23:36:49 - [MESSAGE][PASSED] - Navigate to 'http://USAV:demo@my.dev.swstage.com/#/' successfully

21-04-2025T23:36:49 - [TEST_STEP][PASSED] - setText(findTestObject("Object Repository/Payment for teams (CARD, ACH, CHECK)/Page_SportWrench - The Home of Sporting Events/input_Log In_email"), "coachjon@trinityvolleyball.com"): Text 'coachjon@trinityvolleyball.com' is set on object 'Object Repository/Payment for teams (CARD, ACH, CHECK)/Page_SportWrench - The Home of Sporting Events/input_Log In_email'

21-04-2025T23:36:49 - [MESSAGE][PASSED] - Text 'coachjon@trinityvolleyball.com' is set on object 'Object Repository/Payment for teams (CARD, ACH, CHECK)/Page_SportWrench - The Home of Sporting Events/input_Log In_email'

21-04-2025T23:36:49 - [TEST_STEP][PASSED] - setEncryptedText(findTestObject("Object Repository/Payment for teams (CARD, ACH, CHECK)/Page_SportWrench - The Home of Sporting Events/input_false_password"), "ugkk24xDMrWrlVpEbACuNZEQlZ6qfcdw"): Text ****** has been set on object 'Object Repository/Payment for teams (CARD, ACH, CHECK)/Page_SportWrench - The Home of Sporting Events/input_false_password'

21-04-2025T23:36:50 - [MESSAGE][PASSED] - Text ****** has been set on object 'Object Repository/Payment for teams (CARD, ACH, CHECK)/Page_SportWrench - The Home of Sporting Events/input_false_password'

21-04-2025T23:36:50 - [TEST_STEP][PASSED] - click(findTestObject("Object Repository/Payment for teams (CARD, ACH, CHECK)/Page_SportWrench - The Home of Sporting Events/button_Log In")): Object: 'Object Repository/Payment for teams (CARD, ACH, CHECK)/Page_SportWrench - The Home of Sporting Events/button_Log In' is clicked on

21-04-2025T23:36:50 - [MESSAGE][PASSED] - Object: 'Object Repository/Payment for teams (CARD, ACH, CHECK)/Page_SportWrench - The Home of Sporting Events/button_Log In' is clicked on

21-04-2025T23:36:50 - [TEST_STEP][PASSED] - click(findTestObject("Object Repository/Payment for teams (CARD, ACH, CHECK)/Page_SportWrench - The Home of Sporting Events/a_Enter Events")): Object: 'Object Repository/Payment for teams (CARD, ACH, CHECK)/Page_SportWrench - The Home of Sporting Events/a_Enter Events' is clicked on

21-04-2025T23:36:53 - [MESSAGE][PASSED] - Object: 'Object Repository/Payment for teams (CARD, ACH, CHECK)/Page_SportWrench - The Home of Sporting Events/a_Enter Events' is clicked on

21-04-2025T23:36:53 - [TEST_STEP][PASSED] - setText(findTestObject("Spy Web/Page_SportWrench - The Home of Sporting Events/input_Invoices_searchbox"), "ULTIMATE TEAMS REFUND"): Text 'ULTIMATE TEAMS REFUND' is set on object 'Object Repository/Spy Web/Page_SportWrench - The Home of Sporting Events/input_Invoices_searchbox'

21-04-2025T23:36:54 - [MESSAGE][PASSED] - Text 'ULTIMATE TEAMS REFUND' is set on object 'Object Repository/Spy Web/Page_SportWrench - The Home of Sporting Events/input_Invoices_searchbox'

21-04-2025T23:36:54 - [TEST_STEP][PASSED] - delay(2): Delayed 2 second(s)

21-04-2025T23:36:56 - [MESSAGE][PASSED] - Delayed 2 second(s)

21-04-2025T23:36:56 - [TEST_STEP][PASSED] - click(findTestObject("Spy Web/Page_SportWrench - The Home of Sporting Events/span_ULTIMATE TEAMS REFUND")): Object: 'Object Repository/Spy Web/Page_SportWrench - The Home of Sporting Events/span_ULTIMATE TEAMS REFUND' is clicked on

21-04-2025T23:36:56 - [MESSAGE][PASSED] - Object: 'Object Repository/Spy Web/Page_SportWrench - The Home of Sporting Events/span_ULTIMATE TEAMS REFUND' is clicked on

21-04-2025T23:36:56 - [TEST_STEP][PASSED] - delay(2): Delayed 2 second(s)

21-04-2025T23:36:58 - [MESSAGE][PASSED] - Delayed 2 second(s)

21-04-2025T23:36:58 - [TEST_STEP][PASSED] - click(findTestObject("Object Repository/Payment for teams (CARD, ACH, CHECK)/Page_SportWrench - The Home of Sporting Events/button_Manage Teams")): Object: 'Object Repository/Payment for teams (CARD, ACH, CHECK)/Page_SportWrench - The Home of Sporting Events/button_Manage Teams' is clicked on

21-04-2025T23:36:59 - [MESSAGE][PASSED] - Object: 'Object Repository/Payment for teams (CARD, ACH, CHECK)/Page_SportWrench - The Home of Sporting Events/button_Manage Teams' is clicked on

21-04-2025T23:36:59 - [TEST_STEP][PASSED] - click(findTestObject("Object Repository/Payment for teams (CARD, ACH, CHECK)/Page_SportWrench - The Home of Sporting Events/button_Pay")): Object: 'Object Repository/Payment for teams (CARD, ACH, CHECK)/Page_SportWrench - The Home of Sporting Events/button_Pay' is clicked on

21-04-2025T23:37:01 - [MESSAGE][PASSED] - Object: 'Object Repository/Payment for teams (CARD, ACH, CHECK)/Page_SportWrench - The Home of Sporting Events/button_Pay' is clicked on

21-04-2025T23:37:01 - [TEST_STEP][PASSED] - delay(2): Delayed 2 second(s)

21-04-2025T23:37:03 - [MESSAGE][PASSED] - Delayed 2 second(s)

21-04-2025T23:37:03 - [TEST_STEP][PASSED] - click(findTestObject("Object Repository/Payment for teams (CARD, ACH, CHECK)/Page_SportWrench - The Home of Sporting Events/input_Payment history_ng-pristine ng-untouc_97ddf2")): Object: 'Object Repository/Payment for teams (CARD, ACH, CHECK)/Page_SportWrench - The Home of Sporting Events/input_Payment history_ng-pristine ng-untouc_97ddf2' is clicked on

21-04-2025T23:37:03 - [MESSAGE][PASSED] - Object: 'Object Repository/Payment for teams (CARD, ACH, CHECK)/Page_SportWrench - The Home of Sporting Events/input_Payment history_ng-pristine ng-untouc_97ddf2' is clicked on

21-04-2025T23:37:03 - [TEST_STEP][PASSED] - click(findTestObject("Object Repository/Payment for teams (CARD, ACH, CHECK)/Page_SportWrench - The Home of Sporting Events/input_To Pay_ng-pristine ng-untouched ng-va_e7e142")): Object: 'Object Repository/Payment for teams (CARD, ACH, CHECK)/Page_SportWrench - The Home of Sporting Events/input_To Pay_ng-pristine ng-untouched ng-va_e7e142' is clicked on

21-04-2025T23:37:03 - [MESSAGE][PASSED] - Object: 'Object Repository/Payment for teams (CARD, ACH, CHECK)/Page_SportWrench - The Home of Sporting Events/input_To Pay_ng-pristine ng-untouched ng-va_e7e142' is clicked on

21-04-2025T23:37:03 - [TEST_STEP][PASSED] - click(findTestObject("Object Repository/Payment for teams (CARD, ACH, CHECK)/Page_SportWrench - The Home of Sporting Events/input_1,000.00_ng-pristine ng-untouched ng-_714ebc")): Object: 'Object Repository/Payment for teams (CARD, ACH, CHECK)/Page_SportWrench - The Home of Sporting Events/input_1,000.00_ng-pristine ng-untouched ng-_714ebc' is clicked on

21-04-2025T23:37:04 - [MESSAGE][PASSED] - Object: 'Object Repository/Payment for teams (CARD, ACH, CHECK)/Page_SportWrench - The Home of Sporting Events/input_1,000.00_ng-pristine ng-untouched ng-_714ebc' is clicked on

21-04-2025T23:37:04 - [TEST_STEP][PASSED] - click(findTestObject("Object Repository/Payment for teams (CARD, ACH, CHECK)/Page_SportWrench - The Home of Sporting Events/input_1,000.00_ng-pristine ng-untouched ng-_714ebc_1")): Object: 'Object Repository/Payment for teams (CARD, ACH, CHECK)/Page_SportWrench - The Home of Sporting Events/input_1,000.00_ng-pristine ng-untouched ng-_714ebc_1' is clicked on

21-04-2025T23:37:04 - [MESSAGE][PASSED] - Object: 'Object Repository/Payment for teams (CARD, ACH, CHECK)/Page_SportWrench - The Home of Sporting Events/input_1,000.00_ng-pristine ng-untouched ng-_714ebc_1' is clicked on

21-04-2025T23:37:04 - [TEST_STEP][PASSED] - click(findTestObject("Object Repository/Payment for teams (CARD, ACH, CHECK)/Page_SportWrench - The Home of Sporting Events/input_1,000.00_ng-pristine ng-untouched ng-_714ebc_1_2")): Object: 'Object Repository/Payment for teams (CARD, ACH, CHECK)/Page_SportWrench - The Home of Sporting Events/input_1,000.00_ng-pristine ng-untouched ng-_714ebc_1_2' is clicked on

21-04-2025T23:37:04 - [MESSAGE][PASSED] - Object: 'Object Repository/Payment for teams (CARD, ACH, CHECK)/Page_SportWrench - The Home of Sporting Events/input_1,000.00_ng-pristine ng-untouched ng-_714ebc_1_2' is clicked on

21-04-2025T23:37:04 - [TEST_STEP][PASSED] - click(findTestObject("Object Repository/Payment for teams (CARD, ACH, CHECK)/Page_SportWrench - The Home of Sporting Events/input_1,000.00_ng-pristine ng-untouched ng-_714ebc_1_2_3")): Object: 'Object Repository/Payment for teams (CARD, ACH, CHECK)/Page_SportWrench - The Home of Sporting Events/input_1,000.00_ng-pristine ng-untouched ng-_714ebc_1_2_3' is clicked on

21-04-2025T23:37:05 - [MESSAGE][PASSED] - Object: 'Object Repository/Payment for teams (CARD, ACH, CHECK)/Page_SportWrench - The Home of Sporting Events/input_1,000.00_ng-pristine ng-untouched ng-_714ebc_1_2_3' is clicked on

21-04-2025T23:37:05 - [TEST_STEP][PASSED] - click(findTestObject("Object Repository/Payment for teams (CARD, ACH, CHECK)/Page_SportWrench - The Home of Sporting Events/div_Proceed to payment")): Object: 'Object Repository/Payment for teams (CARD, ACH, CHECK)/Page_SportWrench - The Home of Sporting Events/div_Proceed to payment' is clicked on

21-04-2025T23:37:05 - [MESSAGE][PASSED] - Object: 'Object Repository/Payment for teams (CARD, ACH, CHECK)/Page_SportWrench - The Home of Sporting Events/div_Proceed to payment' is clicked on

21-04-2025T23:37:05 - [TEST_STEP][PASSED] - delay(2): Delayed 2 second(s)

21-04-2025T23:37:07 - [MESSAGE][PASSED] - Delayed 2 second(s)

21-04-2025T23:37:07 - [TEST_STEP][PASSED] - setText(findTestObject("Object Repository/Payment for teams (CARD, ACH, CHECK)/Page_SportWrench - The Home of Sporting Events/input_Card number_number"), "4242 4242 4242 4242"): Text '4242 4242 4242 4242' is set on object 'Object Repository/Payment for teams (CARD, ACH, CHECK)/Page_SportWrench - The Home of Sporting Events/input_Card number_number'

21-04-2025T23:37:07 - [MESSAGE][WARNING] - [SELF-HEALING] Failed to find element with id 'Object Repository/Payment for teams (CARD, ACH, CHECK)/Page_SportWrench - The Home of Sporting Events/iframe_Use a Different Method___privateStri_5887b7'. Try using Self-healing.

21-04-2025T23:37:08 - [MESSAGE][WARNING] - [SELF-HEALING] The current locator of test object 'Object Repository/Payment for teams (CARD, ACH, CHECK)/Page_SportWrench - The Home of Sporting Events/iframe_Use a Different Method___privateStri_5887b7' was broken. Propose an alternative one: '//div[@id='payment-element']/div/iframe'.

21-04-2025T23:37:08 - [MESSAGE][PASSED] - Text '4242 4242 4242 4242' is set on object 'Object Repository/Payment for teams (CARD, ACH, CHECK)/Page_SportWrench - The Home of Sporting Events/input_Card number_number'

21-04-2025T23:37:08 - [TEST_STEP][PASSED] - setText(findTestObject("Object Repository/Payment for teams (CARD, ACH, CHECK)/Page_SportWrench - The Home of Sporting Events/input_MM  YY_expiry"), "12 / 26"): Text '12 / 26' is set on object 'Object Repository/Payment for teams (CARD, ACH, CHECK)/Page_SportWrench - The Home of Sporting Events/input_MM  YY_expiry'

21-04-2025T23:37:08 - [MESSAGE][WARNING] - [SELF-HEALING] Failed to find element with id 'Object Repository/Payment for teams (CARD, ACH, CHECK)/Page_SportWrench - The Home of Sporting Events/iframe_Use a Different Method___privateStri_5887b7'. Try using Self-healing.

21-04-2025T23:37:08 - [MESSAGE][WARNING] - [SELF-HEALING] The current locator of test object 'Object Repository/Payment for teams (CARD, ACH, CHECK)/Page_SportWrench - The Home of Sporting Events/iframe_Use a Different Method___privateStri_5887b7' was broken. Propose an alternative one: '//div[@id='payment-element']/div/iframe'.

21-04-2025T23:37:08 - [MESSAGE][PASSED] - Text '12 / 26' is set on object 'Object Repository/Payment for teams (CARD, ACH, CHECK)/Page_SportWrench - The Home of Sporting Events/input_MM  YY_expiry'

21-04-2025T23:37:08 - [TEST_STEP][PASSED] - setText(findTestObject("Object Repository/Payment for teams (CARD, ACH, CHECK)/Page_SportWrench - The Home of Sporting Events/input_Security code_cvc"), "345"): Text '345' is set on object 'Object Repository/Payment for teams (CARD, ACH, CHECK)/Page_SportWrench - The Home of Sporting Events/input_Security code_cvc'

21-04-2025T23:37:09 - [MESSAGE][WARNING] - [SELF-HEALING] Failed to find element with id 'Object Repository/Payment for teams (CARD, ACH, CHECK)/Page_SportWrench - The Home of Sporting Events/iframe_Use a Different Method___privateStri_5887b7'. Try using Self-healing.

21-04-2025T23:37:09 - [MESSAGE][WARNING] - [SELF-HEALING] The current locator of test object 'Object Repository/Payment for teams (CARD, ACH, CHECK)/Page_SportWrench - The Home of Sporting Events/iframe_Use a Different Method___privateStri_5887b7' was broken. Propose an alternative one: '//div[@id='payment-element']/div/iframe'.

21-04-2025T23:37:09 - [MESSAGE][PASSED] - Text '345' is set on object 'Object Repository/Payment for teams (CARD, ACH, CHECK)/Page_SportWrench - The Home of Sporting Events/input_Security code_cvc'

21-04-2025T23:37:09 - [TEST_STEP][PASSED] - click(findTestObject("Object Repository/Payment for teams (CARD, ACH, CHECK)/Page_SportWrench - The Home of Sporting Events/button_Pay 5,000.00")): Object: 'Object Repository/Payment for teams (CARD, ACH, CHECK)/Page_SportWrench - The Home of Sporting Events/button_Pay 5,000.00' is clicked on

21-04-2025T23:37:09 - [MESSAGE][PASSED] - Object: 'Object Repository/Payment for teams (CARD, ACH, CHECK)/Page_SportWrench - The Home of Sporting Events/button_Pay 5,000.00' is clicked on

21-04-2025T23:37:09 - [TEST_STEP][PASSED] - delay(5): Delayed 5 second(s)

21-04-2025T23:37:14 - [MESSAGE][PASSED] - Delayed 5 second(s)

21-04-2025T23:37:14 - [TEST_STEP][PASSED] - verifyElementPresent(findTestObject("Object Repository/Payment for teams (CARD, ACH, CHECK)/Page_SportWrench - The Home of Sporting Events/span_Your Payment of 5,000.00 succeeded"), 1): Object 'Object Repository/Payment for teams (CARD, ACH, CHECK)/Page_SportWrench - The Home of Sporting Events/span_Your Payment of 5,000.00 succeeded' is present

21-04-2025T23:37:15 - [MESSAGE][PASSED] - Object 'Object Repository/Payment for teams (CARD, ACH, CHECK)/Page_SportWrench - The Home of Sporting Events/span_Your Payment of 5,000.00 succeeded' is present

21-04-2025T23:37:15 - [TEST_STEP][PASSED] - click(findTestObject("Object Repository/Payment for teams (CARD, ACH, CHECK)/Page_SportWrench - The Home of Sporting Events/button_Close")): Object: 'Object Repository/Payment for teams (CARD, ACH, CHECK)/Page_SportWrench - The Home of Sporting Events/button_Close' is clicked on

21-04-2025T23:37:17 - [MESSAGE][PASSED] - Object: 'Object Repository/Payment for teams (CARD, ACH, CHECK)/Page_SportWrench - The Home of Sporting Events/button_Close' is clicked on

21-04-2025T23:37:17 - [TEST_STEP][PASSED] - click(findTestObject("Object Repository/Payment for teams (CARD, ACH, CHECK)/Page_SportWrench - The Home of Sporting Events/button_Pay")): Object: 'Object Repository/Payment for teams (CARD, ACH, CHECK)/Page_SportWrench - The Home of Sporting Events/button_Pay' is clicked on

21-04-2025T23:37:17 - [MESSAGE][PASSED] - Object: 'Object Repository/Payment for teams (CARD, ACH, CHECK)/Page_SportWrench - The Home of Sporting Events/button_Pay' is clicked on

21-04-2025T23:37:17 - [TEST_STEP][PASSED] - click(findTestObject("Object Repository/Payment for teams (CARD, ACH, CHECK)/Page_SportWrench - The Home of Sporting Events/input_Payment history_ng-pristine ng-untouc_97ddf2")): Object: 'Object Repository/Payment for teams (CARD, ACH, CHECK)/Page_SportWrench - The Home of Sporting Events/input_Payment history_ng-pristine ng-untouc_97ddf2' is clicked on

21-04-2025T23:37:18 - [MESSAGE][PASSED] - Object: 'Object Repository/Payment for teams (CARD, ACH, CHECK)/Page_SportWrench - The Home of Sporting Events/input_Payment history_ng-pristine ng-untouc_97ddf2' is clicked on

21-04-2025T23:37:18 - [TEST_STEP][PASSED] - click(findTestObject("Object Repository/Payment for teams (CARD, ACH, CHECK)/Page_SportWrench - The Home of Sporting Events/input_To Pay_ng-pristine ng-untouched ng-va_e7e142")): Object: 'Object Repository/Payment for teams (CARD, ACH, CHECK)/Page_SportWrench - The Home of Sporting Events/input_To Pay_ng-pristine ng-untouched ng-va_e7e142' is clicked on

21-04-2025T23:37:19 - [MESSAGE][PASSED] - Object: 'Object Repository/Payment for teams (CARD, ACH, CHECK)/Page_SportWrench - The Home of Sporting Events/input_To Pay_ng-pristine ng-untouched ng-va_e7e142' is clicked on

21-04-2025T23:37:19 - [TEST_STEP][PASSED] - click(findTestObject("Object Repository/Payment for teams (CARD, ACH, CHECK)/Page_SportWrench - The Home of Sporting Events/input_1,000.00_ng-pristine ng-untouched ng-_714ebc")): Object: 'Object Repository/Payment for teams (CARD, ACH, CHECK)/Page_SportWrench - The Home of Sporting Events/input_1,000.00_ng-pristine ng-untouched ng-_714ebc' is clicked on

21-04-2025T23:37:19 - [MESSAGE][PASSED] - Object: 'Object Repository/Payment for teams (CARD, ACH, CHECK)/Page_SportWrench - The Home of Sporting Events/input_1,000.00_ng-pristine ng-untouched ng-_714ebc' is clicked on

21-04-2025T23:37:19 - [TEST_STEP][PASSED] - click(findTestObject("Object Repository/Payment for teams (CARD, ACH, CHECK)/Page_SportWrench - The Home of Sporting Events/input_1,000.00_ng-pristine ng-untouched ng-_714ebc_1")): Object: 'Object Repository/Payment for teams (CARD, ACH, CHECK)/Page_SportWrench - The Home of Sporting Events/input_1,000.00_ng-pristine ng-untouched ng-_714ebc_1' is clicked on

21-04-2025T23:37:19 - [MESSAGE][PASSED] - Object: 'Object Repository/Payment for teams (CARD, ACH, CHECK)/Page_SportWrench - The Home of Sporting Events/input_1,000.00_ng-pristine ng-untouched ng-_714ebc_1' is clicked on

21-04-2025T23:37:19 - [TEST_STEP][PASSED] - click(findTestObject("Object Repository/Payment for teams (CARD, ACH, CHECK)/Page_SportWrench - The Home of Sporting Events/div_Proceed to payment_1")): Object: 'Object Repository/Payment for teams (CARD, ACH, CHECK)/Page_SportWrench - The Home of Sporting Events/div_Proceed to payment_1' is clicked on

21-04-2025T23:37:20 - [MESSAGE][PASSED] - Object: 'Object Repository/Payment for teams (CARD, ACH, CHECK)/Page_SportWrench - The Home of Sporting Events/div_Proceed to payment_1' is clicked on

21-04-2025T23:37:20 - [TEST_STEP][PASSED] - click(findTestObject("Object Repository/Payment for teams (CARD, ACH, CHECK)/Page_SportWrench - The Home of Sporting Events/a_Check")): Object: 'Object Repository/Payment for teams (CARD, ACH, CHECK)/Page_SportWrench - The Home of Sporting Events/a_Check' is clicked on

21-04-2025T23:37:21 - [MESSAGE][PASSED] - Object: 'Object Repository/Payment for teams (CARD, ACH, CHECK)/Page_SportWrench - The Home of Sporting Events/a_Check' is clicked on

21-04-2025T23:37:21 - [TEST_STEP][PASSED] - click(findTestObject("Object Repository/Payment for teams (CARD, ACH, CHECK)/Page_SportWrench - The Home of Sporting Events/button_Confirm 3,000.00")): Object: 'Object Repository/Payment for teams (CARD, ACH, CHECK)/Page_SportWrench - The Home of Sporting Events/button_Confirm 3,000.00' is clicked on

21-04-2025T23:37:22 - [MESSAGE][PASSED] - Object: 'Object Repository/Payment for teams (CARD, ACH, CHECK)/Page_SportWrench - The Home of Sporting Events/button_Confirm 3,000.00' is clicked on

21-04-2025T23:37:22 - [TEST_STEP][PASSED] - verifyElementPresent(findTestObject("Object Repository/Payment for teams (CARD, ACH, CHECK)/Page_SportWrench - The Home of Sporting Events/span_Your Payment of 3,000.00 is pending re_a194a2"), 0): Object 'Object Repository/Payment for teams (CARD, ACH, CHECK)/Page_SportWrench - The Home of Sporting Events/span_Your Payment of 3,000.00 is pending re_a194a2' is present

21-04-2025T23:37:22 - [MESSAGE][WARNING] - Timeout '0' is invalid. Using default page load timeout: '30'

21-04-2025T23:37:23 - [MESSAGE][PASSED] - Object 'Object Repository/Payment for teams (CARD, ACH, CHECK)/Page_SportWrench - The Home of Sporting Events/span_Your Payment of 3,000.00 is pending re_a194a2' is present

21-04-2025T23:37:23 - [TEST_STEP][PASSED] - click(findTestObject("Object Repository/Payment for teams (CARD, ACH, CHECK)/Page_SportWrench - The Home of Sporting Events/button_Close")): Object: 'Object Repository/Payment for teams (CARD, ACH, CHECK)/Page_SportWrench - The Home of Sporting Events/button_Close' is clicked on

21-04-2025T23:37:24 - [MESSAGE][PASSED] - Object: 'Object Repository/Payment for teams (CARD, ACH, CHECK)/Page_SportWrench - The Home of Sporting Events/button_Close' is clicked on

21-04-2025T23:37:24 - [TEST_STEP][PASSED] - click(findTestObject("Object Repository/Payment for teams (CARD, ACH, CHECK)/Page_SportWrench - The Home of Sporting Events/button_Pay")): Object: 'Object Repository/Payment for teams (CARD, ACH, CHECK)/Page_SportWrench - The Home of Sporting Events/button_Pay' is clicked on

21-04-2025T23:37:24 - [MESSAGE][PASSED] - Object: 'Object Repository/Payment for teams (CARD, ACH, CHECK)/Page_SportWrench - The Home of Sporting Events/button_Pay' is clicked on

21-04-2025T23:37:24 - [TEST_STEP][PASSED] - click(findTestObject("Object Repository/Payment for teams (CARD, ACH, CHECK)/Page_SportWrench - The Home of Sporting Events/div_Proceed to payment_1_2")): Object: 'Object Repository/Payment for teams (CARD, ACH, CHECK)/Page_SportWrench - The Home of Sporting Events/div_Proceed to payment_1_2' is clicked on

21-04-2025T23:37:25 - [MESSAGE][PASSED] - Object: 'Object Repository/Payment for teams (CARD, ACH, CHECK)/Page_SportWrench - The Home of Sporting Events/div_Proceed to payment_1_2' is clicked on

21-04-2025T23:37:25 - [TEST_STEP][PASSED] - click(findTestObject("Object Repository/Payment for teams (CARD, ACH, CHECK)/Page_SportWrench - The Home of Sporting Events/button_US bank account")): Object: 'Object Repository/Payment for teams (CARD, ACH, CHECK)/Page_SportWrench - The Home of Sporting Events/button_US bank account' is clicked on

21-04-2025T23:37:26 - [MESSAGE][WARNING] - [SELF-HEALING] Failed to find element with id 'Object Repository/Payment for teams (CARD, ACH, CHECK)/Page_SportWrench - The Home of Sporting Events/iframe_Use a Different Method___privateStri_ba7f68'. Try using Self-healing.

21-04-2025T23:37:26 - [MESSAGE][WARNING] - [SELF-HEALING] The current locator of test object 'Object Repository/Payment for teams (CARD, ACH, CHECK)/Page_SportWrench - The Home of Sporting Events/iframe_Use a Different Method___privateStri_ba7f68' was broken. Propose an alternative one: '//div[@id='payment-element']/div/iframe'.

21-04-2025T23:37:26 - [MESSAGE][PASSED] - Object: 'Object Repository/Payment for teams (CARD, ACH, CHECK)/Page_SportWrench - The Home of Sporting Events/button_US bank account' is clicked on

21-04-2025T23:37:26 - [TEST_STEP][PASSED] - setText(findTestObject("Object Repository/Payment for teams (CARD, ACH, CHECK)/Page_SportWrench - The Home of Sporting Events/input_Email_email"), "ddfdfgf@gmail.com"): Text 'ddfdfgf@gmail.com' is set on object 'Object Repository/Payment for teams (CARD, ACH, CHECK)/Page_SportWrench - The Home of Sporting Events/input_Email_email'

21-04-2025T23:37:27 - [MESSAGE][WARNING] - [SELF-HEALING] Failed to find element with id 'Object Repository/Payment for teams (CARD, ACH, CHECK)/Page_SportWrench - The Home of Sporting Events/iframe_Use a Different Method___privateStri_ba7f68'. Try using Self-healing.

21-04-2025T23:37:27 - [MESSAGE][WARNING] - [SELF-HEALING] The current locator of test object 'Object Repository/Payment for teams (CARD, ACH, CHECK)/Page_SportWrench - The Home of Sporting Events/iframe_Use a Different Method___privateStri_ba7f68' was broken. Propose an alternative one: '//div[@id='payment-element']/div/iframe'.

21-04-2025T23:37:27 - [MESSAGE][PASSED] - Text 'ddfdfgf@gmail.com' is set on object 'Object Repository/Payment for teams (CARD, ACH, CHECK)/Page_SportWrench - The Home of Sporting Events/input_Email_email'

21-04-2025T23:37:27 - [TEST_STEP][PASSED] - setText(findTestObject("Object Repository/Payment for teams (CARD, ACH, CHECK)/Page_SportWrench - The Home of Sporting Events/input_Full name_name"), "ddfddf fgffgfg"): Text 'ddfddf fgffgfg' is set on object 'Object Repository/Payment for teams (CARD, ACH, CHECK)/Page_SportWrench - The Home of Sporting Events/input_Full name_name'

21-04-2025T23:37:27 - [MESSAGE][WARNING] - [SELF-HEALING] Failed to find element with id 'Object Repository/Payment for teams (CARD, ACH, CHECK)/Page_SportWrench - The Home of Sporting Events/iframe_Use a Different Method___privateStri_ba7f68'. Try using Self-healing.

21-04-2025T23:37:28 - [MESSAGE][WARNING] - [SELF-HEALING] The current locator of test object 'Object Repository/Payment for teams (CARD, ACH, CHECK)/Page_SportWrench - The Home of Sporting Events/iframe_Use a Different Method___privateStri_ba7f68' was broken. Propose an alternative one: '//div[@id='payment-element']/div/iframe'.

21-04-2025T23:37:28 - [MESSAGE][PASSED] - Text 'ddfddf fgffgfg' is set on object 'Object Repository/Payment for teams (CARD, ACH, CHECK)/Page_SportWrench - The Home of Sporting Events/input_Full name_name'

21-04-2025T23:37:28 - [TEST_STEP][PASSED] - click(findTestObject("Object Repository/Payment for teams (CARD, ACH, CHECK)/Page_SportWrench - The Home of Sporting Events/p_Test Institution")): Object: 'Object Repository/Payment for teams (CARD, ACH, CHECK)/Page_SportWrench - The Home of Sporting Events/p_Test Institution' is clicked on

21-04-2025T23:37:28 - [MESSAGE][WARNING] - [SELF-HEALING] Failed to find element with id 'Object Repository/Payment for teams (CARD, ACH, CHECK)/Page_SportWrench - The Home of Sporting Events/iframe_Use a Different Method___privateStri_ba7f68'. Try using Self-healing.

21-04-2025T23:37:28 - [MESSAGE][WARNING] - [SELF-HEALING] The current locator of test object 'Object Repository/Payment for teams (CARD, ACH, CHECK)/Page_SportWrench - The Home of Sporting Events/iframe_Use a Different Method___privateStri_ba7f68' was broken. Propose an alternative one: '//div[@id='payment-element']/div/iframe'.

21-04-2025T23:37:28 - [MESSAGE][PASSED] - Object: 'Object Repository/Payment for teams (CARD, ACH, CHECK)/Page_SportWrench - The Home of Sporting Events/p_Test Institution' is clicked on

21-04-2025T23:37:29 - [TEST_STEP][PASSED] - enhancedClick(findTestObject("Payment for teams (CARD, ACH, CHECK)/Page_SportWrench - The Home of Sporting Events/button_Agree and continue")): Object: 'Object Repository/Payment for teams (CARD, ACH, CHECK)/Page_SportWrench - The Home of Sporting Events/button_Agree and continue' is clicked on

21-04-2025T23:37:29 - [MESSAGE][WARNING] - [SELF-HEALING] Failed to find element with id 'Object Repository/Payment for teams (CARD, ACH, CHECK)/Page_SportWrench - The Home of Sporting Events/iframe_New Payment___privateStripeFrame87928'. Try using Self-healing.

21-04-2025T23:37:30 - [MESSAGE][WARNING] - [SELF-HEALING] The current locator of test object 'Object Repository/Payment for teams (CARD, ACH, CHECK)/Page_SportWrench - The Home of Sporting Events/iframe_New Payment___privateStripeFrame87928' was broken. Propose an alternative one: '//iframe'.

21-04-2025T23:37:30 - [MESSAGE][PASSED] - Object: 'Object Repository/Payment for teams (CARD, ACH, CHECK)/Page_SportWrench - The Home of Sporting Events/button_Agree and continue' is clicked on

21-04-2025T23:37:30 - [TEST_STEP][PASSED] - click(findTestObject("Object Repository/Payment for teams (CARD, ACH, CHECK)/Page_SportWrench - The Home of Sporting Events/span_Connect account")): Object: 'Object Repository/Payment for teams (CARD, ACH, CHECK)/Page_SportWrench - The Home of Sporting Events/span_Connect account' is clicked on

21-04-2025T23:37:30 - [MESSAGE][WARNING] - [SELF-HEALING] Failed to find element with id 'Object Repository/Payment for teams (CARD, ACH, CHECK)/Page_SportWrench - The Home of Sporting Events/iframe_New Payment___privateStripeFrame87928'. Try using Self-healing.

21-04-2025T23:37:30 - [MESSAGE][WARNING] - [SELF-HEALING] The current locator of test object 'Object Repository/Payment for teams (CARD, ACH, CHECK)/Page_SportWrench - The Home of Sporting Events/iframe_New Payment___privateStripeFrame87928' was broken. Propose an alternative one: '//iframe'.

21-04-2025T23:37:34 - [MESSAGE][PASSED] - Object: 'Object Repository/Payment for teams (CARD, ACH, CHECK)/Page_SportWrench - The Home of Sporting Events/span_Connect account' is clicked on

21-04-2025T23:37:34 - [TEST_STEP][PASSED] - click(findTestObject("Object Repository/Payment for teams (CARD, ACH, CHECK)/Page_SportWrench - The Home of Sporting Events/span_Back to SportWrench Inc")): Object: 'Object Repository/Payment for teams (CARD, ACH, CHECK)/Page_SportWrench - The Home of Sporting Events/span_Back to SportWrench Inc' is clicked on

21-04-2025T23:37:34 - [MESSAGE][WARNING] - [SELF-HEALING] Failed to find element with id 'Object Repository/Payment for teams (CARD, ACH, CHECK)/Page_SportWrench - The Home of Sporting Events/iframe_New Payment___privateStripeFrame87928'. Try using Self-healing.

21-04-2025T23:37:34 - [MESSAGE][WARNING] - [SELF-HEALING] The current locator of test object 'Object Repository/Payment for teams (CARD, ACH, CHECK)/Page_SportWrench - The Home of Sporting Events/iframe_New Payment___privateStripeFrame87928' was broken. Propose an alternative one: '//iframe'.

21-04-2025T23:37:36 - [MESSAGE][PASSED] - Object: 'Object Repository/Payment for teams (CARD, ACH, CHECK)/Page_SportWrench - The Home of Sporting Events/span_Back to SportWrench Inc' is clicked on

21-04-2025T23:37:36 - [TEST_STEP][PASSED] - click(findTestObject("Object Repository/Payment for teams (CARD, ACH, CHECK)/Page_SportWrench - The Home of Sporting Events/button_Pay 4,000.00")): Object: 'Object Repository/Payment for teams (CARD, ACH, CHECK)/Page_SportWrench - The Home of Sporting Events/button_Pay 4,000.00' is clicked on

21-04-2025T23:37:38 - [MESSAGE][PASSED] - Object: 'Object Repository/Payment for teams (CARD, ACH, CHECK)/Page_SportWrench - The Home of Sporting Events/button_Pay 4,000.00' is clicked on

21-04-2025T23:37:38 - [TEST_STEP][PASSED] - verifyElementPresent(findTestObject("Object Repository/Payment for teams (CARD, ACH, CHECK)/Page_SportWrench - The Home of Sporting Events/span_Your Payment of 4,000.00 is pending ba_433985"), 0): Object 'Object Repository/Payment for teams (CARD, ACH, CHECK)/Page_SportWrench - The Home of Sporting Events/span_Your Payment of 4,000.00 is pending ba_433985' is present

21-04-2025T23:37:38 - [MESSAGE][WARNING] - Timeout '0' is invalid. Using default page load timeout: '30'

21-04-2025T23:37:39 - [MESSAGE][PASSED] - Object 'Object Repository/Payment for teams (CARD, ACH, CHECK)/Page_SportWrench - The Home of Sporting Events/span_Your Payment of 4,000.00 is pending ba_433985' is present

21-04-2025T23:37:39 - [TEST_STEP][PASSED] - closeBrowser(): Browser is closed

21-04-2025T23:37:40 - [MESSAGE][PASSED] - Browser is closed]]></system-out>
         <system-err><![CDATA[]]></system-err>
      </testcase>
      <testcase name="Test Cases/111Team payments/Refund for teams (CARD)" time="46.778" classname="Test Cases/111Team payments/Refund for teams (CARD)" status="PASSED">
         <system-out><![CDATA[21-04-2025T23:37:40 - [TEST_CASE][PASSED] - Test Cases/111Team payments/Refund for teams (CARD): Test Cases/111Team payments/Refund for teams (CARD)

21-04-2025T23:37:40 - [TEST_STEP][PASSED] - openBrowser("http://USAV:demo@dev.swstage.com/ "): Browser is opened with url: 'http://USAV:demo@dev.swstage.com/ '

21-04-2025T23:37:40 - [MESSAGE][INFO] - Starting 'Chrome' driver

21-04-2025T23:37:40 - [MESSAGE][INFO] - Action delay is set to 0 milliseconds

21-04-2025T23:37:44 - [MESSAGE][PASSED] - Browser is opened with url: 'http://USAV:demo@dev.swstage.com/ '

21-04-2025T23:37:44 - [TEST_STEP][PASSED] - navigateToUrl("http://USAV:demo@my.dev.swstage.com/#/"): Navigate to 'http://USAV:demo@my.dev.swstage.com/#/' successfully

21-04-2025T23:37:46 - [MESSAGE][PASSED] - Navigate to 'http://USAV:demo@my.dev.swstage.com/#/' successfully

21-04-2025T23:37:46 - [TEST_STEP][PASSED] - setText(findTestObject("Object Repository/Refund for teams (CARD)/Page_SportWrench - The Home of Sporting Events/input_Log In_email"), "dcgfcgchfhgvhv@gmail.com"): Text 'dcgfcgchfhgvhv@gmail.com' is set on object 'Object Repository/Refund for teams (CARD)/Page_SportWrench - The Home of Sporting Events/input_Log In_email'

21-04-2025T23:37:47 - [MESSAGE][PASSED] - Text 'dcgfcgchfhgvhv@gmail.com' is set on object 'Object Repository/Refund for teams (CARD)/Page_SportWrench - The Home of Sporting Events/input_Log In_email'

21-04-2025T23:37:47 - [TEST_STEP][PASSED] - setEncryptedText(findTestObject("Object Repository/Refund for teams (CARD)/Page_SportWrench - The Home of Sporting Events/input_false_password"), "ugkk24xDMrWrlVpEbACuNZEQlZ6qfcdw"): Text ****** has been set on object 'Object Repository/Refund for teams (CARD)/Page_SportWrench - The Home of Sporting Events/input_false_password'

21-04-2025T23:37:47 - [MESSAGE][PASSED] - Text ****** has been set on object 'Object Repository/Refund for teams (CARD)/Page_SportWrench - The Home of Sporting Events/input_false_password'

21-04-2025T23:37:47 - [TEST_STEP][PASSED] - click(findTestObject("Object Repository/Refund for teams (CARD)/Page_SportWrench - The Home of Sporting Events/button_Log In")): Object: 'Object Repository/Refund for teams (CARD)/Page_SportWrench - The Home of Sporting Events/button_Log In' is clicked on

21-04-2025T23:37:48 - [MESSAGE][PASSED] - Object: 'Object Repository/Refund for teams (CARD)/Page_SportWrench - The Home of Sporting Events/button_Log In' is clicked on

21-04-2025T23:37:48 - [TEST_STEP][PASSED] - setText(findTestObject("Object Repository/Refund for teams (CARD)/Page_SportWrench - The Home of Sporting Events/input_Other Events_searchbox"), "ULTIMATE TEAMS REFUND"): Text 'ULTIMATE TEAMS REFUND' is set on object 'Object Repository/Refund for teams (CARD)/Page_SportWrench - The Home of Sporting Events/input_Other Events_searchbox'

21-04-2025T23:37:54 - [MESSAGE][PASSED] - Text 'ULTIMATE TEAMS REFUND' is set on object 'Object Repository/Refund for teams (CARD)/Page_SportWrench - The Home of Sporting Events/input_Other Events_searchbox'

21-04-2025T23:37:54 - [TEST_STEP][PASSED] - click(findTestObject("Object Repository/Refund for teams (CARD)/Page_SportWrench - The Home of Sporting Events/a_ULTIMATE TEAMS REFUND")): Object: 'Object Repository/Refund for teams (CARD)/Page_SportWrench - The Home of Sporting Events/a_ULTIMATE TEAMS REFUND' is clicked on

21-04-2025T23:37:55 - [MESSAGE][PASSED] - Object: 'Object Repository/Refund for teams (CARD)/Page_SportWrench - The Home of Sporting Events/a_ULTIMATE TEAMS REFUND' is clicked on

21-04-2025T23:37:55 - [TEST_STEP][PASSED] - click(findTestObject("Object Repository/Refund for teams (CARD)/Page_SportWrench - The Home of Sporting Events/a_Accounting")): Object: 'Object Repository/Refund for teams (CARD)/Page_SportWrench - The Home of Sporting Events/a_Accounting' is clicked on

21-04-2025T23:37:55 - [MESSAGE][PASSED] - Object: 'Object Repository/Refund for teams (CARD)/Page_SportWrench - The Home of Sporting Events/a_Accounting' is clicked on

21-04-2025T23:37:55 - [TEST_STEP][PASSED] - verifyElementPresent(findTestObject("Object Repository/Refund for teams (CARD)/Page_SportWrench - The Home of Sporting Events/div_5,000.00"), 0): Object 'Object Repository/Refund for teams (CARD)/Page_SportWrench - The Home of Sporting Events/div_5,000.00' is present

21-04-2025T23:37:55 - [MESSAGE][WARNING] - Timeout '0' is invalid. Using default page load timeout: '30'

21-04-2025T23:37:57 - [MESSAGE][PASSED] - Object 'Object Repository/Refund for teams (CARD)/Page_SportWrench - The Home of Sporting Events/div_5,000.00' is present

21-04-2025T23:37:57 - [TEST_STEP][PASSED] - verifyElementPresent(findTestObject("Object Repository/Refund for teams (CARD)/Page_SportWrench - The Home of Sporting Events/div_145.30"), 0): Object 'Object Repository/Refund for teams (CARD)/Page_SportWrench - The Home of Sporting Events/div_145.30' is present

21-04-2025T23:37:57 - [MESSAGE][WARNING] - Timeout '0' is invalid. Using default page load timeout: '30'

21-04-2025T23:37:57 - [MESSAGE][PASSED] - Object 'Object Repository/Refund for teams (CARD)/Page_SportWrench - The Home of Sporting Events/div_145.30' is present

21-04-2025T23:37:57 - [TEST_STEP][PASSED] - verifyElementPresent(findTestObject("Object Repository/Refund for teams (CARD)/Page_SportWrench - The Home of Sporting Events/div_8,704.70"), 0): Object 'Object Repository/Refund for teams (CARD)/Page_SportWrench - The Home of Sporting Events/div_8,704.70' is present

21-04-2025T23:37:57 - [MESSAGE][WARNING] - Timeout '0' is invalid. Using default page load timeout: '30'

21-04-2025T23:37:57 - [MESSAGE][PASSED] - Object 'Object Repository/Refund for teams (CARD)/Page_SportWrench - The Home of Sporting Events/div_8,704.70' is present

21-04-2025T23:37:57 - [TEST_STEP][PASSED] - click(findTestObject("Object Repository/Refund for teams (CARD)/Page_SportWrench - The Home of Sporting Events/a_Teams")): Object: 'Object Repository/Refund for teams (CARD)/Page_SportWrench - The Home of Sporting Events/a_Teams' is clicked on

21-04-2025T23:37:57 - [MESSAGE][PASSED] - Object: 'Object Repository/Refund for teams (CARD)/Page_SportWrench - The Home of Sporting Events/a_Teams' is clicked on

21-04-2025T23:37:57 - [TEST_STEP][PASSED] - click(findTestObject("Object Repository/Refund for teams (CARD)/Page_SportWrench - The Home of Sporting Events/a_Teams List")): Object: 'Object Repository/Refund for teams (CARD)/Page_SportWrench - The Home of Sporting Events/a_Teams List' is clicked on

21-04-2025T23:37:58 - [MESSAGE][PASSED] - Object: 'Object Repository/Refund for teams (CARD)/Page_SportWrench - The Home of Sporting Events/a_Teams List' is clicked on

21-04-2025T23:37:58 - [TEST_STEP][PASSED] - click(findTestObject("Object Repository/Refund for teams (CARD)/Page_SportWrench - The Home of Sporting Events/span_Trinity 8 1")): Object: 'Object Repository/Refund for teams (CARD)/Page_SportWrench - The Home of Sporting Events/span_Trinity 8 1' is clicked on

21-04-2025T23:37:59 - [MESSAGE][PASSED] - Object: 'Object Repository/Refund for teams (CARD)/Page_SportWrench - The Home of Sporting Events/span_Trinity 8 1' is clicked on

21-04-2025T23:37:59 - [TEST_STEP][PASSED] - click(findTestObject("Object Repository/Refund for teams (CARD)/Page_SportWrench - The Home of Sporting Events/a_Payments")): Object: 'Object Repository/Refund for teams (CARD)/Page_SportWrench - The Home of Sporting Events/a_Payments' is clicked on

21-04-2025T23:38:00 - [MESSAGE][PASSED] - Object: 'Object Repository/Refund for teams (CARD)/Page_SportWrench - The Home of Sporting Events/a_Payments' is clicked on

21-04-2025T23:38:00 - [TEST_STEP][PASSED] - click(findTestObject("Object Repository/Refund for teams (CARD)/Page_SportWrench - The Home of Sporting Events/span_CARD (paid)")): Object: 'Object Repository/Refund for teams (CARD)/Page_SportWrench - The Home of Sporting Events/span_CARD (paid)' is clicked on

21-04-2025T23:38:02 - [MESSAGE][WARNING] - [SELF-HEALING] Failed to find element with id 'Object Repository/Refund for teams (CARD)/Page_SportWrench - The Home of Sporting Events/span_CARD (paid)'. Try using Self-healing.

21-04-2025T23:38:03 - [MESSAGE][WARNING] - [SELF-HEALING] The current locator of test object 'Object Repository/Refund for teams (CARD)/Page_SportWrench - The Home of Sporting Events/span_CARD (paid)' was broken. Propose an alternative one: '(.//*[normalize-space(text()) and normalize-space(.)='-'])[10]/following::span[1]'.

21-04-2025T23:38:03 - [MESSAGE][PASSED] - Object: 'Object Repository/Refund for teams (CARD)/Page_SportWrench - The Home of Sporting Events/span_CARD (paid)' is clicked on

21-04-2025T23:38:03 - [TEST_STEP][PASSED] - click(findTestObject("Object Repository/Refund for teams (CARD)/Page_SportWrench - The Home of Sporting Events/button_Refund")): Object: 'Object Repository/Refund for teams (CARD)/Page_SportWrench - The Home of Sporting Events/button_Refund' is clicked on

21-04-2025T23:38:04 - [MESSAGE][PASSED] - Object: 'Object Repository/Refund for teams (CARD)/Page_SportWrench - The Home of Sporting Events/button_Refund' is clicked on

21-04-2025T23:38:04 - [TEST_STEP][PASSED] - enhancedClick(findTestObject("Object Repository/Refund for teams (CARD)/Page_SportWrench - The Home of Sporting Events/a_Partial")): Object: 'Object Repository/Refund for teams (CARD)/Page_SportWrench - The Home of Sporting Events/a_Partial' is clicked on

21-04-2025T23:38:04 - [MESSAGE][WARNING] - [SELF-HEALING] Failed to find element with id 'Object Repository/Refund for teams (CARD)/Page_SportWrench - The Home of Sporting Events/a_Partial'. Try using Self-healing.

21-04-2025T23:38:04 - [MESSAGE][WARNING] - [SELF-HEALING] The current locator of test object 'Object Repository/Refund for teams (CARD)/Page_SportWrench - The Home of Sporting Events/a_Partial' was broken. Propose an alternative one: '(//a[contains(text(),'Partial')])[2]'.

21-04-2025T23:38:04 - [MESSAGE][PASSED] - Object: 'Object Repository/Refund for teams (CARD)/Page_SportWrench - The Home of Sporting Events/a_Partial' is clicked on

21-04-2025T23:38:04 - [TEST_STEP][PASSED] - delay(2): Delayed 2 second(s)

21-04-2025T23:38:06 - [MESSAGE][PASSED] - Delayed 2 second(s)

21-04-2025T23:38:06 - [TEST_STEP][PASSED] - click(findTestObject("Object Repository/Refund for teams (CARD)/Page_SportWrench - The Home of Sporting Events/input_Team name_ng-pristine ng-untouched ng_75950e")): Object: 'Object Repository/Refund for teams (CARD)/Page_SportWrench - The Home of Sporting Events/input_Team name_ng-pristine ng-untouched ng_75950e' is clicked on

21-04-2025T23:38:07 - [MESSAGE][PASSED] - Object: 'Object Repository/Refund for teams (CARD)/Page_SportWrench - The Home of Sporting Events/input_Team name_ng-pristine ng-untouched ng_75950e' is clicked on

21-04-2025T23:38:07 - [TEST_STEP][PASSED] - click(findTestObject("Object Repository/Refund for teams (CARD)/Page_SportWrench - The Home of Sporting Events/input_Trinity 9 11_ng-pristine ng-untouched_6875e5")): Object: 'Object Repository/Refund for teams (CARD)/Page_SportWrench - The Home of Sporting Events/input_Trinity 9 11_ng-pristine ng-untouched_6875e5' is clicked on

21-04-2025T23:38:07 - [MESSAGE][PASSED] - Object: 'Object Repository/Refund for teams (CARD)/Page_SportWrench - The Home of Sporting Events/input_Trinity 9 11_ng-pristine ng-untouched_6875e5' is clicked on

21-04-2025T23:38:07 - [TEST_STEP][PASSED] - setText(findTestObject("Object Repository/Refund for teams (CARD)/Page_SportWrench - The Home of Sporting Events/input__form-control form-control-4digits ng_fc52e6"), "500"): Text '500' is set on object 'Object Repository/Refund for teams (CARD)/Page_SportWrench - The Home of Sporting Events/input__form-control form-control-4digits ng_fc52e6'

21-04-2025T23:38:08 - [MESSAGE][PASSED] - Text '500' is set on object 'Object Repository/Refund for teams (CARD)/Page_SportWrench - The Home of Sporting Events/input__form-control form-control-4digits ng_fc52e6'

21-04-2025T23:38:08 - [TEST_STEP][PASSED] - click(findTestObject("Object Repository/Refund for teams (CARD)/Page_SportWrench - The Home of Sporting Events/button_Refund 2,500.00")): Object: 'Object Repository/Refund for teams (CARD)/Page_SportWrench - The Home of Sporting Events/button_Refund 2,500.00' is clicked on

21-04-2025T23:38:08 - [MESSAGE][PASSED] - Object: 'Object Repository/Refund for teams (CARD)/Page_SportWrench - The Home of Sporting Events/button_Refund 2,500.00' is clicked on

21-04-2025T23:38:08 - [TEST_STEP][PASSED] - click(findTestObject("Object Repository/Refund for teams (CARD)/Page_SportWrench - The Home of Sporting Events/button_")): Object: 'Object Repository/Refund for teams (CARD)/Page_SportWrench - The Home of Sporting Events/button_' is clicked on

21-04-2025T23:38:13 - [MESSAGE][PASSED] - Object: 'Object Repository/Refund for teams (CARD)/Page_SportWrench - The Home of Sporting Events/button_' is clicked on

21-04-2025T23:38:13 - [TEST_STEP][PASSED] - click(findTestObject("Object Repository/Refund for teams (CARD)/Page_SportWrench - The Home of Sporting Events/a_Accounting"), STOP_ON_FAILURE): Object: 'Object Repository/Refund for teams (CARD)/Page_SportWrench - The Home of Sporting Events/a_Accounting' is clicked on

21-04-2025T23:38:13 - [MESSAGE][PASSED] - Object: 'Object Repository/Refund for teams (CARD)/Page_SportWrench - The Home of Sporting Events/a_Accounting' is clicked on

21-04-2025T23:38:13 - [TEST_STEP][PASSED] - verifyElementPresent(findTestObject("Object Repository/Refund for teams (CARD)/Page_SportWrench - The Home of Sporting Events/div_2,500.00"), 0): Object 'Object Repository/Refund for teams (CARD)/Page_SportWrench - The Home of Sporting Events/div_2,500.00' is present

21-04-2025T23:38:13 - [MESSAGE][WARNING] - Timeout '0' is invalid. Using default page load timeout: '30'

21-04-2025T23:38:14 - [MESSAGE][PASSED] - Object 'Object Repository/Refund for teams (CARD)/Page_SportWrench - The Home of Sporting Events/div_2,500.00' is present

21-04-2025T23:38:14 - [TEST_STEP][PASSED] - verifyElementPresent(findTestObject("Object Repository/Refund for teams (CARD)/Page_SportWrench - The Home of Sporting Events/div_72.80"), 0): Object 'Object Repository/Refund for teams (CARD)/Page_SportWrench - The Home of Sporting Events/div_72.80' is present

21-04-2025T23:38:14 - [MESSAGE][WARNING] - Timeout '0' is invalid. Using default page load timeout: '30'

21-04-2025T23:38:15 - [MESSAGE][PASSED] - Object 'Object Repository/Refund for teams (CARD)/Page_SportWrench - The Home of Sporting Events/div_72.80' is present

21-04-2025T23:38:15 - [TEST_STEP][PASSED] - verifyElementPresent(findTestObject("Object Repository/Refund for teams (CARD)/Page_SportWrench - The Home of Sporting Events/div_6,297.20"), 0): Object 'Object Repository/Refund for teams (CARD)/Page_SportWrench - The Home of Sporting Events/div_6,297.20' is present

21-04-2025T23:38:15 - [MESSAGE][WARNING] - Timeout '0' is invalid. Using default page load timeout: '30'

21-04-2025T23:38:15 - [MESSAGE][PASSED] - Object 'Object Repository/Refund for teams (CARD)/Page_SportWrench - The Home of Sporting Events/div_6,297.20' is present

21-04-2025T23:38:15 - [TEST_STEP][PASSED] - click(findTestObject("Object Repository/Refund for teams (CARD)/Page_SportWrench - The Home of Sporting Events/a_Teams")): Object: 'Object Repository/Refund for teams (CARD)/Page_SportWrench - The Home of Sporting Events/a_Teams' is clicked on

21-04-2025T23:38:15 - [MESSAGE][PASSED] - Object: 'Object Repository/Refund for teams (CARD)/Page_SportWrench - The Home of Sporting Events/a_Teams' is clicked on

21-04-2025T23:38:15 - [TEST_STEP][PASSED] - click(findTestObject("Object Repository/Refund for teams (CARD)/Page_SportWrench - The Home of Sporting Events/a_Teams List")): Object: 'Object Repository/Refund for teams (CARD)/Page_SportWrench - The Home of Sporting Events/a_Teams List' is clicked on

21-04-2025T23:38:15 - [MESSAGE][PASSED] - Object: 'Object Repository/Refund for teams (CARD)/Page_SportWrench - The Home of Sporting Events/a_Teams List' is clicked on

21-04-2025T23:38:15 - [TEST_STEP][PASSED] - click(findTestObject("Object Repository/Refund for teams (CARD)/Page_SportWrench - The Home of Sporting Events/span_Trinity 8 1")): Object: 'Object Repository/Refund for teams (CARD)/Page_SportWrench - The Home of Sporting Events/span_Trinity 8 1' is clicked on

21-04-2025T23:38:17 - [MESSAGE][PASSED] - Object: 'Object Repository/Refund for teams (CARD)/Page_SportWrench - The Home of Sporting Events/span_Trinity 8 1' is clicked on

21-04-2025T23:38:17 - [TEST_STEP][PASSED] - click(findTestObject("Object Repository/Refund for teams (CARD)/Page_SportWrench - The Home of Sporting Events/a_Payments")): Object: 'Object Repository/Refund for teams (CARD)/Page_SportWrench - The Home of Sporting Events/a_Payments' is clicked on

21-04-2025T23:38:18 - [MESSAGE][PASSED] - Object: 'Object Repository/Refund for teams (CARD)/Page_SportWrench - The Home of Sporting Events/a_Payments' is clicked on

21-04-2025T23:38:18 - [TEST_STEP][PASSED] - click(findTestObject("Object Repository/Refund for teams (CARD)/Page_SportWrench - The Home of Sporting Events/span_CARD (paid)_1")): Object: 'Object Repository/Refund for teams (CARD)/Page_SportWrench - The Home of Sporting Events/span_CARD (paid)_1' is clicked on

21-04-2025T23:38:20 - [MESSAGE][WARNING] - [SELF-HEALING] Failed to find element with id 'Object Repository/Refund for teams (CARD)/Page_SportWrench - The Home of Sporting Events/span_CARD (paid)_1'. Try using Self-healing.

21-04-2025T23:38:20 - [MESSAGE][WARNING] - [SELF-HEALING] The current locator of test object 'Object Repository/Refund for teams (CARD)/Page_SportWrench - The Home of Sporting Events/span_CARD (paid)_1' was broken. Propose an alternative one: '(.//*[normalize-space(text()) and normalize-space(.)='-'])[10]/following::span[1]'.

21-04-2025T23:38:20 - [MESSAGE][PASSED] - Object: 'Object Repository/Refund for teams (CARD)/Page_SportWrench - The Home of Sporting Events/span_CARD (paid)_1' is clicked on

21-04-2025T23:38:20 - [TEST_STEP][PASSED] - click(findTestObject("Object Repository/Refund for teams (CARD)/Page_SportWrench - The Home of Sporting Events/button_Refund")): Object: 'Object Repository/Refund for teams (CARD)/Page_SportWrench - The Home of Sporting Events/button_Refund' is clicked on

21-04-2025T23:38:20 - [MESSAGE][PASSED] - Object: 'Object Repository/Refund for teams (CARD)/Page_SportWrench - The Home of Sporting Events/button_Refund' is clicked on

21-04-2025T23:38:20 - [TEST_STEP][PASSED] - enhancedClick(findTestObject("Object Repository/Refund for teams (CARD)/Page_SportWrench - The Home of Sporting Events/a_Total")): Object: 'Object Repository/Refund for teams (CARD)/Page_SportWrench - The Home of Sporting Events/a_Total' is clicked on

21-04-2025T23:38:21 - [MESSAGE][WARNING] - [SELF-HEALING] Failed to find element with id 'Object Repository/Refund for teams (CARD)/Page_SportWrench - The Home of Sporting Events/a_Total'. Try using Self-healing.

21-04-2025T23:38:21 - [MESSAGE][WARNING] - [SELF-HEALING] The current locator of test object 'Object Repository/Refund for teams (CARD)/Page_SportWrench - The Home of Sporting Events/a_Total' was broken. Propose an alternative one: '(//a[contains(text(),'Total')])[2]'.

21-04-2025T23:38:21 - [MESSAGE][PASSED] - Object: 'Object Repository/Refund for teams (CARD)/Page_SportWrench - The Home of Sporting Events/a_Total' is clicked on

21-04-2025T23:38:21 - [TEST_STEP][PASSED] - click(findTestObject("Object Repository/Refund for teams (CARD)/Page_SportWrench - The Home of Sporting Events/button_Yes")): Object: 'Object Repository/Refund for teams (CARD)/Page_SportWrench - The Home of Sporting Events/button_Yes' is clicked on

21-04-2025T23:38:22 - [MESSAGE][PASSED] - Object: 'Object Repository/Refund for teams (CARD)/Page_SportWrench - The Home of Sporting Events/button_Yes' is clicked on

21-04-2025T23:38:22 - [TEST_STEP][PASSED] - click(findTestObject("Object Repository/Refund for teams (CARD)/Page_SportWrench - The Home of Sporting Events/button_")): Object: 'Object Repository/Refund for teams (CARD)/Page_SportWrench - The Home of Sporting Events/button_' is clicked on

21-04-2025T23:38:26 - [MESSAGE][PASSED] - Object: 'Object Repository/Refund for teams (CARD)/Page_SportWrench - The Home of Sporting Events/button_' is clicked on

21-04-2025T23:38:26 - [TEST_STEP][PASSED] - closeBrowser(): Browser is closed

21-04-2025T23:38:26 - [MESSAGE][PASSED] - Browser is closed]]></system-out>
         <system-err><![CDATA[]]></system-err>
      </testcase>
      <testcase name="Test Cases/111Team payments/Partial refund for teams (ACH)" time="41.391" classname="Test Cases/111Team payments/Partial refund for teams (ACH)" status="PASSED">
         <system-out><![CDATA[21-04-2025T23:38:26 - [TEST_CASE][PASSED] - Test Cases/111Team payments/Partial refund for teams (ACH): Test Cases/111Team payments/Partial refund for teams (ACH)

21-04-2025T23:38:26 - [TEST_STEP][PASSED] - openBrowser("http://USAV:demo@dev.swstage.com/"): Browser is opened with url: 'http://USAV:demo@dev.swstage.com/'

21-04-2025T23:38:26 - [MESSAGE][INFO] - Starting 'Chrome' driver

21-04-2025T23:38:26 - [MESSAGE][INFO] - Action delay is set to 0 milliseconds

21-04-2025T23:38:30 - [MESSAGE][PASSED] - Browser is opened with url: 'http://USAV:demo@dev.swstage.com/'

21-04-2025T23:38:30 - [TEST_STEP][PASSED] - navigateToUrl("http://USAV:demo@my.dev.swstage.com/#/"): Navigate to 'http://USAV:demo@my.dev.swstage.com/#/' successfully

21-04-2025T23:38:32 - [MESSAGE][PASSED] - Navigate to 'http://USAV:demo@my.dev.swstage.com/#/' successfully

21-04-2025T23:38:32 - [TEST_STEP][PASSED] - setText(findTestObject("Object Repository/Refund for teams (ACH)/Page_SportWrench - The Home of Sporting Events/input_Log In_email"), "dcgfcgchfhgvhv@gmail.com"): Text 'dcgfcgchfhgvhv@gmail.com' is set on object 'Object Repository/Refund for teams (ACH)/Page_SportWrench - The Home of Sporting Events/input_Log In_email'

21-04-2025T23:38:33 - [MESSAGE][PASSED] - Text 'dcgfcgchfhgvhv@gmail.com' is set on object 'Object Repository/Refund for teams (ACH)/Page_SportWrench - The Home of Sporting Events/input_Log In_email'

21-04-2025T23:38:33 - [TEST_STEP][PASSED] - setEncryptedText(findTestObject("Object Repository/Refund for teams (ACH)/Page_SportWrench - The Home of Sporting Events/input_false_password"), "ugkk24xDMrWrlVpEbACuNZEQlZ6qfcdw"): Text ****** has been set on object 'Object Repository/Refund for teams (ACH)/Page_SportWrench - The Home of Sporting Events/input_false_password'

21-04-2025T23:38:34 - [MESSAGE][PASSED] - Text ****** has been set on object 'Object Repository/Refund for teams (ACH)/Page_SportWrench - The Home of Sporting Events/input_false_password'

21-04-2025T23:38:34 - [TEST_STEP][PASSED] - click(findTestObject("Object Repository/Refund for teams (ACH)/Page_SportWrench - The Home of Sporting Events/button_Log In")): Object: 'Object Repository/Refund for teams (ACH)/Page_SportWrench - The Home of Sporting Events/button_Log In' is clicked on

21-04-2025T23:38:34 - [MESSAGE][PASSED] - Object: 'Object Repository/Refund for teams (ACH)/Page_SportWrench - The Home of Sporting Events/button_Log In' is clicked on

21-04-2025T23:38:34 - [TEST_STEP][PASSED] - setText(findTestObject("Object Repository/Refund for teams (ACH)/Page_SportWrench - The Home of Sporting Events/input_Other Events_searchbox"), "ULTIMATE TEAMS REFUND"): Text 'ULTIMATE TEAMS REFUND' is set on object 'Object Repository/Refund for teams (ACH)/Page_SportWrench - The Home of Sporting Events/input_Other Events_searchbox'

21-04-2025T23:38:40 - [MESSAGE][PASSED] - Text 'ULTIMATE TEAMS REFUND' is set on object 'Object Repository/Refund for teams (ACH)/Page_SportWrench - The Home of Sporting Events/input_Other Events_searchbox'

21-04-2025T23:38:40 - [TEST_STEP][PASSED] - click(findTestObject("Object Repository/Refund for teams (ACH)/Page_SportWrench - The Home of Sporting Events/a_ULTIMATE TEAMS REFUND")): Object: 'Object Repository/Refund for teams (ACH)/Page_SportWrench - The Home of Sporting Events/a_ULTIMATE TEAMS REFUND' is clicked on

21-04-2025T23:38:40 - [MESSAGE][PASSED] - Object: 'Object Repository/Refund for teams (ACH)/Page_SportWrench - The Home of Sporting Events/a_ULTIMATE TEAMS REFUND' is clicked on

21-04-2025T23:38:40 - [TEST_STEP][PASSED] - click(findTestObject("Object Repository/Refund for teams (ACH)/Page_SportWrench - The Home of Sporting Events/a_Accounting")): Object: 'Object Repository/Refund for teams (ACH)/Page_SportWrench - The Home of Sporting Events/a_Accounting' is clicked on

21-04-2025T23:38:41 - [MESSAGE][PASSED] - Object: 'Object Repository/Refund for teams (ACH)/Page_SportWrench - The Home of Sporting Events/a_Accounting' is clicked on

21-04-2025T23:38:41 - [TEST_STEP][PASSED] - verifyElementPresent(findTestObject("Object Repository/Refund for teams (ACH)/Page_SportWrench - The Home of Sporting Events/div_4,000.00"), 0): Object 'Object Repository/Refund for teams (ACH)/Page_SportWrench - The Home of Sporting Events/div_4,000.00' is present

21-04-2025T23:38:41 - [MESSAGE][WARNING] - Timeout '0' is invalid. Using default page load timeout: '30'

21-04-2025T23:38:42 - [MESSAGE][PASSED] - Object 'Object Repository/Refund for teams (ACH)/Page_SportWrench - The Home of Sporting Events/div_4,000.00' is present

21-04-2025T23:38:42 - [TEST_STEP][PASSED] - verifyElementPresent(findTestObject("Object Repository/Refund for teams (ACH)/Page_SportWrench - The Home of Sporting Events/div_60.00"), 0): Object 'Object Repository/Refund for teams (ACH)/Page_SportWrench - The Home of Sporting Events/div_60.00' is present

21-04-2025T23:38:42 - [MESSAGE][WARNING] - Timeout '0' is invalid. Using default page load timeout: '30'

21-04-2025T23:38:42 - [MESSAGE][PASSED] - Object 'Object Repository/Refund for teams (ACH)/Page_SportWrench - The Home of Sporting Events/div_60.00' is present

21-04-2025T23:38:42 - [TEST_STEP][PASSED] - verifyElementPresent(findTestObject("Object Repository/Refund for teams (ACH)/Page_SportWrench - The Home of Sporting Events/div_3,900.00"), 0): Object 'Object Repository/Refund for teams (ACH)/Page_SportWrench - The Home of Sporting Events/div_3,900.00' is present

21-04-2025T23:38:42 - [MESSAGE][WARNING] - Timeout '0' is invalid. Using default page load timeout: '30'

21-04-2025T23:38:43 - [MESSAGE][PASSED] - Object 'Object Repository/Refund for teams (ACH)/Page_SportWrench - The Home of Sporting Events/div_3,900.00' is present

21-04-2025T23:38:43 - [TEST_STEP][PASSED] - click(findTestObject("Object Repository/Refund for teams (ACH)/Page_SportWrench - The Home of Sporting Events/a_Teams")): Object: 'Object Repository/Refund for teams (ACH)/Page_SportWrench - The Home of Sporting Events/a_Teams' is clicked on

21-04-2025T23:38:43 - [MESSAGE][PASSED] - Object: 'Object Repository/Refund for teams (ACH)/Page_SportWrench - The Home of Sporting Events/a_Teams' is clicked on

21-04-2025T23:38:43 - [TEST_STEP][PASSED] - click(findTestObject("Object Repository/Refund for teams (ACH)/Page_SportWrench - The Home of Sporting Events/a_Teams List")): Object: 'Object Repository/Refund for teams (ACH)/Page_SportWrench - The Home of Sporting Events/a_Teams List' is clicked on

21-04-2025T23:38:43 - [MESSAGE][PASSED] - Object: 'Object Repository/Refund for teams (ACH)/Page_SportWrench - The Home of Sporting Events/a_Teams List' is clicked on

21-04-2025T23:38:43 - [TEST_STEP][PASSED] - click(findTestObject("Object Repository/Refund for teams (ACH)/Page_SportWrench - The Home of Sporting Events/span_Trinity 9 7")): Object: 'Object Repository/Refund for teams (ACH)/Page_SportWrench - The Home of Sporting Events/span_Trinity 9 7' is clicked on

21-04-2025T23:38:44 - [MESSAGE][PASSED] - Object: 'Object Repository/Refund for teams (ACH)/Page_SportWrench - The Home of Sporting Events/span_Trinity 9 7' is clicked on

21-04-2025T23:38:44 - [TEST_STEP][PASSED] - click(findTestObject("Object Repository/Refund for teams (ACH)/Page_SportWrench - The Home of Sporting Events/a_Payments")): Object: 'Object Repository/Refund for teams (ACH)/Page_SportWrench - The Home of Sporting Events/a_Payments' is clicked on

21-04-2025T23:38:45 - [MESSAGE][PASSED] - Object: 'Object Repository/Refund for teams (ACH)/Page_SportWrench - The Home of Sporting Events/a_Payments' is clicked on

21-04-2025T23:38:45 - [TEST_STEP][PASSED] - click(findTestObject("Object Repository/Refund for teams (ACH)/Page_SportWrench - The Home of Sporting Events/span_ACH (paid)")): Object: 'Object Repository/Refund for teams (ACH)/Page_SportWrench - The Home of Sporting Events/span_ACH (paid)' is clicked on

21-04-2025T23:38:47 - [MESSAGE][WARNING] - [SELF-HEALING] Failed to find element with id 'Object Repository/Refund for teams (ACH)/Page_SportWrench - The Home of Sporting Events/span_ACH (paid)'. Try using Self-healing.

21-04-2025T23:38:47 - [MESSAGE][WARNING] - [SELF-HEALING] The current locator of test object 'Object Repository/Refund for teams (ACH)/Page_SportWrench - The Home of Sporting Events/span_ACH (paid)' was broken. Propose an alternative one: '(.//*[normalize-space(text()) and normalize-space(.)='-'])[1]/following::span[1]'.

21-04-2025T23:38:47 - [MESSAGE][PASSED] - Object: 'Object Repository/Refund for teams (ACH)/Page_SportWrench - The Home of Sporting Events/span_ACH (paid)' is clicked on

21-04-2025T23:38:47 - [TEST_STEP][PASSED] - click(findTestObject("Object Repository/Refund for teams (ACH)/Page_SportWrench - The Home of Sporting Events/button_Refund")): Object: 'Object Repository/Refund for teams (ACH)/Page_SportWrench - The Home of Sporting Events/button_Refund' is clicked on

21-04-2025T23:38:48 - [MESSAGE][PASSED] - Object: 'Object Repository/Refund for teams (ACH)/Page_SportWrench - The Home of Sporting Events/button_Refund' is clicked on

21-04-2025T23:38:48 - [TEST_STEP][PASSED] - click(findTestObject("Object Repository/Refund for teams (ACH)/Page_SportWrench - The Home of Sporting Events/a_Partial")): Object: 'Object Repository/Refund for teams (ACH)/Page_SportWrench - The Home of Sporting Events/a_Partial' is clicked on

21-04-2025T23:38:48 - [MESSAGE][WARNING] - [SELF-HEALING] Failed to find element with id 'Object Repository/Refund for teams (ACH)/Page_SportWrench - The Home of Sporting Events/a_Partial'. Try using Self-healing.

21-04-2025T23:38:49 - [MESSAGE][WARNING] - [SELF-HEALING] The current locator of test object 'Object Repository/Refund for teams (ACH)/Page_SportWrench - The Home of Sporting Events/a_Partial' was broken. Propose an alternative one: '//a[contains(text(),'Partial')]'.

21-04-2025T23:38:49 - [MESSAGE][PASSED] - Object: 'Object Repository/Refund for teams (ACH)/Page_SportWrench - The Home of Sporting Events/a_Partial' is clicked on

21-04-2025T23:38:49 - [TEST_STEP][PASSED] - click(findTestObject("Object Repository/Refund for teams (ACH)/Page_SportWrench - The Home of Sporting Events/input_Team name_ng-pristine ng-untouched ng_75950e")): Object: 'Object Repository/Refund for teams (ACH)/Page_SportWrench - The Home of Sporting Events/input_Team name_ng-pristine ng-untouched ng_75950e' is clicked on

21-04-2025T23:38:50 - [MESSAGE][PASSED] - Object: 'Object Repository/Refund for teams (ACH)/Page_SportWrench - The Home of Sporting Events/input_Team name_ng-pristine ng-untouched ng_75950e' is clicked on

21-04-2025T23:38:50 - [TEST_STEP][PASSED] - click(findTestObject("Object Repository/Refund for teams (ACH)/Page_SportWrench - The Home of Sporting Events/input_Trinity 9 12_ng-pristine ng-untouched_83e02a")): Object: 'Object Repository/Refund for teams (ACH)/Page_SportWrench - The Home of Sporting Events/input_Trinity 9 12_ng-pristine ng-untouched_83e02a' is clicked on

21-04-2025T23:38:50 - [MESSAGE][PASSED] - Object: 'Object Repository/Refund for teams (ACH)/Page_SportWrench - The Home of Sporting Events/input_Trinity 9 12_ng-pristine ng-untouched_83e02a' is clicked on

21-04-2025T23:38:50 - [TEST_STEP][PASSED] - setText(findTestObject("Object Repository/Refund for teams (ACH)/Page_SportWrench - The Home of Sporting Events/input__form-control form-control-4digits ng_b55883"), "500"): Text '500' is set on object 'Object Repository/Refund for teams (ACH)/Page_SportWrench - The Home of Sporting Events/input__form-control form-control-4digits ng_b55883'

21-04-2025T23:38:51 - [MESSAGE][PASSED] - Text '500' is set on object 'Object Repository/Refund for teams (ACH)/Page_SportWrench - The Home of Sporting Events/input__form-control form-control-4digits ng_b55883'

21-04-2025T23:38:51 - [TEST_STEP][PASSED] - click(findTestObject("Object Repository/Refund for teams (ACH)/Page_SportWrench - The Home of Sporting Events/button_Refund 2,500.00")): Object: 'Object Repository/Refund for teams (ACH)/Page_SportWrench - The Home of Sporting Events/button_Refund 2,500.00' is clicked on

21-04-2025T23:38:51 - [MESSAGE][PASSED] - Object: 'Object Repository/Refund for teams (ACH)/Page_SportWrench - The Home of Sporting Events/button_Refund 2,500.00' is clicked on

21-04-2025T23:38:51 - [TEST_STEP][PASSED] - click(findTestObject("Object Repository/Refund for teams (ACH)/Page_SportWrench - The Home of Sporting Events/button_")): Object: 'Object Repository/Refund for teams (ACH)/Page_SportWrench - The Home of Sporting Events/button_' is clicked on

21-04-2025T23:38:55 - [MESSAGE][PASSED] - Object: 'Object Repository/Refund for teams (ACH)/Page_SportWrench - The Home of Sporting Events/button_' is clicked on

21-04-2025T23:38:55 - [TEST_STEP][PASSED] - click(findTestObject("Object Repository/Refund for teams (ACH)/Page_SportWrench - The Home of Sporting Events/a_Accounting")): Object: 'Object Repository/Refund for teams (ACH)/Page_SportWrench - The Home of Sporting Events/a_Accounting' is clicked on

21-04-2025T23:38:55 - [MESSAGE][PASSED] - Object: 'Object Repository/Refund for teams (ACH)/Page_SportWrench - The Home of Sporting Events/a_Accounting' is clicked on

21-04-2025T23:38:55 - [TEST_STEP][PASSED] - click(findTestObject("Object Repository/Refund for teams (ACH)/Page_SportWrench - The Home of Sporting Events/div_1,500.00")): Object: 'Object Repository/Refund for teams (ACH)/Page_SportWrench - The Home of Sporting Events/div_1,500.00' is clicked on

21-04-2025T23:38:57 - [MESSAGE][PASSED] - Object: 'Object Repository/Refund for teams (ACH)/Page_SportWrench - The Home of Sporting Events/div_1,500.00' is clicked on

21-04-2025T23:38:57 - [TEST_STEP][PASSED] - click(findTestObject("Object Repository/Refund for teams (ACH)/Page_SportWrench - The Home of Sporting Events/div_22.50")): Object: 'Object Repository/Refund for teams (ACH)/Page_SportWrench - The Home of Sporting Events/div_22.50' is clicked on

21-04-2025T23:38:57 - [MESSAGE][PASSED] - Object: 'Object Repository/Refund for teams (ACH)/Page_SportWrench - The Home of Sporting Events/div_22.50' is clicked on

21-04-2025T23:38:57 - [TEST_STEP][PASSED] - click(findTestObject("Object Repository/Refund for teams (ACH)/Page_SportWrench - The Home of Sporting Events/div_1,457.50")): Object: 'Object Repository/Refund for teams (ACH)/Page_SportWrench - The Home of Sporting Events/div_1,457.50' is clicked on

21-04-2025T23:38:57 - [MESSAGE][PASSED] - Object: 'Object Repository/Refund for teams (ACH)/Page_SportWrench - The Home of Sporting Events/div_1,457.50' is clicked on

21-04-2025T23:38:57 - [TEST_STEP][PASSED] - click(findTestObject("Object Repository/Refund for teams (ACH)/Page_SportWrench - The Home of Sporting Events/a_Teams")): Object: 'Object Repository/Refund for teams (ACH)/Page_SportWrench - The Home of Sporting Events/a_Teams' is clicked on

21-04-2025T23:38:57 - [MESSAGE][PASSED] - Object: 'Object Repository/Refund for teams (ACH)/Page_SportWrench - The Home of Sporting Events/a_Teams' is clicked on

21-04-2025T23:38:57 - [TEST_STEP][PASSED] - click(findTestObject("Object Repository/Refund for teams (ACH)/Page_SportWrench - The Home of Sporting Events/a_Teams List")): Object: 'Object Repository/Refund for teams (ACH)/Page_SportWrench - The Home of Sporting Events/a_Teams List' is clicked on

21-04-2025T23:38:58 - [MESSAGE][PASSED] - Object: 'Object Repository/Refund for teams (ACH)/Page_SportWrench - The Home of Sporting Events/a_Teams List' is clicked on

21-04-2025T23:38:58 - [TEST_STEP][PASSED] - click(findTestObject("Object Repository/Refund for teams (ACH)/Page_SportWrench - The Home of Sporting Events/span_Trinity 9 7")): Object: 'Object Repository/Refund for teams (ACH)/Page_SportWrench - The Home of Sporting Events/span_Trinity 9 7' is clicked on

21-04-2025T23:38:59 - [MESSAGE][PASSED] - Object: 'Object Repository/Refund for teams (ACH)/Page_SportWrench - The Home of Sporting Events/span_Trinity 9 7' is clicked on

21-04-2025T23:38:59 - [TEST_STEP][PASSED] - click(findTestObject("Object Repository/Refund for teams (ACH)/Page_SportWrench - The Home of Sporting Events/a_Payments")): Object: 'Object Repository/Refund for teams (ACH)/Page_SportWrench - The Home of Sporting Events/a_Payments' is clicked on

21-04-2025T23:38:59 - [MESSAGE][PASSED] - Object: 'Object Repository/Refund for teams (ACH)/Page_SportWrench - The Home of Sporting Events/a_Payments' is clicked on

21-04-2025T23:38:59 - [TEST_STEP][PASSED] - click(findTestObject("Object Repository/Refund for teams (ACH)/Page_SportWrench - The Home of Sporting Events/span_ACH (paid)_1")): Object: 'Object Repository/Refund for teams (ACH)/Page_SportWrench - The Home of Sporting Events/span_ACH (paid)_1' is clicked on

21-04-2025T23:39:01 - [MESSAGE][WARNING] - [SELF-HEALING] Failed to find element with id 'Object Repository/Refund for teams (ACH)/Page_SportWrench - The Home of Sporting Events/span_ACH (paid)_1'. Try using Self-healing.

21-04-2025T23:39:02 - [MESSAGE][WARNING] - [SELF-HEALING] The current locator of test object 'Object Repository/Refund for teams (ACH)/Page_SportWrench - The Home of Sporting Events/span_ACH (paid)_1' was broken. Propose an alternative one: '(.//*[normalize-space(text()) and normalize-space(.)='-'])[1]/following::span[1]'.

21-04-2025T23:39:02 - [MESSAGE][PASSED] - Object: 'Object Repository/Refund for teams (ACH)/Page_SportWrench - The Home of Sporting Events/span_ACH (paid)_1' is clicked on

21-04-2025T23:39:02 - [TEST_STEP][PASSED] - click(findTestObject("Object Repository/Refund for teams (ACH)/Page_SportWrench - The Home of Sporting Events/button_Refund")): Object: 'Object Repository/Refund for teams (ACH)/Page_SportWrench - The Home of Sporting Events/button_Refund' is clicked on

21-04-2025T23:39:02 - [MESSAGE][PASSED] - Object: 'Object Repository/Refund for teams (ACH)/Page_SportWrench - The Home of Sporting Events/button_Refund' is clicked on

21-04-2025T23:39:02 - [TEST_STEP][PASSED] - click(findTestObject("Object Repository/Refund for teams (ACH)/Page_SportWrench - The Home of Sporting Events/a_Total")): Object: 'Object Repository/Refund for teams (ACH)/Page_SportWrench - The Home of Sporting Events/a_Total' is clicked on

21-04-2025T23:39:03 - [MESSAGE][WARNING] - [SELF-HEALING] Failed to find element with id 'Object Repository/Refund for teams (ACH)/Page_SportWrench - The Home of Sporting Events/a_Total'. Try using Self-healing.

21-04-2025T23:39:03 - [MESSAGE][WARNING] - [SELF-HEALING] The current locator of test object 'Object Repository/Refund for teams (ACH)/Page_SportWrench - The Home of Sporting Events/a_Total' was broken. Propose an alternative one: '//a[contains(text(),'Total')]'.

21-04-2025T23:39:03 - [MESSAGE][PASSED] - Object: 'Object Repository/Refund for teams (ACH)/Page_SportWrench - The Home of Sporting Events/a_Total' is clicked on

21-04-2025T23:39:03 - [TEST_STEP][PASSED] - click(findTestObject("Object Repository/Refund for teams (ACH)/Page_SportWrench - The Home of Sporting Events/button_Yes")): Object: 'Object Repository/Refund for teams (ACH)/Page_SportWrench - The Home of Sporting Events/button_Yes' is clicked on

21-04-2025T23:39:03 - [MESSAGE][PASSED] - Object: 'Object Repository/Refund for teams (ACH)/Page_SportWrench - The Home of Sporting Events/button_Yes' is clicked on

21-04-2025T23:39:03 - [TEST_STEP][PASSED] - click(findTestObject("Object Repository/Refund for teams (ACH)/Page_SportWrench - The Home of Sporting Events/button_")): Object: 'Object Repository/Refund for teams (ACH)/Page_SportWrench - The Home of Sporting Events/button_' is clicked on

21-04-2025T23:39:08 - [MESSAGE][PASSED] - Object: 'Object Repository/Refund for teams (ACH)/Page_SportWrench - The Home of Sporting Events/button_' is clicked on

21-04-2025T23:39:08 - [TEST_STEP][PASSED] - closeBrowser(): Browser is closed

21-04-2025T23:39:08 - [MESSAGE][PASSED] - Browser is closed]]></system-out>
         <system-err><![CDATA[]]></system-err>
      </testcase>
      <testcase name="Test Cases/111Team payments/Refund for teams (Check)" time="41.52" classname="Test Cases/111Team payments/Refund for teams (Check)" status="PASSED">
         <system-out><![CDATA[21-04-2025T23:39:08 - [TEST_CASE][PASSED] - Test Cases/111Team payments/Refund for teams (Check): Test Cases/111Team payments/Refund for teams (Check)

21-04-2025T23:39:08 - [TEST_STEP][PASSED] - openBrowser("http://USAV:demo@dev.swstage.com/ "): Browser is opened with url: 'http://USAV:demo@dev.swstage.com/ '

21-04-2025T23:39:08 - [MESSAGE][INFO] - Starting 'Chrome' driver

21-04-2025T23:39:08 - [MESSAGE][INFO] - Action delay is set to 0 milliseconds

21-04-2025T23:39:11 - [MESSAGE][PASSED] - Browser is opened with url: 'http://USAV:demo@dev.swstage.com/ '

21-04-2025T23:39:11 - [TEST_STEP][PASSED] - navigateToUrl("http://USAV:demo@my.dev.swstage.com/#/"): Navigate to 'http://USAV:demo@my.dev.swstage.com/#/' successfully

21-04-2025T23:39:14 - [MESSAGE][PASSED] - Navigate to 'http://USAV:demo@my.dev.swstage.com/#/' successfully

21-04-2025T23:39:14 - [TEST_STEP][PASSED] - setText(findTestObject("Object Repository/Refund for teams (CHECK)/Page_SportWrench - The Home of Sporting Events/input_Log In_email"), "dcgfcgchfhgvhv@gmail.com"): Text 'dcgfcgchfhgvhv@gmail.com' is set on object 'Object Repository/Refund for teams (CHECK)/Page_SportWrench - The Home of Sporting Events/input_Log In_email'

21-04-2025T23:39:14 - [MESSAGE][PASSED] - Text 'dcgfcgchfhgvhv@gmail.com' is set on object 'Object Repository/Refund for teams (CHECK)/Page_SportWrench - The Home of Sporting Events/input_Log In_email'

21-04-2025T23:39:14 - [TEST_STEP][PASSED] - setEncryptedText(findTestObject("Object Repository/Refund for teams (CHECK)/Page_SportWrench - The Home of Sporting Events/input_false_password"), "ugkk24xDMrWrlVpEbACuNZEQlZ6qfcdw"): Text ****** has been set on object 'Object Repository/Refund for teams (CHECK)/Page_SportWrench - The Home of Sporting Events/input_false_password'

21-04-2025T23:39:15 - [MESSAGE][PASSED] - Text ****** has been set on object 'Object Repository/Refund for teams (CHECK)/Page_SportWrench - The Home of Sporting Events/input_false_password'

21-04-2025T23:39:15 - [TEST_STEP][PASSED] - click(findTestObject("Object Repository/Refund for teams (CHECK)/Page_SportWrench - The Home of Sporting Events/button_Log In")): Object: 'Object Repository/Refund for teams (CHECK)/Page_SportWrench - The Home of Sporting Events/button_Log In' is clicked on

21-04-2025T23:39:15 - [MESSAGE][PASSED] - Object: 'Object Repository/Refund for teams (CHECK)/Page_SportWrench - The Home of Sporting Events/button_Log In' is clicked on

21-04-2025T23:39:15 - [TEST_STEP][PASSED] - setText(findTestObject("Object Repository/Refund for teams (CHECK)/Page_SportWrench - The Home of Sporting Events/input_Other Events_searchbox"), "ULTIMATE TEAMS REFUND"): Text 'ULTIMATE TEAMS REFUND' is set on object 'Object Repository/Refund for teams (CHECK)/Page_SportWrench - The Home of Sporting Events/input_Other Events_searchbox'

21-04-2025T23:39:20 - [MESSAGE][PASSED] - Text 'ULTIMATE TEAMS REFUND' is set on object 'Object Repository/Refund for teams (CHECK)/Page_SportWrench - The Home of Sporting Events/input_Other Events_searchbox'

21-04-2025T23:39:20 - [TEST_STEP][PASSED] - click(findTestObject("Object Repository/Refund for teams (CHECK)/Page_SportWrench - The Home of Sporting Events/a_ULTIMATE TEAMS REFUND")): Object: 'Object Repository/Refund for teams (CHECK)/Page_SportWrench - The Home of Sporting Events/a_ULTIMATE TEAMS REFUND' is clicked on

21-04-2025T23:39:21 - [MESSAGE][PASSED] - Object: 'Object Repository/Refund for teams (CHECK)/Page_SportWrench - The Home of Sporting Events/a_ULTIMATE TEAMS REFUND' is clicked on

21-04-2025T23:39:21 - [TEST_STEP][PASSED] - click(findTestObject("Object Repository/Refund for teams (CHECK)/Page_SportWrench - The Home of Sporting Events/a_Accounting")): Object: 'Object Repository/Refund for teams (CHECK)/Page_SportWrench - The Home of Sporting Events/a_Accounting' is clicked on

21-04-2025T23:39:21 - [MESSAGE][PASSED] - Object: 'Object Repository/Refund for teams (CHECK)/Page_SportWrench - The Home of Sporting Events/a_Accounting' is clicked on

21-04-2025T23:39:21 - [TEST_STEP][PASSED] - verifyElementPresent(findTestObject("Object Repository/Refund for teams (CHECK)/Page_SportWrench - The Home of Sporting Events/div_0.00"), 0): Object 'Object Repository/Refund for teams (CHECK)/Page_SportWrench - The Home of Sporting Events/div_0.00' is present

21-04-2025T23:39:22 - [MESSAGE][WARNING] - Timeout '0' is invalid. Using default page load timeout: '30'

21-04-2025T23:39:23 - [MESSAGE][PASSED] - Object 'Object Repository/Refund for teams (CHECK)/Page_SportWrench - The Home of Sporting Events/div_0.00' is present

21-04-2025T23:39:23 - [TEST_STEP][PASSED] - verifyElementPresent(findTestObject("Object Repository/Refund for teams (CHECK)/Page_SportWrench - The Home of Sporting Events/div_0.00_1"), 0): Object 'Object Repository/Refund for teams (CHECK)/Page_SportWrench - The Home of Sporting Events/div_0.00_1' is present

21-04-2025T23:39:23 - [MESSAGE][WARNING] - Timeout '0' is invalid. Using default page load timeout: '30'

21-04-2025T23:39:23 - [MESSAGE][PASSED] - Object 'Object Repository/Refund for teams (CHECK)/Page_SportWrench - The Home of Sporting Events/div_0.00_1' is present

21-04-2025T23:39:23 - [TEST_STEP][PASSED] - verifyElementPresent(findTestObject("Object Repository/Refund for teams (CHECK)/Page_SportWrench - The Home of Sporting Events/div_0.00_1_2"), 0): Object 'Object Repository/Refund for teams (CHECK)/Page_SportWrench - The Home of Sporting Events/div_0.00_1_2' is present

21-04-2025T23:39:23 - [MESSAGE][WARNING] - Timeout '0' is invalid. Using default page load timeout: '30'

21-04-2025T23:39:23 - [MESSAGE][PASSED] - Object 'Object Repository/Refund for teams (CHECK)/Page_SportWrench - The Home of Sporting Events/div_0.00_1_2' is present

21-04-2025T23:39:23 - [TEST_STEP][PASSED] - verifyElementPresent(findTestObject("Object Repository/Refund for teams (CHECK)/Page_SportWrench - The Home of Sporting Events/div_0.00_1_2_3"), 0): Object 'Object Repository/Refund for teams (CHECK)/Page_SportWrench - The Home of Sporting Events/div_0.00_1_2_3' is present

21-04-2025T23:39:23 - [MESSAGE][WARNING] - Timeout '0' is invalid. Using default page load timeout: '30'

21-04-2025T23:39:23 - [MESSAGE][PASSED] - Object 'Object Repository/Refund for teams (CHECK)/Page_SportWrench - The Home of Sporting Events/div_0.00_1_2_3' is present

21-04-2025T23:39:23 - [TEST_STEP][PASSED] - click(findTestObject("Object Repository/Refund for teams (CHECK)/Page_SportWrench - The Home of Sporting Events/a_Teams")): Object: 'Object Repository/Refund for teams (CHECK)/Page_SportWrench - The Home of Sporting Events/a_Teams' is clicked on

21-04-2025T23:39:24 - [MESSAGE][PASSED] - Object: 'Object Repository/Refund for teams (CHECK)/Page_SportWrench - The Home of Sporting Events/a_Teams' is clicked on

21-04-2025T23:39:24 - [TEST_STEP][PASSED] - click(findTestObject("Object Repository/Refund for teams (CHECK)/Page_SportWrench - The Home of Sporting Events/a_Teams List")): Object: 'Object Repository/Refund for teams (CHECK)/Page_SportWrench - The Home of Sporting Events/a_Teams List' is clicked on

21-04-2025T23:39:24 - [MESSAGE][PASSED] - Object: 'Object Repository/Refund for teams (CHECK)/Page_SportWrench - The Home of Sporting Events/a_Teams List' is clicked on

21-04-2025T23:39:24 - [TEST_STEP][PASSED] - click(findTestObject("Object Repository/Refund for teams (CHECK)/Page_SportWrench - The Home of Sporting Events/span_Trinity 9 16")): Object: 'Object Repository/Refund for teams (CHECK)/Page_SportWrench - The Home of Sporting Events/span_Trinity 9 16' is clicked on

21-04-2025T23:39:25 - [MESSAGE][PASSED] - Object: 'Object Repository/Refund for teams (CHECK)/Page_SportWrench - The Home of Sporting Events/span_Trinity 9 16' is clicked on

21-04-2025T23:39:25 - [TEST_STEP][PASSED] - click(findTestObject("Object Repository/Refund for teams (CHECK)/Page_SportWrench - The Home of Sporting Events/a_Payments")): Object: 'Object Repository/Refund for teams (CHECK)/Page_SportWrench - The Home of Sporting Events/a_Payments' is clicked on

21-04-2025T23:39:26 - [MESSAGE][PASSED] - Object: 'Object Repository/Refund for teams (CHECK)/Page_SportWrench - The Home of Sporting Events/a_Payments' is clicked on

21-04-2025T23:39:26 - [TEST_STEP][PASSED] - click(findTestObject("Object Repository/Refund for teams (CHECK)/Page_SportWrench - The Home of Sporting Events/span_CHECK (pending)")): Object: 'Object Repository/Refund for teams (CHECK)/Page_SportWrench - The Home of Sporting Events/span_CHECK (pending)' is clicked on

21-04-2025T23:39:28 - [MESSAGE][WARNING] - [SELF-HEALING] Failed to find element with id 'Object Repository/Refund for teams (CHECK)/Page_SportWrench - The Home of Sporting Events/span_CHECK (pending)'. Try using Self-healing.

21-04-2025T23:39:28 - [MESSAGE][WARNING] - [SELF-HEALING] The current locator of test object 'Object Repository/Refund for teams (CHECK)/Page_SportWrench - The Home of Sporting Events/span_CHECK (pending)' was broken. Propose an alternative one: '(.//*[normalize-space(text()) and normalize-space(.)='-'])[4]/following::span[1]'.

21-04-2025T23:39:28 - [MESSAGE][PASSED] - Object: 'Object Repository/Refund for teams (CHECK)/Page_SportWrench - The Home of Sporting Events/span_CHECK (pending)' is clicked on

21-04-2025T23:39:28 - [TEST_STEP][PASSED] - click(findTestObject("Object Repository/Refund for teams (CHECK)/Page_SportWrench - The Home of Sporting Events/input_Received_is_received")): Object: 'Object Repository/Refund for teams (CHECK)/Page_SportWrench - The Home of Sporting Events/input_Received_is_received' is clicked on

21-04-2025T23:39:28 - [MESSAGE][PASSED] - Object: 'Object Repository/Refund for teams (CHECK)/Page_SportWrench - The Home of Sporting Events/input_Received_is_received' is clicked on

21-04-2025T23:39:28 - [TEST_STEP][PASSED] - setText(findTestObject("Object Repository/Refund for teams (CHECK)/Page_SportWrench - The Home of Sporting Events/input__check_num"), "1234567"): Text '1234567' is set on object 'Object Repository/Refund for teams (CHECK)/Page_SportWrench - The Home of Sporting Events/input__check_num'

21-04-2025T23:39:30 - [MESSAGE][PASSED] - Text '1234567' is set on object 'Object Repository/Refund for teams (CHECK)/Page_SportWrench - The Home of Sporting Events/input__check_num'

21-04-2025T23:39:30 - [TEST_STEP][PASSED] - click(findTestObject("Object Repository/Refund for teams (CHECK)/Page_SportWrench - The Home of Sporting Events/button_Save")): Object: 'Object Repository/Refund for teams (CHECK)/Page_SportWrench - The Home of Sporting Events/button_Save' is clicked on

21-04-2025T23:39:30 - [MESSAGE][PASSED] - Object: 'Object Repository/Refund for teams (CHECK)/Page_SportWrench - The Home of Sporting Events/button_Save' is clicked on

21-04-2025T23:39:30 - [TEST_STEP][PASSED] - click(findTestObject("Object Repository/Refund for teams (CHECK)/Page_SportWrench - The Home of Sporting Events/button_")): Object: 'Object Repository/Refund for teams (CHECK)/Page_SportWrench - The Home of Sporting Events/button_' is clicked on

21-04-2025T23:39:37 - [MESSAGE][PASSED] - Object: 'Object Repository/Refund for teams (CHECK)/Page_SportWrench - The Home of Sporting Events/button_' is clicked on

21-04-2025T23:39:37 - [TEST_STEP][PASSED] - click(findTestObject("Object Repository/Refund for teams (CHECK)/Page_SportWrench - The Home of Sporting Events/a_Accounting")): Object: 'Object Repository/Refund for teams (CHECK)/Page_SportWrench - The Home of Sporting Events/a_Accounting' is clicked on

21-04-2025T23:39:38 - [MESSAGE][PASSED] - Object: 'Object Repository/Refund for teams (CHECK)/Page_SportWrench - The Home of Sporting Events/a_Accounting' is clicked on

21-04-2025T23:39:38 - [TEST_STEP][PASSED] - verifyElementPresent(findTestObject("Object Repository/Refund for teams (CHECK)/Page_SportWrench - The Home of Sporting Events/div_3,000.00"), 0): Object 'Object Repository/Refund for teams (CHECK)/Page_SportWrench - The Home of Sporting Events/div_3,000.00' is present

21-04-2025T23:39:38 - [MESSAGE][WARNING] - Timeout '0' is invalid. Using default page load timeout: '30'

21-04-2025T23:39:39 - [MESSAGE][PASSED] - Object 'Object Repository/Refund for teams (CHECK)/Page_SportWrench - The Home of Sporting Events/div_3,000.00' is present

21-04-2025T23:39:39 - [TEST_STEP][PASSED] - verifyElementPresent(findTestObject("Object Repository/Refund for teams (CHECK)/Page_SportWrench - The Home of Sporting Events/div_3,000.00_1"), 0): Object 'Object Repository/Refund for teams (CHECK)/Page_SportWrench - The Home of Sporting Events/div_3,000.00_1' is present

21-04-2025T23:39:39 - [MESSAGE][WARNING] - Timeout '0' is invalid. Using default page load timeout: '30'

21-04-2025T23:39:39 - [MESSAGE][PASSED] - Object 'Object Repository/Refund for teams (CHECK)/Page_SportWrench - The Home of Sporting Events/div_3,000.00_1' is present

21-04-2025T23:39:39 - [TEST_STEP][PASSED] - verifyElementPresent(findTestObject("Object Repository/Refund for teams (CHECK)/Page_SportWrench - The Home of Sporting Events/div_30.00"), 0): Object 'Object Repository/Refund for teams (CHECK)/Page_SportWrench - The Home of Sporting Events/div_30.00' is present

21-04-2025T23:39:39 - [MESSAGE][WARNING] - Timeout '0' is invalid. Using default page load timeout: '30'

21-04-2025T23:39:39 - [MESSAGE][PASSED] - Object 'Object Repository/Refund for teams (CHECK)/Page_SportWrench - The Home of Sporting Events/div_30.00' is present

21-04-2025T23:39:39 - [TEST_STEP][PASSED] - verifyElementPresent(findTestObject("Object Repository/Refund for teams (CHECK)/Page_SportWrench - The Home of Sporting Events/div_2,970.00"), 0): Object 'Object Repository/Refund for teams (CHECK)/Page_SportWrench - The Home of Sporting Events/div_2,970.00' is present

21-04-2025T23:39:39 - [MESSAGE][WARNING] - Timeout '0' is invalid. Using default page load timeout: '30'

21-04-2025T23:39:40 - [MESSAGE][PASSED] - Object 'Object Repository/Refund for teams (CHECK)/Page_SportWrench - The Home of Sporting Events/div_2,970.00' is present

21-04-2025T23:39:40 - [TEST_STEP][PASSED] - verifyElementPresent(findTestObject("Object Repository/Refund for teams (CHECK)/Page_SportWrench - The Home of Sporting Events/div_-30.00"), 0): Object 'Object Repository/Refund for teams (CHECK)/Page_SportWrench - The Home of Sporting Events/div_-30.00' is present

21-04-2025T23:39:40 - [MESSAGE][WARNING] - Timeout '0' is invalid. Using default page load timeout: '30'

21-04-2025T23:39:40 - [MESSAGE][PASSED] - Object 'Object Repository/Refund for teams (CHECK)/Page_SportWrench - The Home of Sporting Events/div_-30.00' is present

21-04-2025T23:39:40 - [TEST_STEP][PASSED] - click(findTestObject("Object Repository/Refund for teams (CHECK)/Page_SportWrench - The Home of Sporting Events/a_Teams")): Object: 'Object Repository/Refund for teams (CHECK)/Page_SportWrench - The Home of Sporting Events/a_Teams' is clicked on

21-04-2025T23:39:40 - [MESSAGE][PASSED] - Object: 'Object Repository/Refund for teams (CHECK)/Page_SportWrench - The Home of Sporting Events/a_Teams' is clicked on

21-04-2025T23:39:40 - [TEST_STEP][PASSED] - click(findTestObject("Object Repository/Refund for teams (CHECK)/Page_SportWrench - The Home of Sporting Events/a_Teams List")): Object: 'Object Repository/Refund for teams (CHECK)/Page_SportWrench - The Home of Sporting Events/a_Teams List' is clicked on

21-04-2025T23:39:40 - [MESSAGE][PASSED] - Object: 'Object Repository/Refund for teams (CHECK)/Page_SportWrench - The Home of Sporting Events/a_Teams List' is clicked on

21-04-2025T23:39:40 - [TEST_STEP][PASSED] - click(findTestObject("Object Repository/Refund for teams (CHECK)/Page_SportWrench - The Home of Sporting Events/span_Trinity 9 16")): Object: 'Object Repository/Refund for teams (CHECK)/Page_SportWrench - The Home of Sporting Events/span_Trinity 9 16' is clicked on

21-04-2025T23:39:41 - [MESSAGE][PASSED] - Object: 'Object Repository/Refund for teams (CHECK)/Page_SportWrench - The Home of Sporting Events/span_Trinity 9 16' is clicked on

21-04-2025T23:39:41 - [TEST_STEP][PASSED] - click(findTestObject("Object Repository/Refund for teams (CHECK)/Page_SportWrench - The Home of Sporting Events/a_Payments")): Object: 'Object Repository/Refund for teams (CHECK)/Page_SportWrench - The Home of Sporting Events/a_Payments' is clicked on

21-04-2025T23:39:42 - [MESSAGE][PASSED] - Object: 'Object Repository/Refund for teams (CHECK)/Page_SportWrench - The Home of Sporting Events/a_Payments' is clicked on

21-04-2025T23:39:42 - [TEST_STEP][PASSED] - click(findTestObject("Object Repository/Refund for teams (CHECK)/Page_SportWrench - The Home of Sporting Events/span_CHECK (paid)")): Object: 'Object Repository/Refund for teams (CHECK)/Page_SportWrench - The Home of Sporting Events/span_CHECK (paid)' is clicked on

21-04-2025T23:39:44 - [MESSAGE][WARNING] - [SELF-HEALING] Failed to find element with id 'Object Repository/Refund for teams (CHECK)/Page_SportWrench - The Home of Sporting Events/span_CHECK (paid)'. Try using Self-healing.

21-04-2025T23:39:44 - [MESSAGE][WARNING] - [SELF-HEALING] The current locator of test object 'Object Repository/Refund for teams (CHECK)/Page_SportWrench - The Home of Sporting Events/span_CHECK (paid)' was broken. Propose an alternative one: '(.//*[normalize-space(text()) and normalize-space(.)='-'])[4]/following::span[1]'.

21-04-2025T23:39:44 - [MESSAGE][PASSED] - Object: 'Object Repository/Refund for teams (CHECK)/Page_SportWrench - The Home of Sporting Events/span_CHECK (paid)' is clicked on

21-04-2025T23:39:44 - [TEST_STEP][PASSED] - click(findTestObject("Object Repository/Refund for teams (CHECK)/Page_SportWrench - The Home of Sporting Events/button_Void Invoice_1")): Object: 'Object Repository/Refund for teams (CHECK)/Page_SportWrench - The Home of Sporting Events/button_Void Invoice_1' is clicked on

21-04-2025T23:39:45 - [MESSAGE][PASSED] - Object: 'Object Repository/Refund for teams (CHECK)/Page_SportWrench - The Home of Sporting Events/button_Void Invoice_1' is clicked on

21-04-2025T23:39:45 - [TEST_STEP][PASSED] - click(findTestObject("Object Repository/Refund for teams (CHECK)/Page_SportWrench - The Home of Sporting Events/button_Yes")): Object: 'Object Repository/Refund for teams (CHECK)/Page_SportWrench - The Home of Sporting Events/button_Yes' is clicked on

21-04-2025T23:39:45 - [MESSAGE][PASSED] - Object: 'Object Repository/Refund for teams (CHECK)/Page_SportWrench - The Home of Sporting Events/button_Yes' is clicked on

21-04-2025T23:39:45 - [TEST_STEP][PASSED] - click(findTestObject("Object Repository/Refund for teams (CHECK)/Page_SportWrench - The Home of Sporting Events/button_")): Object: 'Object Repository/Refund for teams (CHECK)/Page_SportWrench - The Home of Sporting Events/button_' is clicked on

21-04-2025T23:39:47 - [MESSAGE][PASSED] - Object: 'Object Repository/Refund for teams (CHECK)/Page_SportWrench - The Home of Sporting Events/button_' is clicked on

21-04-2025T23:39:47 - [TEST_STEP][PASSED] - click(findTestObject("Object Repository/Refund for teams (CHECK)/Page_SportWrench - The Home of Sporting Events/a_Accounting")): Object: 'Object Repository/Refund for teams (CHECK)/Page_SportWrench - The Home of Sporting Events/a_Accounting' is clicked on

21-04-2025T23:39:48 - [MESSAGE][PASSED] - Object: 'Object Repository/Refund for teams (CHECK)/Page_SportWrench - The Home of Sporting Events/a_Accounting' is clicked on

21-04-2025T23:39:48 - [TEST_STEP][PASSED] - verifyElementPresent(findTestObject("Object Repository/Refund for teams (CHECK)/Page_SportWrench - The Home of Sporting Events/div_0.00_1_2"), 0): Object 'Object Repository/Refund for teams (CHECK)/Page_SportWrench - The Home of Sporting Events/div_0.00_1_2' is present

21-04-2025T23:39:48 - [MESSAGE][WARNING] - Timeout '0' is invalid. Using default page load timeout: '30'

21-04-2025T23:39:49 - [MESSAGE][PASSED] - Object 'Object Repository/Refund for teams (CHECK)/Page_SportWrench - The Home of Sporting Events/div_0.00_1_2' is present

21-04-2025T23:39:49 - [TEST_STEP][PASSED] - verifyElementPresent(findTestObject("Object Repository/Refund for teams (CHECK)/Page_SportWrench - The Home of Sporting Events/div_0.00_1_2_3"), 0): Object 'Object Repository/Refund for teams (CHECK)/Page_SportWrench - The Home of Sporting Events/div_0.00_1_2_3' is present

21-04-2025T23:39:49 - [MESSAGE][WARNING] - Timeout '0' is invalid. Using default page load timeout: '30'

21-04-2025T23:39:49 - [MESSAGE][PASSED] - Object 'Object Repository/Refund for teams (CHECK)/Page_SportWrench - The Home of Sporting Events/div_0.00_1_2_3' is present

21-04-2025T23:39:49 - [TEST_STEP][PASSED] - closeBrowser(): Browser is closed

21-04-2025T23:39:49 - [MESSAGE][PASSED] - Browser is closed]]></system-out>
         <system-err><![CDATA[]]></system-err>
      </testcase>
      <system-out><![CDATA[21-04-2025T23:34:55 - [TEST_SUITE][PASSED] - Full and partial REFUNDS for teams (CARD, ACH, CHECK): Test Cases/111Team payments/Refund for teams (Check)]]></system-out>
      <system-err><![CDATA[]]></system-err>
   </testsuite>
</testsuites>
