<?xml version="1.0" encoding="UTF-8"?>
<testsuites name="Full and partial REFUNDS for teams (CARD, ACH, CHECK)" time="264.772" tests="6" failures="0" errors="0">
   <testsuite name="Full and partial REFUNDS for teams (CARD, ACH, CHECK)" tests="6" failures="0" errors="0" time="264.772" skipped="0" timestamp="14-04-2025T19:31:28" hostname="LENOVO - DESKTOP-9MN524E" id="Test Suites/Full and partial REFUNDS for teams (CARD, ACH, CHECK)">
      <properties>
         <property name="deviceName" value=""/>
         <property name="devicePlatform"/>
         <property name="logFolder" value="C:\\Users\\LENOVO\\Katalon Studio\\Payment\\Reports\\20250414_193123\\Full and partial REFUNDS for teams (CARD, ACH, CHECK)\\20250414_193123"/>
         <property name="logFiles" value="C:\\Users\\LENOVO\\Katalon Studio\\Payment\\Reports\\20250414_193123\\Full and partial REFUNDS for teams (CARD, ACH, CHECK)\\20250414_193123\\execution0.log"/>
         <property name="attachments" value=""/>
         <property name="hostName" value="LENOVO - DESKTOP-9MN524E"/>
         <property name="os" value="Windows 10 64bit"/>
         <property name="katalonVersion" value="10.1.1.0"/>
         <property name="browser" value="Chrome 135.0.7049.85"/>
         <property name="hostAddress" value="26.190.180.74"/>
         <property name="sessionId" value="4a673725a5a3220923abad9dfbf24bfb"/>
         <property name="seleniumVersion" value="4.22.0"/>
         <property name="proxyInformation" value="ProxyInformation { proxyOption=NO_PROXY, proxyServerType=HTTP, username=, password=********, proxyServerAddress=, proxyServerPort=0, executionList=&quot;&quot;, isApplyToDesiredCapabilities=true }"/>
         <property name="platform" value="Windows 10"/>
      </properties>
      <testcase name="Test Cases/Payments for teams (CARD, ACH, CHECK)" time="51.514" classname="Test Cases/Payments for teams (CARD, ACH, CHECK)" status="PASSED">
         <system-out><![CDATA[14-04-2025T19:31:28 - [TEST_CASE][PASSED] - Test Cases/Payments for teams (CARD, ACH, CHECK): Test Cases/Payments for teams (CARD, ACH, CHECK)

14-04-2025T19:31:28 - [TEST_STEP][PASSED] - openBrowser("http://USAV:demo@dev.swstage.com/"): Browser is opened with url: 'http://USAV:demo@dev.swstage.com/'

14-04-2025T19:31:28 - [MESSAGE][INFO] - Starting 'Chrome' driver

14-04-2025T19:31:28 - [MESSAGE][INFO] - Action delay is set to 0 milliseconds

14-04-2025T19:31:33 - [MESSAGE][PASSED] - Browser is opened with url: 'http://USAV:demo@dev.swstage.com/'

14-04-2025T19:31:33 - [TEST_STEP][PASSED] - navigateToUrl("http://USAV:demo@my.dev.swstage.com/#/"): Navigate to 'http://USAV:demo@my.dev.swstage.com/#/' successfully

14-04-2025T19:31:35 - [MESSAGE][PASSED] - Navigate to 'http://USAV:demo@my.dev.swstage.com/#/' successfully

14-04-2025T19:31:35 - [TEST_STEP][PASSED] - setText(findTestObject("Object Repository/Payment for teams (CARD, ACH, CHECK)/Page_SportWrench - The Home of Sporting Events/input_Log In_email"), "coachjon@trinityvolleyball.com"): Text 'coachjon@trinityvolleyball.com' is set on object 'Object Repository/Payment for teams (CARD, ACH, CHECK)/Page_SportWrench - The Home of Sporting Events/input_Log In_email'

14-04-2025T19:31:36 - [MESSAGE][PASSED] - Text 'coachjon@trinityvolleyball.com' is set on object 'Object Repository/Payment for teams (CARD, ACH, CHECK)/Page_SportWrench - The Home of Sporting Events/input_Log In_email'

14-04-2025T19:31:36 - [TEST_STEP][PASSED] - setEncryptedText(findTestObject("Object Repository/Payment for teams (CARD, ACH, CHECK)/Page_SportWrench - The Home of Sporting Events/input_false_password"), "ugkk24xDMrWrlVpEbACuNZEQlZ6qfcdw"): Text ****** has been set on object 'Object Repository/Payment for teams (CARD, ACH, CHECK)/Page_SportWrench - The Home of Sporting Events/input_false_password'

14-04-2025T19:31:36 - [MESSAGE][PASSED] - Text ****** has been set on object 'Object Repository/Payment for teams (CARD, ACH, CHECK)/Page_SportWrench - The Home of Sporting Events/input_false_password'

14-04-2025T19:31:36 - [TEST_STEP][PASSED] - click(findTestObject("Object Repository/Payment for teams (CARD, ACH, CHECK)/Page_SportWrench - The Home of Sporting Events/button_Log In")): Object: 'Object Repository/Payment for teams (CARD, ACH, CHECK)/Page_SportWrench - The Home of Sporting Events/button_Log In' is clicked on

14-04-2025T19:31:37 - [MESSAGE][PASSED] - Object: 'Object Repository/Payment for teams (CARD, ACH, CHECK)/Page_SportWrench - The Home of Sporting Events/button_Log In' is clicked on

14-04-2025T19:31:37 - [TEST_STEP][PASSED] - click(findTestObject("Object Repository/Payment for teams (CARD, ACH, CHECK)/Page_SportWrench - The Home of Sporting Events/a_Enter Events")): Object: 'Object Repository/Payment for teams (CARD, ACH, CHECK)/Page_SportWrench - The Home of Sporting Events/a_Enter Events' is clicked on

14-04-2025T19:31:38 - [MESSAGE][PASSED] - Object: 'Object Repository/Payment for teams (CARD, ACH, CHECK)/Page_SportWrench - The Home of Sporting Events/a_Enter Events' is clicked on

14-04-2025T19:31:38 - [TEST_STEP][PASSED] - click(findTestObject("Object Repository/Payment for teams (CARD, ACH, CHECK)/Page_SportWrench - The Home of Sporting Events/button_Manage Teams")): Object: 'Object Repository/Payment for teams (CARD, ACH, CHECK)/Page_SportWrench - The Home of Sporting Events/button_Manage Teams' is clicked on

14-04-2025T19:31:39 - [MESSAGE][PASSED] - Object: 'Object Repository/Payment for teams (CARD, ACH, CHECK)/Page_SportWrench - The Home of Sporting Events/button_Manage Teams' is clicked on

14-04-2025T19:31:39 - [TEST_STEP][PASSED] - click(findTestObject("Object Repository/Payment for teams (CARD, ACH, CHECK)/Page_SportWrench - The Home of Sporting Events/button_Pay")): Object: 'Object Repository/Payment for teams (CARD, ACH, CHECK)/Page_SportWrench - The Home of Sporting Events/button_Pay' is clicked on

14-04-2025T19:31:40 - [MESSAGE][PASSED] - Object: 'Object Repository/Payment for teams (CARD, ACH, CHECK)/Page_SportWrench - The Home of Sporting Events/button_Pay' is clicked on

14-04-2025T19:31:40 - [TEST_STEP][PASSED] - delay(2): Delayed 2 second(s)

14-04-2025T19:31:42 - [MESSAGE][PASSED] - Delayed 2 second(s)

14-04-2025T19:31:42 - [TEST_STEP][PASSED] - click(findTestObject("Object Repository/Payment for teams (CARD, ACH, CHECK)/Page_SportWrench - The Home of Sporting Events/input_Payment history_ng-pristine ng-untouc_97ddf2")): Object: 'Object Repository/Payment for teams (CARD, ACH, CHECK)/Page_SportWrench - The Home of Sporting Events/input_Payment history_ng-pristine ng-untouc_97ddf2' is clicked on

14-04-2025T19:31:43 - [MESSAGE][PASSED] - Object: 'Object Repository/Payment for teams (CARD, ACH, CHECK)/Page_SportWrench - The Home of Sporting Events/input_Payment history_ng-pristine ng-untouc_97ddf2' is clicked on

14-04-2025T19:31:43 - [TEST_STEP][PASSED] - click(findTestObject("Object Repository/Payment for teams (CARD, ACH, CHECK)/Page_SportWrench - The Home of Sporting Events/input_To Pay_ng-pristine ng-untouched ng-va_e7e142")): Object: 'Object Repository/Payment for teams (CARD, ACH, CHECK)/Page_SportWrench - The Home of Sporting Events/input_To Pay_ng-pristine ng-untouched ng-va_e7e142' is clicked on

14-04-2025T19:31:43 - [MESSAGE][PASSED] - Object: 'Object Repository/Payment for teams (CARD, ACH, CHECK)/Page_SportWrench - The Home of Sporting Events/input_To Pay_ng-pristine ng-untouched ng-va_e7e142' is clicked on

14-04-2025T19:31:43 - [TEST_STEP][PASSED] - click(findTestObject("Object Repository/Payment for teams (CARD, ACH, CHECK)/Page_SportWrench - The Home of Sporting Events/input_1,000.00_ng-pristine ng-untouched ng-_714ebc")): Object: 'Object Repository/Payment for teams (CARD, ACH, CHECK)/Page_SportWrench - The Home of Sporting Events/input_1,000.00_ng-pristine ng-untouched ng-_714ebc' is clicked on

14-04-2025T19:31:44 - [MESSAGE][PASSED] - Object: 'Object Repository/Payment for teams (CARD, ACH, CHECK)/Page_SportWrench - The Home of Sporting Events/input_1,000.00_ng-pristine ng-untouched ng-_714ebc' is clicked on

14-04-2025T19:31:44 - [TEST_STEP][PASSED] - click(findTestObject("Object Repository/Payment for teams (CARD, ACH, CHECK)/Page_SportWrench - The Home of Sporting Events/input_1,000.00_ng-pristine ng-untouched ng-_714ebc_1")): Object: 'Object Repository/Payment for teams (CARD, ACH, CHECK)/Page_SportWrench - The Home of Sporting Events/input_1,000.00_ng-pristine ng-untouched ng-_714ebc_1' is clicked on

14-04-2025T19:31:44 - [MESSAGE][PASSED] - Object: 'Object Repository/Payment for teams (CARD, ACH, CHECK)/Page_SportWrench - The Home of Sporting Events/input_1,000.00_ng-pristine ng-untouched ng-_714ebc_1' is clicked on

14-04-2025T19:31:44 - [TEST_STEP][PASSED] - click(findTestObject("Object Repository/Payment for teams (CARD, ACH, CHECK)/Page_SportWrench - The Home of Sporting Events/input_1,000.00_ng-pristine ng-untouched ng-_714ebc_1_2")): Object: 'Object Repository/Payment for teams (CARD, ACH, CHECK)/Page_SportWrench - The Home of Sporting Events/input_1,000.00_ng-pristine ng-untouched ng-_714ebc_1_2' is clicked on

14-04-2025T19:31:44 - [MESSAGE][PASSED] - Object: 'Object Repository/Payment for teams (CARD, ACH, CHECK)/Page_SportWrench - The Home of Sporting Events/input_1,000.00_ng-pristine ng-untouched ng-_714ebc_1_2' is clicked on

14-04-2025T19:31:44 - [TEST_STEP][PASSED] - click(findTestObject("Object Repository/Payment for teams (CARD, ACH, CHECK)/Page_SportWrench - The Home of Sporting Events/input_1,000.00_ng-pristine ng-untouched ng-_714ebc_1_2_3")): Object: 'Object Repository/Payment for teams (CARD, ACH, CHECK)/Page_SportWrench - The Home of Sporting Events/input_1,000.00_ng-pristine ng-untouched ng-_714ebc_1_2_3' is clicked on

14-04-2025T19:31:45 - [MESSAGE][PASSED] - Object: 'Object Repository/Payment for teams (CARD, ACH, CHECK)/Page_SportWrench - The Home of Sporting Events/input_1,000.00_ng-pristine ng-untouched ng-_714ebc_1_2_3' is clicked on

14-04-2025T19:31:45 - [TEST_STEP][PASSED] - click(findTestObject("Object Repository/Payment for teams (CARD, ACH, CHECK)/Page_SportWrench - The Home of Sporting Events/div_Proceed to payment")): Object: 'Object Repository/Payment for teams (CARD, ACH, CHECK)/Page_SportWrench - The Home of Sporting Events/div_Proceed to payment' is clicked on

14-04-2025T19:31:45 - [MESSAGE][PASSED] - Object: 'Object Repository/Payment for teams (CARD, ACH, CHECK)/Page_SportWrench - The Home of Sporting Events/div_Proceed to payment' is clicked on

14-04-2025T19:31:45 - [TEST_STEP][PASSED] - delay(2): Delayed 2 second(s)

14-04-2025T19:31:47 - [MESSAGE][PASSED] - Delayed 2 second(s)

14-04-2025T19:31:47 - [TEST_STEP][PASSED] - setText(findTestObject("Object Repository/Payment for teams (CARD, ACH, CHECK)/Page_SportWrench - The Home of Sporting Events/input_Card number_number"), "4242 4242 4242 4242"): Text '4242 4242 4242 4242' is set on object 'Object Repository/Payment for teams (CARD, ACH, CHECK)/Page_SportWrench - The Home of Sporting Events/input_Card number_number'

14-04-2025T19:31:47 - [MESSAGE][WARNING] - [SELF-HEALING] Failed to find element with id 'Object Repository/Payment for teams (CARD, ACH, CHECK)/Page_SportWrench - The Home of Sporting Events/iframe_Use a Different Method___privateStri_5887b7'. Try using Self-healing.

14-04-2025T19:31:48 - [MESSAGE][WARNING] - [SELF-HEALING] The current locator of test object 'Object Repository/Payment for teams (CARD, ACH, CHECK)/Page_SportWrench - The Home of Sporting Events/iframe_Use a Different Method___privateStri_5887b7' was broken. Propose an alternative one: '//div[@id='payment-element']/div/iframe'.

14-04-2025T19:31:48 - [MESSAGE][PASSED] - Text '4242 4242 4242 4242' is set on object 'Object Repository/Payment for teams (CARD, ACH, CHECK)/Page_SportWrench - The Home of Sporting Events/input_Card number_number'

14-04-2025T19:31:48 - [TEST_STEP][PASSED] - setText(findTestObject("Object Repository/Payment for teams (CARD, ACH, CHECK)/Page_SportWrench - The Home of Sporting Events/input_MM  YY_expiry"), "12 / 26"): Text '12 / 26' is set on object 'Object Repository/Payment for teams (CARD, ACH, CHECK)/Page_SportWrench - The Home of Sporting Events/input_MM  YY_expiry'

14-04-2025T19:31:48 - [MESSAGE][WARNING] - [SELF-HEALING] Failed to find element with id 'Object Repository/Payment for teams (CARD, ACH, CHECK)/Page_SportWrench - The Home of Sporting Events/iframe_Use a Different Method___privateStri_5887b7'. Try using Self-healing.

14-04-2025T19:31:48 - [MESSAGE][WARNING] - [SELF-HEALING] The current locator of test object 'Object Repository/Payment for teams (CARD, ACH, CHECK)/Page_SportWrench - The Home of Sporting Events/iframe_Use a Different Method___privateStri_5887b7' was broken. Propose an alternative one: '//div[@id='payment-element']/div/iframe'.

14-04-2025T19:31:48 - [MESSAGE][PASSED] - Text '12 / 26' is set on object 'Object Repository/Payment for teams (CARD, ACH, CHECK)/Page_SportWrench - The Home of Sporting Events/input_MM  YY_expiry'

14-04-2025T19:31:48 - [TEST_STEP][PASSED] - setText(findTestObject("Object Repository/Payment for teams (CARD, ACH, CHECK)/Page_SportWrench - The Home of Sporting Events/input_Security code_cvc"), "345"): Text '345' is set on object 'Object Repository/Payment for teams (CARD, ACH, CHECK)/Page_SportWrench - The Home of Sporting Events/input_Security code_cvc'

14-04-2025T19:31:49 - [MESSAGE][WARNING] - [SELF-HEALING] Failed to find element with id 'Object Repository/Payment for teams (CARD, ACH, CHECK)/Page_SportWrench - The Home of Sporting Events/iframe_Use a Different Method___privateStri_5887b7'. Try using Self-healing.

14-04-2025T19:31:49 - [MESSAGE][WARNING] - [SELF-HEALING] The current locator of test object 'Object Repository/Payment for teams (CARD, ACH, CHECK)/Page_SportWrench - The Home of Sporting Events/iframe_Use a Different Method___privateStri_5887b7' was broken. Propose an alternative one: '//div[@id='payment-element']/div/iframe'.

14-04-2025T19:31:49 - [MESSAGE][PASSED] - Text '345' is set on object 'Object Repository/Payment for teams (CARD, ACH, CHECK)/Page_SportWrench - The Home of Sporting Events/input_Security code_cvc'

14-04-2025T19:31:49 - [TEST_STEP][PASSED] - click(findTestObject("Object Repository/Payment for teams (CARD, ACH, CHECK)/Page_SportWrench - The Home of Sporting Events/button_Pay 5,000.00")): Object: 'Object Repository/Payment for teams (CARD, ACH, CHECK)/Page_SportWrench - The Home of Sporting Events/button_Pay 5,000.00' is clicked on

14-04-2025T19:31:49 - [MESSAGE][PASSED] - Object: 'Object Repository/Payment for teams (CARD, ACH, CHECK)/Page_SportWrench - The Home of Sporting Events/button_Pay 5,000.00' is clicked on

14-04-2025T19:31:49 - [TEST_STEP][PASSED] - delay(5): Delayed 5 second(s)

14-04-2025T19:31:54 - [MESSAGE][PASSED] - Delayed 5 second(s)

14-04-2025T19:31:54 - [TEST_STEP][PASSED] - verifyElementPresent(findTestObject("Object Repository/Payment for teams (CARD, ACH, CHECK)/Page_SportWrench - The Home of Sporting Events/span_Your Payment of 5,000.00 succeeded"), 1): Object 'Object Repository/Payment for teams (CARD, ACH, CHECK)/Page_SportWrench - The Home of Sporting Events/span_Your Payment of 5,000.00 succeeded' is present

14-04-2025T19:31:55 - [MESSAGE][PASSED] - Object 'Object Repository/Payment for teams (CARD, ACH, CHECK)/Page_SportWrench - The Home of Sporting Events/span_Your Payment of 5,000.00 succeeded' is present

14-04-2025T19:31:55 - [TEST_STEP][PASSED] - click(findTestObject("Object Repository/Payment for teams (CARD, ACH, CHECK)/Page_SportWrench - The Home of Sporting Events/button_Close")): Object: 'Object Repository/Payment for teams (CARD, ACH, CHECK)/Page_SportWrench - The Home of Sporting Events/button_Close' is clicked on

14-04-2025T19:31:58 - [MESSAGE][PASSED] - Object: 'Object Repository/Payment for teams (CARD, ACH, CHECK)/Page_SportWrench - The Home of Sporting Events/button_Close' is clicked on

14-04-2025T19:31:58 - [TEST_STEP][PASSED] - click(findTestObject("Object Repository/Payment for teams (CARD, ACH, CHECK)/Page_SportWrench - The Home of Sporting Events/button_Pay")): Object: 'Object Repository/Payment for teams (CARD, ACH, CHECK)/Page_SportWrench - The Home of Sporting Events/button_Pay' is clicked on

14-04-2025T19:31:58 - [MESSAGE][PASSED] - Object: 'Object Repository/Payment for teams (CARD, ACH, CHECK)/Page_SportWrench - The Home of Sporting Events/button_Pay' is clicked on

14-04-2025T19:31:58 - [TEST_STEP][PASSED] - click(findTestObject("Object Repository/Payment for teams (CARD, ACH, CHECK)/Page_SportWrench - The Home of Sporting Events/input_Payment history_ng-pristine ng-untouc_97ddf2")): Object: 'Object Repository/Payment for teams (CARD, ACH, CHECK)/Page_SportWrench - The Home of Sporting Events/input_Payment history_ng-pristine ng-untouc_97ddf2' is clicked on

14-04-2025T19:31:59 - [MESSAGE][PASSED] - Object: 'Object Repository/Payment for teams (CARD, ACH, CHECK)/Page_SportWrench - The Home of Sporting Events/input_Payment history_ng-pristine ng-untouc_97ddf2' is clicked on

14-04-2025T19:31:59 - [TEST_STEP][PASSED] - click(findTestObject("Object Repository/Payment for teams (CARD, ACH, CHECK)/Page_SportWrench - The Home of Sporting Events/input_To Pay_ng-pristine ng-untouched ng-va_e7e142")): Object: 'Object Repository/Payment for teams (CARD, ACH, CHECK)/Page_SportWrench - The Home of Sporting Events/input_To Pay_ng-pristine ng-untouched ng-va_e7e142' is clicked on

14-04-2025T19:31:59 - [MESSAGE][PASSED] - Object: 'Object Repository/Payment for teams (CARD, ACH, CHECK)/Page_SportWrench - The Home of Sporting Events/input_To Pay_ng-pristine ng-untouched ng-va_e7e142' is clicked on

14-04-2025T19:31:59 - [TEST_STEP][PASSED] - click(findTestObject("Object Repository/Payment for teams (CARD, ACH, CHECK)/Page_SportWrench - The Home of Sporting Events/input_1,000.00_ng-pristine ng-untouched ng-_714ebc")): Object: 'Object Repository/Payment for teams (CARD, ACH, CHECK)/Page_SportWrench - The Home of Sporting Events/input_1,000.00_ng-pristine ng-untouched ng-_714ebc' is clicked on

14-04-2025T19:32:00 - [MESSAGE][PASSED] - Object: 'Object Repository/Payment for teams (CARD, ACH, CHECK)/Page_SportWrench - The Home of Sporting Events/input_1,000.00_ng-pristine ng-untouched ng-_714ebc' is clicked on

14-04-2025T19:32:00 - [TEST_STEP][PASSED] - click(findTestObject("Object Repository/Payment for teams (CARD, ACH, CHECK)/Page_SportWrench - The Home of Sporting Events/input_1,000.00_ng-pristine ng-untouched ng-_714ebc_1")): Object: 'Object Repository/Payment for teams (CARD, ACH, CHECK)/Page_SportWrench - The Home of Sporting Events/input_1,000.00_ng-pristine ng-untouched ng-_714ebc_1' is clicked on

14-04-2025T19:32:00 - [MESSAGE][PASSED] - Object: 'Object Repository/Payment for teams (CARD, ACH, CHECK)/Page_SportWrench - The Home of Sporting Events/input_1,000.00_ng-pristine ng-untouched ng-_714ebc_1' is clicked on

14-04-2025T19:32:00 - [TEST_STEP][PASSED] - click(findTestObject("Object Repository/Payment for teams (CARD, ACH, CHECK)/Page_SportWrench - The Home of Sporting Events/div_Proceed to payment_1")): Object: 'Object Repository/Payment for teams (CARD, ACH, CHECK)/Page_SportWrench - The Home of Sporting Events/div_Proceed to payment_1' is clicked on

14-04-2025T19:32:00 - [MESSAGE][PASSED] - Object: 'Object Repository/Payment for teams (CARD, ACH, CHECK)/Page_SportWrench - The Home of Sporting Events/div_Proceed to payment_1' is clicked on

14-04-2025T19:32:00 - [TEST_STEP][PASSED] - click(findTestObject("Object Repository/Payment for teams (CARD, ACH, CHECK)/Page_SportWrench - The Home of Sporting Events/a_Check")): Object: 'Object Repository/Payment for teams (CARD, ACH, CHECK)/Page_SportWrench - The Home of Sporting Events/a_Check' is clicked on

14-04-2025T19:32:02 - [MESSAGE][PASSED] - Object: 'Object Repository/Payment for teams (CARD, ACH, CHECK)/Page_SportWrench - The Home of Sporting Events/a_Check' is clicked on

14-04-2025T19:32:02 - [TEST_STEP][PASSED] - click(findTestObject("Object Repository/Payment for teams (CARD, ACH, CHECK)/Page_SportWrench - The Home of Sporting Events/button_Confirm 3,000.00")): Object: 'Object Repository/Payment for teams (CARD, ACH, CHECK)/Page_SportWrench - The Home of Sporting Events/button_Confirm 3,000.00' is clicked on

14-04-2025T19:32:03 - [MESSAGE][PASSED] - Object: 'Object Repository/Payment for teams (CARD, ACH, CHECK)/Page_SportWrench - The Home of Sporting Events/button_Confirm 3,000.00' is clicked on

14-04-2025T19:32:03 - [TEST_STEP][PASSED] - verifyElementPresent(findTestObject("Object Repository/Payment for teams (CARD, ACH, CHECK)/Page_SportWrench - The Home of Sporting Events/span_Your Payment of 3,000.00 is pending re_a194a2"), 0): Object 'Object Repository/Payment for teams (CARD, ACH, CHECK)/Page_SportWrench - The Home of Sporting Events/span_Your Payment of 3,000.00 is pending re_a194a2' is present

14-04-2025T19:32:03 - [MESSAGE][WARNING] - Timeout '0' is invalid. Using default page load timeout: '30'

14-04-2025T19:32:04 - [MESSAGE][PASSED] - Object 'Object Repository/Payment for teams (CARD, ACH, CHECK)/Page_SportWrench - The Home of Sporting Events/span_Your Payment of 3,000.00 is pending re_a194a2' is present

14-04-2025T19:32:04 - [TEST_STEP][PASSED] - click(findTestObject("Object Repository/Payment for teams (CARD, ACH, CHECK)/Page_SportWrench - The Home of Sporting Events/button_Close")): Object: 'Object Repository/Payment for teams (CARD, ACH, CHECK)/Page_SportWrench - The Home of Sporting Events/button_Close' is clicked on

14-04-2025T19:32:05 - [MESSAGE][PASSED] - Object: 'Object Repository/Payment for teams (CARD, ACH, CHECK)/Page_SportWrench - The Home of Sporting Events/button_Close' is clicked on

14-04-2025T19:32:05 - [TEST_STEP][PASSED] - click(findTestObject("Object Repository/Payment for teams (CARD, ACH, CHECK)/Page_SportWrench - The Home of Sporting Events/button_Pay")): Object: 'Object Repository/Payment for teams (CARD, ACH, CHECK)/Page_SportWrench - The Home of Sporting Events/button_Pay' is clicked on

14-04-2025T19:32:05 - [MESSAGE][PASSED] - Object: 'Object Repository/Payment for teams (CARD, ACH, CHECK)/Page_SportWrench - The Home of Sporting Events/button_Pay' is clicked on

14-04-2025T19:32:05 - [TEST_STEP][PASSED] - click(findTestObject("Object Repository/Payment for teams (CARD, ACH, CHECK)/Page_SportWrench - The Home of Sporting Events/div_Proceed to payment_1_2")): Object: 'Object Repository/Payment for teams (CARD, ACH, CHECK)/Page_SportWrench - The Home of Sporting Events/div_Proceed to payment_1_2' is clicked on

14-04-2025T19:32:06 - [MESSAGE][PASSED] - Object: 'Object Repository/Payment for teams (CARD, ACH, CHECK)/Page_SportWrench - The Home of Sporting Events/div_Proceed to payment_1_2' is clicked on

14-04-2025T19:32:06 - [TEST_STEP][PASSED] - click(findTestObject("Object Repository/Payment for teams (CARD, ACH, CHECK)/Page_SportWrench - The Home of Sporting Events/button_US bank account")): Object: 'Object Repository/Payment for teams (CARD, ACH, CHECK)/Page_SportWrench - The Home of Sporting Events/button_US bank account' is clicked on

14-04-2025T19:32:07 - [MESSAGE][WARNING] - [SELF-HEALING] Failed to find element with id 'Object Repository/Payment for teams (CARD, ACH, CHECK)/Page_SportWrench - The Home of Sporting Events/iframe_Use a Different Method___privateStri_ba7f68'. Try using Self-healing.

14-04-2025T19:32:07 - [MESSAGE][WARNING] - [SELF-HEALING] The current locator of test object 'Object Repository/Payment for teams (CARD, ACH, CHECK)/Page_SportWrench - The Home of Sporting Events/iframe_Use a Different Method___privateStri_ba7f68' was broken. Propose an alternative one: '//div[@id='payment-element']/div/iframe'.

14-04-2025T19:32:07 - [MESSAGE][PASSED] - Object: 'Object Repository/Payment for teams (CARD, ACH, CHECK)/Page_SportWrench - The Home of Sporting Events/button_US bank account' is clicked on

14-04-2025T19:32:07 - [TEST_STEP][PASSED] - setText(findTestObject("Object Repository/Payment for teams (CARD, ACH, CHECK)/Page_SportWrench - The Home of Sporting Events/input_Email_email"), "ddfdfgf@gmail.com"): Text 'ddfdfgf@gmail.com' is set on object 'Object Repository/Payment for teams (CARD, ACH, CHECK)/Page_SportWrench - The Home of Sporting Events/input_Email_email'

14-04-2025T19:32:08 - [MESSAGE][WARNING] - [SELF-HEALING] Failed to find element with id 'Object Repository/Payment for teams (CARD, ACH, CHECK)/Page_SportWrench - The Home of Sporting Events/iframe_Use a Different Method___privateStri_ba7f68'. Try using Self-healing.

14-04-2025T19:32:08 - [MESSAGE][WARNING] - [SELF-HEALING] The current locator of test object 'Object Repository/Payment for teams (CARD, ACH, CHECK)/Page_SportWrench - The Home of Sporting Events/iframe_Use a Different Method___privateStri_ba7f68' was broken. Propose an alternative one: '//div[@id='payment-element']/div/iframe'.

14-04-2025T19:32:08 - [MESSAGE][PASSED] - Text 'ddfdfgf@gmail.com' is set on object 'Object Repository/Payment for teams (CARD, ACH, CHECK)/Page_SportWrench - The Home of Sporting Events/input_Email_email'

14-04-2025T19:32:08 - [TEST_STEP][PASSED] - setText(findTestObject("Object Repository/Payment for teams (CARD, ACH, CHECK)/Page_SportWrench - The Home of Sporting Events/input_Full name_name"), "ddfddf fgffgfg"): Text 'ddfddf fgffgfg' is set on object 'Object Repository/Payment for teams (CARD, ACH, CHECK)/Page_SportWrench - The Home of Sporting Events/input_Full name_name'

14-04-2025T19:32:08 - [MESSAGE][WARNING] - [SELF-HEALING] Failed to find element with id 'Object Repository/Payment for teams (CARD, ACH, CHECK)/Page_SportWrench - The Home of Sporting Events/iframe_Use a Different Method___privateStri_ba7f68'. Try using Self-healing.

14-04-2025T19:32:09 - [MESSAGE][WARNING] - [SELF-HEALING] The current locator of test object 'Object Repository/Payment for teams (CARD, ACH, CHECK)/Page_SportWrench - The Home of Sporting Events/iframe_Use a Different Method___privateStri_ba7f68' was broken. Propose an alternative one: '//div[@id='payment-element']/div/iframe'.

14-04-2025T19:32:09 - [MESSAGE][PASSED] - Text 'ddfddf fgffgfg' is set on object 'Object Repository/Payment for teams (CARD, ACH, CHECK)/Page_SportWrench - The Home of Sporting Events/input_Full name_name'

14-04-2025T19:32:09 - [TEST_STEP][PASSED] - click(findTestObject("Object Repository/Payment for teams (CARD, ACH, CHECK)/Page_SportWrench - The Home of Sporting Events/p_Test Institution")): Object: 'Object Repository/Payment for teams (CARD, ACH, CHECK)/Page_SportWrench - The Home of Sporting Events/p_Test Institution' is clicked on

14-04-2025T19:32:09 - [MESSAGE][WARNING] - [SELF-HEALING] Failed to find element with id 'Object Repository/Payment for teams (CARD, ACH, CHECK)/Page_SportWrench - The Home of Sporting Events/iframe_Use a Different Method___privateStri_ba7f68'. Try using Self-healing.

14-04-2025T19:32:09 - [MESSAGE][WARNING] - [SELF-HEALING] The current locator of test object 'Object Repository/Payment for teams (CARD, ACH, CHECK)/Page_SportWrench - The Home of Sporting Events/iframe_Use a Different Method___privateStri_ba7f68' was broken. Propose an alternative one: '//div[@id='payment-element']/div/iframe'.

14-04-2025T19:32:09 - [MESSAGE][PASSED] - Object: 'Object Repository/Payment for teams (CARD, ACH, CHECK)/Page_SportWrench - The Home of Sporting Events/p_Test Institution' is clicked on

14-04-2025T19:32:10 - [TEST_STEP][PASSED] - enhancedClick(findTestObject("Payment for teams (CARD, ACH, CHECK)/Page_SportWrench - The Home of Sporting Events/button_Agree and continue")): Object: 'Object Repository/Payment for teams (CARD, ACH, CHECK)/Page_SportWrench - The Home of Sporting Events/button_Agree and continue' is clicked on

14-04-2025T19:32:10 - [MESSAGE][WARNING] - [SELF-HEALING] Failed to find element with id 'Object Repository/Payment for teams (CARD, ACH, CHECK)/Page_SportWrench - The Home of Sporting Events/iframe_New Payment___privateStripeFrame87928'. Try using Self-healing.

14-04-2025T19:32:10 - [MESSAGE][WARNING] - [SELF-HEALING] The current locator of test object 'Object Repository/Payment for teams (CARD, ACH, CHECK)/Page_SportWrench - The Home of Sporting Events/iframe_New Payment___privateStripeFrame87928' was broken. Propose an alternative one: '//iframe'.

14-04-2025T19:32:11 - [MESSAGE][PASSED] - Object: 'Object Repository/Payment for teams (CARD, ACH, CHECK)/Page_SportWrench - The Home of Sporting Events/button_Agree and continue' is clicked on

14-04-2025T19:32:11 - [TEST_STEP][PASSED] - click(findTestObject("Object Repository/Payment for teams (CARD, ACH, CHECK)/Page_SportWrench - The Home of Sporting Events/span_Connect account")): Object: 'Object Repository/Payment for teams (CARD, ACH, CHECK)/Page_SportWrench - The Home of Sporting Events/span_Connect account' is clicked on

14-04-2025T19:32:11 - [MESSAGE][WARNING] - [SELF-HEALING] Failed to find element with id 'Object Repository/Payment for teams (CARD, ACH, CHECK)/Page_SportWrench - The Home of Sporting Events/iframe_New Payment___privateStripeFrame87928'. Try using Self-healing.

14-04-2025T19:32:11 - [MESSAGE][WARNING] - [SELF-HEALING] The current locator of test object 'Object Repository/Payment for teams (CARD, ACH, CHECK)/Page_SportWrench - The Home of Sporting Events/iframe_New Payment___privateStripeFrame87928' was broken. Propose an alternative one: '//iframe'.

14-04-2025T19:32:15 - [MESSAGE][PASSED] - Object: 'Object Repository/Payment for teams (CARD, ACH, CHECK)/Page_SportWrench - The Home of Sporting Events/span_Connect account' is clicked on

14-04-2025T19:32:15 - [TEST_STEP][PASSED] - click(findTestObject("Object Repository/Payment for teams (CARD, ACH, CHECK)/Page_SportWrench - The Home of Sporting Events/span_Back to SportWrench Inc")): Object: 'Object Repository/Payment for teams (CARD, ACH, CHECK)/Page_SportWrench - The Home of Sporting Events/span_Back to SportWrench Inc' is clicked on

14-04-2025T19:32:15 - [MESSAGE][WARNING] - [SELF-HEALING] Failed to find element with id 'Object Repository/Payment for teams (CARD, ACH, CHECK)/Page_SportWrench - The Home of Sporting Events/iframe_New Payment___privateStripeFrame87928'. Try using Self-healing.

14-04-2025T19:32:15 - [MESSAGE][WARNING] - [SELF-HEALING] The current locator of test object 'Object Repository/Payment for teams (CARD, ACH, CHECK)/Page_SportWrench - The Home of Sporting Events/iframe_New Payment___privateStripeFrame87928' was broken. Propose an alternative one: '//iframe'.

14-04-2025T19:32:17 - [MESSAGE][PASSED] - Object: 'Object Repository/Payment for teams (CARD, ACH, CHECK)/Page_SportWrench - The Home of Sporting Events/span_Back to SportWrench Inc' is clicked on

14-04-2025T19:32:17 - [TEST_STEP][PASSED] - click(findTestObject("Object Repository/Payment for teams (CARD, ACH, CHECK)/Page_SportWrench - The Home of Sporting Events/button_Pay 4,000.00")): Object: 'Object Repository/Payment for teams (CARD, ACH, CHECK)/Page_SportWrench - The Home of Sporting Events/button_Pay 4,000.00' is clicked on

14-04-2025T19:32:18 - [MESSAGE][PASSED] - Object: 'Object Repository/Payment for teams (CARD, ACH, CHECK)/Page_SportWrench - The Home of Sporting Events/button_Pay 4,000.00' is clicked on

14-04-2025T19:32:18 - [TEST_STEP][PASSED] - verifyElementPresent(findTestObject("Object Repository/Payment for teams (CARD, ACH, CHECK)/Page_SportWrench - The Home of Sporting Events/span_Your Payment of 4,000.00 is pending ba_433985"), 0): Object 'Object Repository/Payment for teams (CARD, ACH, CHECK)/Page_SportWrench - The Home of Sporting Events/span_Your Payment of 4,000.00 is pending ba_433985' is present

14-04-2025T19:32:18 - [MESSAGE][WARNING] - Timeout '0' is invalid. Using default page load timeout: '30'

14-04-2025T19:32:19 - [MESSAGE][PASSED] - Object 'Object Repository/Payment for teams (CARD, ACH, CHECK)/Page_SportWrench - The Home of Sporting Events/span_Your Payment of 4,000.00 is pending ba_433985' is present

14-04-2025T19:32:19 - [TEST_STEP][PASSED] - closeBrowser(): Browser is closed

14-04-2025T19:32:19 - [MESSAGE][PASSED] - Browser is closed]]></system-out>
         <system-err><![CDATA[]]></system-err>
      </testcase>
      <testcase name="Test Cases/Refunds for teams (CARD, ACH, CHECK)" time="41.051" classname="Test Cases/Refunds for teams (CARD, ACH, CHECK)" status="PASSED">
         <system-out><![CDATA[14-04-2025T19:32:19 - [TEST_CASE][PASSED] - Test Cases/Refunds for teams (CARD, ACH, CHECK): Test Cases/Refunds for teams (CARD, ACH, CHECK)

14-04-2025T19:32:19 - [TEST_STEP][PASSED] - openBrowser("http://USAV:demo@dev.swstage.com/"): Browser is opened with url: 'http://USAV:demo@dev.swstage.com/'

14-04-2025T19:32:19 - [MESSAGE][INFO] - Starting 'Chrome' driver

14-04-2025T19:32:19 - [MESSAGE][INFO] - Action delay is set to 0 milliseconds

14-04-2025T19:32:23 - [MESSAGE][PASSED] - Browser is opened with url: 'http://USAV:demo@dev.swstage.com/'

14-04-2025T19:32:23 - [TEST_STEP][PASSED] - navigateToUrl("http://USAV:demo@my.dev.swstage.com/#/"): Navigate to 'http://USAV:demo@my.dev.swstage.com/#/' successfully

14-04-2025T19:32:25 - [MESSAGE][PASSED] - Navigate to 'http://USAV:demo@my.dev.swstage.com/#/' successfully

14-04-2025T19:32:25 - [TEST_STEP][PASSED] - setText(findTestObject("Object Repository/Refunds for teams (CARD, ACH, CHECK)/Page_SportWrench - The Home of Sporting Events/input_Log In_email"), "dcgfcgchfhgvhv@gmail.com"): Text 'dcgfcgchfhgvhv@gmail.com' is set on object 'Object Repository/Refunds for teams (CARD, ACH, CHECK)/Page_SportWrench - The Home of Sporting Events/input_Log In_email'

14-04-2025T19:32:26 - [MESSAGE][PASSED] - Text 'dcgfcgchfhgvhv@gmail.com' is set on object 'Object Repository/Refunds for teams (CARD, ACH, CHECK)/Page_SportWrench - The Home of Sporting Events/input_Log In_email'

14-04-2025T19:32:26 - [TEST_STEP][PASSED] - setEncryptedText(findTestObject("Object Repository/Refunds for teams (CARD, ACH, CHECK)/Page_SportWrench - The Home of Sporting Events/input_false_password"), "ugkk24xDMrWrlVpEbACuNZEQlZ6qfcdw"): Text ****** has been set on object 'Object Repository/Refunds for teams (CARD, ACH, CHECK)/Page_SportWrench - The Home of Sporting Events/input_false_password'

14-04-2025T19:32:26 - [MESSAGE][PASSED] - Text ****** has been set on object 'Object Repository/Refunds for teams (CARD, ACH, CHECK)/Page_SportWrench - The Home of Sporting Events/input_false_password'

14-04-2025T19:32:26 - [TEST_STEP][PASSED] - click(findTestObject("Object Repository/Refunds for teams (CARD, ACH, CHECK)/Page_SportWrench - The Home of Sporting Events/button_Log In")): Object: 'Object Repository/Refunds for teams (CARD, ACH, CHECK)/Page_SportWrench - The Home of Sporting Events/button_Log In' is clicked on

14-04-2025T19:32:26 - [MESSAGE][PASSED] - Object: 'Object Repository/Refunds for teams (CARD, ACH, CHECK)/Page_SportWrench - The Home of Sporting Events/button_Log In' is clicked on

14-04-2025T19:32:27 - [TEST_STEP][PASSED] - setText(findTestObject("Object Repository/Refunds for teams (CARD, ACH, CHECK)/Page_SportWrench - The Home of Sporting Events/input_Other Events_searchbox"), "ULTIMATE TEAMS REFUND"): Text 'ULTIMATE TEAMS REFUND' is set on object 'Object Repository/Refunds for teams (CARD, ACH, CHECK)/Page_SportWrench - The Home of Sporting Events/input_Other Events_searchbox'

14-04-2025T19:32:30 - [MESSAGE][PASSED] - Text 'ULTIMATE TEAMS REFUND' is set on object 'Object Repository/Refunds for teams (CARD, ACH, CHECK)/Page_SportWrench - The Home of Sporting Events/input_Other Events_searchbox'

14-04-2025T19:32:30 - [TEST_STEP][PASSED] - click(findTestObject("Object Repository/Refunds for teams (CARD, ACH, CHECK)/Page_SportWrench - The Home of Sporting Events/a_ULTIMATE TEAMS REFUND")): Object: 'Object Repository/Refunds for teams (CARD, ACH, CHECK)/Page_SportWrench - The Home of Sporting Events/a_ULTIMATE TEAMS REFUND' is clicked on

14-04-2025T19:32:31 - [MESSAGE][PASSED] - Object: 'Object Repository/Refunds for teams (CARD, ACH, CHECK)/Page_SportWrench - The Home of Sporting Events/a_ULTIMATE TEAMS REFUND' is clicked on

14-04-2025T19:32:31 - [TEST_STEP][PASSED] - delay(1): Delayed 1 second(s)

14-04-2025T19:32:32 - [MESSAGE][PASSED] - Delayed 1 second(s)

14-04-2025T19:32:32 - [TEST_STEP][PASSED] - click(findTestObject("Object Repository/Refunds for teams (CARD, ACH, CHECK)/Page_SportWrench - The Home of Sporting Events/a_Teams")): Object: 'Object Repository/Refunds for teams (CARD, ACH, CHECK)/Page_SportWrench - The Home of Sporting Events/a_Teams' is clicked on

14-04-2025T19:32:32 - [MESSAGE][PASSED] - Object: 'Object Repository/Refunds for teams (CARD, ACH, CHECK)/Page_SportWrench - The Home of Sporting Events/a_Teams' is clicked on

14-04-2025T19:32:32 - [TEST_STEP][PASSED] - delay(1): Delayed 1 second(s)

14-04-2025T19:32:33 - [MESSAGE][PASSED] - Delayed 1 second(s)

14-04-2025T19:32:33 - [TEST_STEP][PASSED] - click(findTestObject("Object Repository/Refunds for teams (CARD, ACH, CHECK)/Page_SportWrench - The Home of Sporting Events/a_Payments")): Object: 'Object Repository/Refunds for teams (CARD, ACH, CHECK)/Page_SportWrench - The Home of Sporting Events/a_Payments' is clicked on

14-04-2025T19:32:33 - [MESSAGE][PASSED] - Object: 'Object Repository/Refunds for teams (CARD, ACH, CHECK)/Page_SportWrench - The Home of Sporting Events/a_Payments' is clicked on

14-04-2025T19:32:33 - [TEST_STEP][PASSED] - delay(1): Delayed 1 second(s)

14-04-2025T19:32:34 - [MESSAGE][PASSED] - Delayed 1 second(s)

14-04-2025T19:32:34 - [TEST_STEP][PASSED] - click(findTestObject("Object Repository/Refunds for teams (CARD, ACH, CHECK)/Page_SportWrench - The Home of Sporting Events/td_5")): Object: 'Object Repository/Refunds for teams (CARD, ACH, CHECK)/Page_SportWrench - The Home of Sporting Events/td_5' is clicked on

14-04-2025T19:32:35 - [MESSAGE][PASSED] - Object: 'Object Repository/Refunds for teams (CARD, ACH, CHECK)/Page_SportWrench - The Home of Sporting Events/td_5' is clicked on

14-04-2025T19:32:35 - [TEST_STEP][PASSED] - click(findTestObject("Object Repository/Refunds for teams (CARD, ACH, CHECK)/Page_SportWrench - The Home of Sporting Events/a_B09TRNTY4FL")): Object: 'Object Repository/Refunds for teams (CARD, ACH, CHECK)/Page_SportWrench - The Home of Sporting Events/a_B09TRNTY4FL' is clicked on

14-04-2025T19:32:35 - [MESSAGE][PASSED] - Object: 'Object Repository/Refunds for teams (CARD, ACH, CHECK)/Page_SportWrench - The Home of Sporting Events/a_B09TRNTY4FL' is clicked on

14-04-2025T19:32:35 - [TEST_STEP][PASSED] - click(findTestObject("Object Repository/Refunds for teams (CARD, ACH, CHECK)/Page_SportWrench - The Home of Sporting Events/span_CARD (paid)")): Object: 'Object Repository/Refunds for teams (CARD, ACH, CHECK)/Page_SportWrench - The Home of Sporting Events/span_CARD (paid)' is clicked on

14-04-2025T19:32:37 - [MESSAGE][WARNING] - [SELF-HEALING] Failed to find element with id 'Object Repository/Refunds for teams (CARD, ACH, CHECK)/Page_SportWrench - The Home of Sporting Events/span_CARD (paid)'. Try using Self-healing.

14-04-2025T19:32:37 - [MESSAGE][WARNING] - [SELF-HEALING] The current locator of test object 'Object Repository/Refunds for teams (CARD, ACH, CHECK)/Page_SportWrench - The Home of Sporting Events/span_CARD (paid)' was broken. Propose an alternative one: '(.//*[normalize-space(text()) and normalize-space(.)='-'])[1]/following::span[1]'.

14-04-2025T19:32:37 - [MESSAGE][PASSED] - Object: 'Object Repository/Refunds for teams (CARD, ACH, CHECK)/Page_SportWrench - The Home of Sporting Events/span_CARD (paid)' is clicked on

14-04-2025T19:32:37 - [TEST_STEP][PASSED] - click(findTestObject("Object Repository/Refunds for teams (CARD, ACH, CHECK)/Page_SportWrench - The Home of Sporting Events/span_Refund_caret")): Object: 'Object Repository/Refunds for teams (CARD, ACH, CHECK)/Page_SportWrench - The Home of Sporting Events/span_Refund_caret' is clicked on

14-04-2025T19:32:37 - [MESSAGE][PASSED] - Object: 'Object Repository/Refunds for teams (CARD, ACH, CHECK)/Page_SportWrench - The Home of Sporting Events/span_Refund_caret' is clicked on

14-04-2025T19:32:37 - [TEST_STEP][PASSED] - click(findTestObject("Object Repository/Refunds for teams (CARD, ACH, CHECK)/Page_SportWrench - The Home of Sporting Events/a_Total")): Object: 'Object Repository/Refunds for teams (CARD, ACH, CHECK)/Page_SportWrench - The Home of Sporting Events/a_Total' is clicked on

14-04-2025T19:32:38 - [MESSAGE][PASSED] - Object: 'Object Repository/Refunds for teams (CARD, ACH, CHECK)/Page_SportWrench - The Home of Sporting Events/a_Total' is clicked on

14-04-2025T19:32:38 - [TEST_STEP][PASSED] - click(findTestObject("Object Repository/Refunds for teams (CARD, ACH, CHECK)/Page_SportWrench - The Home of Sporting Events/button_Yes")): Object: 'Object Repository/Refunds for teams (CARD, ACH, CHECK)/Page_SportWrench - The Home of Sporting Events/button_Yes' is clicked on

14-04-2025T19:32:38 - [MESSAGE][PASSED] - Object: 'Object Repository/Refunds for teams (CARD, ACH, CHECK)/Page_SportWrench - The Home of Sporting Events/button_Yes' is clicked on

14-04-2025T19:32:38 - [TEST_STEP][PASSED] - click(findTestObject("Object Repository/Refunds for teams (CARD, ACH, CHECK)/Page_SportWrench - The Home of Sporting Events/button_Close")): Object: 'Object Repository/Refunds for teams (CARD, ACH, CHECK)/Page_SportWrench - The Home of Sporting Events/button_Close' is clicked on

14-04-2025T19:32:43 - [MESSAGE][PASSED] - Object: 'Object Repository/Refunds for teams (CARD, ACH, CHECK)/Page_SportWrench - The Home of Sporting Events/button_Close' is clicked on

14-04-2025T19:32:43 - [TEST_STEP][PASSED] - click(findTestObject("Object Repository/Refunds for teams (CARD, ACH, CHECK)/Page_SportWrench - The Home of Sporting Events/td_4")): Object: 'Object Repository/Refunds for teams (CARD, ACH, CHECK)/Page_SportWrench - The Home of Sporting Events/td_4' is clicked on

14-04-2025T19:32:43 - [MESSAGE][PASSED] - Object: 'Object Repository/Refunds for teams (CARD, ACH, CHECK)/Page_SportWrench - The Home of Sporting Events/td_4' is clicked on

14-04-2025T19:32:43 - [TEST_STEP][PASSED] - click(findTestObject("Object Repository/Refunds for teams (CARD, ACH, CHECK)/Page_SportWrench - The Home of Sporting Events/a_B09TRNTY7FL")): Object: 'Object Repository/Refunds for teams (CARD, ACH, CHECK)/Page_SportWrench - The Home of Sporting Events/a_B09TRNTY7FL' is clicked on

14-04-2025T19:32:43 - [MESSAGE][PASSED] - Object: 'Object Repository/Refunds for teams (CARD, ACH, CHECK)/Page_SportWrench - The Home of Sporting Events/a_B09TRNTY7FL' is clicked on

14-04-2025T19:32:43 - [TEST_STEP][PASSED] - click(findTestObject("Object Repository/Refunds for teams (CARD, ACH, CHECK)/Page_SportWrench - The Home of Sporting Events/span_ACH (paid)")): Object: 'Object Repository/Refunds for teams (CARD, ACH, CHECK)/Page_SportWrench - The Home of Sporting Events/span_ACH (paid)' is clicked on

14-04-2025T19:32:45 - [MESSAGE][WARNING] - [SELF-HEALING] Failed to find element with id 'Object Repository/Refunds for teams (CARD, ACH, CHECK)/Page_SportWrench - The Home of Sporting Events/span_ACH (paid)'. Try using Self-healing.

14-04-2025T19:32:45 - [MESSAGE][WARNING] - [SELF-HEALING] The current locator of test object 'Object Repository/Refunds for teams (CARD, ACH, CHECK)/Page_SportWrench - The Home of Sporting Events/span_ACH (paid)' was broken. Propose an alternative one: '(.//*[normalize-space(text()) and normalize-space(.)='-'])[1]/following::span[1]'.

14-04-2025T19:32:45 - [MESSAGE][PASSED] - Object: 'Object Repository/Refunds for teams (CARD, ACH, CHECK)/Page_SportWrench - The Home of Sporting Events/span_ACH (paid)' is clicked on

14-04-2025T19:32:45 - [TEST_STEP][PASSED] - click(findTestObject("Object Repository/Refunds for teams (CARD, ACH, CHECK)/Page_SportWrench - The Home of Sporting Events/span_Refund_caret_1")): Object: 'Object Repository/Refunds for teams (CARD, ACH, CHECK)/Page_SportWrench - The Home of Sporting Events/span_Refund_caret_1' is clicked on

14-04-2025T19:32:45 - [MESSAGE][PASSED] - Object: 'Object Repository/Refunds for teams (CARD, ACH, CHECK)/Page_SportWrench - The Home of Sporting Events/span_Refund_caret_1' is clicked on

14-04-2025T19:32:45 - [TEST_STEP][PASSED] - click(findTestObject("Object Repository/Refunds for teams (CARD, ACH, CHECK)/Page_SportWrench - The Home of Sporting Events/a_Total_1")): Object: 'Object Repository/Refunds for teams (CARD, ACH, CHECK)/Page_SportWrench - The Home of Sporting Events/a_Total_1' is clicked on

14-04-2025T19:32:46 - [MESSAGE][PASSED] - Object: 'Object Repository/Refunds for teams (CARD, ACH, CHECK)/Page_SportWrench - The Home of Sporting Events/a_Total_1' is clicked on

14-04-2025T19:32:46 - [TEST_STEP][PASSED] - click(findTestObject("Object Repository/Refunds for teams (CARD, ACH, CHECK)/Page_SportWrench - The Home of Sporting Events/button_Yes")): Object: 'Object Repository/Refunds for teams (CARD, ACH, CHECK)/Page_SportWrench - The Home of Sporting Events/button_Yes' is clicked on

14-04-2025T19:32:46 - [MESSAGE][PASSED] - Object: 'Object Repository/Refunds for teams (CARD, ACH, CHECK)/Page_SportWrench - The Home of Sporting Events/button_Yes' is clicked on

14-04-2025T19:32:46 - [TEST_STEP][PASSED] - click(findTestObject("Object Repository/Refunds for teams (CARD, ACH, CHECK)/Page_SportWrench - The Home of Sporting Events/button_Close")): Object: 'Object Repository/Refunds for teams (CARD, ACH, CHECK)/Page_SportWrench - The Home of Sporting Events/button_Close' is clicked on

14-04-2025T19:32:51 - [MESSAGE][PASSED] - Object: 'Object Repository/Refunds for teams (CARD, ACH, CHECK)/Page_SportWrench - The Home of Sporting Events/button_Close' is clicked on

14-04-2025T19:32:51 - [TEST_STEP][PASSED] - click(findTestObject("Object Repository/Refunds for teams (CARD, ACH, CHECK)/Page_SportWrench - The Home of Sporting Events/td_3")): Object: 'Object Repository/Refunds for teams (CARD, ACH, CHECK)/Page_SportWrench - The Home of Sporting Events/td_3' is clicked on

14-04-2025T19:32:51 - [MESSAGE][PASSED] - Object: 'Object Repository/Refunds for teams (CARD, ACH, CHECK)/Page_SportWrench - The Home of Sporting Events/td_3' is clicked on

14-04-2025T19:32:51 - [TEST_STEP][PASSED] - click(findTestObject("Object Repository/Refunds for teams (CARD, ACH, CHECK)/Page_SportWrench - The Home of Sporting Events/a_B09TRNTY16FL")): Object: 'Object Repository/Refunds for teams (CARD, ACH, CHECK)/Page_SportWrench - The Home of Sporting Events/a_B09TRNTY16FL' is clicked on

14-04-2025T19:32:51 - [MESSAGE][PASSED] - Object: 'Object Repository/Refunds for teams (CARD, ACH, CHECK)/Page_SportWrench - The Home of Sporting Events/a_B09TRNTY16FL' is clicked on

14-04-2025T19:32:51 - [TEST_STEP][PASSED] - click(findTestObject("Object Repository/Refunds for teams (CARD, ACH, CHECK)/Page_SportWrench - The Home of Sporting Events/span_CHECK (pending)")): Object: 'Object Repository/Refunds for teams (CARD, ACH, CHECK)/Page_SportWrench - The Home of Sporting Events/span_CHECK (pending)' is clicked on

14-04-2025T19:32:53 - [MESSAGE][PASSED] - Object: 'Object Repository/Refunds for teams (CARD, ACH, CHECK)/Page_SportWrench - The Home of Sporting Events/span_CHECK (pending)' is clicked on

14-04-2025T19:32:53 - [TEST_STEP][PASSED] - click(findTestObject("Object Repository/Refunds for teams (CARD, ACH, CHECK)/Page_SportWrench - The Home of Sporting Events/input_Received_is_received")): Object: 'Object Repository/Refunds for teams (CARD, ACH, CHECK)/Page_SportWrench - The Home of Sporting Events/input_Received_is_received' is clicked on

14-04-2025T19:32:53 - [MESSAGE][PASSED] - Object: 'Object Repository/Refunds for teams (CARD, ACH, CHECK)/Page_SportWrench - The Home of Sporting Events/input_Received_is_received' is clicked on

14-04-2025T19:32:53 - [TEST_STEP][PASSED] - setText(findTestObject("Object Repository/Refunds for teams (CARD, ACH, CHECK)/Page_SportWrench - The Home of Sporting Events/input__check_num"), "1234567"): Text '1234567' is set on object 'Object Repository/Refunds for teams (CARD, ACH, CHECK)/Page_SportWrench - The Home of Sporting Events/input__check_num'

14-04-2025T19:32:54 - [MESSAGE][PASSED] - Text '1234567' is set on object 'Object Repository/Refunds for teams (CARD, ACH, CHECK)/Page_SportWrench - The Home of Sporting Events/input__check_num'

14-04-2025T19:32:54 - [TEST_STEP][PASSED] - click(findTestObject("Object Repository/Refunds for teams (CARD, ACH, CHECK)/Page_SportWrench - The Home of Sporting Events/button_Save")): Object: 'Object Repository/Refunds for teams (CARD, ACH, CHECK)/Page_SportWrench - The Home of Sporting Events/button_Save' is clicked on

14-04-2025T19:32:54 - [MESSAGE][PASSED] - Object: 'Object Repository/Refunds for teams (CARD, ACH, CHECK)/Page_SportWrench - The Home of Sporting Events/button_Save' is clicked on

14-04-2025T19:32:54 - [TEST_STEP][PASSED] - click(findTestObject("Object Repository/Refunds for teams (CARD, ACH, CHECK)/Page_SportWrench - The Home of Sporting Events/button_Void Invoice")): Object: 'Object Repository/Refunds for teams (CARD, ACH, CHECK)/Page_SportWrench - The Home of Sporting Events/button_Void Invoice' is clicked on

14-04-2025T19:32:55 - [MESSAGE][PASSED] - Object: 'Object Repository/Refunds for teams (CARD, ACH, CHECK)/Page_SportWrench - The Home of Sporting Events/button_Void Invoice' is clicked on

14-04-2025T19:32:55 - [TEST_STEP][PASSED] - click(findTestObject("Object Repository/Refunds for teams (CARD, ACH, CHECK)/Page_SportWrench - The Home of Sporting Events/button_Yes")): Object: 'Object Repository/Refunds for teams (CARD, ACH, CHECK)/Page_SportWrench - The Home of Sporting Events/button_Yes' is clicked on

14-04-2025T19:32:56 - [MESSAGE][PASSED] - Object: 'Object Repository/Refunds for teams (CARD, ACH, CHECK)/Page_SportWrench - The Home of Sporting Events/button_Yes' is clicked on

14-04-2025T19:32:56 - [TEST_STEP][PASSED] - click(findTestObject("Object Repository/Refunds for teams (CARD, ACH, CHECK)/Page_SportWrench - The Home of Sporting Events/button_Close")): Object: 'Object Repository/Refunds for teams (CARD, ACH, CHECK)/Page_SportWrench - The Home of Sporting Events/button_Close' is clicked on

14-04-2025T19:32:57 - [MESSAGE][PASSED] - Object: 'Object Repository/Refunds for teams (CARD, ACH, CHECK)/Page_SportWrench - The Home of Sporting Events/button_Close' is clicked on

14-04-2025T19:32:57 - [TEST_STEP][PASSED] - click(findTestObject("Object Repository/Refunds for teams (CARD, ACH, CHECK)/Page_SportWrench - The Home of Sporting Events/a_Accounting")): Object: 'Object Repository/Refunds for teams (CARD, ACH, CHECK)/Page_SportWrench - The Home of Sporting Events/a_Accounting' is clicked on

14-04-2025T19:32:57 - [MESSAGE][PASSED] - Object: 'Object Repository/Refunds for teams (CARD, ACH, CHECK)/Page_SportWrench - The Home of Sporting Events/a_Accounting' is clicked on

14-04-2025T19:32:57 - [TEST_STEP][PASSED] - click(findTestObject("Object Repository/Refunds for teams (CARD, ACH, CHECK)/Page_SportWrench - The Home of Sporting Events/div_0.00")): Object: 'Object Repository/Refunds for teams (CARD, ACH, CHECK)/Page_SportWrench - The Home of Sporting Events/div_0.00' is clicked on

14-04-2025T19:32:58 - [MESSAGE][PASSED] - Object: 'Object Repository/Refunds for teams (CARD, ACH, CHECK)/Page_SportWrench - The Home of Sporting Events/div_0.00' is clicked on

14-04-2025T19:32:58 - [TEST_STEP][PASSED] - click(findTestObject("Object Repository/Refunds for teams (CARD, ACH, CHECK)/Page_SportWrench - The Home of Sporting Events/div_0.00_1")): Object: 'Object Repository/Refunds for teams (CARD, ACH, CHECK)/Page_SportWrench - The Home of Sporting Events/div_0.00_1' is clicked on

14-04-2025T19:32:59 - [MESSAGE][PASSED] - Object: 'Object Repository/Refunds for teams (CARD, ACH, CHECK)/Page_SportWrench - The Home of Sporting Events/div_0.00_1' is clicked on

14-04-2025T19:32:59 - [TEST_STEP][PASSED] - click(findTestObject("Object Repository/Refunds for teams (CARD, ACH, CHECK)/Page_SportWrench - The Home of Sporting Events/div_0.00_1_2")): Object: 'Object Repository/Refunds for teams (CARD, ACH, CHECK)/Page_SportWrench - The Home of Sporting Events/div_0.00_1_2' is clicked on

14-04-2025T19:32:59 - [MESSAGE][PASSED] - Object: 'Object Repository/Refunds for teams (CARD, ACH, CHECK)/Page_SportWrench - The Home of Sporting Events/div_0.00_1_2' is clicked on

14-04-2025T19:32:59 - [TEST_STEP][PASSED] - click(findTestObject("Object Repository/Refunds for teams (CARD, ACH, CHECK)/Page_SportWrench - The Home of Sporting Events/div_0.00_1_2_3")): Object: 'Object Repository/Refunds for teams (CARD, ACH, CHECK)/Page_SportWrench - The Home of Sporting Events/div_0.00_1_2_3' is clicked on

14-04-2025T19:32:59 - [MESSAGE][PASSED] - Object: 'Object Repository/Refunds for teams (CARD, ACH, CHECK)/Page_SportWrench - The Home of Sporting Events/div_0.00_1_2_3' is clicked on

14-04-2025T19:32:59 - [TEST_STEP][PASSED] - verifyElementPresent(findTestObject("Refunds for teams (CARD, ACH, CHECK)/Page_SportWrench - The Home of Sporting Events/div_0.00"), 0): Object 'Object Repository/Refunds for teams (CARD, ACH, CHECK)/Page_SportWrench - The Home of Sporting Events/div_0.00' is present

14-04-2025T19:32:59 - [MESSAGE][WARNING] - Timeout '0' is invalid. Using default page load timeout: '30'

14-04-2025T19:32:59 - [MESSAGE][PASSED] - Object 'Object Repository/Refunds for teams (CARD, ACH, CHECK)/Page_SportWrench - The Home of Sporting Events/div_0.00' is present

14-04-2025T19:32:59 - [TEST_STEP][PASSED] - verifyElementPresent(findTestObject("Refunds for teams (CARD, ACH, CHECK)/Page_SportWrench - The Home of Sporting Events/div_0.00_1"), 0): Object 'Object Repository/Refunds for teams (CARD, ACH, CHECK)/Page_SportWrench - The Home of Sporting Events/div_0.00_1' is present

14-04-2025T19:33:00 - [MESSAGE][WARNING] - Timeout '0' is invalid. Using default page load timeout: '30'

14-04-2025T19:33:00 - [MESSAGE][PASSED] - Object 'Object Repository/Refunds for teams (CARD, ACH, CHECK)/Page_SportWrench - The Home of Sporting Events/div_0.00_1' is present

14-04-2025T19:33:00 - [TEST_STEP][PASSED] - verifyElementPresent(findTestObject("Refunds for teams (CARD, ACH, CHECK)/Page_SportWrench - The Home of Sporting Events/div_0.00_1_2"), 0): Object 'Object Repository/Refunds for teams (CARD, ACH, CHECK)/Page_SportWrench - The Home of Sporting Events/div_0.00_1_2' is present

14-04-2025T19:33:00 - [MESSAGE][WARNING] - Timeout '0' is invalid. Using default page load timeout: '30'

14-04-2025T19:33:00 - [MESSAGE][PASSED] - Object 'Object Repository/Refunds for teams (CARD, ACH, CHECK)/Page_SportWrench - The Home of Sporting Events/div_0.00_1_2' is present

14-04-2025T19:33:00 - [TEST_STEP][PASSED] - verifyElementPresent(findTestObject("Refunds for teams (CARD, ACH, CHECK)/Page_SportWrench - The Home of Sporting Events/div_0.00_1_2_3"), 0): Object 'Object Repository/Refunds for teams (CARD, ACH, CHECK)/Page_SportWrench - The Home of Sporting Events/div_0.00_1_2_3' is present

14-04-2025T19:33:00 - [MESSAGE][WARNING] - Timeout '0' is invalid. Using default page load timeout: '30'

14-04-2025T19:33:00 - [MESSAGE][PASSED] - Object 'Object Repository/Refunds for teams (CARD, ACH, CHECK)/Page_SportWrench - The Home of Sporting Events/div_0.00_1_2_3' is present

14-04-2025T19:33:00 - [TEST_STEP][PASSED] - closeBrowser(): Browser is closed

14-04-2025T19:33:00 - [MESSAGE][PASSED] - Browser is closed]]></system-out>
         <system-err><![CDATA[]]></system-err>
      </testcase>
      <testcase name="Test Cases/Payments for teams (CARD, ACH, CHECK)" time="49.766" classname="Test Cases/Payments for teams (CARD, ACH, CHECK)" status="PASSED">
         <system-out><![CDATA[14-04-2025T19:33:00 - [TEST_CASE][PASSED] - Test Cases/Payments for teams (CARD, ACH, CHECK): Test Cases/Payments for teams (CARD, ACH, CHECK)

14-04-2025T19:33:00 - [TEST_STEP][PASSED] - openBrowser("http://USAV:demo@dev.swstage.com/"): Browser is opened with url: 'http://USAV:demo@dev.swstage.com/'

14-04-2025T19:33:00 - [MESSAGE][INFO] - Starting 'Chrome' driver

14-04-2025T19:33:00 - [MESSAGE][INFO] - Action delay is set to 0 milliseconds

14-04-2025T19:33:04 - [MESSAGE][PASSED] - Browser is opened with url: 'http://USAV:demo@dev.swstage.com/'

14-04-2025T19:33:04 - [TEST_STEP][PASSED] - navigateToUrl("http://USAV:demo@my.dev.swstage.com/#/"): Navigate to 'http://USAV:demo@my.dev.swstage.com/#/' successfully

14-04-2025T19:33:07 - [MESSAGE][PASSED] - Navigate to 'http://USAV:demo@my.dev.swstage.com/#/' successfully

14-04-2025T19:33:07 - [TEST_STEP][PASSED] - setText(findTestObject("Object Repository/Payment for teams (CARD, ACH, CHECK)/Page_SportWrench - The Home of Sporting Events/input_Log In_email"), "coachjon@trinityvolleyball.com"): Text 'coachjon@trinityvolleyball.com' is set on object 'Object Repository/Payment for teams (CARD, ACH, CHECK)/Page_SportWrench - The Home of Sporting Events/input_Log In_email'

14-04-2025T19:33:07 - [MESSAGE][PASSED] - Text 'coachjon@trinityvolleyball.com' is set on object 'Object Repository/Payment for teams (CARD, ACH, CHECK)/Page_SportWrench - The Home of Sporting Events/input_Log In_email'

14-04-2025T19:33:07 - [TEST_STEP][PASSED] - setEncryptedText(findTestObject("Object Repository/Payment for teams (CARD, ACH, CHECK)/Page_SportWrench - The Home of Sporting Events/input_false_password"), "ugkk24xDMrWrlVpEbACuNZEQlZ6qfcdw"): Text ****** has been set on object 'Object Repository/Payment for teams (CARD, ACH, CHECK)/Page_SportWrench - The Home of Sporting Events/input_false_password'

14-04-2025T19:33:08 - [MESSAGE][PASSED] - Text ****** has been set on object 'Object Repository/Payment for teams (CARD, ACH, CHECK)/Page_SportWrench - The Home of Sporting Events/input_false_password'

14-04-2025T19:33:08 - [TEST_STEP][PASSED] - click(findTestObject("Object Repository/Payment for teams (CARD, ACH, CHECK)/Page_SportWrench - The Home of Sporting Events/button_Log In")): Object: 'Object Repository/Payment for teams (CARD, ACH, CHECK)/Page_SportWrench - The Home of Sporting Events/button_Log In' is clicked on

14-04-2025T19:33:08 - [MESSAGE][PASSED] - Object: 'Object Repository/Payment for teams (CARD, ACH, CHECK)/Page_SportWrench - The Home of Sporting Events/button_Log In' is clicked on

14-04-2025T19:33:08 - [TEST_STEP][PASSED] - click(findTestObject("Object Repository/Payment for teams (CARD, ACH, CHECK)/Page_SportWrench - The Home of Sporting Events/a_Enter Events")): Object: 'Object Repository/Payment for teams (CARD, ACH, CHECK)/Page_SportWrench - The Home of Sporting Events/a_Enter Events' is clicked on

14-04-2025T19:33:09 - [MESSAGE][PASSED] - Object: 'Object Repository/Payment for teams (CARD, ACH, CHECK)/Page_SportWrench - The Home of Sporting Events/a_Enter Events' is clicked on

14-04-2025T19:33:09 - [TEST_STEP][PASSED] - click(findTestObject("Object Repository/Payment for teams (CARD, ACH, CHECK)/Page_SportWrench - The Home of Sporting Events/button_Manage Teams")): Object: 'Object Repository/Payment for teams (CARD, ACH, CHECK)/Page_SportWrench - The Home of Sporting Events/button_Manage Teams' is clicked on

14-04-2025T19:33:10 - [MESSAGE][PASSED] - Object: 'Object Repository/Payment for teams (CARD, ACH, CHECK)/Page_SportWrench - The Home of Sporting Events/button_Manage Teams' is clicked on

14-04-2025T19:33:10 - [TEST_STEP][PASSED] - click(findTestObject("Object Repository/Payment for teams (CARD, ACH, CHECK)/Page_SportWrench - The Home of Sporting Events/button_Pay")): Object: 'Object Repository/Payment for teams (CARD, ACH, CHECK)/Page_SportWrench - The Home of Sporting Events/button_Pay' is clicked on

14-04-2025T19:33:12 - [MESSAGE][PASSED] - Object: 'Object Repository/Payment for teams (CARD, ACH, CHECK)/Page_SportWrench - The Home of Sporting Events/button_Pay' is clicked on

14-04-2025T19:33:12 - [TEST_STEP][PASSED] - delay(2): Delayed 2 second(s)

14-04-2025T19:33:14 - [MESSAGE][PASSED] - Delayed 2 second(s)

14-04-2025T19:33:14 - [TEST_STEP][PASSED] - click(findTestObject("Object Repository/Payment for teams (CARD, ACH, CHECK)/Page_SportWrench - The Home of Sporting Events/input_Payment history_ng-pristine ng-untouc_97ddf2")): Object: 'Object Repository/Payment for teams (CARD, ACH, CHECK)/Page_SportWrench - The Home of Sporting Events/input_Payment history_ng-pristine ng-untouc_97ddf2' is clicked on

14-04-2025T19:33:14 - [MESSAGE][PASSED] - Object: 'Object Repository/Payment for teams (CARD, ACH, CHECK)/Page_SportWrench - The Home of Sporting Events/input_Payment history_ng-pristine ng-untouc_97ddf2' is clicked on

14-04-2025T19:33:14 - [TEST_STEP][PASSED] - click(findTestObject("Object Repository/Payment for teams (CARD, ACH, CHECK)/Page_SportWrench - The Home of Sporting Events/input_To Pay_ng-pristine ng-untouched ng-va_e7e142")): Object: 'Object Repository/Payment for teams (CARD, ACH, CHECK)/Page_SportWrench - The Home of Sporting Events/input_To Pay_ng-pristine ng-untouched ng-va_e7e142' is clicked on

14-04-2025T19:33:14 - [MESSAGE][PASSED] - Object: 'Object Repository/Payment for teams (CARD, ACH, CHECK)/Page_SportWrench - The Home of Sporting Events/input_To Pay_ng-pristine ng-untouched ng-va_e7e142' is clicked on

14-04-2025T19:33:14 - [TEST_STEP][PASSED] - click(findTestObject("Object Repository/Payment for teams (CARD, ACH, CHECK)/Page_SportWrench - The Home of Sporting Events/input_1,000.00_ng-pristine ng-untouched ng-_714ebc")): Object: 'Object Repository/Payment for teams (CARD, ACH, CHECK)/Page_SportWrench - The Home of Sporting Events/input_1,000.00_ng-pristine ng-untouched ng-_714ebc' is clicked on

14-04-2025T19:33:15 - [MESSAGE][PASSED] - Object: 'Object Repository/Payment for teams (CARD, ACH, CHECK)/Page_SportWrench - The Home of Sporting Events/input_1,000.00_ng-pristine ng-untouched ng-_714ebc' is clicked on

14-04-2025T19:33:15 - [TEST_STEP][PASSED] - click(findTestObject("Object Repository/Payment for teams (CARD, ACH, CHECK)/Page_SportWrench - The Home of Sporting Events/input_1,000.00_ng-pristine ng-untouched ng-_714ebc_1")): Object: 'Object Repository/Payment for teams (CARD, ACH, CHECK)/Page_SportWrench - The Home of Sporting Events/input_1,000.00_ng-pristine ng-untouched ng-_714ebc_1' is clicked on

14-04-2025T19:33:15 - [MESSAGE][PASSED] - Object: 'Object Repository/Payment for teams (CARD, ACH, CHECK)/Page_SportWrench - The Home of Sporting Events/input_1,000.00_ng-pristine ng-untouched ng-_714ebc_1' is clicked on

14-04-2025T19:33:15 - [TEST_STEP][PASSED] - click(findTestObject("Object Repository/Payment for teams (CARD, ACH, CHECK)/Page_SportWrench - The Home of Sporting Events/input_1,000.00_ng-pristine ng-untouched ng-_714ebc_1_2")): Object: 'Object Repository/Payment for teams (CARD, ACH, CHECK)/Page_SportWrench - The Home of Sporting Events/input_1,000.00_ng-pristine ng-untouched ng-_714ebc_1_2' is clicked on

14-04-2025T19:33:16 - [MESSAGE][PASSED] - Object: 'Object Repository/Payment for teams (CARD, ACH, CHECK)/Page_SportWrench - The Home of Sporting Events/input_1,000.00_ng-pristine ng-untouched ng-_714ebc_1_2' is clicked on

14-04-2025T19:33:16 - [TEST_STEP][PASSED] - click(findTestObject("Object Repository/Payment for teams (CARD, ACH, CHECK)/Page_SportWrench - The Home of Sporting Events/input_1,000.00_ng-pristine ng-untouched ng-_714ebc_1_2_3")): Object: 'Object Repository/Payment for teams (CARD, ACH, CHECK)/Page_SportWrench - The Home of Sporting Events/input_1,000.00_ng-pristine ng-untouched ng-_714ebc_1_2_3' is clicked on

14-04-2025T19:33:16 - [MESSAGE][PASSED] - Object: 'Object Repository/Payment for teams (CARD, ACH, CHECK)/Page_SportWrench - The Home of Sporting Events/input_1,000.00_ng-pristine ng-untouched ng-_714ebc_1_2_3' is clicked on

14-04-2025T19:33:16 - [TEST_STEP][PASSED] - click(findTestObject("Object Repository/Payment for teams (CARD, ACH, CHECK)/Page_SportWrench - The Home of Sporting Events/div_Proceed to payment")): Object: 'Object Repository/Payment for teams (CARD, ACH, CHECK)/Page_SportWrench - The Home of Sporting Events/div_Proceed to payment' is clicked on

14-04-2025T19:33:16 - [MESSAGE][PASSED] - Object: 'Object Repository/Payment for teams (CARD, ACH, CHECK)/Page_SportWrench - The Home of Sporting Events/div_Proceed to payment' is clicked on

14-04-2025T19:33:16 - [TEST_STEP][PASSED] - delay(2): Delayed 2 second(s)

14-04-2025T19:33:18 - [MESSAGE][PASSED] - Delayed 2 second(s)

14-04-2025T19:33:18 - [TEST_STEP][PASSED] - setText(findTestObject("Object Repository/Payment for teams (CARD, ACH, CHECK)/Page_SportWrench - The Home of Sporting Events/input_Card number_number"), "4242 4242 4242 4242"): Text '4242 4242 4242 4242' is set on object 'Object Repository/Payment for teams (CARD, ACH, CHECK)/Page_SportWrench - The Home of Sporting Events/input_Card number_number'

14-04-2025T19:33:18 - [MESSAGE][WARNING] - [SELF-HEALING] Failed to find element with id 'Object Repository/Payment for teams (CARD, ACH, CHECK)/Page_SportWrench - The Home of Sporting Events/iframe_Use a Different Method___privateStri_5887b7'. Try using Self-healing.

14-04-2025T19:33:19 - [MESSAGE][WARNING] - [SELF-HEALING] The current locator of test object 'Object Repository/Payment for teams (CARD, ACH, CHECK)/Page_SportWrench - The Home of Sporting Events/iframe_Use a Different Method___privateStri_5887b7' was broken. Propose an alternative one: '//div[@id='payment-element']/div/iframe'.

14-04-2025T19:33:19 - [MESSAGE][PASSED] - Text '4242 4242 4242 4242' is set on object 'Object Repository/Payment for teams (CARD, ACH, CHECK)/Page_SportWrench - The Home of Sporting Events/input_Card number_number'

14-04-2025T19:33:19 - [TEST_STEP][PASSED] - setText(findTestObject("Object Repository/Payment for teams (CARD, ACH, CHECK)/Page_SportWrench - The Home of Sporting Events/input_MM  YY_expiry"), "12 / 26"): Text '12 / 26' is set on object 'Object Repository/Payment for teams (CARD, ACH, CHECK)/Page_SportWrench - The Home of Sporting Events/input_MM  YY_expiry'

14-04-2025T19:33:19 - [MESSAGE][WARNING] - [SELF-HEALING] Failed to find element with id 'Object Repository/Payment for teams (CARD, ACH, CHECK)/Page_SportWrench - The Home of Sporting Events/iframe_Use a Different Method___privateStri_5887b7'. Try using Self-healing.

14-04-2025T19:33:19 - [MESSAGE][WARNING] - [SELF-HEALING] The current locator of test object 'Object Repository/Payment for teams (CARD, ACH, CHECK)/Page_SportWrench - The Home of Sporting Events/iframe_Use a Different Method___privateStri_5887b7' was broken. Propose an alternative one: '//div[@id='payment-element']/div/iframe'.

14-04-2025T19:33:19 - [MESSAGE][PASSED] - Text '12 / 26' is set on object 'Object Repository/Payment for teams (CARD, ACH, CHECK)/Page_SportWrench - The Home of Sporting Events/input_MM  YY_expiry'

14-04-2025T19:33:19 - [TEST_STEP][PASSED] - setText(findTestObject("Object Repository/Payment for teams (CARD, ACH, CHECK)/Page_SportWrench - The Home of Sporting Events/input_Security code_cvc"), "345"): Text '345' is set on object 'Object Repository/Payment for teams (CARD, ACH, CHECK)/Page_SportWrench - The Home of Sporting Events/input_Security code_cvc'

14-04-2025T19:33:20 - [MESSAGE][WARNING] - [SELF-HEALING] Failed to find element with id 'Object Repository/Payment for teams (CARD, ACH, CHECK)/Page_SportWrench - The Home of Sporting Events/iframe_Use a Different Method___privateStri_5887b7'. Try using Self-healing.

14-04-2025T19:33:20 - [MESSAGE][WARNING] - [SELF-HEALING] The current locator of test object 'Object Repository/Payment for teams (CARD, ACH, CHECK)/Page_SportWrench - The Home of Sporting Events/iframe_Use a Different Method___privateStri_5887b7' was broken. Propose an alternative one: '//div[@id='payment-element']/div/iframe'.

14-04-2025T19:33:20 - [MESSAGE][PASSED] - Text '345' is set on object 'Object Repository/Payment for teams (CARD, ACH, CHECK)/Page_SportWrench - The Home of Sporting Events/input_Security code_cvc'

14-04-2025T19:33:20 - [TEST_STEP][PASSED] - click(findTestObject("Object Repository/Payment for teams (CARD, ACH, CHECK)/Page_SportWrench - The Home of Sporting Events/button_Pay 5,000.00")): Object: 'Object Repository/Payment for teams (CARD, ACH, CHECK)/Page_SportWrench - The Home of Sporting Events/button_Pay 5,000.00' is clicked on

14-04-2025T19:33:20 - [MESSAGE][PASSED] - Object: 'Object Repository/Payment for teams (CARD, ACH, CHECK)/Page_SportWrench - The Home of Sporting Events/button_Pay 5,000.00' is clicked on

14-04-2025T19:33:20 - [TEST_STEP][PASSED] - delay(5): Delayed 5 second(s)

14-04-2025T19:33:25 - [MESSAGE][PASSED] - Delayed 5 second(s)

14-04-2025T19:33:25 - [TEST_STEP][PASSED] - verifyElementPresent(findTestObject("Object Repository/Payment for teams (CARD, ACH, CHECK)/Page_SportWrench - The Home of Sporting Events/span_Your Payment of 5,000.00 succeeded"), 1): Object 'Object Repository/Payment for teams (CARD, ACH, CHECK)/Page_SportWrench - The Home of Sporting Events/span_Your Payment of 5,000.00 succeeded' is present

14-04-2025T19:33:26 - [MESSAGE][PASSED] - Object 'Object Repository/Payment for teams (CARD, ACH, CHECK)/Page_SportWrench - The Home of Sporting Events/span_Your Payment of 5,000.00 succeeded' is present

14-04-2025T19:33:26 - [TEST_STEP][PASSED] - click(findTestObject("Object Repository/Payment for teams (CARD, ACH, CHECK)/Page_SportWrench - The Home of Sporting Events/button_Close")): Object: 'Object Repository/Payment for teams (CARD, ACH, CHECK)/Page_SportWrench - The Home of Sporting Events/button_Close' is clicked on

14-04-2025T19:33:29 - [MESSAGE][PASSED] - Object: 'Object Repository/Payment for teams (CARD, ACH, CHECK)/Page_SportWrench - The Home of Sporting Events/button_Close' is clicked on

14-04-2025T19:33:29 - [TEST_STEP][PASSED] - click(findTestObject("Object Repository/Payment for teams (CARD, ACH, CHECK)/Page_SportWrench - The Home of Sporting Events/button_Pay")): Object: 'Object Repository/Payment for teams (CARD, ACH, CHECK)/Page_SportWrench - The Home of Sporting Events/button_Pay' is clicked on

14-04-2025T19:33:29 - [MESSAGE][PASSED] - Object: 'Object Repository/Payment for teams (CARD, ACH, CHECK)/Page_SportWrench - The Home of Sporting Events/button_Pay' is clicked on

14-04-2025T19:33:29 - [TEST_STEP][PASSED] - click(findTestObject("Object Repository/Payment for teams (CARD, ACH, CHECK)/Page_SportWrench - The Home of Sporting Events/input_Payment history_ng-pristine ng-untouc_97ddf2")): Object: 'Object Repository/Payment for teams (CARD, ACH, CHECK)/Page_SportWrench - The Home of Sporting Events/input_Payment history_ng-pristine ng-untouc_97ddf2' is clicked on

14-04-2025T19:33:30 - [MESSAGE][PASSED] - Object: 'Object Repository/Payment for teams (CARD, ACH, CHECK)/Page_SportWrench - The Home of Sporting Events/input_Payment history_ng-pristine ng-untouc_97ddf2' is clicked on

14-04-2025T19:33:30 - [TEST_STEP][PASSED] - click(findTestObject("Object Repository/Payment for teams (CARD, ACH, CHECK)/Page_SportWrench - The Home of Sporting Events/input_To Pay_ng-pristine ng-untouched ng-va_e7e142")): Object: 'Object Repository/Payment for teams (CARD, ACH, CHECK)/Page_SportWrench - The Home of Sporting Events/input_To Pay_ng-pristine ng-untouched ng-va_e7e142' is clicked on

14-04-2025T19:33:30 - [MESSAGE][PASSED] - Object: 'Object Repository/Payment for teams (CARD, ACH, CHECK)/Page_SportWrench - The Home of Sporting Events/input_To Pay_ng-pristine ng-untouched ng-va_e7e142' is clicked on

14-04-2025T19:33:30 - [TEST_STEP][PASSED] - click(findTestObject("Object Repository/Payment for teams (CARD, ACH, CHECK)/Page_SportWrench - The Home of Sporting Events/input_1,000.00_ng-pristine ng-untouched ng-_714ebc")): Object: 'Object Repository/Payment for teams (CARD, ACH, CHECK)/Page_SportWrench - The Home of Sporting Events/input_1,000.00_ng-pristine ng-untouched ng-_714ebc' is clicked on

14-04-2025T19:33:31 - [MESSAGE][PASSED] - Object: 'Object Repository/Payment for teams (CARD, ACH, CHECK)/Page_SportWrench - The Home of Sporting Events/input_1,000.00_ng-pristine ng-untouched ng-_714ebc' is clicked on

14-04-2025T19:33:31 - [TEST_STEP][PASSED] - click(findTestObject("Object Repository/Payment for teams (CARD, ACH, CHECK)/Page_SportWrench - The Home of Sporting Events/input_1,000.00_ng-pristine ng-untouched ng-_714ebc_1")): Object: 'Object Repository/Payment for teams (CARD, ACH, CHECK)/Page_SportWrench - The Home of Sporting Events/input_1,000.00_ng-pristine ng-untouched ng-_714ebc_1' is clicked on

14-04-2025T19:33:31 - [MESSAGE][PASSED] - Object: 'Object Repository/Payment for teams (CARD, ACH, CHECK)/Page_SportWrench - The Home of Sporting Events/input_1,000.00_ng-pristine ng-untouched ng-_714ebc_1' is clicked on

14-04-2025T19:33:31 - [TEST_STEP][PASSED] - click(findTestObject("Object Repository/Payment for teams (CARD, ACH, CHECK)/Page_SportWrench - The Home of Sporting Events/div_Proceed to payment_1")): Object: 'Object Repository/Payment for teams (CARD, ACH, CHECK)/Page_SportWrench - The Home of Sporting Events/div_Proceed to payment_1' is clicked on

14-04-2025T19:33:31 - [MESSAGE][PASSED] - Object: 'Object Repository/Payment for teams (CARD, ACH, CHECK)/Page_SportWrench - The Home of Sporting Events/div_Proceed to payment_1' is clicked on

14-04-2025T19:33:31 - [TEST_STEP][PASSED] - click(findTestObject("Object Repository/Payment for teams (CARD, ACH, CHECK)/Page_SportWrench - The Home of Sporting Events/a_Check")): Object: 'Object Repository/Payment for teams (CARD, ACH, CHECK)/Page_SportWrench - The Home of Sporting Events/a_Check' is clicked on

14-04-2025T19:33:33 - [MESSAGE][PASSED] - Object: 'Object Repository/Payment for teams (CARD, ACH, CHECK)/Page_SportWrench - The Home of Sporting Events/a_Check' is clicked on

14-04-2025T19:33:33 - [TEST_STEP][PASSED] - click(findTestObject("Object Repository/Payment for teams (CARD, ACH, CHECK)/Page_SportWrench - The Home of Sporting Events/button_Confirm 3,000.00")): Object: 'Object Repository/Payment for teams (CARD, ACH, CHECK)/Page_SportWrench - The Home of Sporting Events/button_Confirm 3,000.00' is clicked on

14-04-2025T19:33:33 - [MESSAGE][PASSED] - Object: 'Object Repository/Payment for teams (CARD, ACH, CHECK)/Page_SportWrench - The Home of Sporting Events/button_Confirm 3,000.00' is clicked on

14-04-2025T19:33:33 - [TEST_STEP][PASSED] - verifyElementPresent(findTestObject("Object Repository/Payment for teams (CARD, ACH, CHECK)/Page_SportWrench - The Home of Sporting Events/span_Your Payment of 3,000.00 is pending re_a194a2"), 0): Object 'Object Repository/Payment for teams (CARD, ACH, CHECK)/Page_SportWrench - The Home of Sporting Events/span_Your Payment of 3,000.00 is pending re_a194a2' is present

14-04-2025T19:33:33 - [MESSAGE][WARNING] - Timeout '0' is invalid. Using default page load timeout: '30'

14-04-2025T19:33:35 - [MESSAGE][PASSED] - Object 'Object Repository/Payment for teams (CARD, ACH, CHECK)/Page_SportWrench - The Home of Sporting Events/span_Your Payment of 3,000.00 is pending re_a194a2' is present

14-04-2025T19:33:35 - [TEST_STEP][PASSED] - click(findTestObject("Object Repository/Payment for teams (CARD, ACH, CHECK)/Page_SportWrench - The Home of Sporting Events/button_Close")): Object: 'Object Repository/Payment for teams (CARD, ACH, CHECK)/Page_SportWrench - The Home of Sporting Events/button_Close' is clicked on

14-04-2025T19:33:35 - [MESSAGE][PASSED] - Object: 'Object Repository/Payment for teams (CARD, ACH, CHECK)/Page_SportWrench - The Home of Sporting Events/button_Close' is clicked on

14-04-2025T19:33:35 - [TEST_STEP][PASSED] - click(findTestObject("Object Repository/Payment for teams (CARD, ACH, CHECK)/Page_SportWrench - The Home of Sporting Events/button_Pay")): Object: 'Object Repository/Payment for teams (CARD, ACH, CHECK)/Page_SportWrench - The Home of Sporting Events/button_Pay' is clicked on

14-04-2025T19:33:36 - [MESSAGE][PASSED] - Object: 'Object Repository/Payment for teams (CARD, ACH, CHECK)/Page_SportWrench - The Home of Sporting Events/button_Pay' is clicked on

14-04-2025T19:33:36 - [TEST_STEP][PASSED] - click(findTestObject("Object Repository/Payment for teams (CARD, ACH, CHECK)/Page_SportWrench - The Home of Sporting Events/div_Proceed to payment_1_2")): Object: 'Object Repository/Payment for teams (CARD, ACH, CHECK)/Page_SportWrench - The Home of Sporting Events/div_Proceed to payment_1_2' is clicked on

14-04-2025T19:33:36 - [MESSAGE][PASSED] - Object: 'Object Repository/Payment for teams (CARD, ACH, CHECK)/Page_SportWrench - The Home of Sporting Events/div_Proceed to payment_1_2' is clicked on

14-04-2025T19:33:36 - [TEST_STEP][PASSED] - click(findTestObject("Object Repository/Payment for teams (CARD, ACH, CHECK)/Page_SportWrench - The Home of Sporting Events/button_US bank account")): Object: 'Object Repository/Payment for teams (CARD, ACH, CHECK)/Page_SportWrench - The Home of Sporting Events/button_US bank account' is clicked on

14-04-2025T19:33:38 - [MESSAGE][WARNING] - [SELF-HEALING] Failed to find element with id 'Object Repository/Payment for teams (CARD, ACH, CHECK)/Page_SportWrench - The Home of Sporting Events/iframe_Use a Different Method___privateStri_ba7f68'. Try using Self-healing.

14-04-2025T19:33:38 - [MESSAGE][WARNING] - [SELF-HEALING] The current locator of test object 'Object Repository/Payment for teams (CARD, ACH, CHECK)/Page_SportWrench - The Home of Sporting Events/iframe_Use a Different Method___privateStri_ba7f68' was broken. Propose an alternative one: '//div[@id='payment-element']/div/iframe'.

14-04-2025T19:33:38 - [MESSAGE][PASSED] - Object: 'Object Repository/Payment for teams (CARD, ACH, CHECK)/Page_SportWrench - The Home of Sporting Events/button_US bank account' is clicked on

14-04-2025T19:33:38 - [TEST_STEP][PASSED] - setText(findTestObject("Object Repository/Payment for teams (CARD, ACH, CHECK)/Page_SportWrench - The Home of Sporting Events/input_Email_email"), "ddfdfgf@gmail.com"): Text 'ddfdfgf@gmail.com' is set on object 'Object Repository/Payment for teams (CARD, ACH, CHECK)/Page_SportWrench - The Home of Sporting Events/input_Email_email'

14-04-2025T19:33:38 - [MESSAGE][WARNING] - [SELF-HEALING] Failed to find element with id 'Object Repository/Payment for teams (CARD, ACH, CHECK)/Page_SportWrench - The Home of Sporting Events/iframe_Use a Different Method___privateStri_ba7f68'. Try using Self-healing.

14-04-2025T19:33:38 - [MESSAGE][WARNING] - [SELF-HEALING] The current locator of test object 'Object Repository/Payment for teams (CARD, ACH, CHECK)/Page_SportWrench - The Home of Sporting Events/iframe_Use a Different Method___privateStri_ba7f68' was broken. Propose an alternative one: '//div[@id='payment-element']/div/iframe'.

14-04-2025T19:33:39 - [MESSAGE][PASSED] - Text 'ddfdfgf@gmail.com' is set on object 'Object Repository/Payment for teams (CARD, ACH, CHECK)/Page_SportWrench - The Home of Sporting Events/input_Email_email'

14-04-2025T19:33:39 - [TEST_STEP][PASSED] - setText(findTestObject("Object Repository/Payment for teams (CARD, ACH, CHECK)/Page_SportWrench - The Home of Sporting Events/input_Full name_name"), "ddfddf fgffgfg"): Text 'ddfddf fgffgfg' is set on object 'Object Repository/Payment for teams (CARD, ACH, CHECK)/Page_SportWrench - The Home of Sporting Events/input_Full name_name'

14-04-2025T19:33:39 - [MESSAGE][WARNING] - [SELF-HEALING] Failed to find element with id 'Object Repository/Payment for teams (CARD, ACH, CHECK)/Page_SportWrench - The Home of Sporting Events/iframe_Use a Different Method___privateStri_ba7f68'. Try using Self-healing.

14-04-2025T19:33:39 - [MESSAGE][WARNING] - [SELF-HEALING] The current locator of test object 'Object Repository/Payment for teams (CARD, ACH, CHECK)/Page_SportWrench - The Home of Sporting Events/iframe_Use a Different Method___privateStri_ba7f68' was broken. Propose an alternative one: '//div[@id='payment-element']/div/iframe'.

14-04-2025T19:33:39 - [MESSAGE][PASSED] - Text 'ddfddf fgffgfg' is set on object 'Object Repository/Payment for teams (CARD, ACH, CHECK)/Page_SportWrench - The Home of Sporting Events/input_Full name_name'

14-04-2025T19:33:39 - [TEST_STEP][PASSED] - click(findTestObject("Object Repository/Payment for teams (CARD, ACH, CHECK)/Page_SportWrench - The Home of Sporting Events/p_Test Institution")): Object: 'Object Repository/Payment for teams (CARD, ACH, CHECK)/Page_SportWrench - The Home of Sporting Events/p_Test Institution' is clicked on

14-04-2025T19:33:39 - [MESSAGE][WARNING] - [SELF-HEALING] Failed to find element with id 'Object Repository/Payment for teams (CARD, ACH, CHECK)/Page_SportWrench - The Home of Sporting Events/iframe_Use a Different Method___privateStri_ba7f68'. Try using Self-healing.

14-04-2025T19:33:40 - [MESSAGE][WARNING] - [SELF-HEALING] The current locator of test object 'Object Repository/Payment for teams (CARD, ACH, CHECK)/Page_SportWrench - The Home of Sporting Events/iframe_Use a Different Method___privateStri_ba7f68' was broken. Propose an alternative one: '//div[@id='payment-element']/div/iframe'.

14-04-2025T19:33:40 - [MESSAGE][PASSED] - Object: 'Object Repository/Payment for teams (CARD, ACH, CHECK)/Page_SportWrench - The Home of Sporting Events/p_Test Institution' is clicked on

14-04-2025T19:33:40 - [TEST_STEP][PASSED] - enhancedClick(findTestObject("Payment for teams (CARD, ACH, CHECK)/Page_SportWrench - The Home of Sporting Events/button_Agree and continue")): Object: 'Object Repository/Payment for teams (CARD, ACH, CHECK)/Page_SportWrench - The Home of Sporting Events/button_Agree and continue' is clicked on

14-04-2025T19:33:41 - [MESSAGE][WARNING] - [SELF-HEALING] Failed to find element with id 'Object Repository/Payment for teams (CARD, ACH, CHECK)/Page_SportWrench - The Home of Sporting Events/iframe_New Payment___privateStripeFrame87928'. Try using Self-healing.

14-04-2025T19:33:41 - [MESSAGE][WARNING] - [SELF-HEALING] The current locator of test object 'Object Repository/Payment for teams (CARD, ACH, CHECK)/Page_SportWrench - The Home of Sporting Events/iframe_New Payment___privateStripeFrame87928' was broken. Propose an alternative one: '//iframe'.

14-04-2025T19:33:41 - [MESSAGE][PASSED] - Object: 'Object Repository/Payment for teams (CARD, ACH, CHECK)/Page_SportWrench - The Home of Sporting Events/button_Agree and continue' is clicked on

14-04-2025T19:33:41 - [TEST_STEP][PASSED] - click(findTestObject("Object Repository/Payment for teams (CARD, ACH, CHECK)/Page_SportWrench - The Home of Sporting Events/span_Connect account")): Object: 'Object Repository/Payment for teams (CARD, ACH, CHECK)/Page_SportWrench - The Home of Sporting Events/span_Connect account' is clicked on

14-04-2025T19:33:41 - [MESSAGE][WARNING] - [SELF-HEALING] Failed to find element with id 'Object Repository/Payment for teams (CARD, ACH, CHECK)/Page_SportWrench - The Home of Sporting Events/iframe_New Payment___privateStripeFrame87928'. Try using Self-healing.

14-04-2025T19:33:41 - [MESSAGE][WARNING] - [SELF-HEALING] The current locator of test object 'Object Repository/Payment for teams (CARD, ACH, CHECK)/Page_SportWrench - The Home of Sporting Events/iframe_New Payment___privateStripeFrame87928' was broken. Propose an alternative one: '//iframe'.

14-04-2025T19:33:45 - [MESSAGE][PASSED] - Object: 'Object Repository/Payment for teams (CARD, ACH, CHECK)/Page_SportWrench - The Home of Sporting Events/span_Connect account' is clicked on

14-04-2025T19:33:45 - [TEST_STEP][PASSED] - click(findTestObject("Object Repository/Payment for teams (CARD, ACH, CHECK)/Page_SportWrench - The Home of Sporting Events/span_Back to SportWrench Inc")): Object: 'Object Repository/Payment for teams (CARD, ACH, CHECK)/Page_SportWrench - The Home of Sporting Events/span_Back to SportWrench Inc' is clicked on

14-04-2025T19:33:45 - [MESSAGE][WARNING] - [SELF-HEALING] Failed to find element with id 'Object Repository/Payment for teams (CARD, ACH, CHECK)/Page_SportWrench - The Home of Sporting Events/iframe_New Payment___privateStripeFrame87928'. Try using Self-healing.

14-04-2025T19:33:45 - [MESSAGE][WARNING] - [SELF-HEALING] The current locator of test object 'Object Repository/Payment for teams (CARD, ACH, CHECK)/Page_SportWrench - The Home of Sporting Events/iframe_New Payment___privateStripeFrame87928' was broken. Propose an alternative one: '//iframe'.

14-04-2025T19:33:47 - [MESSAGE][PASSED] - Object: 'Object Repository/Payment for teams (CARD, ACH, CHECK)/Page_SportWrench - The Home of Sporting Events/span_Back to SportWrench Inc' is clicked on

14-04-2025T19:33:47 - [TEST_STEP][PASSED] - click(findTestObject("Object Repository/Payment for teams (CARD, ACH, CHECK)/Page_SportWrench - The Home of Sporting Events/button_Pay 4,000.00")): Object: 'Object Repository/Payment for teams (CARD, ACH, CHECK)/Page_SportWrench - The Home of Sporting Events/button_Pay 4,000.00' is clicked on

14-04-2025T19:33:49 - [MESSAGE][PASSED] - Object: 'Object Repository/Payment for teams (CARD, ACH, CHECK)/Page_SportWrench - The Home of Sporting Events/button_Pay 4,000.00' is clicked on

14-04-2025T19:33:49 - [TEST_STEP][PASSED] - verifyElementPresent(findTestObject("Object Repository/Payment for teams (CARD, ACH, CHECK)/Page_SportWrench - The Home of Sporting Events/span_Your Payment of 4,000.00 is pending ba_433985"), 0): Object 'Object Repository/Payment for teams (CARD, ACH, CHECK)/Page_SportWrench - The Home of Sporting Events/span_Your Payment of 4,000.00 is pending ba_433985' is present

14-04-2025T19:33:49 - [MESSAGE][WARNING] - Timeout '0' is invalid. Using default page load timeout: '30'

14-04-2025T19:33:50 - [MESSAGE][PASSED] - Object 'Object Repository/Payment for teams (CARD, ACH, CHECK)/Page_SportWrench - The Home of Sporting Events/span_Your Payment of 4,000.00 is pending ba_433985' is present

14-04-2025T19:33:50 - [TEST_STEP][PASSED] - closeBrowser(): Browser is closed

14-04-2025T19:33:50 - [MESSAGE][PASSED] - Browser is closed]]></system-out>
         <system-err><![CDATA[]]></system-err>
      </testcase>
      <testcase name="Test Cases/Refund for teams (CARD)" time="41.736" classname="Test Cases/Refund for teams (CARD)" status="PASSED">
         <system-out><![CDATA[14-04-2025T19:33:50 - [TEST_CASE][PASSED] - Test Cases/Refund for teams (CARD): Test Cases/Refund for teams (CARD)

14-04-2025T19:33:50 - [TEST_STEP][PASSED] - openBrowser("http://USAV:demo@dev.swstage.com/ "): Browser is opened with url: 'http://USAV:demo@dev.swstage.com/ '

14-04-2025T19:33:50 - [MESSAGE][INFO] - Starting 'Chrome' driver

14-04-2025T19:33:50 - [MESSAGE][INFO] - Action delay is set to 0 milliseconds

14-04-2025T19:33:54 - [MESSAGE][PASSED] - Browser is opened with url: 'http://USAV:demo@dev.swstage.com/ '

14-04-2025T19:33:54 - [TEST_STEP][PASSED] - navigateToUrl("http://USAV:demo@my.dev.swstage.com/#/"): Navigate to 'http://USAV:demo@my.dev.swstage.com/#/' successfully

14-04-2025T19:33:56 - [MESSAGE][PASSED] - Navigate to 'http://USAV:demo@my.dev.swstage.com/#/' successfully

14-04-2025T19:33:56 - [TEST_STEP][PASSED] - setText(findTestObject("Object Repository/Refund for teams (CARD)/Page_SportWrench - The Home of Sporting Events/input_Log In_email"), "dcgfcgchfhgvhv@gmail.com"): Text 'dcgfcgchfhgvhv@gmail.com' is set on object 'Object Repository/Refund for teams (CARD)/Page_SportWrench - The Home of Sporting Events/input_Log In_email'

14-04-2025T19:33:57 - [MESSAGE][PASSED] - Text 'dcgfcgchfhgvhv@gmail.com' is set on object 'Object Repository/Refund for teams (CARD)/Page_SportWrench - The Home of Sporting Events/input_Log In_email'

14-04-2025T19:33:57 - [TEST_STEP][PASSED] - setEncryptedText(findTestObject("Object Repository/Refund for teams (CARD)/Page_SportWrench - The Home of Sporting Events/input_false_password"), "ugkk24xDMrWrlVpEbACuNZEQlZ6qfcdw"): Text ****** has been set on object 'Object Repository/Refund for teams (CARD)/Page_SportWrench - The Home of Sporting Events/input_false_password'

14-04-2025T19:33:57 - [MESSAGE][PASSED] - Text ****** has been set on object 'Object Repository/Refund for teams (CARD)/Page_SportWrench - The Home of Sporting Events/input_false_password'

14-04-2025T19:33:57 - [TEST_STEP][PASSED] - click(findTestObject("Object Repository/Refund for teams (CARD)/Page_SportWrench - The Home of Sporting Events/button_Log In")): Object: 'Object Repository/Refund for teams (CARD)/Page_SportWrench - The Home of Sporting Events/button_Log In' is clicked on

14-04-2025T19:33:57 - [MESSAGE][PASSED] - Object: 'Object Repository/Refund for teams (CARD)/Page_SportWrench - The Home of Sporting Events/button_Log In' is clicked on

14-04-2025T19:33:57 - [TEST_STEP][PASSED] - setText(findTestObject("Object Repository/Refund for teams (CARD)/Page_SportWrench - The Home of Sporting Events/input_Other Events_searchbox"), "ULTIMATE TEAMS REFUND"): Text 'ULTIMATE TEAMS REFUND' is set on object 'Object Repository/Refund for teams (CARD)/Page_SportWrench - The Home of Sporting Events/input_Other Events_searchbox'

14-04-2025T19:34:02 - [MESSAGE][PASSED] - Text 'ULTIMATE TEAMS REFUND' is set on object 'Object Repository/Refund for teams (CARD)/Page_SportWrench - The Home of Sporting Events/input_Other Events_searchbox'

14-04-2025T19:34:02 - [TEST_STEP][PASSED] - click(findTestObject("Object Repository/Refund for teams (CARD)/Page_SportWrench - The Home of Sporting Events/a_ULTIMATE TEAMS REFUND")): Object: 'Object Repository/Refund for teams (CARD)/Page_SportWrench - The Home of Sporting Events/a_ULTIMATE TEAMS REFUND' is clicked on

14-04-2025T19:34:02 - [MESSAGE][PASSED] - Object: 'Object Repository/Refund for teams (CARD)/Page_SportWrench - The Home of Sporting Events/a_ULTIMATE TEAMS REFUND' is clicked on

14-04-2025T19:34:02 - [TEST_STEP][PASSED] - click(findTestObject("Object Repository/Refund for teams (CARD)/Page_SportWrench - The Home of Sporting Events/a_Accounting")): Object: 'Object Repository/Refund for teams (CARD)/Page_SportWrench - The Home of Sporting Events/a_Accounting' is clicked on

14-04-2025T19:34:03 - [MESSAGE][PASSED] - Object: 'Object Repository/Refund for teams (CARD)/Page_SportWrench - The Home of Sporting Events/a_Accounting' is clicked on

14-04-2025T19:34:03 - [TEST_STEP][PASSED] - verifyElementPresent(findTestObject("Object Repository/Refund for teams (CARD)/Page_SportWrench - The Home of Sporting Events/div_5,000.00"), 0): Object 'Object Repository/Refund for teams (CARD)/Page_SportWrench - The Home of Sporting Events/div_5,000.00' is present

14-04-2025T19:34:03 - [MESSAGE][WARNING] - Timeout '0' is invalid. Using default page load timeout: '30'

14-04-2025T19:34:04 - [MESSAGE][PASSED] - Object 'Object Repository/Refund for teams (CARD)/Page_SportWrench - The Home of Sporting Events/div_5,000.00' is present

14-04-2025T19:34:04 - [TEST_STEP][PASSED] - verifyElementPresent(findTestObject("Object Repository/Refund for teams (CARD)/Page_SportWrench - The Home of Sporting Events/div_145.30"), 0): Object 'Object Repository/Refund for teams (CARD)/Page_SportWrench - The Home of Sporting Events/div_145.30' is present

14-04-2025T19:34:04 - [MESSAGE][WARNING] - Timeout '0' is invalid. Using default page load timeout: '30'

14-04-2025T19:34:04 - [MESSAGE][PASSED] - Object 'Object Repository/Refund for teams (CARD)/Page_SportWrench - The Home of Sporting Events/div_145.30' is present

14-04-2025T19:34:04 - [TEST_STEP][PASSED] - verifyElementPresent(findTestObject("Object Repository/Refund for teams (CARD)/Page_SportWrench - The Home of Sporting Events/div_8,704.70"), 0): Object 'Object Repository/Refund for teams (CARD)/Page_SportWrench - The Home of Sporting Events/div_8,704.70' is present

14-04-2025T19:34:04 - [MESSAGE][WARNING] - Timeout '0' is invalid. Using default page load timeout: '30'

14-04-2025T19:34:04 - [MESSAGE][PASSED] - Object 'Object Repository/Refund for teams (CARD)/Page_SportWrench - The Home of Sporting Events/div_8,704.70' is present

14-04-2025T19:34:04 - [TEST_STEP][PASSED] - click(findTestObject("Object Repository/Refund for teams (CARD)/Page_SportWrench - The Home of Sporting Events/a_Teams")): Object: 'Object Repository/Refund for teams (CARD)/Page_SportWrench - The Home of Sporting Events/a_Teams' is clicked on

14-04-2025T19:34:05 - [MESSAGE][PASSED] - Object: 'Object Repository/Refund for teams (CARD)/Page_SportWrench - The Home of Sporting Events/a_Teams' is clicked on

14-04-2025T19:34:05 - [TEST_STEP][PASSED] - click(findTestObject("Object Repository/Refund for teams (CARD)/Page_SportWrench - The Home of Sporting Events/a_Teams List")): Object: 'Object Repository/Refund for teams (CARD)/Page_SportWrench - The Home of Sporting Events/a_Teams List' is clicked on

14-04-2025T19:34:05 - [MESSAGE][PASSED] - Object: 'Object Repository/Refund for teams (CARD)/Page_SportWrench - The Home of Sporting Events/a_Teams List' is clicked on

14-04-2025T19:34:05 - [TEST_STEP][PASSED] - click(findTestObject("Object Repository/Refund for teams (CARD)/Page_SportWrench - The Home of Sporting Events/span_Trinity 8 1")): Object: 'Object Repository/Refund for teams (CARD)/Page_SportWrench - The Home of Sporting Events/span_Trinity 8 1' is clicked on

14-04-2025T19:34:06 - [MESSAGE][PASSED] - Object: 'Object Repository/Refund for teams (CARD)/Page_SportWrench - The Home of Sporting Events/span_Trinity 8 1' is clicked on

14-04-2025T19:34:06 - [TEST_STEP][PASSED] - click(findTestObject("Object Repository/Refund for teams (CARD)/Page_SportWrench - The Home of Sporting Events/a_Payments")): Object: 'Object Repository/Refund for teams (CARD)/Page_SportWrench - The Home of Sporting Events/a_Payments' is clicked on

14-04-2025T19:34:07 - [MESSAGE][PASSED] - Object: 'Object Repository/Refund for teams (CARD)/Page_SportWrench - The Home of Sporting Events/a_Payments' is clicked on

14-04-2025T19:34:07 - [TEST_STEP][PASSED] - click(findTestObject("Object Repository/Refund for teams (CARD)/Page_SportWrench - The Home of Sporting Events/span_CARD (paid)")): Object: 'Object Repository/Refund for teams (CARD)/Page_SportWrench - The Home of Sporting Events/span_CARD (paid)' is clicked on

14-04-2025T19:34:09 - [MESSAGE][WARNING] - [SELF-HEALING] Failed to find element with id 'Object Repository/Refund for teams (CARD)/Page_SportWrench - The Home of Sporting Events/span_CARD (paid)'. Try using Self-healing.

14-04-2025T19:34:09 - [MESSAGE][WARNING] - [SELF-HEALING] The current locator of test object 'Object Repository/Refund for teams (CARD)/Page_SportWrench - The Home of Sporting Events/span_CARD (paid)' was broken. Propose an alternative one: '(.//*[normalize-space(text()) and normalize-space(.)='-'])[10]/following::span[1]'.

14-04-2025T19:34:09 - [MESSAGE][PASSED] - Object: 'Object Repository/Refund for teams (CARD)/Page_SportWrench - The Home of Sporting Events/span_CARD (paid)' is clicked on

14-04-2025T19:34:09 - [TEST_STEP][PASSED] - click(findTestObject("Object Repository/Refund for teams (CARD)/Page_SportWrench - The Home of Sporting Events/button_Refund")): Object: 'Object Repository/Refund for teams (CARD)/Page_SportWrench - The Home of Sporting Events/button_Refund' is clicked on

14-04-2025T19:34:10 - [MESSAGE][PASSED] - Object: 'Object Repository/Refund for teams (CARD)/Page_SportWrench - The Home of Sporting Events/button_Refund' is clicked on

14-04-2025T19:34:10 - [TEST_STEP][PASSED] - enhancedClick(findTestObject("Object Repository/Refund for teams (CARD)/Page_SportWrench - The Home of Sporting Events/a_Partial")): Object: 'Object Repository/Refund for teams (CARD)/Page_SportWrench - The Home of Sporting Events/a_Partial' is clicked on

14-04-2025T19:34:11 - [MESSAGE][WARNING] - [SELF-HEALING] Failed to find element with id 'Object Repository/Refund for teams (CARD)/Page_SportWrench - The Home of Sporting Events/a_Partial'. Try using Self-healing.

14-04-2025T19:34:11 - [MESSAGE][WARNING] - [SELF-HEALING] The current locator of test object 'Object Repository/Refund for teams (CARD)/Page_SportWrench - The Home of Sporting Events/a_Partial' was broken. Propose an alternative one: '(//a[contains(text(),'Partial')])[2]'.

14-04-2025T19:34:11 - [MESSAGE][PASSED] - Object: 'Object Repository/Refund for teams (CARD)/Page_SportWrench - The Home of Sporting Events/a_Partial' is clicked on

14-04-2025T19:34:11 - [TEST_STEP][PASSED] - delay(2): Delayed 2 second(s)

14-04-2025T19:34:13 - [MESSAGE][PASSED] - Delayed 2 second(s)

14-04-2025T19:34:13 - [TEST_STEP][PASSED] - click(findTestObject("Object Repository/Refund for teams (CARD)/Page_SportWrench - The Home of Sporting Events/input_Team name_ng-pristine ng-untouched ng_75950e")): Object: 'Object Repository/Refund for teams (CARD)/Page_SportWrench - The Home of Sporting Events/input_Team name_ng-pristine ng-untouched ng_75950e' is clicked on

14-04-2025T19:34:13 - [MESSAGE][PASSED] - Object: 'Object Repository/Refund for teams (CARD)/Page_SportWrench - The Home of Sporting Events/input_Team name_ng-pristine ng-untouched ng_75950e' is clicked on

14-04-2025T19:34:13 - [TEST_STEP][PASSED] - click(findTestObject("Object Repository/Refund for teams (CARD)/Page_SportWrench - The Home of Sporting Events/input_Trinity 9 11_ng-pristine ng-untouched_6875e5")): Object: 'Object Repository/Refund for teams (CARD)/Page_SportWrench - The Home of Sporting Events/input_Trinity 9 11_ng-pristine ng-untouched_6875e5' is clicked on

14-04-2025T19:34:14 - [MESSAGE][PASSED] - Object: 'Object Repository/Refund for teams (CARD)/Page_SportWrench - The Home of Sporting Events/input_Trinity 9 11_ng-pristine ng-untouched_6875e5' is clicked on

14-04-2025T19:34:14 - [TEST_STEP][PASSED] - setText(findTestObject("Object Repository/Refund for teams (CARD)/Page_SportWrench - The Home of Sporting Events/input__form-control form-control-4digits ng_fc52e6"), "500"): Text '500' is set on object 'Object Repository/Refund for teams (CARD)/Page_SportWrench - The Home of Sporting Events/input__form-control form-control-4digits ng_fc52e6'

14-04-2025T19:34:14 - [MESSAGE][PASSED] - Text '500' is set on object 'Object Repository/Refund for teams (CARD)/Page_SportWrench - The Home of Sporting Events/input__form-control form-control-4digits ng_fc52e6'

14-04-2025T19:34:14 - [TEST_STEP][PASSED] - click(findTestObject("Object Repository/Refund for teams (CARD)/Page_SportWrench - The Home of Sporting Events/button_Refund 2,500.00")): Object: 'Object Repository/Refund for teams (CARD)/Page_SportWrench - The Home of Sporting Events/button_Refund 2,500.00' is clicked on

14-04-2025T19:34:15 - [MESSAGE][PASSED] - Object: 'Object Repository/Refund for teams (CARD)/Page_SportWrench - The Home of Sporting Events/button_Refund 2,500.00' is clicked on

14-04-2025T19:34:15 - [TEST_STEP][PASSED] - click(findTestObject("Object Repository/Refund for teams (CARD)/Page_SportWrench - The Home of Sporting Events/button_")): Object: 'Object Repository/Refund for teams (CARD)/Page_SportWrench - The Home of Sporting Events/button_' is clicked on

14-04-2025T19:34:19 - [MESSAGE][PASSED] - Object: 'Object Repository/Refund for teams (CARD)/Page_SportWrench - The Home of Sporting Events/button_' is clicked on

14-04-2025T19:34:19 - [TEST_STEP][PASSED] - click(findTestObject("Object Repository/Refund for teams (CARD)/Page_SportWrench - The Home of Sporting Events/a_Accounting"), STOP_ON_FAILURE): Object: 'Object Repository/Refund for teams (CARD)/Page_SportWrench - The Home of Sporting Events/a_Accounting' is clicked on

14-04-2025T19:34:20 - [MESSAGE][PASSED] - Object: 'Object Repository/Refund for teams (CARD)/Page_SportWrench - The Home of Sporting Events/a_Accounting' is clicked on

14-04-2025T19:34:20 - [TEST_STEP][PASSED] - verifyElementPresent(findTestObject("Object Repository/Refund for teams (CARD)/Page_SportWrench - The Home of Sporting Events/div_2,500.00"), 0): Object 'Object Repository/Refund for teams (CARD)/Page_SportWrench - The Home of Sporting Events/div_2,500.00' is present

14-04-2025T19:34:20 - [MESSAGE][WARNING] - Timeout '0' is invalid. Using default page load timeout: '30'

14-04-2025T19:34:20 - [MESSAGE][PASSED] - Object 'Object Repository/Refund for teams (CARD)/Page_SportWrench - The Home of Sporting Events/div_2,500.00' is present

14-04-2025T19:34:20 - [TEST_STEP][PASSED] - verifyElementPresent(findTestObject("Object Repository/Refund for teams (CARD)/Page_SportWrench - The Home of Sporting Events/div_72.80"), 0): Object 'Object Repository/Refund for teams (CARD)/Page_SportWrench - The Home of Sporting Events/div_72.80' is present

14-04-2025T19:34:20 - [MESSAGE][WARNING] - Timeout '0' is invalid. Using default page load timeout: '30'

14-04-2025T19:34:21 - [MESSAGE][PASSED] - Object 'Object Repository/Refund for teams (CARD)/Page_SportWrench - The Home of Sporting Events/div_72.80' is present

14-04-2025T19:34:21 - [TEST_STEP][PASSED] - verifyElementPresent(findTestObject("Object Repository/Refund for teams (CARD)/Page_SportWrench - The Home of Sporting Events/div_6,297.20"), 0): Object 'Object Repository/Refund for teams (CARD)/Page_SportWrench - The Home of Sporting Events/div_6,297.20' is present

14-04-2025T19:34:21 - [MESSAGE][WARNING] - Timeout '0' is invalid. Using default page load timeout: '30'

14-04-2025T19:34:21 - [MESSAGE][PASSED] - Object 'Object Repository/Refund for teams (CARD)/Page_SportWrench - The Home of Sporting Events/div_6,297.20' is present

14-04-2025T19:34:21 - [TEST_STEP][PASSED] - click(findTestObject("Object Repository/Refund for teams (CARD)/Page_SportWrench - The Home of Sporting Events/a_Teams")): Object: 'Object Repository/Refund for teams (CARD)/Page_SportWrench - The Home of Sporting Events/a_Teams' is clicked on

14-04-2025T19:34:21 - [MESSAGE][PASSED] - Object: 'Object Repository/Refund for teams (CARD)/Page_SportWrench - The Home of Sporting Events/a_Teams' is clicked on

14-04-2025T19:34:21 - [TEST_STEP][PASSED] - click(findTestObject("Object Repository/Refund for teams (CARD)/Page_SportWrench - The Home of Sporting Events/a_Teams List")): Object: 'Object Repository/Refund for teams (CARD)/Page_SportWrench - The Home of Sporting Events/a_Teams List' is clicked on

14-04-2025T19:34:22 - [MESSAGE][PASSED] - Object: 'Object Repository/Refund for teams (CARD)/Page_SportWrench - The Home of Sporting Events/a_Teams List' is clicked on

14-04-2025T19:34:22 - [TEST_STEP][PASSED] - click(findTestObject("Object Repository/Refund for teams (CARD)/Page_SportWrench - The Home of Sporting Events/span_Trinity 8 1")): Object: 'Object Repository/Refund for teams (CARD)/Page_SportWrench - The Home of Sporting Events/span_Trinity 8 1' is clicked on

14-04-2025T19:34:22 - [MESSAGE][PASSED] - Object: 'Object Repository/Refund for teams (CARD)/Page_SportWrench - The Home of Sporting Events/span_Trinity 8 1' is clicked on

14-04-2025T19:34:22 - [TEST_STEP][PASSED] - click(findTestObject("Object Repository/Refund for teams (CARD)/Page_SportWrench - The Home of Sporting Events/a_Payments")): Object: 'Object Repository/Refund for teams (CARD)/Page_SportWrench - The Home of Sporting Events/a_Payments' is clicked on

14-04-2025T19:34:23 - [MESSAGE][PASSED] - Object: 'Object Repository/Refund for teams (CARD)/Page_SportWrench - The Home of Sporting Events/a_Payments' is clicked on

14-04-2025T19:34:23 - [TEST_STEP][PASSED] - click(findTestObject("Object Repository/Refund for teams (CARD)/Page_SportWrench - The Home of Sporting Events/span_CARD (paid)_1")): Object: 'Object Repository/Refund for teams (CARD)/Page_SportWrench - The Home of Sporting Events/span_CARD (paid)_1' is clicked on

14-04-2025T19:34:25 - [MESSAGE][WARNING] - [SELF-HEALING] Failed to find element with id 'Object Repository/Refund for teams (CARD)/Page_SportWrench - The Home of Sporting Events/span_CARD (paid)_1'. Try using Self-healing.

14-04-2025T19:34:25 - [MESSAGE][WARNING] - [SELF-HEALING] The current locator of test object 'Object Repository/Refund for teams (CARD)/Page_SportWrench - The Home of Sporting Events/span_CARD (paid)_1' was broken. Propose an alternative one: '(.//*[normalize-space(text()) and normalize-space(.)='-'])[10]/following::span[1]'.

14-04-2025T19:34:25 - [MESSAGE][PASSED] - Object: 'Object Repository/Refund for teams (CARD)/Page_SportWrench - The Home of Sporting Events/span_CARD (paid)_1' is clicked on

14-04-2025T19:34:25 - [TEST_STEP][PASSED] - click(findTestObject("Object Repository/Refund for teams (CARD)/Page_SportWrench - The Home of Sporting Events/button_Refund")): Object: 'Object Repository/Refund for teams (CARD)/Page_SportWrench - The Home of Sporting Events/button_Refund' is clicked on

14-04-2025T19:34:26 - [MESSAGE][PASSED] - Object: 'Object Repository/Refund for teams (CARD)/Page_SportWrench - The Home of Sporting Events/button_Refund' is clicked on

14-04-2025T19:34:26 - [TEST_STEP][PASSED] - enhancedClick(findTestObject("Object Repository/Refund for teams (CARD)/Page_SportWrench - The Home of Sporting Events/a_Total")): Object: 'Object Repository/Refund for teams (CARD)/Page_SportWrench - The Home of Sporting Events/a_Total' is clicked on

14-04-2025T19:34:26 - [MESSAGE][WARNING] - [SELF-HEALING] Failed to find element with id 'Object Repository/Refund for teams (CARD)/Page_SportWrench - The Home of Sporting Events/a_Total'. Try using Self-healing.

14-04-2025T19:34:27 - [MESSAGE][WARNING] - [SELF-HEALING] The current locator of test object 'Object Repository/Refund for teams (CARD)/Page_SportWrench - The Home of Sporting Events/a_Total' was broken. Propose an alternative one: '(//a[contains(text(),'Total')])[2]'.

14-04-2025T19:34:27 - [MESSAGE][PASSED] - Object: 'Object Repository/Refund for teams (CARD)/Page_SportWrench - The Home of Sporting Events/a_Total' is clicked on

14-04-2025T19:34:27 - [TEST_STEP][PASSED] - click(findTestObject("Object Repository/Refund for teams (CARD)/Page_SportWrench - The Home of Sporting Events/button_Yes")): Object: 'Object Repository/Refund for teams (CARD)/Page_SportWrench - The Home of Sporting Events/button_Yes' is clicked on

14-04-2025T19:34:27 - [MESSAGE][PASSED] - Object: 'Object Repository/Refund for teams (CARD)/Page_SportWrench - The Home of Sporting Events/button_Yes' is clicked on

14-04-2025T19:34:27 - [TEST_STEP][PASSED] - click(findTestObject("Object Repository/Refund for teams (CARD)/Page_SportWrench - The Home of Sporting Events/button_")): Object: 'Object Repository/Refund for teams (CARD)/Page_SportWrench - The Home of Sporting Events/button_' is clicked on

14-04-2025T19:34:32 - [MESSAGE][PASSED] - Object: 'Object Repository/Refund for teams (CARD)/Page_SportWrench - The Home of Sporting Events/button_' is clicked on

14-04-2025T19:34:32 - [TEST_STEP][PASSED] - closeBrowser(): Browser is closed

14-04-2025T19:34:32 - [MESSAGE][PASSED] - Browser is closed]]></system-out>
         <system-err><![CDATA[]]></system-err>
      </testcase>
      <testcase name="Test Cases/Partial refund for teams (ACH)" time="40.565" classname="Test Cases/Partial refund for teams (ACH)" status="PASSED">
         <system-out><![CDATA[14-04-2025T19:34:32 - [TEST_CASE][PASSED] - Test Cases/Partial refund for teams (ACH): Test Cases/Partial refund for teams (ACH)

14-04-2025T19:34:32 - [TEST_STEP][PASSED] - openBrowser("http://USAV:demo@dev.swstage.com/"): Browser is opened with url: 'http://USAV:demo@dev.swstage.com/'

14-04-2025T19:34:32 - [MESSAGE][INFO] - Starting 'Chrome' driver

14-04-2025T19:34:32 - [MESSAGE][INFO] - Action delay is set to 0 milliseconds

14-04-2025T19:34:35 - [MESSAGE][PASSED] - Browser is opened with url: 'http://USAV:demo@dev.swstage.com/'

14-04-2025T19:34:35 - [TEST_STEP][PASSED] - navigateToUrl("http://USAV:demo@my.dev.swstage.com/#/"): Navigate to 'http://USAV:demo@my.dev.swstage.com/#/' successfully

14-04-2025T19:34:38 - [MESSAGE][PASSED] - Navigate to 'http://USAV:demo@my.dev.swstage.com/#/' successfully

14-04-2025T19:34:38 - [TEST_STEP][PASSED] - setText(findTestObject("Object Repository/Refund for teams (ACH)/Page_SportWrench - The Home of Sporting Events/input_Log In_email"), "dcgfcgchfhgvhv@gmail.com"): Text 'dcgfcgchfhgvhv@gmail.com' is set on object 'Object Repository/Refund for teams (ACH)/Page_SportWrench - The Home of Sporting Events/input_Log In_email'

14-04-2025T19:34:39 - [MESSAGE][PASSED] - Text 'dcgfcgchfhgvhv@gmail.com' is set on object 'Object Repository/Refund for teams (ACH)/Page_SportWrench - The Home of Sporting Events/input_Log In_email'

14-04-2025T19:34:39 - [TEST_STEP][PASSED] - setEncryptedText(findTestObject("Object Repository/Refund for teams (ACH)/Page_SportWrench - The Home of Sporting Events/input_false_password"), "ugkk24xDMrWrlVpEbACuNZEQlZ6qfcdw"): Text ****** has been set on object 'Object Repository/Refund for teams (ACH)/Page_SportWrench - The Home of Sporting Events/input_false_password'

14-04-2025T19:34:39 - [MESSAGE][PASSED] - Text ****** has been set on object 'Object Repository/Refund for teams (ACH)/Page_SportWrench - The Home of Sporting Events/input_false_password'

14-04-2025T19:34:39 - [TEST_STEP][PASSED] - click(findTestObject("Object Repository/Refund for teams (ACH)/Page_SportWrench - The Home of Sporting Events/button_Log In")): Object: 'Object Repository/Refund for teams (ACH)/Page_SportWrench - The Home of Sporting Events/button_Log In' is clicked on

14-04-2025T19:34:39 - [MESSAGE][PASSED] - Object: 'Object Repository/Refund for teams (ACH)/Page_SportWrench - The Home of Sporting Events/button_Log In' is clicked on

14-04-2025T19:34:39 - [TEST_STEP][PASSED] - setText(findTestObject("Object Repository/Refund for teams (ACH)/Page_SportWrench - The Home of Sporting Events/input_Other Events_searchbox"), "ULTIMATE TEAMS REFUND"): Text 'ULTIMATE TEAMS REFUND' is set on object 'Object Repository/Refund for teams (ACH)/Page_SportWrench - The Home of Sporting Events/input_Other Events_searchbox'

14-04-2025T19:34:43 - [MESSAGE][PASSED] - Text 'ULTIMATE TEAMS REFUND' is set on object 'Object Repository/Refund for teams (ACH)/Page_SportWrench - The Home of Sporting Events/input_Other Events_searchbox'

14-04-2025T19:34:43 - [TEST_STEP][PASSED] - click(findTestObject("Object Repository/Refund for teams (ACH)/Page_SportWrench - The Home of Sporting Events/a_ULTIMATE TEAMS REFUND")): Object: 'Object Repository/Refund for teams (ACH)/Page_SportWrench - The Home of Sporting Events/a_ULTIMATE TEAMS REFUND' is clicked on

14-04-2025T19:34:44 - [MESSAGE][PASSED] - Object: 'Object Repository/Refund for teams (ACH)/Page_SportWrench - The Home of Sporting Events/a_ULTIMATE TEAMS REFUND' is clicked on

14-04-2025T19:34:44 - [TEST_STEP][PASSED] - click(findTestObject("Object Repository/Refund for teams (ACH)/Page_SportWrench - The Home of Sporting Events/a_Accounting")): Object: 'Object Repository/Refund for teams (ACH)/Page_SportWrench - The Home of Sporting Events/a_Accounting' is clicked on

14-04-2025T19:34:44 - [MESSAGE][PASSED] - Object: 'Object Repository/Refund for teams (ACH)/Page_SportWrench - The Home of Sporting Events/a_Accounting' is clicked on

14-04-2025T19:34:44 - [TEST_STEP][PASSED] - verifyElementPresent(findTestObject("Object Repository/Refund for teams (ACH)/Page_SportWrench - The Home of Sporting Events/div_4,000.00"), 0): Object 'Object Repository/Refund for teams (ACH)/Page_SportWrench - The Home of Sporting Events/div_4,000.00' is present

14-04-2025T19:34:44 - [MESSAGE][WARNING] - Timeout '0' is invalid. Using default page load timeout: '30'

14-04-2025T19:34:45 - [MESSAGE][PASSED] - Object 'Object Repository/Refund for teams (ACH)/Page_SportWrench - The Home of Sporting Events/div_4,000.00' is present

14-04-2025T19:34:45 - [TEST_STEP][PASSED] - verifyElementPresent(findTestObject("Object Repository/Refund for teams (ACH)/Page_SportWrench - The Home of Sporting Events/div_60.00"), 0): Object 'Object Repository/Refund for teams (ACH)/Page_SportWrench - The Home of Sporting Events/div_60.00' is present

14-04-2025T19:34:45 - [MESSAGE][WARNING] - Timeout '0' is invalid. Using default page load timeout: '30'

14-04-2025T19:34:46 - [MESSAGE][PASSED] - Object 'Object Repository/Refund for teams (ACH)/Page_SportWrench - The Home of Sporting Events/div_60.00' is present

14-04-2025T19:34:46 - [TEST_STEP][PASSED] - verifyElementPresent(findTestObject("Object Repository/Refund for teams (ACH)/Page_SportWrench - The Home of Sporting Events/div_3,900.00"), 0): Object 'Object Repository/Refund for teams (ACH)/Page_SportWrench - The Home of Sporting Events/div_3,900.00' is present

14-04-2025T19:34:46 - [MESSAGE][WARNING] - Timeout '0' is invalid. Using default page load timeout: '30'

14-04-2025T19:34:46 - [MESSAGE][PASSED] - Object 'Object Repository/Refund for teams (ACH)/Page_SportWrench - The Home of Sporting Events/div_3,900.00' is present

14-04-2025T19:34:46 - [TEST_STEP][PASSED] - click(findTestObject("Object Repository/Refund for teams (ACH)/Page_SportWrench - The Home of Sporting Events/a_Teams")): Object: 'Object Repository/Refund for teams (ACH)/Page_SportWrench - The Home of Sporting Events/a_Teams' is clicked on

14-04-2025T19:34:46 - [MESSAGE][PASSED] - Object: 'Object Repository/Refund for teams (ACH)/Page_SportWrench - The Home of Sporting Events/a_Teams' is clicked on

14-04-2025T19:34:46 - [TEST_STEP][PASSED] - click(findTestObject("Object Repository/Refund for teams (ACH)/Page_SportWrench - The Home of Sporting Events/a_Teams List")): Object: 'Object Repository/Refund for teams (ACH)/Page_SportWrench - The Home of Sporting Events/a_Teams List' is clicked on

14-04-2025T19:34:46 - [MESSAGE][PASSED] - Object: 'Object Repository/Refund for teams (ACH)/Page_SportWrench - The Home of Sporting Events/a_Teams List' is clicked on

14-04-2025T19:34:46 - [TEST_STEP][PASSED] - click(findTestObject("Object Repository/Refund for teams (ACH)/Page_SportWrench - The Home of Sporting Events/span_Trinity 9 7")): Object: 'Object Repository/Refund for teams (ACH)/Page_SportWrench - The Home of Sporting Events/span_Trinity 9 7' is clicked on

14-04-2025T19:34:48 - [MESSAGE][PASSED] - Object: 'Object Repository/Refund for teams (ACH)/Page_SportWrench - The Home of Sporting Events/span_Trinity 9 7' is clicked on

14-04-2025T19:34:48 - [TEST_STEP][PASSED] - click(findTestObject("Object Repository/Refund for teams (ACH)/Page_SportWrench - The Home of Sporting Events/a_Payments")): Object: 'Object Repository/Refund for teams (ACH)/Page_SportWrench - The Home of Sporting Events/a_Payments' is clicked on

14-04-2025T19:34:49 - [MESSAGE][PASSED] - Object: 'Object Repository/Refund for teams (ACH)/Page_SportWrench - The Home of Sporting Events/a_Payments' is clicked on

14-04-2025T19:34:49 - [TEST_STEP][PASSED] - click(findTestObject("Object Repository/Refund for teams (ACH)/Page_SportWrench - The Home of Sporting Events/span_ACH (paid)")): Object: 'Object Repository/Refund for teams (ACH)/Page_SportWrench - The Home of Sporting Events/span_ACH (paid)' is clicked on

14-04-2025T19:34:51 - [MESSAGE][WARNING] - [SELF-HEALING] Failed to find element with id 'Object Repository/Refund for teams (ACH)/Page_SportWrench - The Home of Sporting Events/span_ACH (paid)'. Try using Self-healing.

14-04-2025T19:34:51 - [MESSAGE][WARNING] - [SELF-HEALING] The current locator of test object 'Object Repository/Refund for teams (ACH)/Page_SportWrench - The Home of Sporting Events/span_ACH (paid)' was broken. Propose an alternative one: '(.//*[normalize-space(text()) and normalize-space(.)='-'])[1]/following::span[1]'.

14-04-2025T19:34:51 - [MESSAGE][PASSED] - Object: 'Object Repository/Refund for teams (ACH)/Page_SportWrench - The Home of Sporting Events/span_ACH (paid)' is clicked on

14-04-2025T19:34:51 - [TEST_STEP][PASSED] - click(findTestObject("Object Repository/Refund for teams (ACH)/Page_SportWrench - The Home of Sporting Events/button_Refund")): Object: 'Object Repository/Refund for teams (ACH)/Page_SportWrench - The Home of Sporting Events/button_Refund' is clicked on

14-04-2025T19:34:51 - [MESSAGE][PASSED] - Object: 'Object Repository/Refund for teams (ACH)/Page_SportWrench - The Home of Sporting Events/button_Refund' is clicked on

14-04-2025T19:34:51 - [TEST_STEP][PASSED] - click(findTestObject("Object Repository/Refund for teams (ACH)/Page_SportWrench - The Home of Sporting Events/a_Partial")): Object: 'Object Repository/Refund for teams (ACH)/Page_SportWrench - The Home of Sporting Events/a_Partial' is clicked on

14-04-2025T19:34:52 - [MESSAGE][WARNING] - [SELF-HEALING] Failed to find element with id 'Object Repository/Refund for teams (ACH)/Page_SportWrench - The Home of Sporting Events/a_Partial'. Try using Self-healing.

14-04-2025T19:34:52 - [MESSAGE][WARNING] - [SELF-HEALING] The current locator of test object 'Object Repository/Refund for teams (ACH)/Page_SportWrench - The Home of Sporting Events/a_Partial' was broken. Propose an alternative one: '//a[contains(text(),'Partial')]'.

14-04-2025T19:34:52 - [MESSAGE][PASSED] - Object: 'Object Repository/Refund for teams (ACH)/Page_SportWrench - The Home of Sporting Events/a_Partial' is clicked on

14-04-2025T19:34:52 - [TEST_STEP][PASSED] - click(findTestObject("Object Repository/Refund for teams (ACH)/Page_SportWrench - The Home of Sporting Events/input_Team name_ng-pristine ng-untouched ng_75950e")): Object: 'Object Repository/Refund for teams (ACH)/Page_SportWrench - The Home of Sporting Events/input_Team name_ng-pristine ng-untouched ng_75950e' is clicked on

14-04-2025T19:34:53 - [MESSAGE][PASSED] - Object: 'Object Repository/Refund for teams (ACH)/Page_SportWrench - The Home of Sporting Events/input_Team name_ng-pristine ng-untouched ng_75950e' is clicked on

14-04-2025T19:34:53 - [TEST_STEP][PASSED] - click(findTestObject("Object Repository/Refund for teams (ACH)/Page_SportWrench - The Home of Sporting Events/input_Trinity 9 12_ng-pristine ng-untouched_83e02a")): Object: 'Object Repository/Refund for teams (ACH)/Page_SportWrench - The Home of Sporting Events/input_Trinity 9 12_ng-pristine ng-untouched_83e02a' is clicked on

14-04-2025T19:34:53 - [MESSAGE][PASSED] - Object: 'Object Repository/Refund for teams (ACH)/Page_SportWrench - The Home of Sporting Events/input_Trinity 9 12_ng-pristine ng-untouched_83e02a' is clicked on

14-04-2025T19:34:53 - [TEST_STEP][PASSED] - setText(findTestObject("Object Repository/Refund for teams (ACH)/Page_SportWrench - The Home of Sporting Events/input__form-control form-control-4digits ng_b55883"), "500"): Text '500' is set on object 'Object Repository/Refund for teams (ACH)/Page_SportWrench - The Home of Sporting Events/input__form-control form-control-4digits ng_b55883'

14-04-2025T19:34:54 - [MESSAGE][PASSED] - Text '500' is set on object 'Object Repository/Refund for teams (ACH)/Page_SportWrench - The Home of Sporting Events/input__form-control form-control-4digits ng_b55883'

14-04-2025T19:34:54 - [TEST_STEP][PASSED] - click(findTestObject("Object Repository/Refund for teams (ACH)/Page_SportWrench - The Home of Sporting Events/button_Refund 2,500.00")): Object: 'Object Repository/Refund for teams (ACH)/Page_SportWrench - The Home of Sporting Events/button_Refund 2,500.00' is clicked on

14-04-2025T19:34:54 - [MESSAGE][PASSED] - Object: 'Object Repository/Refund for teams (ACH)/Page_SportWrench - The Home of Sporting Events/button_Refund 2,500.00' is clicked on

14-04-2025T19:34:54 - [TEST_STEP][PASSED] - click(findTestObject("Object Repository/Refund for teams (ACH)/Page_SportWrench - The Home of Sporting Events/button_")): Object: 'Object Repository/Refund for teams (ACH)/Page_SportWrench - The Home of Sporting Events/button_' is clicked on

14-04-2025T19:34:59 - [MESSAGE][PASSED] - Object: 'Object Repository/Refund for teams (ACH)/Page_SportWrench - The Home of Sporting Events/button_' is clicked on

14-04-2025T19:34:59 - [TEST_STEP][PASSED] - click(findTestObject("Object Repository/Refund for teams (ACH)/Page_SportWrench - The Home of Sporting Events/a_Accounting")): Object: 'Object Repository/Refund for teams (ACH)/Page_SportWrench - The Home of Sporting Events/a_Accounting' is clicked on

14-04-2025T19:34:59 - [MESSAGE][PASSED] - Object: 'Object Repository/Refund for teams (ACH)/Page_SportWrench - The Home of Sporting Events/a_Accounting' is clicked on

14-04-2025T19:34:59 - [TEST_STEP][PASSED] - click(findTestObject("Object Repository/Refund for teams (ACH)/Page_SportWrench - The Home of Sporting Events/div_1,500.00")): Object: 'Object Repository/Refund for teams (ACH)/Page_SportWrench - The Home of Sporting Events/div_1,500.00' is clicked on

14-04-2025T19:35:00 - [MESSAGE][PASSED] - Object: 'Object Repository/Refund for teams (ACH)/Page_SportWrench - The Home of Sporting Events/div_1,500.00' is clicked on

14-04-2025T19:35:00 - [TEST_STEP][PASSED] - click(findTestObject("Object Repository/Refund for teams (ACH)/Page_SportWrench - The Home of Sporting Events/div_22.50")): Object: 'Object Repository/Refund for teams (ACH)/Page_SportWrench - The Home of Sporting Events/div_22.50' is clicked on

14-04-2025T19:35:01 - [MESSAGE][PASSED] - Object: 'Object Repository/Refund for teams (ACH)/Page_SportWrench - The Home of Sporting Events/div_22.50' is clicked on

14-04-2025T19:35:01 - [TEST_STEP][PASSED] - click(findTestObject("Object Repository/Refund for teams (ACH)/Page_SportWrench - The Home of Sporting Events/div_1,457.50")): Object: 'Object Repository/Refund for teams (ACH)/Page_SportWrench - The Home of Sporting Events/div_1,457.50' is clicked on

14-04-2025T19:35:01 - [MESSAGE][PASSED] - Object: 'Object Repository/Refund for teams (ACH)/Page_SportWrench - The Home of Sporting Events/div_1,457.50' is clicked on

14-04-2025T19:35:01 - [TEST_STEP][PASSED] - click(findTestObject("Object Repository/Refund for teams (ACH)/Page_SportWrench - The Home of Sporting Events/a_Teams")): Object: 'Object Repository/Refund for teams (ACH)/Page_SportWrench - The Home of Sporting Events/a_Teams' is clicked on

14-04-2025T19:35:01 - [MESSAGE][PASSED] - Object: 'Object Repository/Refund for teams (ACH)/Page_SportWrench - The Home of Sporting Events/a_Teams' is clicked on

14-04-2025T19:35:01 - [TEST_STEP][PASSED] - click(findTestObject("Object Repository/Refund for teams (ACH)/Page_SportWrench - The Home of Sporting Events/a_Teams List")): Object: 'Object Repository/Refund for teams (ACH)/Page_SportWrench - The Home of Sporting Events/a_Teams List' is clicked on

14-04-2025T19:35:01 - [MESSAGE][PASSED] - Object: 'Object Repository/Refund for teams (ACH)/Page_SportWrench - The Home of Sporting Events/a_Teams List' is clicked on

14-04-2025T19:35:01 - [TEST_STEP][PASSED] - click(findTestObject("Object Repository/Refund for teams (ACH)/Page_SportWrench - The Home of Sporting Events/span_Trinity 9 7")): Object: 'Object Repository/Refund for teams (ACH)/Page_SportWrench - The Home of Sporting Events/span_Trinity 9 7' is clicked on

14-04-2025T19:35:02 - [MESSAGE][PASSED] - Object: 'Object Repository/Refund for teams (ACH)/Page_SportWrench - The Home of Sporting Events/span_Trinity 9 7' is clicked on

14-04-2025T19:35:02 - [TEST_STEP][PASSED] - click(findTestObject("Object Repository/Refund for teams (ACH)/Page_SportWrench - The Home of Sporting Events/a_Payments")): Object: 'Object Repository/Refund for teams (ACH)/Page_SportWrench - The Home of Sporting Events/a_Payments' is clicked on

14-04-2025T19:35:04 - [MESSAGE][PASSED] - Object: 'Object Repository/Refund for teams (ACH)/Page_SportWrench - The Home of Sporting Events/a_Payments' is clicked on

14-04-2025T19:35:04 - [TEST_STEP][PASSED] - click(findTestObject("Object Repository/Refund for teams (ACH)/Page_SportWrench - The Home of Sporting Events/span_ACH (paid)_1")): Object: 'Object Repository/Refund for teams (ACH)/Page_SportWrench - The Home of Sporting Events/span_ACH (paid)_1' is clicked on

14-04-2025T19:35:05 - [MESSAGE][WARNING] - [SELF-HEALING] Failed to find element with id 'Object Repository/Refund for teams (ACH)/Page_SportWrench - The Home of Sporting Events/span_ACH (paid)_1'. Try using Self-healing.

14-04-2025T19:35:06 - [MESSAGE][WARNING] - [SELF-HEALING] The current locator of test object 'Object Repository/Refund for teams (ACH)/Page_SportWrench - The Home of Sporting Events/span_ACH (paid)_1' was broken. Propose an alternative one: '(.//*[normalize-space(text()) and normalize-space(.)='-'])[1]/following::span[1]'.

14-04-2025T19:35:06 - [MESSAGE][PASSED] - Object: 'Object Repository/Refund for teams (ACH)/Page_SportWrench - The Home of Sporting Events/span_ACH (paid)_1' is clicked on

14-04-2025T19:35:06 - [TEST_STEP][PASSED] - click(findTestObject("Object Repository/Refund for teams (ACH)/Page_SportWrench - The Home of Sporting Events/button_Refund")): Object: 'Object Repository/Refund for teams (ACH)/Page_SportWrench - The Home of Sporting Events/button_Refund' is clicked on

14-04-2025T19:35:06 - [MESSAGE][PASSED] - Object: 'Object Repository/Refund for teams (ACH)/Page_SportWrench - The Home of Sporting Events/button_Refund' is clicked on

14-04-2025T19:35:06 - [TEST_STEP][PASSED] - click(findTestObject("Object Repository/Refund for teams (ACH)/Page_SportWrench - The Home of Sporting Events/a_Total")): Object: 'Object Repository/Refund for teams (ACH)/Page_SportWrench - The Home of Sporting Events/a_Total' is clicked on

14-04-2025T19:35:07 - [MESSAGE][WARNING] - [SELF-HEALING] Failed to find element with id 'Object Repository/Refund for teams (ACH)/Page_SportWrench - The Home of Sporting Events/a_Total'. Try using Self-healing.

14-04-2025T19:35:07 - [MESSAGE][WARNING] - [SELF-HEALING] The current locator of test object 'Object Repository/Refund for teams (ACH)/Page_SportWrench - The Home of Sporting Events/a_Total' was broken. Propose an alternative one: '//a[contains(text(),'Total')]'.

14-04-2025T19:35:07 - [MESSAGE][PASSED] - Object: 'Object Repository/Refund for teams (ACH)/Page_SportWrench - The Home of Sporting Events/a_Total' is clicked on

14-04-2025T19:35:07 - [TEST_STEP][PASSED] - click(findTestObject("Object Repository/Refund for teams (ACH)/Page_SportWrench - The Home of Sporting Events/button_Yes")): Object: 'Object Repository/Refund for teams (ACH)/Page_SportWrench - The Home of Sporting Events/button_Yes' is clicked on

14-04-2025T19:35:08 - [MESSAGE][PASSED] - Object: 'Object Repository/Refund for teams (ACH)/Page_SportWrench - The Home of Sporting Events/button_Yes' is clicked on

14-04-2025T19:35:08 - [TEST_STEP][PASSED] - click(findTestObject("Object Repository/Refund for teams (ACH)/Page_SportWrench - The Home of Sporting Events/button_")): Object: 'Object Repository/Refund for teams (ACH)/Page_SportWrench - The Home of Sporting Events/button_' is clicked on

14-04-2025T19:35:12 - [MESSAGE][PASSED] - Object: 'Object Repository/Refund for teams (ACH)/Page_SportWrench - The Home of Sporting Events/button_' is clicked on

14-04-2025T19:35:12 - [TEST_STEP][PASSED] - closeBrowser(): Browser is closed

14-04-2025T19:35:12 - [MESSAGE][PASSED] - Browser is closed]]></system-out>
         <system-err><![CDATA[]]></system-err>
      </testcase>
      <testcase name="Test Cases/Refund for teams (Check)" time="39.969" classname="Test Cases/Refund for teams (Check)" status="PASSED">
         <system-out><![CDATA[14-04-2025T19:35:12 - [TEST_CASE][PASSED] - Test Cases/Refund for teams (Check): Test Cases/Refund for teams (Check)

14-04-2025T19:35:12 - [TEST_STEP][PASSED] - openBrowser("http://USAV:demo@dev.swstage.com/ "): Browser is opened with url: 'http://USAV:demo@dev.swstage.com/ '

14-04-2025T19:35:12 - [MESSAGE][INFO] - Starting 'Chrome' driver

14-04-2025T19:35:12 - [MESSAGE][INFO] - Action delay is set to 0 milliseconds

14-04-2025T19:35:16 - [MESSAGE][PASSED] - Browser is opened with url: 'http://USAV:demo@dev.swstage.com/ '

14-04-2025T19:35:16 - [TEST_STEP][PASSED] - navigateToUrl("http://USAV:demo@my.dev.swstage.com/#/"): Navigate to 'http://USAV:demo@my.dev.swstage.com/#/' successfully

14-04-2025T19:35:18 - [MESSAGE][PASSED] - Navigate to 'http://USAV:demo@my.dev.swstage.com/#/' successfully

14-04-2025T19:35:18 - [TEST_STEP][PASSED] - setText(findTestObject("Object Repository/Refund for teams (CHECK)/Page_SportWrench - The Home of Sporting Events/input_Log In_email"), "dcgfcgchfhgvhv@gmail.com"): Text 'dcgfcgchfhgvhv@gmail.com' is set on object 'Object Repository/Refund for teams (CHECK)/Page_SportWrench - The Home of Sporting Events/input_Log In_email'

14-04-2025T19:35:19 - [MESSAGE][PASSED] - Text 'dcgfcgchfhgvhv@gmail.com' is set on object 'Object Repository/Refund for teams (CHECK)/Page_SportWrench - The Home of Sporting Events/input_Log In_email'

14-04-2025T19:35:19 - [TEST_STEP][PASSED] - setEncryptedText(findTestObject("Object Repository/Refund for teams (CHECK)/Page_SportWrench - The Home of Sporting Events/input_false_password"), "ugkk24xDMrWrlVpEbACuNZEQlZ6qfcdw"): Text ****** has been set on object 'Object Repository/Refund for teams (CHECK)/Page_SportWrench - The Home of Sporting Events/input_false_password'

14-04-2025T19:35:19 - [MESSAGE][PASSED] - Text ****** has been set on object 'Object Repository/Refund for teams (CHECK)/Page_SportWrench - The Home of Sporting Events/input_false_password'

14-04-2025T19:35:19 - [TEST_STEP][PASSED] - click(findTestObject("Object Repository/Refund for teams (CHECK)/Page_SportWrench - The Home of Sporting Events/button_Log In")): Object: 'Object Repository/Refund for teams (CHECK)/Page_SportWrench - The Home of Sporting Events/button_Log In' is clicked on

14-04-2025T19:35:19 - [MESSAGE][PASSED] - Object: 'Object Repository/Refund for teams (CHECK)/Page_SportWrench - The Home of Sporting Events/button_Log In' is clicked on

14-04-2025T19:35:19 - [TEST_STEP][PASSED] - setText(findTestObject("Object Repository/Refund for teams (CHECK)/Page_SportWrench - The Home of Sporting Events/input_Other Events_searchbox"), "ULTIMATE TEAMS REFUND"): Text 'ULTIMATE TEAMS REFUND' is set on object 'Object Repository/Refund for teams (CHECK)/Page_SportWrench - The Home of Sporting Events/input_Other Events_searchbox'

14-04-2025T19:35:23 - [MESSAGE][PASSED] - Text 'ULTIMATE TEAMS REFUND' is set on object 'Object Repository/Refund for teams (CHECK)/Page_SportWrench - The Home of Sporting Events/input_Other Events_searchbox'

14-04-2025T19:35:23 - [TEST_STEP][PASSED] - click(findTestObject("Object Repository/Refund for teams (CHECK)/Page_SportWrench - The Home of Sporting Events/a_ULTIMATE TEAMS REFUND")): Object: 'Object Repository/Refund for teams (CHECK)/Page_SportWrench - The Home of Sporting Events/a_ULTIMATE TEAMS REFUND' is clicked on

14-04-2025T19:35:24 - [MESSAGE][PASSED] - Object: 'Object Repository/Refund for teams (CHECK)/Page_SportWrench - The Home of Sporting Events/a_ULTIMATE TEAMS REFUND' is clicked on

14-04-2025T19:35:24 - [TEST_STEP][PASSED] - click(findTestObject("Object Repository/Refund for teams (CHECK)/Page_SportWrench - The Home of Sporting Events/a_Accounting")): Object: 'Object Repository/Refund for teams (CHECK)/Page_SportWrench - The Home of Sporting Events/a_Accounting' is clicked on

14-04-2025T19:35:24 - [MESSAGE][PASSED] - Object: 'Object Repository/Refund for teams (CHECK)/Page_SportWrench - The Home of Sporting Events/a_Accounting' is clicked on

14-04-2025T19:35:24 - [TEST_STEP][PASSED] - verifyElementPresent(findTestObject("Object Repository/Refund for teams (CHECK)/Page_SportWrench - The Home of Sporting Events/div_0.00"), 0): Object 'Object Repository/Refund for teams (CHECK)/Page_SportWrench - The Home of Sporting Events/div_0.00' is present

14-04-2025T19:35:24 - [MESSAGE][WARNING] - Timeout '0' is invalid. Using default page load timeout: '30'

14-04-2025T19:35:25 - [MESSAGE][PASSED] - Object 'Object Repository/Refund for teams (CHECK)/Page_SportWrench - The Home of Sporting Events/div_0.00' is present

14-04-2025T19:35:25 - [TEST_STEP][PASSED] - verifyElementPresent(findTestObject("Object Repository/Refund for teams (CHECK)/Page_SportWrench - The Home of Sporting Events/div_0.00_1"), 0): Object 'Object Repository/Refund for teams (CHECK)/Page_SportWrench - The Home of Sporting Events/div_0.00_1' is present

14-04-2025T19:35:25 - [MESSAGE][WARNING] - Timeout '0' is invalid. Using default page load timeout: '30'

14-04-2025T19:35:26 - [MESSAGE][PASSED] - Object 'Object Repository/Refund for teams (CHECK)/Page_SportWrench - The Home of Sporting Events/div_0.00_1' is present

14-04-2025T19:35:26 - [TEST_STEP][PASSED] - verifyElementPresent(findTestObject("Object Repository/Refund for teams (CHECK)/Page_SportWrench - The Home of Sporting Events/div_0.00_1_2"), 0): Object 'Object Repository/Refund for teams (CHECK)/Page_SportWrench - The Home of Sporting Events/div_0.00_1_2' is present

14-04-2025T19:35:26 - [MESSAGE][WARNING] - Timeout '0' is invalid. Using default page load timeout: '30'

14-04-2025T19:35:26 - [MESSAGE][PASSED] - Object 'Object Repository/Refund for teams (CHECK)/Page_SportWrench - The Home of Sporting Events/div_0.00_1_2' is present

14-04-2025T19:35:26 - [TEST_STEP][PASSED] - verifyElementPresent(findTestObject("Object Repository/Refund for teams (CHECK)/Page_SportWrench - The Home of Sporting Events/div_0.00_1_2_3"), 0): Object 'Object Repository/Refund for teams (CHECK)/Page_SportWrench - The Home of Sporting Events/div_0.00_1_2_3' is present

14-04-2025T19:35:26 - [MESSAGE][WARNING] - Timeout '0' is invalid. Using default page load timeout: '30'

14-04-2025T19:35:26 - [MESSAGE][PASSED] - Object 'Object Repository/Refund for teams (CHECK)/Page_SportWrench - The Home of Sporting Events/div_0.00_1_2_3' is present

14-04-2025T19:35:26 - [TEST_STEP][PASSED] - click(findTestObject("Object Repository/Refund for teams (CHECK)/Page_SportWrench - The Home of Sporting Events/a_Teams")): Object: 'Object Repository/Refund for teams (CHECK)/Page_SportWrench - The Home of Sporting Events/a_Teams' is clicked on

14-04-2025T19:35:26 - [MESSAGE][PASSED] - Object: 'Object Repository/Refund for teams (CHECK)/Page_SportWrench - The Home of Sporting Events/a_Teams' is clicked on

14-04-2025T19:35:26 - [TEST_STEP][PASSED] - click(findTestObject("Object Repository/Refund for teams (CHECK)/Page_SportWrench - The Home of Sporting Events/a_Teams List")): Object: 'Object Repository/Refund for teams (CHECK)/Page_SportWrench - The Home of Sporting Events/a_Teams List' is clicked on

14-04-2025T19:35:27 - [MESSAGE][PASSED] - Object: 'Object Repository/Refund for teams (CHECK)/Page_SportWrench - The Home of Sporting Events/a_Teams List' is clicked on

14-04-2025T19:35:27 - [TEST_STEP][PASSED] - click(findTestObject("Object Repository/Refund for teams (CHECK)/Page_SportWrench - The Home of Sporting Events/span_Trinity 9 16")): Object: 'Object Repository/Refund for teams (CHECK)/Page_SportWrench - The Home of Sporting Events/span_Trinity 9 16' is clicked on

14-04-2025T19:35:28 - [MESSAGE][PASSED] - Object: 'Object Repository/Refund for teams (CHECK)/Page_SportWrench - The Home of Sporting Events/span_Trinity 9 16' is clicked on

14-04-2025T19:35:28 - [TEST_STEP][PASSED] - click(findTestObject("Object Repository/Refund for teams (CHECK)/Page_SportWrench - The Home of Sporting Events/a_Payments")): Object: 'Object Repository/Refund for teams (CHECK)/Page_SportWrench - The Home of Sporting Events/a_Payments' is clicked on

14-04-2025T19:35:29 - [MESSAGE][PASSED] - Object: 'Object Repository/Refund for teams (CHECK)/Page_SportWrench - The Home of Sporting Events/a_Payments' is clicked on

14-04-2025T19:35:29 - [TEST_STEP][PASSED] - click(findTestObject("Object Repository/Refund for teams (CHECK)/Page_SportWrench - The Home of Sporting Events/span_CHECK (pending)")): Object: 'Object Repository/Refund for teams (CHECK)/Page_SportWrench - The Home of Sporting Events/span_CHECK (pending)' is clicked on

14-04-2025T19:35:31 - [MESSAGE][WARNING] - [SELF-HEALING] Failed to find element with id 'Object Repository/Refund for teams (CHECK)/Page_SportWrench - The Home of Sporting Events/span_CHECK (pending)'. Try using Self-healing.

14-04-2025T19:35:31 - [MESSAGE][WARNING] - [SELF-HEALING] The current locator of test object 'Object Repository/Refund for teams (CHECK)/Page_SportWrench - The Home of Sporting Events/span_CHECK (pending)' was broken. Propose an alternative one: '(.//*[normalize-space(text()) and normalize-space(.)='-'])[4]/following::span[1]'.

14-04-2025T19:35:31 - [MESSAGE][PASSED] - Object: 'Object Repository/Refund for teams (CHECK)/Page_SportWrench - The Home of Sporting Events/span_CHECK (pending)' is clicked on

14-04-2025T19:35:31 - [TEST_STEP][PASSED] - click(findTestObject("Object Repository/Refund for teams (CHECK)/Page_SportWrench - The Home of Sporting Events/input_Received_is_received")): Object: 'Object Repository/Refund for teams (CHECK)/Page_SportWrench - The Home of Sporting Events/input_Received_is_received' is clicked on

14-04-2025T19:35:31 - [MESSAGE][PASSED] - Object: 'Object Repository/Refund for teams (CHECK)/Page_SportWrench - The Home of Sporting Events/input_Received_is_received' is clicked on

14-04-2025T19:35:31 - [TEST_STEP][PASSED] - setText(findTestObject("Object Repository/Refund for teams (CHECK)/Page_SportWrench - The Home of Sporting Events/input__check_num"), "1234567"): Text '1234567' is set on object 'Object Repository/Refund for teams (CHECK)/Page_SportWrench - The Home of Sporting Events/input__check_num'

14-04-2025T19:35:33 - [MESSAGE][PASSED] - Text '1234567' is set on object 'Object Repository/Refund for teams (CHECK)/Page_SportWrench - The Home of Sporting Events/input__check_num'

14-04-2025T19:35:33 - [TEST_STEP][PASSED] - click(findTestObject("Object Repository/Refund for teams (CHECK)/Page_SportWrench - The Home of Sporting Events/button_Save")): Object: 'Object Repository/Refund for teams (CHECK)/Page_SportWrench - The Home of Sporting Events/button_Save' is clicked on

14-04-2025T19:35:33 - [MESSAGE][PASSED] - Object: 'Object Repository/Refund for teams (CHECK)/Page_SportWrench - The Home of Sporting Events/button_Save' is clicked on

14-04-2025T19:35:33 - [TEST_STEP][PASSED] - click(findTestObject("Object Repository/Refund for teams (CHECK)/Page_SportWrench - The Home of Sporting Events/button_")): Object: 'Object Repository/Refund for teams (CHECK)/Page_SportWrench - The Home of Sporting Events/button_' is clicked on

14-04-2025T19:35:40 - [MESSAGE][PASSED] - Object: 'Object Repository/Refund for teams (CHECK)/Page_SportWrench - The Home of Sporting Events/button_' is clicked on

14-04-2025T19:35:40 - [TEST_STEP][PASSED] - click(findTestObject("Object Repository/Refund for teams (CHECK)/Page_SportWrench - The Home of Sporting Events/a_Accounting")): Object: 'Object Repository/Refund for teams (CHECK)/Page_SportWrench - The Home of Sporting Events/a_Accounting' is clicked on

14-04-2025T19:35:41 - [MESSAGE][PASSED] - Object: 'Object Repository/Refund for teams (CHECK)/Page_SportWrench - The Home of Sporting Events/a_Accounting' is clicked on

14-04-2025T19:35:41 - [TEST_STEP][PASSED] - verifyElementPresent(findTestObject("Object Repository/Refund for teams (CHECK)/Page_SportWrench - The Home of Sporting Events/div_3,000.00"), 0): Object 'Object Repository/Refund for teams (CHECK)/Page_SportWrench - The Home of Sporting Events/div_3,000.00' is present

14-04-2025T19:35:41 - [MESSAGE][WARNING] - Timeout '0' is invalid. Using default page load timeout: '30'

14-04-2025T19:35:42 - [MESSAGE][PASSED] - Object 'Object Repository/Refund for teams (CHECK)/Page_SportWrench - The Home of Sporting Events/div_3,000.00' is present

14-04-2025T19:35:42 - [TEST_STEP][PASSED] - verifyElementPresent(findTestObject("Object Repository/Refund for teams (CHECK)/Page_SportWrench - The Home of Sporting Events/div_3,000.00_1"), 0): Object 'Object Repository/Refund for teams (CHECK)/Page_SportWrench - The Home of Sporting Events/div_3,000.00_1' is present

14-04-2025T19:35:42 - [MESSAGE][WARNING] - Timeout '0' is invalid. Using default page load timeout: '30'

14-04-2025T19:35:42 - [MESSAGE][PASSED] - Object 'Object Repository/Refund for teams (CHECK)/Page_SportWrench - The Home of Sporting Events/div_3,000.00_1' is present

14-04-2025T19:35:42 - [TEST_STEP][PASSED] - verifyElementPresent(findTestObject("Object Repository/Refund for teams (CHECK)/Page_SportWrench - The Home of Sporting Events/div_30.00"), 0): Object 'Object Repository/Refund for teams (CHECK)/Page_SportWrench - The Home of Sporting Events/div_30.00' is present

14-04-2025T19:35:42 - [MESSAGE][WARNING] - Timeout '0' is invalid. Using default page load timeout: '30'

14-04-2025T19:35:42 - [MESSAGE][PASSED] - Object 'Object Repository/Refund for teams (CHECK)/Page_SportWrench - The Home of Sporting Events/div_30.00' is present

14-04-2025T19:35:42 - [TEST_STEP][PASSED] - verifyElementPresent(findTestObject("Object Repository/Refund for teams (CHECK)/Page_SportWrench - The Home of Sporting Events/div_2,970.00"), 0): Object 'Object Repository/Refund for teams (CHECK)/Page_SportWrench - The Home of Sporting Events/div_2,970.00' is present

14-04-2025T19:35:42 - [MESSAGE][WARNING] - Timeout '0' is invalid. Using default page load timeout: '30'

14-04-2025T19:35:43 - [MESSAGE][PASSED] - Object 'Object Repository/Refund for teams (CHECK)/Page_SportWrench - The Home of Sporting Events/div_2,970.00' is present

14-04-2025T19:35:43 - [TEST_STEP][PASSED] - verifyElementPresent(findTestObject("Object Repository/Refund for teams (CHECK)/Page_SportWrench - The Home of Sporting Events/div_-30.00"), 0): Object 'Object Repository/Refund for teams (CHECK)/Page_SportWrench - The Home of Sporting Events/div_-30.00' is present

14-04-2025T19:35:43 - [MESSAGE][WARNING] - Timeout '0' is invalid. Using default page load timeout: '30'

14-04-2025T19:35:43 - [MESSAGE][PASSED] - Object 'Object Repository/Refund for teams (CHECK)/Page_SportWrench - The Home of Sporting Events/div_-30.00' is present

14-04-2025T19:35:43 - [TEST_STEP][PASSED] - click(findTestObject("Object Repository/Refund for teams (CHECK)/Page_SportWrench - The Home of Sporting Events/a_Teams")): Object: 'Object Repository/Refund for teams (CHECK)/Page_SportWrench - The Home of Sporting Events/a_Teams' is clicked on

14-04-2025T19:35:43 - [MESSAGE][PASSED] - Object: 'Object Repository/Refund for teams (CHECK)/Page_SportWrench - The Home of Sporting Events/a_Teams' is clicked on

14-04-2025T19:35:43 - [TEST_STEP][PASSED] - click(findTestObject("Object Repository/Refund for teams (CHECK)/Page_SportWrench - The Home of Sporting Events/a_Teams List")): Object: 'Object Repository/Refund for teams (CHECK)/Page_SportWrench - The Home of Sporting Events/a_Teams List' is clicked on

14-04-2025T19:35:43 - [MESSAGE][PASSED] - Object: 'Object Repository/Refund for teams (CHECK)/Page_SportWrench - The Home of Sporting Events/a_Teams List' is clicked on

14-04-2025T19:35:43 - [TEST_STEP][PASSED] - click(findTestObject("Object Repository/Refund for teams (CHECK)/Page_SportWrench - The Home of Sporting Events/span_Trinity 9 16")): Object: 'Object Repository/Refund for teams (CHECK)/Page_SportWrench - The Home of Sporting Events/span_Trinity 9 16' is clicked on

14-04-2025T19:35:44 - [MESSAGE][PASSED] - Object: 'Object Repository/Refund for teams (CHECK)/Page_SportWrench - The Home of Sporting Events/span_Trinity 9 16' is clicked on

14-04-2025T19:35:44 - [TEST_STEP][PASSED] - click(findTestObject("Object Repository/Refund for teams (CHECK)/Page_SportWrench - The Home of Sporting Events/a_Payments")): Object: 'Object Repository/Refund for teams (CHECK)/Page_SportWrench - The Home of Sporting Events/a_Payments' is clicked on

14-04-2025T19:35:45 - [MESSAGE][PASSED] - Object: 'Object Repository/Refund for teams (CHECK)/Page_SportWrench - The Home of Sporting Events/a_Payments' is clicked on

14-04-2025T19:35:45 - [TEST_STEP][PASSED] - click(findTestObject("Object Repository/Refund for teams (CHECK)/Page_SportWrench - The Home of Sporting Events/span_CHECK (paid)")): Object: 'Object Repository/Refund for teams (CHECK)/Page_SportWrench - The Home of Sporting Events/span_CHECK (paid)' is clicked on

14-04-2025T19:35:47 - [MESSAGE][WARNING] - [SELF-HEALING] Failed to find element with id 'Object Repository/Refund for teams (CHECK)/Page_SportWrench - The Home of Sporting Events/span_CHECK (paid)'. Try using Self-healing.

14-04-2025T19:35:47 - [MESSAGE][WARNING] - [SELF-HEALING] The current locator of test object 'Object Repository/Refund for teams (CHECK)/Page_SportWrench - The Home of Sporting Events/span_CHECK (paid)' was broken. Propose an alternative one: '(.//*[normalize-space(text()) and normalize-space(.)='-'])[4]/following::span[1]'.

14-04-2025T19:35:47 - [MESSAGE][PASSED] - Object: 'Object Repository/Refund for teams (CHECK)/Page_SportWrench - The Home of Sporting Events/span_CHECK (paid)' is clicked on

14-04-2025T19:35:47 - [TEST_STEP][PASSED] - click(findTestObject("Object Repository/Refund for teams (CHECK)/Page_SportWrench - The Home of Sporting Events/button_Void Invoice_1")): Object: 'Object Repository/Refund for teams (CHECK)/Page_SportWrench - The Home of Sporting Events/button_Void Invoice_1' is clicked on

14-04-2025T19:35:48 - [MESSAGE][PASSED] - Object: 'Object Repository/Refund for teams (CHECK)/Page_SportWrench - The Home of Sporting Events/button_Void Invoice_1' is clicked on

14-04-2025T19:35:48 - [TEST_STEP][PASSED] - click(findTestObject("Object Repository/Refund for teams (CHECK)/Page_SportWrench - The Home of Sporting Events/button_Yes")): Object: 'Object Repository/Refund for teams (CHECK)/Page_SportWrench - The Home of Sporting Events/button_Yes' is clicked on

14-04-2025T19:35:48 - [MESSAGE][PASSED] - Object: 'Object Repository/Refund for teams (CHECK)/Page_SportWrench - The Home of Sporting Events/button_Yes' is clicked on

14-04-2025T19:35:48 - [TEST_STEP][PASSED] - click(findTestObject("Object Repository/Refund for teams (CHECK)/Page_SportWrench - The Home of Sporting Events/button_")): Object: 'Object Repository/Refund for teams (CHECK)/Page_SportWrench - The Home of Sporting Events/button_' is clicked on

14-04-2025T19:35:50 - [MESSAGE][PASSED] - Object: 'Object Repository/Refund for teams (CHECK)/Page_SportWrench - The Home of Sporting Events/button_' is clicked on

14-04-2025T19:35:50 - [TEST_STEP][PASSED] - click(findTestObject("Object Repository/Refund for teams (CHECK)/Page_SportWrench - The Home of Sporting Events/a_Accounting")): Object: 'Object Repository/Refund for teams (CHECK)/Page_SportWrench - The Home of Sporting Events/a_Accounting' is clicked on

14-04-2025T19:35:51 - [MESSAGE][PASSED] - Object: 'Object Repository/Refund for teams (CHECK)/Page_SportWrench - The Home of Sporting Events/a_Accounting' is clicked on

14-04-2025T19:35:51 - [TEST_STEP][PASSED] - verifyElementPresent(findTestObject("Object Repository/Refund for teams (CHECK)/Page_SportWrench - The Home of Sporting Events/div_0.00_1_2"), 0): Object 'Object Repository/Refund for teams (CHECK)/Page_SportWrench - The Home of Sporting Events/div_0.00_1_2' is present

14-04-2025T19:35:51 - [MESSAGE][WARNING] - Timeout '0' is invalid. Using default page load timeout: '30'

14-04-2025T19:35:52 - [MESSAGE][PASSED] - Object 'Object Repository/Refund for teams (CHECK)/Page_SportWrench - The Home of Sporting Events/div_0.00_1_2' is present

14-04-2025T19:35:52 - [TEST_STEP][PASSED] - verifyElementPresent(findTestObject("Object Repository/Refund for teams (CHECK)/Page_SportWrench - The Home of Sporting Events/div_0.00_1_2_3"), 0): Object 'Object Repository/Refund for teams (CHECK)/Page_SportWrench - The Home of Sporting Events/div_0.00_1_2_3' is present

14-04-2025T19:35:52 - [MESSAGE][WARNING] - Timeout '0' is invalid. Using default page load timeout: '30'

14-04-2025T19:35:52 - [MESSAGE][PASSED] - Object 'Object Repository/Refund for teams (CHECK)/Page_SportWrench - The Home of Sporting Events/div_0.00_1_2_3' is present

14-04-2025T19:35:52 - [TEST_STEP][PASSED] - closeBrowser(): Browser is closed

14-04-2025T19:35:52 - [MESSAGE][PASSED] - Browser is closed]]></system-out>
         <system-err><![CDATA[]]></system-err>
      </testcase>
      <system-out><![CDATA[14-04-2025T19:31:28 - [TEST_SUITE][PASSED] - Full and partial REFUNDS for teams (CARD, ACH, CHECK): Test Cases/Refund for teams (Check)]]></system-out>
      <system-err><![CDATA[]]></system-err>
   </testsuite>
</testsuites>
