<?xml version="1.0" encoding="UTF-8"?>
<testsuites name="New Test Suite" time="239.822" tests="4" failures="0" errors="0">
   <testsuite name="New Test Suite" tests="4" failures="0" errors="0" time="239.822" skipped="0" timestamp="14-04-2025T15:41:35" hostname="LENOVO - DESKTOP-9MN524E" id="Test Suites/New Test Suite">
      <properties>
         <property name="deviceName" value=""/>
         <property name="devicePlatform"/>
         <property name="logFolder" value="C:\\Users\\LENOVO\\Katalon Studio\\Payment\\Reports\\20250414_154131\\New Test Suite\\20250414_154131"/>
         <property name="logFiles" value="C:\\Users\\LENOVO\\Katalon Studio\\Payment\\Reports\\20250414_154131\\New Test Suite\\20250414_154131\\execution0.log"/>
         <property name="attachments" value="C:\\Users\\LENOVO\\Katalon Studio\\Payment\\Reports\\20250414_154131\\New Test Suite\\20250414_154131\\1744634696092.png"/>
         <property name="hostName" value="LENOVO - DESKTOP-9MN524E"/>
         <property name="os" value="Windows 10 64bit"/>
         <property name="katalonVersion" value="10.1.1.0"/>
         <property name="browser" value="Chrome 135.0.7049.85"/>
         <property name="hostAddress" value="26.190.180.74"/>
         <property name="sessionId" value="2499ba3aff8bf851097f5fe872f073bc"/>
         <property name="seleniumVersion" value="4.22.0"/>
         <property name="proxyInformation" value="ProxyInformation { proxyOption=NO_PROXY, proxyServerType=HTTP, username=, password=********, proxyServerAddress=, proxyServerPort=0, executionList=&quot;&quot;, isApplyToDesiredCapabilities=true }"/>
         <property name="platform" value="Windows 10"/>
      </properties>
      <testcase name="Test Cases/Payments for teams (CARD, ACH, CHECK)" time="50.846" classname="Test Cases/Payments for teams (CARD, ACH, CHECK)" status="PASSED">
         <system-out><![CDATA[14-04-2025T15:41:36 - [TEST_CASE][PASSED] - Test Cases/Payments for teams (CARD, ACH, CHECK): Test Cases/Payments for teams (CARD, ACH, CHECK)

14-04-2025T15:41:36 - [TEST_STEP][PASSED] - openBrowser("http://USAV:demo@dev.swstage.com/"): Browser is opened with url: 'http://USAV:demo@dev.swstage.com/'

14-04-2025T15:41:36 - [MESSAGE][INFO] - Starting 'Chrome' driver

14-04-2025T15:41:36 - [MESSAGE][INFO] - Action delay is set to 0 milliseconds

14-04-2025T15:41:40 - [MESSAGE][PASSED] - Browser is opened with url: 'http://USAV:demo@dev.swstage.com/'

14-04-2025T15:41:40 - [TEST_STEP][PASSED] - navigateToUrl("http://USAV:demo@my.dev.swstage.com/#/"): Navigate to 'http://USAV:demo@my.dev.swstage.com/#/' successfully

14-04-2025T15:41:43 - [MESSAGE][PASSED] - Navigate to 'http://USAV:demo@my.dev.swstage.com/#/' successfully

14-04-2025T15:41:43 - [TEST_STEP][PASSED] - setText(findTestObject("Object Repository/Payment for teams (CARD, ACH, CHECK)/Page_SportWrench - The Home of Sporting Events/input_Log In_email"), "coachjon@trinityvolleyball.com"): Text 'coachjon@trinityvolleyball.com' is set on object 'Object Repository/Payment for teams (CARD, ACH, CHECK)/Page_SportWrench - The Home of Sporting Events/input_Log In_email'

14-04-2025T15:41:43 - [MESSAGE][PASSED] - Text 'coachjon@trinityvolleyball.com' is set on object 'Object Repository/Payment for teams (CARD, ACH, CHECK)/Page_SportWrench - The Home of Sporting Events/input_Log In_email'

14-04-2025T15:41:43 - [TEST_STEP][PASSED] - setEncryptedText(findTestObject("Object Repository/Payment for teams (CARD, ACH, CHECK)/Page_SportWrench - The Home of Sporting Events/input_false_password"), "ugkk24xDMrWrlVpEbACuNZEQlZ6qfcdw"): Text ****** has been set on object 'Object Repository/Payment for teams (CARD, ACH, CHECK)/Page_SportWrench - The Home of Sporting Events/input_false_password'

14-04-2025T15:41:44 - [MESSAGE][PASSED] - Text ****** has been set on object 'Object Repository/Payment for teams (CARD, ACH, CHECK)/Page_SportWrench - The Home of Sporting Events/input_false_password'

14-04-2025T15:41:44 - [TEST_STEP][PASSED] - click(findTestObject("Object Repository/Payment for teams (CARD, ACH, CHECK)/Page_SportWrench - The Home of Sporting Events/button_Log In")): Object: 'Object Repository/Payment for teams (CARD, ACH, CHECK)/Page_SportWrench - The Home of Sporting Events/button_Log In' is clicked on

14-04-2025T15:41:44 - [MESSAGE][PASSED] - Object: 'Object Repository/Payment for teams (CARD, ACH, CHECK)/Page_SportWrench - The Home of Sporting Events/button_Log In' is clicked on

14-04-2025T15:41:44 - [TEST_STEP][PASSED] - click(findTestObject("Object Repository/Payment for teams (CARD, ACH, CHECK)/Page_SportWrench - The Home of Sporting Events/a_Enter Events")): Object: 'Object Repository/Payment for teams (CARD, ACH, CHECK)/Page_SportWrench - The Home of Sporting Events/a_Enter Events' is clicked on

14-04-2025T15:41:45 - [MESSAGE][PASSED] - Object: 'Object Repository/Payment for teams (CARD, ACH, CHECK)/Page_SportWrench - The Home of Sporting Events/a_Enter Events' is clicked on

14-04-2025T15:41:45 - [TEST_STEP][PASSED] - click(findTestObject("Object Repository/Payment for teams (CARD, ACH, CHECK)/Page_SportWrench - The Home of Sporting Events/button_Manage Teams")): Object: 'Object Repository/Payment for teams (CARD, ACH, CHECK)/Page_SportWrench - The Home of Sporting Events/button_Manage Teams' is clicked on

14-04-2025T15:41:46 - [MESSAGE][PASSED] - Object: 'Object Repository/Payment for teams (CARD, ACH, CHECK)/Page_SportWrench - The Home of Sporting Events/button_Manage Teams' is clicked on

14-04-2025T15:41:46 - [TEST_STEP][PASSED] - click(findTestObject("Object Repository/Payment for teams (CARD, ACH, CHECK)/Page_SportWrench - The Home of Sporting Events/button_Pay")): Object: 'Object Repository/Payment for teams (CARD, ACH, CHECK)/Page_SportWrench - The Home of Sporting Events/button_Pay' is clicked on

14-04-2025T15:41:48 - [MESSAGE][PASSED] - Object: 'Object Repository/Payment for teams (CARD, ACH, CHECK)/Page_SportWrench - The Home of Sporting Events/button_Pay' is clicked on

14-04-2025T15:41:48 - [TEST_STEP][PASSED] - delay(2): Delayed 2 second(s)

14-04-2025T15:41:50 - [MESSAGE][PASSED] - Delayed 2 second(s)

14-04-2025T15:41:50 - [TEST_STEP][PASSED] - click(findTestObject("Object Repository/Payment for teams (CARD, ACH, CHECK)/Page_SportWrench - The Home of Sporting Events/input_Payment history_ng-pristine ng-untouc_97ddf2")): Object: 'Object Repository/Payment for teams (CARD, ACH, CHECK)/Page_SportWrench - The Home of Sporting Events/input_Payment history_ng-pristine ng-untouc_97ddf2' is clicked on

14-04-2025T15:41:50 - [MESSAGE][PASSED] - Object: 'Object Repository/Payment for teams (CARD, ACH, CHECK)/Page_SportWrench - The Home of Sporting Events/input_Payment history_ng-pristine ng-untouc_97ddf2' is clicked on

14-04-2025T15:41:50 - [TEST_STEP][PASSED] - click(findTestObject("Object Repository/Payment for teams (CARD, ACH, CHECK)/Page_SportWrench - The Home of Sporting Events/input_To Pay_ng-pristine ng-untouched ng-va_e7e142")): Object: 'Object Repository/Payment for teams (CARD, ACH, CHECK)/Page_SportWrench - The Home of Sporting Events/input_To Pay_ng-pristine ng-untouched ng-va_e7e142' is clicked on

14-04-2025T15:41:51 - [MESSAGE][PASSED] - Object: 'Object Repository/Payment for teams (CARD, ACH, CHECK)/Page_SportWrench - The Home of Sporting Events/input_To Pay_ng-pristine ng-untouched ng-va_e7e142' is clicked on

14-04-2025T15:41:51 - [TEST_STEP][PASSED] - click(findTestObject("Object Repository/Payment for teams (CARD, ACH, CHECK)/Page_SportWrench - The Home of Sporting Events/input_1,000.00_ng-pristine ng-untouched ng-_714ebc")): Object: 'Object Repository/Payment for teams (CARD, ACH, CHECK)/Page_SportWrench - The Home of Sporting Events/input_1,000.00_ng-pristine ng-untouched ng-_714ebc' is clicked on

14-04-2025T15:41:51 - [MESSAGE][PASSED] - Object: 'Object Repository/Payment for teams (CARD, ACH, CHECK)/Page_SportWrench - The Home of Sporting Events/input_1,000.00_ng-pristine ng-untouched ng-_714ebc' is clicked on

14-04-2025T15:41:51 - [TEST_STEP][PASSED] - click(findTestObject("Object Repository/Payment for teams (CARD, ACH, CHECK)/Page_SportWrench - The Home of Sporting Events/input_1,000.00_ng-pristine ng-untouched ng-_714ebc_1")): Object: 'Object Repository/Payment for teams (CARD, ACH, CHECK)/Page_SportWrench - The Home of Sporting Events/input_1,000.00_ng-pristine ng-untouched ng-_714ebc_1' is clicked on

14-04-2025T15:41:51 - [MESSAGE][PASSED] - Object: 'Object Repository/Payment for teams (CARD, ACH, CHECK)/Page_SportWrench - The Home of Sporting Events/input_1,000.00_ng-pristine ng-untouched ng-_714ebc_1' is clicked on

14-04-2025T15:41:51 - [TEST_STEP][PASSED] - click(findTestObject("Object Repository/Payment for teams (CARD, ACH, CHECK)/Page_SportWrench - The Home of Sporting Events/input_1,000.00_ng-pristine ng-untouched ng-_714ebc_1_2")): Object: 'Object Repository/Payment for teams (CARD, ACH, CHECK)/Page_SportWrench - The Home of Sporting Events/input_1,000.00_ng-pristine ng-untouched ng-_714ebc_1_2' is clicked on

14-04-2025T15:41:52 - [MESSAGE][PASSED] - Object: 'Object Repository/Payment for teams (CARD, ACH, CHECK)/Page_SportWrench - The Home of Sporting Events/input_1,000.00_ng-pristine ng-untouched ng-_714ebc_1_2' is clicked on

14-04-2025T15:41:52 - [TEST_STEP][PASSED] - click(findTestObject("Object Repository/Payment for teams (CARD, ACH, CHECK)/Page_SportWrench - The Home of Sporting Events/input_1,000.00_ng-pristine ng-untouched ng-_714ebc_1_2_3")): Object: 'Object Repository/Payment for teams (CARD, ACH, CHECK)/Page_SportWrench - The Home of Sporting Events/input_1,000.00_ng-pristine ng-untouched ng-_714ebc_1_2_3' is clicked on

14-04-2025T15:41:52 - [MESSAGE][PASSED] - Object: 'Object Repository/Payment for teams (CARD, ACH, CHECK)/Page_SportWrench - The Home of Sporting Events/input_1,000.00_ng-pristine ng-untouched ng-_714ebc_1_2_3' is clicked on

14-04-2025T15:41:52 - [TEST_STEP][PASSED] - click(findTestObject("Object Repository/Payment for teams (CARD, ACH, CHECK)/Page_SportWrench - The Home of Sporting Events/div_Proceed to payment")): Object: 'Object Repository/Payment for teams (CARD, ACH, CHECK)/Page_SportWrench - The Home of Sporting Events/div_Proceed to payment' is clicked on

14-04-2025T15:41:52 - [MESSAGE][PASSED] - Object: 'Object Repository/Payment for teams (CARD, ACH, CHECK)/Page_SportWrench - The Home of Sporting Events/div_Proceed to payment' is clicked on

14-04-2025T15:41:52 - [TEST_STEP][PASSED] - delay(2): Delayed 2 second(s)

14-04-2025T15:41:54 - [MESSAGE][PASSED] - Delayed 2 second(s)

14-04-2025T15:41:54 - [TEST_STEP][PASSED] - setText(findTestObject("Object Repository/Payment for teams (CARD, ACH, CHECK)/Page_SportWrench - The Home of Sporting Events/input_Card number_number"), "4242 4242 4242 4242"): Text '4242 4242 4242 4242' is set on object 'Object Repository/Payment for teams (CARD, ACH, CHECK)/Page_SportWrench - The Home of Sporting Events/input_Card number_number'

14-04-2025T15:41:55 - [MESSAGE][WARNING] - [SELF-HEALING] Failed to find element with id 'Object Repository/Payment for teams (CARD, ACH, CHECK)/Page_SportWrench - The Home of Sporting Events/iframe_Use a Different Method___privateStri_5887b7'. Try using Self-healing.

14-04-2025T15:41:55 - [MESSAGE][WARNING] - [SELF-HEALING] The current locator of test object 'Object Repository/Payment for teams (CARD, ACH, CHECK)/Page_SportWrench - The Home of Sporting Events/iframe_Use a Different Method___privateStri_5887b7' was broken. Propose an alternative one: '//div[@id='payment-element']/div/iframe'.

14-04-2025T15:41:55 - [MESSAGE][PASSED] - Text '4242 4242 4242 4242' is set on object 'Object Repository/Payment for teams (CARD, ACH, CHECK)/Page_SportWrench - The Home of Sporting Events/input_Card number_number'

14-04-2025T15:41:55 - [TEST_STEP][PASSED] - setText(findTestObject("Object Repository/Payment for teams (CARD, ACH, CHECK)/Page_SportWrench - The Home of Sporting Events/input_MM  YY_expiry"), "12 / 26"): Text '12 / 26' is set on object 'Object Repository/Payment for teams (CARD, ACH, CHECK)/Page_SportWrench - The Home of Sporting Events/input_MM  YY_expiry'

14-04-2025T15:41:55 - [MESSAGE][WARNING] - [SELF-HEALING] Failed to find element with id 'Object Repository/Payment for teams (CARD, ACH, CHECK)/Page_SportWrench - The Home of Sporting Events/iframe_Use a Different Method___privateStri_5887b7'. Try using Self-healing.

14-04-2025T15:41:56 - [MESSAGE][WARNING] - [SELF-HEALING] The current locator of test object 'Object Repository/Payment for teams (CARD, ACH, CHECK)/Page_SportWrench - The Home of Sporting Events/iframe_Use a Different Method___privateStri_5887b7' was broken. Propose an alternative one: '//div[@id='payment-element']/div/iframe'.

14-04-2025T15:41:56 - [MESSAGE][PASSED] - Text '12 / 26' is set on object 'Object Repository/Payment for teams (CARD, ACH, CHECK)/Page_SportWrench - The Home of Sporting Events/input_MM  YY_expiry'

14-04-2025T15:41:56 - [TEST_STEP][PASSED] - setText(findTestObject("Object Repository/Payment for teams (CARD, ACH, CHECK)/Page_SportWrench - The Home of Sporting Events/input_Security code_cvc"), "345"): Text '345' is set on object 'Object Repository/Payment for teams (CARD, ACH, CHECK)/Page_SportWrench - The Home of Sporting Events/input_Security code_cvc'

14-04-2025T15:41:56 - [MESSAGE][WARNING] - [SELF-HEALING] Failed to find element with id 'Object Repository/Payment for teams (CARD, ACH, CHECK)/Page_SportWrench - The Home of Sporting Events/iframe_Use a Different Method___privateStri_5887b7'. Try using Self-healing.

14-04-2025T15:41:56 - [MESSAGE][WARNING] - [SELF-HEALING] The current locator of test object 'Object Repository/Payment for teams (CARD, ACH, CHECK)/Page_SportWrench - The Home of Sporting Events/iframe_Use a Different Method___privateStri_5887b7' was broken. Propose an alternative one: '//div[@id='payment-element']/div/iframe'.

14-04-2025T15:41:56 - [MESSAGE][PASSED] - Text '345' is set on object 'Object Repository/Payment for teams (CARD, ACH, CHECK)/Page_SportWrench - The Home of Sporting Events/input_Security code_cvc'

14-04-2025T15:41:56 - [TEST_STEP][PASSED] - click(findTestObject("Object Repository/Payment for teams (CARD, ACH, CHECK)/Page_SportWrench - The Home of Sporting Events/button_Pay 5,000.00")): Object: 'Object Repository/Payment for teams (CARD, ACH, CHECK)/Page_SportWrench - The Home of Sporting Events/button_Pay 5,000.00' is clicked on

14-04-2025T15:41:57 - [MESSAGE][PASSED] - Object: 'Object Repository/Payment for teams (CARD, ACH, CHECK)/Page_SportWrench - The Home of Sporting Events/button_Pay 5,000.00' is clicked on

14-04-2025T15:41:57 - [TEST_STEP][PASSED] - delay(5): Delayed 5 second(s)

14-04-2025T15:42:02 - [MESSAGE][PASSED] - Delayed 5 second(s)

14-04-2025T15:42:02 - [TEST_STEP][PASSED] - verifyElementPresent(findTestObject("Object Repository/Payment for teams (CARD, ACH, CHECK)/Page_SportWrench - The Home of Sporting Events/span_Your Payment of 5,000.00 succeeded"), 1): Object 'Object Repository/Payment for teams (CARD, ACH, CHECK)/Page_SportWrench - The Home of Sporting Events/span_Your Payment of 5,000.00 succeeded' is present

14-04-2025T15:42:02 - [MESSAGE][PASSED] - Object 'Object Repository/Payment for teams (CARD, ACH, CHECK)/Page_SportWrench - The Home of Sporting Events/span_Your Payment of 5,000.00 succeeded' is present

14-04-2025T15:42:02 - [TEST_STEP][PASSED] - click(findTestObject("Object Repository/Payment for teams (CARD, ACH, CHECK)/Page_SportWrench - The Home of Sporting Events/button_Close")): Object: 'Object Repository/Payment for teams (CARD, ACH, CHECK)/Page_SportWrench - The Home of Sporting Events/button_Close' is clicked on

14-04-2025T15:42:04 - [MESSAGE][PASSED] - Object: 'Object Repository/Payment for teams (CARD, ACH, CHECK)/Page_SportWrench - The Home of Sporting Events/button_Close' is clicked on

14-04-2025T15:42:04 - [TEST_STEP][PASSED] - click(findTestObject("Object Repository/Payment for teams (CARD, ACH, CHECK)/Page_SportWrench - The Home of Sporting Events/button_Pay")): Object: 'Object Repository/Payment for teams (CARD, ACH, CHECK)/Page_SportWrench - The Home of Sporting Events/button_Pay' is clicked on

14-04-2025T15:42:06 - [MESSAGE][PASSED] - Object: 'Object Repository/Payment for teams (CARD, ACH, CHECK)/Page_SportWrench - The Home of Sporting Events/button_Pay' is clicked on

14-04-2025T15:42:06 - [TEST_STEP][PASSED] - click(findTestObject("Object Repository/Payment for teams (CARD, ACH, CHECK)/Page_SportWrench - The Home of Sporting Events/input_Payment history_ng-pristine ng-untouc_97ddf2")): Object: 'Object Repository/Payment for teams (CARD, ACH, CHECK)/Page_SportWrench - The Home of Sporting Events/input_Payment history_ng-pristine ng-untouc_97ddf2' is clicked on

14-04-2025T15:42:06 - [MESSAGE][PASSED] - Object: 'Object Repository/Payment for teams (CARD, ACH, CHECK)/Page_SportWrench - The Home of Sporting Events/input_Payment history_ng-pristine ng-untouc_97ddf2' is clicked on

14-04-2025T15:42:06 - [TEST_STEP][PASSED] - click(findTestObject("Object Repository/Payment for teams (CARD, ACH, CHECK)/Page_SportWrench - The Home of Sporting Events/input_To Pay_ng-pristine ng-untouched ng-va_e7e142")): Object: 'Object Repository/Payment for teams (CARD, ACH, CHECK)/Page_SportWrench - The Home of Sporting Events/input_To Pay_ng-pristine ng-untouched ng-va_e7e142' is clicked on

14-04-2025T15:42:07 - [MESSAGE][PASSED] - Object: 'Object Repository/Payment for teams (CARD, ACH, CHECK)/Page_SportWrench - The Home of Sporting Events/input_To Pay_ng-pristine ng-untouched ng-va_e7e142' is clicked on

14-04-2025T15:42:07 - [TEST_STEP][PASSED] - click(findTestObject("Object Repository/Payment for teams (CARD, ACH, CHECK)/Page_SportWrench - The Home of Sporting Events/input_1,000.00_ng-pristine ng-untouched ng-_714ebc")): Object: 'Object Repository/Payment for teams (CARD, ACH, CHECK)/Page_SportWrench - The Home of Sporting Events/input_1,000.00_ng-pristine ng-untouched ng-_714ebc' is clicked on

14-04-2025T15:42:07 - [MESSAGE][PASSED] - Object: 'Object Repository/Payment for teams (CARD, ACH, CHECK)/Page_SportWrench - The Home of Sporting Events/input_1,000.00_ng-pristine ng-untouched ng-_714ebc' is clicked on

14-04-2025T15:42:07 - [TEST_STEP][PASSED] - click(findTestObject("Object Repository/Payment for teams (CARD, ACH, CHECK)/Page_SportWrench - The Home of Sporting Events/input_1,000.00_ng-pristine ng-untouched ng-_714ebc_1")): Object: 'Object Repository/Payment for teams (CARD, ACH, CHECK)/Page_SportWrench - The Home of Sporting Events/input_1,000.00_ng-pristine ng-untouched ng-_714ebc_1' is clicked on

14-04-2025T15:42:08 - [MESSAGE][PASSED] - Object: 'Object Repository/Payment for teams (CARD, ACH, CHECK)/Page_SportWrench - The Home of Sporting Events/input_1,000.00_ng-pristine ng-untouched ng-_714ebc_1' is clicked on

14-04-2025T15:42:08 - [TEST_STEP][PASSED] - click(findTestObject("Object Repository/Payment for teams (CARD, ACH, CHECK)/Page_SportWrench - The Home of Sporting Events/div_Proceed to payment_1")): Object: 'Object Repository/Payment for teams (CARD, ACH, CHECK)/Page_SportWrench - The Home of Sporting Events/div_Proceed to payment_1' is clicked on

14-04-2025T15:42:08 - [MESSAGE][PASSED] - Object: 'Object Repository/Payment for teams (CARD, ACH, CHECK)/Page_SportWrench - The Home of Sporting Events/div_Proceed to payment_1' is clicked on

14-04-2025T15:42:08 - [TEST_STEP][PASSED] - click(findTestObject("Object Repository/Payment for teams (CARD, ACH, CHECK)/Page_SportWrench - The Home of Sporting Events/a_Check")): Object: 'Object Repository/Payment for teams (CARD, ACH, CHECK)/Page_SportWrench - The Home of Sporting Events/a_Check' is clicked on

14-04-2025T15:42:10 - [MESSAGE][PASSED] - Object: 'Object Repository/Payment for teams (CARD, ACH, CHECK)/Page_SportWrench - The Home of Sporting Events/a_Check' is clicked on

14-04-2025T15:42:10 - [TEST_STEP][PASSED] - click(findTestObject("Object Repository/Payment for teams (CARD, ACH, CHECK)/Page_SportWrench - The Home of Sporting Events/button_Confirm 3,000.00")): Object: 'Object Repository/Payment for teams (CARD, ACH, CHECK)/Page_SportWrench - The Home of Sporting Events/button_Confirm 3,000.00' is clicked on

14-04-2025T15:42:10 - [MESSAGE][PASSED] - Object: 'Object Repository/Payment for teams (CARD, ACH, CHECK)/Page_SportWrench - The Home of Sporting Events/button_Confirm 3,000.00' is clicked on

14-04-2025T15:42:10 - [TEST_STEP][PASSED] - verifyElementPresent(findTestObject("Object Repository/Payment for teams (CARD, ACH, CHECK)/Page_SportWrench - The Home of Sporting Events/span_Your Payment of 3,000.00 is pending re_a194a2"), 0): Object 'Object Repository/Payment for teams (CARD, ACH, CHECK)/Page_SportWrench - The Home of Sporting Events/span_Your Payment of 3,000.00 is pending re_a194a2' is present

14-04-2025T15:42:10 - [MESSAGE][WARNING] - Timeout '0' is invalid. Using default page load timeout: '30'

14-04-2025T15:42:12 - [MESSAGE][PASSED] - Object 'Object Repository/Payment for teams (CARD, ACH, CHECK)/Page_SportWrench - The Home of Sporting Events/span_Your Payment of 3,000.00 is pending re_a194a2' is present

14-04-2025T15:42:12 - [TEST_STEP][PASSED] - click(findTestObject("Object Repository/Payment for teams (CARD, ACH, CHECK)/Page_SportWrench - The Home of Sporting Events/button_Close")): Object: 'Object Repository/Payment for teams (CARD, ACH, CHECK)/Page_SportWrench - The Home of Sporting Events/button_Close' is clicked on

14-04-2025T15:42:12 - [MESSAGE][PASSED] - Object: 'Object Repository/Payment for teams (CARD, ACH, CHECK)/Page_SportWrench - The Home of Sporting Events/button_Close' is clicked on

14-04-2025T15:42:12 - [TEST_STEP][PASSED] - click(findTestObject("Object Repository/Payment for teams (CARD, ACH, CHECK)/Page_SportWrench - The Home of Sporting Events/button_Pay")): Object: 'Object Repository/Payment for teams (CARD, ACH, CHECK)/Page_SportWrench - The Home of Sporting Events/button_Pay' is clicked on

14-04-2025T15:42:12 - [MESSAGE][PASSED] - Object: 'Object Repository/Payment for teams (CARD, ACH, CHECK)/Page_SportWrench - The Home of Sporting Events/button_Pay' is clicked on

14-04-2025T15:42:12 - [TEST_STEP][PASSED] - click(findTestObject("Object Repository/Payment for teams (CARD, ACH, CHECK)/Page_SportWrench - The Home of Sporting Events/div_Proceed to payment_1_2")): Object: 'Object Repository/Payment for teams (CARD, ACH, CHECK)/Page_SportWrench - The Home of Sporting Events/div_Proceed to payment_1_2' is clicked on

14-04-2025T15:42:13 - [MESSAGE][PASSED] - Object: 'Object Repository/Payment for teams (CARD, ACH, CHECK)/Page_SportWrench - The Home of Sporting Events/div_Proceed to payment_1_2' is clicked on

14-04-2025T15:42:13 - [TEST_STEP][PASSED] - click(findTestObject("Object Repository/Payment for teams (CARD, ACH, CHECK)/Page_SportWrench - The Home of Sporting Events/button_US bank account")): Object: 'Object Repository/Payment for teams (CARD, ACH, CHECK)/Page_SportWrench - The Home of Sporting Events/button_US bank account' is clicked on

14-04-2025T15:42:15 - [MESSAGE][WARNING] - [SELF-HEALING] Failed to find element with id 'Object Repository/Payment for teams (CARD, ACH, CHECK)/Page_SportWrench - The Home of Sporting Events/iframe_Use a Different Method___privateStri_ba7f68'. Try using Self-healing.

14-04-2025T15:42:15 - [MESSAGE][WARNING] - [SELF-HEALING] The current locator of test object 'Object Repository/Payment for teams (CARD, ACH, CHECK)/Page_SportWrench - The Home of Sporting Events/iframe_Use a Different Method___privateStri_ba7f68' was broken. Propose an alternative one: '//div[@id='payment-element']/div/iframe'.

14-04-2025T15:42:15 - [MESSAGE][PASSED] - Object: 'Object Repository/Payment for teams (CARD, ACH, CHECK)/Page_SportWrench - The Home of Sporting Events/button_US bank account' is clicked on

14-04-2025T15:42:15 - [TEST_STEP][PASSED] - setText(findTestObject("Object Repository/Payment for teams (CARD, ACH, CHECK)/Page_SportWrench - The Home of Sporting Events/input_Email_email"), "ddfdfgf@gmail.com"): Text 'ddfdfgf@gmail.com' is set on object 'Object Repository/Payment for teams (CARD, ACH, CHECK)/Page_SportWrench - The Home of Sporting Events/input_Email_email'

14-04-2025T15:42:15 - [MESSAGE][WARNING] - [SELF-HEALING] Failed to find element with id 'Object Repository/Payment for teams (CARD, ACH, CHECK)/Page_SportWrench - The Home of Sporting Events/iframe_Use a Different Method___privateStri_ba7f68'. Try using Self-healing.

14-04-2025T15:42:16 - [MESSAGE][WARNING] - [SELF-HEALING] The current locator of test object 'Object Repository/Payment for teams (CARD, ACH, CHECK)/Page_SportWrench - The Home of Sporting Events/iframe_Use a Different Method___privateStri_ba7f68' was broken. Propose an alternative one: '//div[@id='payment-element']/div/iframe'.

14-04-2025T15:42:16 - [MESSAGE][PASSED] - Text 'ddfdfgf@gmail.com' is set on object 'Object Repository/Payment for teams (CARD, ACH, CHECK)/Page_SportWrench - The Home of Sporting Events/input_Email_email'

14-04-2025T15:42:16 - [TEST_STEP][PASSED] - setText(findTestObject("Object Repository/Payment for teams (CARD, ACH, CHECK)/Page_SportWrench - The Home of Sporting Events/input_Full name_name"), "ddfddf fgffgfg"): Text 'ddfddf fgffgfg' is set on object 'Object Repository/Payment for teams (CARD, ACH, CHECK)/Page_SportWrench - The Home of Sporting Events/input_Full name_name'

14-04-2025T15:42:16 - [MESSAGE][WARNING] - [SELF-HEALING] Failed to find element with id 'Object Repository/Payment for teams (CARD, ACH, CHECK)/Page_SportWrench - The Home of Sporting Events/iframe_Use a Different Method___privateStri_ba7f68'. Try using Self-healing.

14-04-2025T15:42:16 - [MESSAGE][WARNING] - [SELF-HEALING] The current locator of test object 'Object Repository/Payment for teams (CARD, ACH, CHECK)/Page_SportWrench - The Home of Sporting Events/iframe_Use a Different Method___privateStri_ba7f68' was broken. Propose an alternative one: '//div[@id='payment-element']/div/iframe'.

14-04-2025T15:42:16 - [MESSAGE][PASSED] - Text 'ddfddf fgffgfg' is set on object 'Object Repository/Payment for teams (CARD, ACH, CHECK)/Page_SportWrench - The Home of Sporting Events/input_Full name_name'

14-04-2025T15:42:17 - [TEST_STEP][PASSED] - click(findTestObject("Object Repository/Payment for teams (CARD, ACH, CHECK)/Page_SportWrench - The Home of Sporting Events/p_Test Institution")): Object: 'Object Repository/Payment for teams (CARD, ACH, CHECK)/Page_SportWrench - The Home of Sporting Events/p_Test Institution' is clicked on

14-04-2025T15:42:17 - [MESSAGE][WARNING] - [SELF-HEALING] Failed to find element with id 'Object Repository/Payment for teams (CARD, ACH, CHECK)/Page_SportWrench - The Home of Sporting Events/iframe_Use a Different Method___privateStri_ba7f68'. Try using Self-healing.

14-04-2025T15:42:17 - [MESSAGE][WARNING] - [SELF-HEALING] The current locator of test object 'Object Repository/Payment for teams (CARD, ACH, CHECK)/Page_SportWrench - The Home of Sporting Events/iframe_Use a Different Method___privateStri_ba7f68' was broken. Propose an alternative one: '//div[@id='payment-element']/div/iframe'.

14-04-2025T15:42:17 - [MESSAGE][PASSED] - Object: 'Object Repository/Payment for teams (CARD, ACH, CHECK)/Page_SportWrench - The Home of Sporting Events/p_Test Institution' is clicked on

14-04-2025T15:42:18 - [TEST_STEP][PASSED] - enhancedClick(findTestObject("Payment for teams (CARD, ACH, CHECK)/Page_SportWrench - The Home of Sporting Events/button_Agree and continue")): Object: 'Object Repository/Payment for teams (CARD, ACH, CHECK)/Page_SportWrench - The Home of Sporting Events/button_Agree and continue' is clicked on

14-04-2025T15:42:18 - [MESSAGE][WARNING] - [SELF-HEALING] Failed to find element with id 'Object Repository/Payment for teams (CARD, ACH, CHECK)/Page_SportWrench - The Home of Sporting Events/iframe_New Payment___privateStripeFrame87928'. Try using Self-healing.

14-04-2025T15:42:18 - [MESSAGE][WARNING] - [SELF-HEALING] The current locator of test object 'Object Repository/Payment for teams (CARD, ACH, CHECK)/Page_SportWrench - The Home of Sporting Events/iframe_New Payment___privateStripeFrame87928' was broken. Propose an alternative one: '//iframe'.

14-04-2025T15:42:18 - [MESSAGE][PASSED] - Object: 'Object Repository/Payment for teams (CARD, ACH, CHECK)/Page_SportWrench - The Home of Sporting Events/button_Agree and continue' is clicked on

14-04-2025T15:42:18 - [TEST_STEP][PASSED] - click(findTestObject("Object Repository/Payment for teams (CARD, ACH, CHECK)/Page_SportWrench - The Home of Sporting Events/span_Connect account")): Object: 'Object Repository/Payment for teams (CARD, ACH, CHECK)/Page_SportWrench - The Home of Sporting Events/span_Connect account' is clicked on

14-04-2025T15:42:19 - [MESSAGE][WARNING] - [SELF-HEALING] Failed to find element with id 'Object Repository/Payment for teams (CARD, ACH, CHECK)/Page_SportWrench - The Home of Sporting Events/iframe_New Payment___privateStripeFrame87928'. Try using Self-healing.

14-04-2025T15:42:19 - [MESSAGE][WARNING] - [SELF-HEALING] The current locator of test object 'Object Repository/Payment for teams (CARD, ACH, CHECK)/Page_SportWrench - The Home of Sporting Events/iframe_New Payment___privateStripeFrame87928' was broken. Propose an alternative one: '//iframe'.

14-04-2025T15:42:22 - [MESSAGE][PASSED] - Object: 'Object Repository/Payment for teams (CARD, ACH, CHECK)/Page_SportWrench - The Home of Sporting Events/span_Connect account' is clicked on

14-04-2025T15:42:22 - [TEST_STEP][PASSED] - click(findTestObject("Object Repository/Payment for teams (CARD, ACH, CHECK)/Page_SportWrench - The Home of Sporting Events/span_Back to SportWrench Inc")): Object: 'Object Repository/Payment for teams (CARD, ACH, CHECK)/Page_SportWrench - The Home of Sporting Events/span_Back to SportWrench Inc' is clicked on

14-04-2025T15:42:22 - [MESSAGE][WARNING] - [SELF-HEALING] Failed to find element with id 'Object Repository/Payment for teams (CARD, ACH, CHECK)/Page_SportWrench - The Home of Sporting Events/iframe_New Payment___privateStripeFrame87928'. Try using Self-healing.

14-04-2025T15:42:23 - [MESSAGE][WARNING] - [SELF-HEALING] The current locator of test object 'Object Repository/Payment for teams (CARD, ACH, CHECK)/Page_SportWrench - The Home of Sporting Events/iframe_New Payment___privateStripeFrame87928' was broken. Propose an alternative one: '//iframe'.

14-04-2025T15:42:24 - [MESSAGE][PASSED] - Object: 'Object Repository/Payment for teams (CARD, ACH, CHECK)/Page_SportWrench - The Home of Sporting Events/span_Back to SportWrench Inc' is clicked on

14-04-2025T15:42:24 - [TEST_STEP][PASSED] - click(findTestObject("Object Repository/Payment for teams (CARD, ACH, CHECK)/Page_SportWrench - The Home of Sporting Events/button_Pay 4,000.00")): Object: 'Object Repository/Payment for teams (CARD, ACH, CHECK)/Page_SportWrench - The Home of Sporting Events/button_Pay 4,000.00' is clicked on

14-04-2025T15:42:25 - [MESSAGE][PASSED] - Object: 'Object Repository/Payment for teams (CARD, ACH, CHECK)/Page_SportWrench - The Home of Sporting Events/button_Pay 4,000.00' is clicked on

14-04-2025T15:42:25 - [TEST_STEP][PASSED] - verifyElementPresent(findTestObject("Object Repository/Payment for teams (CARD, ACH, CHECK)/Page_SportWrench - The Home of Sporting Events/span_Your Payment of 4,000.00 is pending ba_433985"), 0): Object 'Object Repository/Payment for teams (CARD, ACH, CHECK)/Page_SportWrench - The Home of Sporting Events/span_Your Payment of 4,000.00 is pending ba_433985' is present

14-04-2025T15:42:25 - [MESSAGE][WARNING] - Timeout '0' is invalid. Using default page load timeout: '30'

14-04-2025T15:42:26 - [MESSAGE][PASSED] - Object 'Object Repository/Payment for teams (CARD, ACH, CHECK)/Page_SportWrench - The Home of Sporting Events/span_Your Payment of 4,000.00 is pending ba_433985' is present

14-04-2025T15:42:26 - [TEST_STEP][PASSED] - closeBrowser(): Browser is closed

14-04-2025T15:42:26 - [MESSAGE][PASSED] - Browser is closed]]></system-out>
         <system-err><![CDATA[]]></system-err>
      </testcase>
      <testcase name="Test Cases/Refunds for teams (CARD, ACH, CHECK)" time="41.172" classname="Test Cases/Refunds for teams (CARD, ACH, CHECK)" status="PASSED">
         <system-out><![CDATA[14-04-2025T15:42:26 - [TEST_CASE][PASSED] - Test Cases/Refunds for teams (CARD, ACH, CHECK): Test Cases/Refunds for teams (CARD, ACH, CHECK)

14-04-2025T15:42:26 - [TEST_STEP][PASSED] - openBrowser("http://USAV:demo@dev.swstage.com/"): Browser is opened with url: 'http://USAV:demo@dev.swstage.com/'

14-04-2025T15:42:26 - [MESSAGE][INFO] - Starting 'Chrome' driver

14-04-2025T15:42:26 - [MESSAGE][INFO] - Action delay is set to 0 milliseconds

14-04-2025T15:42:30 - [MESSAGE][PASSED] - Browser is opened with url: 'http://USAV:demo@dev.swstage.com/'

14-04-2025T15:42:30 - [TEST_STEP][PASSED] - navigateToUrl("http://USAV:demo@my.dev.swstage.com/#/"): Navigate to 'http://USAV:demo@my.dev.swstage.com/#/' successfully

14-04-2025T15:42:33 - [MESSAGE][PASSED] - Navigate to 'http://USAV:demo@my.dev.swstage.com/#/' successfully

14-04-2025T15:42:33 - [TEST_STEP][PASSED] - setText(findTestObject("Object Repository/Refunds for teams (CARD, ACH, CHECK)/Page_SportWrench - The Home of Sporting Events/input_Log In_email"), "dcgfcgchfhgvhv@gmail.com"): Text 'dcgfcgchfhgvhv@gmail.com' is set on object 'Object Repository/Refunds for teams (CARD, ACH, CHECK)/Page_SportWrench - The Home of Sporting Events/input_Log In_email'

14-04-2025T15:42:34 - [MESSAGE][PASSED] - Text 'dcgfcgchfhgvhv@gmail.com' is set on object 'Object Repository/Refunds for teams (CARD, ACH, CHECK)/Page_SportWrench - The Home of Sporting Events/input_Log In_email'

14-04-2025T15:42:34 - [TEST_STEP][PASSED] - setEncryptedText(findTestObject("Object Repository/Refunds for teams (CARD, ACH, CHECK)/Page_SportWrench - The Home of Sporting Events/input_false_password"), "ugkk24xDMrWrlVpEbACuNZEQlZ6qfcdw"): Text ****** has been set on object 'Object Repository/Refunds for teams (CARD, ACH, CHECK)/Page_SportWrench - The Home of Sporting Events/input_false_password'

14-04-2025T15:42:34 - [MESSAGE][PASSED] - Text ****** has been set on object 'Object Repository/Refunds for teams (CARD, ACH, CHECK)/Page_SportWrench - The Home of Sporting Events/input_false_password'

14-04-2025T15:42:34 - [TEST_STEP][PASSED] - click(findTestObject("Object Repository/Refunds for teams (CARD, ACH, CHECK)/Page_SportWrench - The Home of Sporting Events/button_Log In")): Object: 'Object Repository/Refunds for teams (CARD, ACH, CHECK)/Page_SportWrench - The Home of Sporting Events/button_Log In' is clicked on

14-04-2025T15:42:34 - [MESSAGE][PASSED] - Object: 'Object Repository/Refunds for teams (CARD, ACH, CHECK)/Page_SportWrench - The Home of Sporting Events/button_Log In' is clicked on

14-04-2025T15:42:34 - [TEST_STEP][PASSED] - setText(findTestObject("Object Repository/Refunds for teams (CARD, ACH, CHECK)/Page_SportWrench - The Home of Sporting Events/input_Other Events_searchbox"), "ULTIMATE TEAMS REFUND"): Text 'ULTIMATE TEAMS REFUND' is set on object 'Object Repository/Refunds for teams (CARD, ACH, CHECK)/Page_SportWrench - The Home of Sporting Events/input_Other Events_searchbox'

14-04-2025T15:42:39 - [MESSAGE][PASSED] - Text 'ULTIMATE TEAMS REFUND' is set on object 'Object Repository/Refunds for teams (CARD, ACH, CHECK)/Page_SportWrench - The Home of Sporting Events/input_Other Events_searchbox'

14-04-2025T15:42:39 - [TEST_STEP][PASSED] - click(findTestObject("Object Repository/Refunds for teams (CARD, ACH, CHECK)/Page_SportWrench - The Home of Sporting Events/a_ULTIMATE TEAMS REFUND")): Object: 'Object Repository/Refunds for teams (CARD, ACH, CHECK)/Page_SportWrench - The Home of Sporting Events/a_ULTIMATE TEAMS REFUND' is clicked on

14-04-2025T15:42:39 - [MESSAGE][PASSED] - Object: 'Object Repository/Refunds for teams (CARD, ACH, CHECK)/Page_SportWrench - The Home of Sporting Events/a_ULTIMATE TEAMS REFUND' is clicked on

14-04-2025T15:42:39 - [TEST_STEP][PASSED] - delay(1): Delayed 1 second(s)

14-04-2025T15:42:40 - [MESSAGE][PASSED] - Delayed 1 second(s)

14-04-2025T15:42:40 - [TEST_STEP][PASSED] - click(findTestObject("Object Repository/Refunds for teams (CARD, ACH, CHECK)/Page_SportWrench - The Home of Sporting Events/a_Teams")): Object: 'Object Repository/Refunds for teams (CARD, ACH, CHECK)/Page_SportWrench - The Home of Sporting Events/a_Teams' is clicked on

14-04-2025T15:42:40 - [MESSAGE][PASSED] - Object: 'Object Repository/Refunds for teams (CARD, ACH, CHECK)/Page_SportWrench - The Home of Sporting Events/a_Teams' is clicked on

14-04-2025T15:42:40 - [TEST_STEP][PASSED] - delay(1): Delayed 1 second(s)

14-04-2025T15:42:41 - [MESSAGE][PASSED] - Delayed 1 second(s)

14-04-2025T15:42:41 - [TEST_STEP][PASSED] - click(findTestObject("Object Repository/Refunds for teams (CARD, ACH, CHECK)/Page_SportWrench - The Home of Sporting Events/a_Payments")): Object: 'Object Repository/Refunds for teams (CARD, ACH, CHECK)/Page_SportWrench - The Home of Sporting Events/a_Payments' is clicked on

14-04-2025T15:42:42 - [MESSAGE][PASSED] - Object: 'Object Repository/Refunds for teams (CARD, ACH, CHECK)/Page_SportWrench - The Home of Sporting Events/a_Payments' is clicked on

14-04-2025T15:42:42 - [TEST_STEP][PASSED] - delay(1): Delayed 1 second(s)

14-04-2025T15:42:43 - [MESSAGE][PASSED] - Delayed 1 second(s)

14-04-2025T15:42:43 - [TEST_STEP][PASSED] - click(findTestObject("Object Repository/Refunds for teams (CARD, ACH, CHECK)/Page_SportWrench - The Home of Sporting Events/td_5")): Object: 'Object Repository/Refunds for teams (CARD, ACH, CHECK)/Page_SportWrench - The Home of Sporting Events/td_5' is clicked on

14-04-2025T15:42:43 - [MESSAGE][PASSED] - Object: 'Object Repository/Refunds for teams (CARD, ACH, CHECK)/Page_SportWrench - The Home of Sporting Events/td_5' is clicked on

14-04-2025T15:42:43 - [TEST_STEP][PASSED] - click(findTestObject("Object Repository/Refunds for teams (CARD, ACH, CHECK)/Page_SportWrench - The Home of Sporting Events/a_B09TRNTY4FL")): Object: 'Object Repository/Refunds for teams (CARD, ACH, CHECK)/Page_SportWrench - The Home of Sporting Events/a_B09TRNTY4FL' is clicked on

14-04-2025T15:42:43 - [MESSAGE][PASSED] - Object: 'Object Repository/Refunds for teams (CARD, ACH, CHECK)/Page_SportWrench - The Home of Sporting Events/a_B09TRNTY4FL' is clicked on

14-04-2025T15:42:43 - [TEST_STEP][PASSED] - click(findTestObject("Object Repository/Refunds for teams (CARD, ACH, CHECK)/Page_SportWrench - The Home of Sporting Events/span_CARD (paid)")): Object: 'Object Repository/Refunds for teams (CARD, ACH, CHECK)/Page_SportWrench - The Home of Sporting Events/span_CARD (paid)' is clicked on

14-04-2025T15:42:44 - [MESSAGE][WARNING] - [SELF-HEALING] Failed to find element with id 'Object Repository/Refunds for teams (CARD, ACH, CHECK)/Page_SportWrench - The Home of Sporting Events/span_CARD (paid)'. Try using Self-healing.

14-04-2025T15:42:45 - [MESSAGE][WARNING] - [SELF-HEALING] The current locator of test object 'Object Repository/Refunds for teams (CARD, ACH, CHECK)/Page_SportWrench - The Home of Sporting Events/span_CARD (paid)' was broken. Propose an alternative one: '(.//*[normalize-space(text()) and normalize-space(.)='-'])[1]/following::span[1]'.

14-04-2025T15:42:45 - [MESSAGE][PASSED] - Object: 'Object Repository/Refunds for teams (CARD, ACH, CHECK)/Page_SportWrench - The Home of Sporting Events/span_CARD (paid)' is clicked on

14-04-2025T15:42:45 - [TEST_STEP][PASSED] - click(findTestObject("Object Repository/Refunds for teams (CARD, ACH, CHECK)/Page_SportWrench - The Home of Sporting Events/span_Refund_caret")): Object: 'Object Repository/Refunds for teams (CARD, ACH, CHECK)/Page_SportWrench - The Home of Sporting Events/span_Refund_caret' is clicked on

14-04-2025T15:42:45 - [MESSAGE][PASSED] - Object: 'Object Repository/Refunds for teams (CARD, ACH, CHECK)/Page_SportWrench - The Home of Sporting Events/span_Refund_caret' is clicked on

14-04-2025T15:42:45 - [TEST_STEP][PASSED] - click(findTestObject("Object Repository/Refunds for teams (CARD, ACH, CHECK)/Page_SportWrench - The Home of Sporting Events/a_Total")): Object: 'Object Repository/Refunds for teams (CARD, ACH, CHECK)/Page_SportWrench - The Home of Sporting Events/a_Total' is clicked on

14-04-2025T15:42:46 - [MESSAGE][PASSED] - Object: 'Object Repository/Refunds for teams (CARD, ACH, CHECK)/Page_SportWrench - The Home of Sporting Events/a_Total' is clicked on

14-04-2025T15:42:46 - [TEST_STEP][PASSED] - click(findTestObject("Object Repository/Refunds for teams (CARD, ACH, CHECK)/Page_SportWrench - The Home of Sporting Events/button_Yes")): Object: 'Object Repository/Refunds for teams (CARD, ACH, CHECK)/Page_SportWrench - The Home of Sporting Events/button_Yes' is clicked on

14-04-2025T15:42:46 - [MESSAGE][PASSED] - Object: 'Object Repository/Refunds for teams (CARD, ACH, CHECK)/Page_SportWrench - The Home of Sporting Events/button_Yes' is clicked on

14-04-2025T15:42:46 - [TEST_STEP][PASSED] - click(findTestObject("Object Repository/Refunds for teams (CARD, ACH, CHECK)/Page_SportWrench - The Home of Sporting Events/button_Close")): Object: 'Object Repository/Refunds for teams (CARD, ACH, CHECK)/Page_SportWrench - The Home of Sporting Events/button_Close' is clicked on

14-04-2025T15:42:50 - [MESSAGE][PASSED] - Object: 'Object Repository/Refunds for teams (CARD, ACH, CHECK)/Page_SportWrench - The Home of Sporting Events/button_Close' is clicked on

14-04-2025T15:42:50 - [TEST_STEP][PASSED] - click(findTestObject("Object Repository/Refunds for teams (CARD, ACH, CHECK)/Page_SportWrench - The Home of Sporting Events/td_4")): Object: 'Object Repository/Refunds for teams (CARD, ACH, CHECK)/Page_SportWrench - The Home of Sporting Events/td_4' is clicked on

14-04-2025T15:42:50 - [MESSAGE][PASSED] - Object: 'Object Repository/Refunds for teams (CARD, ACH, CHECK)/Page_SportWrench - The Home of Sporting Events/td_4' is clicked on

14-04-2025T15:42:50 - [TEST_STEP][PASSED] - click(findTestObject("Object Repository/Refunds for teams (CARD, ACH, CHECK)/Page_SportWrench - The Home of Sporting Events/a_B09TRNTY7FL")): Object: 'Object Repository/Refunds for teams (CARD, ACH, CHECK)/Page_SportWrench - The Home of Sporting Events/a_B09TRNTY7FL' is clicked on

14-04-2025T15:42:51 - [MESSAGE][PASSED] - Object: 'Object Repository/Refunds for teams (CARD, ACH, CHECK)/Page_SportWrench - The Home of Sporting Events/a_B09TRNTY7FL' is clicked on

14-04-2025T15:42:51 - [TEST_STEP][PASSED] - click(findTestObject("Object Repository/Refunds for teams (CARD, ACH, CHECK)/Page_SportWrench - The Home of Sporting Events/span_ACH (paid)")): Object: 'Object Repository/Refunds for teams (CARD, ACH, CHECK)/Page_SportWrench - The Home of Sporting Events/span_ACH (paid)' is clicked on

14-04-2025T15:42:52 - [MESSAGE][WARNING] - [SELF-HEALING] Failed to find element with id 'Object Repository/Refunds for teams (CARD, ACH, CHECK)/Page_SportWrench - The Home of Sporting Events/span_ACH (paid)'. Try using Self-healing.

14-04-2025T15:42:52 - [MESSAGE][WARNING] - [SELF-HEALING] The current locator of test object 'Object Repository/Refunds for teams (CARD, ACH, CHECK)/Page_SportWrench - The Home of Sporting Events/span_ACH (paid)' was broken. Propose an alternative one: '(.//*[normalize-space(text()) and normalize-space(.)='-'])[1]/following::span[1]'.

14-04-2025T15:42:52 - [MESSAGE][PASSED] - Object: 'Object Repository/Refunds for teams (CARD, ACH, CHECK)/Page_SportWrench - The Home of Sporting Events/span_ACH (paid)' is clicked on

14-04-2025T15:42:52 - [TEST_STEP][PASSED] - click(findTestObject("Object Repository/Refunds for teams (CARD, ACH, CHECK)/Page_SportWrench - The Home of Sporting Events/span_Refund_caret_1")): Object: 'Object Repository/Refunds for teams (CARD, ACH, CHECK)/Page_SportWrench - The Home of Sporting Events/span_Refund_caret_1' is clicked on

14-04-2025T15:42:53 - [MESSAGE][PASSED] - Object: 'Object Repository/Refunds for teams (CARD, ACH, CHECK)/Page_SportWrench - The Home of Sporting Events/span_Refund_caret_1' is clicked on

14-04-2025T15:42:53 - [TEST_STEP][PASSED] - click(findTestObject("Object Repository/Refunds for teams (CARD, ACH, CHECK)/Page_SportWrench - The Home of Sporting Events/a_Total_1")): Object: 'Object Repository/Refunds for teams (CARD, ACH, CHECK)/Page_SportWrench - The Home of Sporting Events/a_Total_1' is clicked on

14-04-2025T15:42:53 - [MESSAGE][PASSED] - Object: 'Object Repository/Refunds for teams (CARD, ACH, CHECK)/Page_SportWrench - The Home of Sporting Events/a_Total_1' is clicked on

14-04-2025T15:42:53 - [TEST_STEP][PASSED] - click(findTestObject("Object Repository/Refunds for teams (CARD, ACH, CHECK)/Page_SportWrench - The Home of Sporting Events/button_Yes")): Object: 'Object Repository/Refunds for teams (CARD, ACH, CHECK)/Page_SportWrench - The Home of Sporting Events/button_Yes' is clicked on

14-04-2025T15:42:54 - [MESSAGE][PASSED] - Object: 'Object Repository/Refunds for teams (CARD, ACH, CHECK)/Page_SportWrench - The Home of Sporting Events/button_Yes' is clicked on

14-04-2025T15:42:54 - [TEST_STEP][PASSED] - click(findTestObject("Object Repository/Refunds for teams (CARD, ACH, CHECK)/Page_SportWrench - The Home of Sporting Events/button_Close")): Object: 'Object Repository/Refunds for teams (CARD, ACH, CHECK)/Page_SportWrench - The Home of Sporting Events/button_Close' is clicked on

14-04-2025T15:42:58 - [MESSAGE][PASSED] - Object: 'Object Repository/Refunds for teams (CARD, ACH, CHECK)/Page_SportWrench - The Home of Sporting Events/button_Close' is clicked on

14-04-2025T15:42:58 - [TEST_STEP][PASSED] - click(findTestObject("Object Repository/Refunds for teams (CARD, ACH, CHECK)/Page_SportWrench - The Home of Sporting Events/td_3")): Object: 'Object Repository/Refunds for teams (CARD, ACH, CHECK)/Page_SportWrench - The Home of Sporting Events/td_3' is clicked on

14-04-2025T15:42:58 - [MESSAGE][PASSED] - Object: 'Object Repository/Refunds for teams (CARD, ACH, CHECK)/Page_SportWrench - The Home of Sporting Events/td_3' is clicked on

14-04-2025T15:42:58 - [TEST_STEP][PASSED] - click(findTestObject("Object Repository/Refunds for teams (CARD, ACH, CHECK)/Page_SportWrench - The Home of Sporting Events/a_B09TRNTY16FL")): Object: 'Object Repository/Refunds for teams (CARD, ACH, CHECK)/Page_SportWrench - The Home of Sporting Events/a_B09TRNTY16FL' is clicked on

14-04-2025T15:42:59 - [MESSAGE][PASSED] - Object: 'Object Repository/Refunds for teams (CARD, ACH, CHECK)/Page_SportWrench - The Home of Sporting Events/a_B09TRNTY16FL' is clicked on

14-04-2025T15:42:59 - [TEST_STEP][PASSED] - click(findTestObject("Object Repository/Refunds for teams (CARD, ACH, CHECK)/Page_SportWrench - The Home of Sporting Events/span_CHECK (pending)")): Object: 'Object Repository/Refunds for teams (CARD, ACH, CHECK)/Page_SportWrench - The Home of Sporting Events/span_CHECK (pending)' is clicked on

14-04-2025T15:43:00 - [MESSAGE][PASSED] - Object: 'Object Repository/Refunds for teams (CARD, ACH, CHECK)/Page_SportWrench - The Home of Sporting Events/span_CHECK (pending)' is clicked on

14-04-2025T15:43:00 - [TEST_STEP][PASSED] - click(findTestObject("Object Repository/Refunds for teams (CARD, ACH, CHECK)/Page_SportWrench - The Home of Sporting Events/input_Received_is_received")): Object: 'Object Repository/Refunds for teams (CARD, ACH, CHECK)/Page_SportWrench - The Home of Sporting Events/input_Received_is_received' is clicked on

14-04-2025T15:43:00 - [MESSAGE][PASSED] - Object: 'Object Repository/Refunds for teams (CARD, ACH, CHECK)/Page_SportWrench - The Home of Sporting Events/input_Received_is_received' is clicked on

14-04-2025T15:43:00 - [TEST_STEP][PASSED] - setText(findTestObject("Object Repository/Refunds for teams (CARD, ACH, CHECK)/Page_SportWrench - The Home of Sporting Events/input__check_num"), "1234567"): Text '1234567' is set on object 'Object Repository/Refunds for teams (CARD, ACH, CHECK)/Page_SportWrench - The Home of Sporting Events/input__check_num'

14-04-2025T15:43:01 - [MESSAGE][PASSED] - Text '1234567' is set on object 'Object Repository/Refunds for teams (CARD, ACH, CHECK)/Page_SportWrench - The Home of Sporting Events/input__check_num'

14-04-2025T15:43:01 - [TEST_STEP][PASSED] - click(findTestObject("Object Repository/Refunds for teams (CARD, ACH, CHECK)/Page_SportWrench - The Home of Sporting Events/button_Save")): Object: 'Object Repository/Refunds for teams (CARD, ACH, CHECK)/Page_SportWrench - The Home of Sporting Events/button_Save' is clicked on

14-04-2025T15:43:01 - [MESSAGE][PASSED] - Object: 'Object Repository/Refunds for teams (CARD, ACH, CHECK)/Page_SportWrench - The Home of Sporting Events/button_Save' is clicked on

14-04-2025T15:43:01 - [TEST_STEP][PASSED] - click(findTestObject("Object Repository/Refunds for teams (CARD, ACH, CHECK)/Page_SportWrench - The Home of Sporting Events/button_Void Invoice")): Object: 'Object Repository/Refunds for teams (CARD, ACH, CHECK)/Page_SportWrench - The Home of Sporting Events/button_Void Invoice' is clicked on

14-04-2025T15:43:02 - [MESSAGE][PASSED] - Object: 'Object Repository/Refunds for teams (CARD, ACH, CHECK)/Page_SportWrench - The Home of Sporting Events/button_Void Invoice' is clicked on

14-04-2025T15:43:02 - [TEST_STEP][PASSED] - click(findTestObject("Object Repository/Refunds for teams (CARD, ACH, CHECK)/Page_SportWrench - The Home of Sporting Events/button_Yes")): Object: 'Object Repository/Refunds for teams (CARD, ACH, CHECK)/Page_SportWrench - The Home of Sporting Events/button_Yes' is clicked on

14-04-2025T15:43:03 - [MESSAGE][PASSED] - Object: 'Object Repository/Refunds for teams (CARD, ACH, CHECK)/Page_SportWrench - The Home of Sporting Events/button_Yes' is clicked on

14-04-2025T15:43:03 - [TEST_STEP][PASSED] - click(findTestObject("Object Repository/Refunds for teams (CARD, ACH, CHECK)/Page_SportWrench - The Home of Sporting Events/button_Close")): Object: 'Object Repository/Refunds for teams (CARD, ACH, CHECK)/Page_SportWrench - The Home of Sporting Events/button_Close' is clicked on

14-04-2025T15:43:04 - [MESSAGE][PASSED] - Object: 'Object Repository/Refunds for teams (CARD, ACH, CHECK)/Page_SportWrench - The Home of Sporting Events/button_Close' is clicked on

14-04-2025T15:43:04 - [TEST_STEP][PASSED] - click(findTestObject("Object Repository/Refunds for teams (CARD, ACH, CHECK)/Page_SportWrench - The Home of Sporting Events/a_Accounting")): Object: 'Object Repository/Refunds for teams (CARD, ACH, CHECK)/Page_SportWrench - The Home of Sporting Events/a_Accounting' is clicked on

14-04-2025T15:43:05 - [MESSAGE][PASSED] - Object: 'Object Repository/Refunds for teams (CARD, ACH, CHECK)/Page_SportWrench - The Home of Sporting Events/a_Accounting' is clicked on

14-04-2025T15:43:05 - [TEST_STEP][PASSED] - click(findTestObject("Object Repository/Refunds for teams (CARD, ACH, CHECK)/Page_SportWrench - The Home of Sporting Events/div_0.00")): Object: 'Object Repository/Refunds for teams (CARD, ACH, CHECK)/Page_SportWrench - The Home of Sporting Events/div_0.00' is clicked on

14-04-2025T15:43:06 - [MESSAGE][PASSED] - Object: 'Object Repository/Refunds for teams (CARD, ACH, CHECK)/Page_SportWrench - The Home of Sporting Events/div_0.00' is clicked on

14-04-2025T15:43:06 - [TEST_STEP][PASSED] - click(findTestObject("Object Repository/Refunds for teams (CARD, ACH, CHECK)/Page_SportWrench - The Home of Sporting Events/div_0.00_1")): Object: 'Object Repository/Refunds for teams (CARD, ACH, CHECK)/Page_SportWrench - The Home of Sporting Events/div_0.00_1' is clicked on

14-04-2025T15:43:06 - [MESSAGE][PASSED] - Object: 'Object Repository/Refunds for teams (CARD, ACH, CHECK)/Page_SportWrench - The Home of Sporting Events/div_0.00_1' is clicked on

14-04-2025T15:43:06 - [TEST_STEP][PASSED] - click(findTestObject("Object Repository/Refunds for teams (CARD, ACH, CHECK)/Page_SportWrench - The Home of Sporting Events/div_0.00_1_2")): Object: 'Object Repository/Refunds for teams (CARD, ACH, CHECK)/Page_SportWrench - The Home of Sporting Events/div_0.00_1_2' is clicked on

14-04-2025T15:43:06 - [MESSAGE][PASSED] - Object: 'Object Repository/Refunds for teams (CARD, ACH, CHECK)/Page_SportWrench - The Home of Sporting Events/div_0.00_1_2' is clicked on

14-04-2025T15:43:06 - [TEST_STEP][PASSED] - click(findTestObject("Object Repository/Refunds for teams (CARD, ACH, CHECK)/Page_SportWrench - The Home of Sporting Events/div_0.00_1_2_3")): Object: 'Object Repository/Refunds for teams (CARD, ACH, CHECK)/Page_SportWrench - The Home of Sporting Events/div_0.00_1_2_3' is clicked on

14-04-2025T15:43:06 - [MESSAGE][PASSED] - Object: 'Object Repository/Refunds for teams (CARD, ACH, CHECK)/Page_SportWrench - The Home of Sporting Events/div_0.00_1_2_3' is clicked on

14-04-2025T15:43:06 - [TEST_STEP][PASSED] - verifyElementPresent(findTestObject("Refunds for teams (CARD, ACH, CHECK)/Page_SportWrench - The Home of Sporting Events/div_0.00"), 0): Object 'Object Repository/Refunds for teams (CARD, ACH, CHECK)/Page_SportWrench - The Home of Sporting Events/div_0.00' is present

14-04-2025T15:43:06 - [MESSAGE][WARNING] - Timeout '0' is invalid. Using default page load timeout: '30'

14-04-2025T15:43:07 - [MESSAGE][PASSED] - Object 'Object Repository/Refunds for teams (CARD, ACH, CHECK)/Page_SportWrench - The Home of Sporting Events/div_0.00' is present

14-04-2025T15:43:07 - [TEST_STEP][PASSED] - verifyElementPresent(findTestObject("Refunds for teams (CARD, ACH, CHECK)/Page_SportWrench - The Home of Sporting Events/div_0.00_1"), 0): Object 'Object Repository/Refunds for teams (CARD, ACH, CHECK)/Page_SportWrench - The Home of Sporting Events/div_0.00_1' is present

14-04-2025T15:43:07 - [MESSAGE][WARNING] - Timeout '0' is invalid. Using default page load timeout: '30'

14-04-2025T15:43:07 - [MESSAGE][PASSED] - Object 'Object Repository/Refunds for teams (CARD, ACH, CHECK)/Page_SportWrench - The Home of Sporting Events/div_0.00_1' is present

14-04-2025T15:43:07 - [TEST_STEP][PASSED] - verifyElementPresent(findTestObject("Refunds for teams (CARD, ACH, CHECK)/Page_SportWrench - The Home of Sporting Events/div_0.00_1_2"), 0): Object 'Object Repository/Refunds for teams (CARD, ACH, CHECK)/Page_SportWrench - The Home of Sporting Events/div_0.00_1_2' is present

14-04-2025T15:43:07 - [MESSAGE][WARNING] - Timeout '0' is invalid. Using default page load timeout: '30'

14-04-2025T15:43:07 - [MESSAGE][PASSED] - Object 'Object Repository/Refunds for teams (CARD, ACH, CHECK)/Page_SportWrench - The Home of Sporting Events/div_0.00_1_2' is present

14-04-2025T15:43:07 - [TEST_STEP][PASSED] - verifyElementPresent(findTestObject("Refunds for teams (CARD, ACH, CHECK)/Page_SportWrench - The Home of Sporting Events/div_0.00_1_2_3"), 0): Object 'Object Repository/Refunds for teams (CARD, ACH, CHECK)/Page_SportWrench - The Home of Sporting Events/div_0.00_1_2_3' is present

14-04-2025T15:43:07 - [MESSAGE][WARNING] - Timeout '0' is invalid. Using default page load timeout: '30'

14-04-2025T15:43:07 - [MESSAGE][PASSED] - Object 'Object Repository/Refunds for teams (CARD, ACH, CHECK)/Page_SportWrench - The Home of Sporting Events/div_0.00_1_2_3' is present

14-04-2025T15:43:07 - [TEST_STEP][PASSED] - closeBrowser(): Browser is closed

14-04-2025T15:43:08 - [MESSAGE][PASSED] - Browser is closed]]></system-out>
         <system-err><![CDATA[]]></system-err>
      </testcase>
      <testcase name="Test Cases/Payments for teams (CARD, ACH, CHECK) - 2" time="48.166" classname="Test Cases/Payments for teams (CARD, ACH, CHECK) - 2" status="PASSED">
         <system-out><![CDATA[14-04-2025T15:43:08 - [TEST_CASE][PASSED] - Test Cases/Payments for teams (CARD, ACH, CHECK) - 2: Test Cases/Payments for teams (CARD, ACH, CHECK) - 2

14-04-2025T15:43:08 - [TEST_STEP][PASSED] - openBrowser("http://USAV:demo@dev.swstage.com/"): Browser is opened with url: 'http://USAV:demo@dev.swstage.com/'

14-04-2025T15:43:08 - [MESSAGE][INFO] - Starting 'Chrome' driver

14-04-2025T15:43:08 - [MESSAGE][INFO] - Action delay is set to 0 milliseconds

14-04-2025T15:43:11 - [MESSAGE][PASSED] - Browser is opened with url: 'http://USAV:demo@dev.swstage.com/'

14-04-2025T15:43:11 - [TEST_STEP][PASSED] - navigateToUrl("http://USAV:demo@my.dev.swstage.com/#/"): Navigate to 'http://USAV:demo@my.dev.swstage.com/#/' successfully

14-04-2025T15:43:14 - [MESSAGE][PASSED] - Navigate to 'http://USAV:demo@my.dev.swstage.com/#/' successfully

14-04-2025T15:43:14 - [TEST_STEP][PASSED] - setText(findTestObject("Object Repository/Payment for teams (CARD, ACH, CHECK)/Page_SportWrench - The Home of Sporting Events/input_Log In_email"), "coachjon@trinityvolleyball.com"): Text 'coachjon@trinityvolleyball.com' is set on object 'Object Repository/Payment for teams (CARD, ACH, CHECK)/Page_SportWrench - The Home of Sporting Events/input_Log In_email'

14-04-2025T15:43:15 - [MESSAGE][PASSED] - Text 'coachjon@trinityvolleyball.com' is set on object 'Object Repository/Payment for teams (CARD, ACH, CHECK)/Page_SportWrench - The Home of Sporting Events/input_Log In_email'

14-04-2025T15:43:15 - [TEST_STEP][PASSED] - setEncryptedText(findTestObject("Object Repository/Payment for teams (CARD, ACH, CHECK)/Page_SportWrench - The Home of Sporting Events/input_false_password"), "ugkk24xDMrWrlVpEbACuNZEQlZ6qfcdw"): Text ****** has been set on object 'Object Repository/Payment for teams (CARD, ACH, CHECK)/Page_SportWrench - The Home of Sporting Events/input_false_password'

14-04-2025T15:43:15 - [MESSAGE][PASSED] - Text ****** has been set on object 'Object Repository/Payment for teams (CARD, ACH, CHECK)/Page_SportWrench - The Home of Sporting Events/input_false_password'

14-04-2025T15:43:15 - [TEST_STEP][PASSED] - click(findTestObject("Object Repository/Payment for teams (CARD, ACH, CHECK)/Page_SportWrench - The Home of Sporting Events/button_Log In")): Object: 'Object Repository/Payment for teams (CARD, ACH, CHECK)/Page_SportWrench - The Home of Sporting Events/button_Log In' is clicked on

14-04-2025T15:43:15 - [MESSAGE][PASSED] - Object: 'Object Repository/Payment for teams (CARD, ACH, CHECK)/Page_SportWrench - The Home of Sporting Events/button_Log In' is clicked on

14-04-2025T15:43:15 - [TEST_STEP][PASSED] - click(findTestObject("Object Repository/Payment for teams (CARD, ACH, CHECK)/Page_SportWrench - The Home of Sporting Events/a_Enter Events")): Object: 'Object Repository/Payment for teams (CARD, ACH, CHECK)/Page_SportWrench - The Home of Sporting Events/a_Enter Events' is clicked on

14-04-2025T15:43:17 - [MESSAGE][PASSED] - Object: 'Object Repository/Payment for teams (CARD, ACH, CHECK)/Page_SportWrench - The Home of Sporting Events/a_Enter Events' is clicked on

14-04-2025T15:43:17 - [TEST_STEP][PASSED] - click(findTestObject("Object Repository/Payment for teams (CARD, ACH, CHECK)/Page_SportWrench - The Home of Sporting Events/button_Manage Teams")): Object: 'Object Repository/Payment for teams (CARD, ACH, CHECK)/Page_SportWrench - The Home of Sporting Events/button_Manage Teams' is clicked on

14-04-2025T15:43:17 - [MESSAGE][PASSED] - Object: 'Object Repository/Payment for teams (CARD, ACH, CHECK)/Page_SportWrench - The Home of Sporting Events/button_Manage Teams' is clicked on

14-04-2025T15:43:17 - [TEST_STEP][PASSED] - click(findTestObject("Object Repository/Payment for teams (CARD, ACH, CHECK)/Page_SportWrench - The Home of Sporting Events/button_Pay")): Object: 'Object Repository/Payment for teams (CARD, ACH, CHECK)/Page_SportWrench - The Home of Sporting Events/button_Pay' is clicked on

14-04-2025T15:43:19 - [MESSAGE][PASSED] - Object: 'Object Repository/Payment for teams (CARD, ACH, CHECK)/Page_SportWrench - The Home of Sporting Events/button_Pay' is clicked on

14-04-2025T15:43:19 - [TEST_STEP][PASSED] - delay(2): Delayed 2 second(s)

14-04-2025T15:43:21 - [MESSAGE][PASSED] - Delayed 2 second(s)

14-04-2025T15:43:21 - [TEST_STEP][PASSED] - click(findTestObject("Object Repository/Payment for teams (CARD, ACH, CHECK)/Page_SportWrench - The Home of Sporting Events/input_Payment history_ng-pristine ng-untouc_97ddf2")): Object: 'Object Repository/Payment for teams (CARD, ACH, CHECK)/Page_SportWrench - The Home of Sporting Events/input_Payment history_ng-pristine ng-untouc_97ddf2' is clicked on

14-04-2025T15:43:21 - [MESSAGE][PASSED] - Object: 'Object Repository/Payment for teams (CARD, ACH, CHECK)/Page_SportWrench - The Home of Sporting Events/input_Payment history_ng-pristine ng-untouc_97ddf2' is clicked on

14-04-2025T15:43:21 - [TEST_STEP][PASSED] - click(findTestObject("Object Repository/Payment for teams (CARD, ACH, CHECK)/Page_SportWrench - The Home of Sporting Events/input_To Pay_ng-pristine ng-untouched ng-va_e7e142")): Object: 'Object Repository/Payment for teams (CARD, ACH, CHECK)/Page_SportWrench - The Home of Sporting Events/input_To Pay_ng-pristine ng-untouched ng-va_e7e142' is clicked on

14-04-2025T15:43:22 - [MESSAGE][PASSED] - Object: 'Object Repository/Payment for teams (CARD, ACH, CHECK)/Page_SportWrench - The Home of Sporting Events/input_To Pay_ng-pristine ng-untouched ng-va_e7e142' is clicked on

14-04-2025T15:43:22 - [TEST_STEP][PASSED] - click(findTestObject("Object Repository/Payment for teams (CARD, ACH, CHECK)/Page_SportWrench - The Home of Sporting Events/input_1,000.00_ng-pristine ng-untouched ng-_714ebc")): Object: 'Object Repository/Payment for teams (CARD, ACH, CHECK)/Page_SportWrench - The Home of Sporting Events/input_1,000.00_ng-pristine ng-untouched ng-_714ebc' is clicked on

14-04-2025T15:43:22 - [MESSAGE][PASSED] - Object: 'Object Repository/Payment for teams (CARD, ACH, CHECK)/Page_SportWrench - The Home of Sporting Events/input_1,000.00_ng-pristine ng-untouched ng-_714ebc' is clicked on

14-04-2025T15:43:22 - [TEST_STEP][PASSED] - click(findTestObject("Object Repository/Payment for teams (CARD, ACH, CHECK)/Page_SportWrench - The Home of Sporting Events/input_1,000.00_ng-pristine ng-untouched ng-_714ebc_1")): Object: 'Object Repository/Payment for teams (CARD, ACH, CHECK)/Page_SportWrench - The Home of Sporting Events/input_1,000.00_ng-pristine ng-untouched ng-_714ebc_1' is clicked on

14-04-2025T15:43:22 - [MESSAGE][PASSED] - Object: 'Object Repository/Payment for teams (CARD, ACH, CHECK)/Page_SportWrench - The Home of Sporting Events/input_1,000.00_ng-pristine ng-untouched ng-_714ebc_1' is clicked on

14-04-2025T15:43:22 - [TEST_STEP][PASSED] - click(findTestObject("Object Repository/Payment for teams (CARD, ACH, CHECK)/Page_SportWrench - The Home of Sporting Events/input_1,000.00_ng-pristine ng-untouched ng-_714ebc_1_2")): Object: 'Object Repository/Payment for teams (CARD, ACH, CHECK)/Page_SportWrench - The Home of Sporting Events/input_1,000.00_ng-pristine ng-untouched ng-_714ebc_1_2' is clicked on

14-04-2025T15:43:23 - [MESSAGE][PASSED] - Object: 'Object Repository/Payment for teams (CARD, ACH, CHECK)/Page_SportWrench - The Home of Sporting Events/input_1,000.00_ng-pristine ng-untouched ng-_714ebc_1_2' is clicked on

14-04-2025T15:43:23 - [TEST_STEP][PASSED] - click(findTestObject("Object Repository/Payment for teams (CARD, ACH, CHECK)/Page_SportWrench - The Home of Sporting Events/input_1,000.00_ng-pristine ng-untouched ng-_714ebc_1_2_3")): Object: 'Object Repository/Payment for teams (CARD, ACH, CHECK)/Page_SportWrench - The Home of Sporting Events/input_1,000.00_ng-pristine ng-untouched ng-_714ebc_1_2_3' is clicked on

14-04-2025T15:43:23 - [MESSAGE][PASSED] - Object: 'Object Repository/Payment for teams (CARD, ACH, CHECK)/Page_SportWrench - The Home of Sporting Events/input_1,000.00_ng-pristine ng-untouched ng-_714ebc_1_2_3' is clicked on

14-04-2025T15:43:23 - [TEST_STEP][PASSED] - click(findTestObject("Object Repository/Payment for teams (CARD, ACH, CHECK)/Page_SportWrench - The Home of Sporting Events/div_Proceed to payment")): Object: 'Object Repository/Payment for teams (CARD, ACH, CHECK)/Page_SportWrench - The Home of Sporting Events/div_Proceed to payment' is clicked on

14-04-2025T15:43:23 - [MESSAGE][PASSED] - Object: 'Object Repository/Payment for teams (CARD, ACH, CHECK)/Page_SportWrench - The Home of Sporting Events/div_Proceed to payment' is clicked on

14-04-2025T15:43:23 - [TEST_STEP][PASSED] - delay(2): Delayed 2 second(s)

14-04-2025T15:43:25 - [MESSAGE][PASSED] - Delayed 2 second(s)

14-04-2025T15:43:25 - [TEST_STEP][PASSED] - setText(findTestObject("Object Repository/Payment for teams (CARD, ACH, CHECK)/Page_SportWrench - The Home of Sporting Events/input_Card number_number"), "4242 4242 4242 4242"): Text '4242 4242 4242 4242' is set on object 'Object Repository/Payment for teams (CARD, ACH, CHECK)/Page_SportWrench - The Home of Sporting Events/input_Card number_number'

14-04-2025T15:43:26 - [MESSAGE][WARNING] - [SELF-HEALING] Failed to find element with id 'Object Repository/Payment for teams (CARD, ACH, CHECK)/Page_SportWrench - The Home of Sporting Events/iframe_Use a Different Method___privateStri_5887b7'. Try using Self-healing.

14-04-2025T15:43:26 - [MESSAGE][WARNING] - [SELF-HEALING] The current locator of test object 'Object Repository/Payment for teams (CARD, ACH, CHECK)/Page_SportWrench - The Home of Sporting Events/iframe_Use a Different Method___privateStri_5887b7' was broken. Propose an alternative one: '//div[@id='payment-element']/div/iframe'.

14-04-2025T15:43:26 - [MESSAGE][PASSED] - Text '4242 4242 4242 4242' is set on object 'Object Repository/Payment for teams (CARD, ACH, CHECK)/Page_SportWrench - The Home of Sporting Events/input_Card number_number'

14-04-2025T15:43:26 - [TEST_STEP][PASSED] - setText(findTestObject("Object Repository/Payment for teams (CARD, ACH, CHECK)/Page_SportWrench - The Home of Sporting Events/input_MM  YY_expiry"), "12 / 26"): Text '12 / 26' is set on object 'Object Repository/Payment for teams (CARD, ACH, CHECK)/Page_SportWrench - The Home of Sporting Events/input_MM  YY_expiry'

14-04-2025T15:43:26 - [MESSAGE][WARNING] - [SELF-HEALING] Failed to find element with id 'Object Repository/Payment for teams (CARD, ACH, CHECK)/Page_SportWrench - The Home of Sporting Events/iframe_Use a Different Method___privateStri_5887b7'. Try using Self-healing.

14-04-2025T15:43:26 - [MESSAGE][WARNING] - [SELF-HEALING] The current locator of test object 'Object Repository/Payment for teams (CARD, ACH, CHECK)/Page_SportWrench - The Home of Sporting Events/iframe_Use a Different Method___privateStri_5887b7' was broken. Propose an alternative one: '//div[@id='payment-element']/div/iframe'.

14-04-2025T15:43:27 - [MESSAGE][PASSED] - Text '12 / 26' is set on object 'Object Repository/Payment for teams (CARD, ACH, CHECK)/Page_SportWrench - The Home of Sporting Events/input_MM  YY_expiry'

14-04-2025T15:43:27 - [TEST_STEP][PASSED] - setText(findTestObject("Object Repository/Payment for teams (CARD, ACH, CHECK)/Page_SportWrench - The Home of Sporting Events/input_Security code_cvc"), "345"): Text '345' is set on object 'Object Repository/Payment for teams (CARD, ACH, CHECK)/Page_SportWrench - The Home of Sporting Events/input_Security code_cvc'

14-04-2025T15:43:27 - [MESSAGE][WARNING] - [SELF-HEALING] Failed to find element with id 'Object Repository/Payment for teams (CARD, ACH, CHECK)/Page_SportWrench - The Home of Sporting Events/iframe_Use a Different Method___privateStri_5887b7'. Try using Self-healing.

14-04-2025T15:43:27 - [MESSAGE][WARNING] - [SELF-HEALING] The current locator of test object 'Object Repository/Payment for teams (CARD, ACH, CHECK)/Page_SportWrench - The Home of Sporting Events/iframe_Use a Different Method___privateStri_5887b7' was broken. Propose an alternative one: '//div[@id='payment-element']/div/iframe'.

14-04-2025T15:43:27 - [MESSAGE][PASSED] - Text '345' is set on object 'Object Repository/Payment for teams (CARD, ACH, CHECK)/Page_SportWrench - The Home of Sporting Events/input_Security code_cvc'

14-04-2025T15:43:27 - [TEST_STEP][PASSED] - click(findTestObject("Object Repository/Payment for teams (CARD, ACH, CHECK)/Page_SportWrench - The Home of Sporting Events/button_Pay 5,000.00")): Object: 'Object Repository/Payment for teams (CARD, ACH, CHECK)/Page_SportWrench - The Home of Sporting Events/button_Pay 5,000.00' is clicked on

14-04-2025T15:43:27 - [MESSAGE][PASSED] - Object: 'Object Repository/Payment for teams (CARD, ACH, CHECK)/Page_SportWrench - The Home of Sporting Events/button_Pay 5,000.00' is clicked on

14-04-2025T15:43:27 - [TEST_STEP][PASSED] - delay(5): Delayed 5 second(s)

14-04-2025T15:43:32 - [MESSAGE][PASSED] - Delayed 5 second(s)

14-04-2025T15:43:32 - [TEST_STEP][PASSED] - verifyElementPresent(findTestObject("Object Repository/Payment for teams (CARD, ACH, CHECK)/Page_SportWrench - The Home of Sporting Events/span_Your Payment of 5,000.00 succeeded"), 1): Object 'Object Repository/Payment for teams (CARD, ACH, CHECK)/Page_SportWrench - The Home of Sporting Events/span_Your Payment of 5,000.00 succeeded' is present

14-04-2025T15:43:33 - [MESSAGE][PASSED] - Object 'Object Repository/Payment for teams (CARD, ACH, CHECK)/Page_SportWrench - The Home of Sporting Events/span_Your Payment of 5,000.00 succeeded' is present

14-04-2025T15:43:33 - [TEST_STEP][PASSED] - click(findTestObject("Object Repository/Payment for teams (CARD, ACH, CHECK)/Page_SportWrench - The Home of Sporting Events/button_Close")): Object: 'Object Repository/Payment for teams (CARD, ACH, CHECK)/Page_SportWrench - The Home of Sporting Events/button_Close' is clicked on

14-04-2025T15:43:35 - [MESSAGE][PASSED] - Object: 'Object Repository/Payment for teams (CARD, ACH, CHECK)/Page_SportWrench - The Home of Sporting Events/button_Close' is clicked on

14-04-2025T15:43:35 - [TEST_STEP][PASSED] - click(findTestObject("Object Repository/Payment for teams (CARD, ACH, CHECK)/Page_SportWrench - The Home of Sporting Events/button_Pay")): Object: 'Object Repository/Payment for teams (CARD, ACH, CHECK)/Page_SportWrench - The Home of Sporting Events/button_Pay' is clicked on

14-04-2025T15:43:36 - [MESSAGE][PASSED] - Object: 'Object Repository/Payment for teams (CARD, ACH, CHECK)/Page_SportWrench - The Home of Sporting Events/button_Pay' is clicked on

14-04-2025T15:43:36 - [TEST_STEP][PASSED] - click(findTestObject("Object Repository/Payment for teams (CARD, ACH, CHECK)/Page_SportWrench - The Home of Sporting Events/input_Payment history_ng-pristine ng-untouc_97ddf2")): Object: 'Object Repository/Payment for teams (CARD, ACH, CHECK)/Page_SportWrench - The Home of Sporting Events/input_Payment history_ng-pristine ng-untouc_97ddf2' is clicked on

14-04-2025T15:43:36 - [MESSAGE][PASSED] - Object: 'Object Repository/Payment for teams (CARD, ACH, CHECK)/Page_SportWrench - The Home of Sporting Events/input_Payment history_ng-pristine ng-untouc_97ddf2' is clicked on

14-04-2025T15:43:36 - [TEST_STEP][PASSED] - click(findTestObject("Object Repository/Payment for teams (CARD, ACH, CHECK)/Page_SportWrench - The Home of Sporting Events/input_To Pay_ng-pristine ng-untouched ng-va_e7e142")): Object: 'Object Repository/Payment for teams (CARD, ACH, CHECK)/Page_SportWrench - The Home of Sporting Events/input_To Pay_ng-pristine ng-untouched ng-va_e7e142' is clicked on

14-04-2025T15:43:37 - [MESSAGE][PASSED] - Object: 'Object Repository/Payment for teams (CARD, ACH, CHECK)/Page_SportWrench - The Home of Sporting Events/input_To Pay_ng-pristine ng-untouched ng-va_e7e142' is clicked on

14-04-2025T15:43:37 - [TEST_STEP][PASSED] - click(findTestObject("Object Repository/Payment for teams (CARD, ACH, CHECK)/Page_SportWrench - The Home of Sporting Events/input_1,000.00_ng-pristine ng-untouched ng-_714ebc")): Object: 'Object Repository/Payment for teams (CARD, ACH, CHECK)/Page_SportWrench - The Home of Sporting Events/input_1,000.00_ng-pristine ng-untouched ng-_714ebc' is clicked on

14-04-2025T15:43:37 - [MESSAGE][PASSED] - Object: 'Object Repository/Payment for teams (CARD, ACH, CHECK)/Page_SportWrench - The Home of Sporting Events/input_1,000.00_ng-pristine ng-untouched ng-_714ebc' is clicked on

14-04-2025T15:43:37 - [TEST_STEP][PASSED] - click(findTestObject("Object Repository/Payment for teams (CARD, ACH, CHECK)/Page_SportWrench - The Home of Sporting Events/input_1,000.00_ng-pristine ng-untouched ng-_714ebc_1")): Object: 'Object Repository/Payment for teams (CARD, ACH, CHECK)/Page_SportWrench - The Home of Sporting Events/input_1,000.00_ng-pristine ng-untouched ng-_714ebc_1' is clicked on

14-04-2025T15:43:38 - [MESSAGE][PASSED] - Object: 'Object Repository/Payment for teams (CARD, ACH, CHECK)/Page_SportWrench - The Home of Sporting Events/input_1,000.00_ng-pristine ng-untouched ng-_714ebc_1' is clicked on

14-04-2025T15:43:38 - [TEST_STEP][PASSED] - click(findTestObject("Object Repository/Payment for teams (CARD, ACH, CHECK)/Page_SportWrench - The Home of Sporting Events/div_Proceed to payment_1")): Object: 'Object Repository/Payment for teams (CARD, ACH, CHECK)/Page_SportWrench - The Home of Sporting Events/div_Proceed to payment_1' is clicked on

14-04-2025T15:43:38 - [MESSAGE][PASSED] - Object: 'Object Repository/Payment for teams (CARD, ACH, CHECK)/Page_SportWrench - The Home of Sporting Events/div_Proceed to payment_1' is clicked on

14-04-2025T15:43:38 - [TEST_STEP][PASSED] - click(findTestObject("Object Repository/Payment for teams (CARD, ACH, CHECK)/Page_SportWrench - The Home of Sporting Events/a_Check")): Object: 'Object Repository/Payment for teams (CARD, ACH, CHECK)/Page_SportWrench - The Home of Sporting Events/a_Check' is clicked on

14-04-2025T15:43:40 - [MESSAGE][PASSED] - Object: 'Object Repository/Payment for teams (CARD, ACH, CHECK)/Page_SportWrench - The Home of Sporting Events/a_Check' is clicked on

14-04-2025T15:43:40 - [TEST_STEP][PASSED] - click(findTestObject("Object Repository/Payment for teams (CARD, ACH, CHECK)/Page_SportWrench - The Home of Sporting Events/button_Confirm 3,000.00")): Object: 'Object Repository/Payment for teams (CARD, ACH, CHECK)/Page_SportWrench - The Home of Sporting Events/button_Confirm 3,000.00' is clicked on

14-04-2025T15:43:40 - [MESSAGE][PASSED] - Object: 'Object Repository/Payment for teams (CARD, ACH, CHECK)/Page_SportWrench - The Home of Sporting Events/button_Confirm 3,000.00' is clicked on

14-04-2025T15:43:40 - [TEST_STEP][PASSED] - verifyElementPresent(findTestObject("Object Repository/Payment for teams (CARD, ACH, CHECK)/Page_SportWrench - The Home of Sporting Events/span_Your Payment of 3,000.00 is pending re_a194a2"), 0): Object 'Object Repository/Payment for teams (CARD, ACH, CHECK)/Page_SportWrench - The Home of Sporting Events/span_Your Payment of 3,000.00 is pending re_a194a2' is present

14-04-2025T15:43:40 - [MESSAGE][WARNING] - Timeout '0' is invalid. Using default page load timeout: '30'

14-04-2025T15:43:42 - [MESSAGE][PASSED] - Object 'Object Repository/Payment for teams (CARD, ACH, CHECK)/Page_SportWrench - The Home of Sporting Events/span_Your Payment of 3,000.00 is pending re_a194a2' is present

14-04-2025T15:43:42 - [TEST_STEP][PASSED] - click(findTestObject("Object Repository/Payment for teams (CARD, ACH, CHECK)/Page_SportWrench - The Home of Sporting Events/button_Close")): Object: 'Object Repository/Payment for teams (CARD, ACH, CHECK)/Page_SportWrench - The Home of Sporting Events/button_Close' is clicked on

14-04-2025T15:43:42 - [MESSAGE][PASSED] - Object: 'Object Repository/Payment for teams (CARD, ACH, CHECK)/Page_SportWrench - The Home of Sporting Events/button_Close' is clicked on

14-04-2025T15:43:42 - [TEST_STEP][PASSED] - click(findTestObject("Object Repository/Payment for teams (CARD, ACH, CHECK)/Page_SportWrench - The Home of Sporting Events/button_Pay")): Object: 'Object Repository/Payment for teams (CARD, ACH, CHECK)/Page_SportWrench - The Home of Sporting Events/button_Pay' is clicked on

14-04-2025T15:43:42 - [MESSAGE][PASSED] - Object: 'Object Repository/Payment for teams (CARD, ACH, CHECK)/Page_SportWrench - The Home of Sporting Events/button_Pay' is clicked on

14-04-2025T15:43:42 - [TEST_STEP][PASSED] - click(findTestObject("Object Repository/Payment for teams (CARD, ACH, CHECK)/Page_SportWrench - The Home of Sporting Events/div_Proceed to payment_1_2")): Object: 'Object Repository/Payment for teams (CARD, ACH, CHECK)/Page_SportWrench - The Home of Sporting Events/div_Proceed to payment_1_2' is clicked on

14-04-2025T15:43:43 - [MESSAGE][PASSED] - Object: 'Object Repository/Payment for teams (CARD, ACH, CHECK)/Page_SportWrench - The Home of Sporting Events/div_Proceed to payment_1_2' is clicked on

14-04-2025T15:43:43 - [TEST_STEP][PASSED] - click(findTestObject("Object Repository/Payment for teams (CARD, ACH, CHECK)/Page_SportWrench - The Home of Sporting Events/button_US bank account")): Object: 'Object Repository/Payment for teams (CARD, ACH, CHECK)/Page_SportWrench - The Home of Sporting Events/button_US bank account' is clicked on

14-04-2025T15:43:45 - [MESSAGE][WARNING] - [SELF-HEALING] Failed to find element with id 'Object Repository/Payment for teams (CARD, ACH, CHECK)/Page_SportWrench - The Home of Sporting Events/iframe_Use a Different Method___privateStri_ba7f68'. Try using Self-healing.

14-04-2025T15:43:45 - [MESSAGE][WARNING] - [SELF-HEALING] The current locator of test object 'Object Repository/Payment for teams (CARD, ACH, CHECK)/Page_SportWrench - The Home of Sporting Events/iframe_Use a Different Method___privateStri_ba7f68' was broken. Propose an alternative one: '//div[@id='payment-element']/div/iframe'.

14-04-2025T15:43:45 - [MESSAGE][PASSED] - Object: 'Object Repository/Payment for teams (CARD, ACH, CHECK)/Page_SportWrench - The Home of Sporting Events/button_US bank account' is clicked on

14-04-2025T15:43:45 - [TEST_STEP][PASSED] - setText(findTestObject("Object Repository/Payment for teams (CARD, ACH, CHECK)/Page_SportWrench - The Home of Sporting Events/input_Email_email"), "ddfdfgf@gmail.com"): Text 'ddfdfgf@gmail.com' is set on object 'Object Repository/Payment for teams (CARD, ACH, CHECK)/Page_SportWrench - The Home of Sporting Events/input_Email_email'

14-04-2025T15:43:45 - [MESSAGE][WARNING] - [SELF-HEALING] Failed to find element with id 'Object Repository/Payment for teams (CARD, ACH, CHECK)/Page_SportWrench - The Home of Sporting Events/iframe_Use a Different Method___privateStri_ba7f68'. Try using Self-healing.

14-04-2025T15:43:45 - [MESSAGE][WARNING] - [SELF-HEALING] The current locator of test object 'Object Repository/Payment for teams (CARD, ACH, CHECK)/Page_SportWrench - The Home of Sporting Events/iframe_Use a Different Method___privateStri_ba7f68' was broken. Propose an alternative one: '//div[@id='payment-element']/div/iframe'.

14-04-2025T15:43:46 - [MESSAGE][PASSED] - Text 'ddfdfgf@gmail.com' is set on object 'Object Repository/Payment for teams (CARD, ACH, CHECK)/Page_SportWrench - The Home of Sporting Events/input_Email_email'

14-04-2025T15:43:46 - [TEST_STEP][PASSED] - setText(findTestObject("Object Repository/Payment for teams (CARD, ACH, CHECK)/Page_SportWrench - The Home of Sporting Events/input_Full name_name"), "ddfddf fgffgfg"): Text 'ddfddf fgffgfg' is set on object 'Object Repository/Payment for teams (CARD, ACH, CHECK)/Page_SportWrench - The Home of Sporting Events/input_Full name_name'

14-04-2025T15:43:46 - [MESSAGE][WARNING] - [SELF-HEALING] Failed to find element with id 'Object Repository/Payment for teams (CARD, ACH, CHECK)/Page_SportWrench - The Home of Sporting Events/iframe_Use a Different Method___privateStri_ba7f68'. Try using Self-healing.

14-04-2025T15:43:46 - [MESSAGE][WARNING] - [SELF-HEALING] The current locator of test object 'Object Repository/Payment for teams (CARD, ACH, CHECK)/Page_SportWrench - The Home of Sporting Events/iframe_Use a Different Method___privateStri_ba7f68' was broken. Propose an alternative one: '//div[@id='payment-element']/div/iframe'.

14-04-2025T15:43:46 - [MESSAGE][PASSED] - Text 'ddfddf fgffgfg' is set on object 'Object Repository/Payment for teams (CARD, ACH, CHECK)/Page_SportWrench - The Home of Sporting Events/input_Full name_name'

14-04-2025T15:43:46 - [TEST_STEP][PASSED] - click(findTestObject("Object Repository/Payment for teams (CARD, ACH, CHECK)/Page_SportWrench - The Home of Sporting Events/p_Test Institution")): Object: 'Object Repository/Payment for teams (CARD, ACH, CHECK)/Page_SportWrench - The Home of Sporting Events/p_Test Institution' is clicked on

14-04-2025T15:43:46 - [MESSAGE][WARNING] - [SELF-HEALING] Failed to find element with id 'Object Repository/Payment for teams (CARD, ACH, CHECK)/Page_SportWrench - The Home of Sporting Events/iframe_Use a Different Method___privateStri_ba7f68'. Try using Self-healing.

14-04-2025T15:43:47 - [MESSAGE][WARNING] - [SELF-HEALING] The current locator of test object 'Object Repository/Payment for teams (CARD, ACH, CHECK)/Page_SportWrench - The Home of Sporting Events/iframe_Use a Different Method___privateStri_ba7f68' was broken. Propose an alternative one: '//div[@id='payment-element']/div/iframe'.

14-04-2025T15:43:47 - [MESSAGE][PASSED] - Object: 'Object Repository/Payment for teams (CARD, ACH, CHECK)/Page_SportWrench - The Home of Sporting Events/p_Test Institution' is clicked on

14-04-2025T15:43:47 - [TEST_STEP][PASSED] - enhancedClick(findTestObject("Payment for teams (CARD, ACH, CHECK)/Page_SportWrench - The Home of Sporting Events/button_Agree and continue")): Object: 'Object Repository/Payment for teams (CARD, ACH, CHECK)/Page_SportWrench - The Home of Sporting Events/button_Agree and continue' is clicked on

14-04-2025T15:43:48 - [MESSAGE][WARNING] - [SELF-HEALING] Failed to find element with id 'Object Repository/Payment for teams (CARD, ACH, CHECK)/Page_SportWrench - The Home of Sporting Events/iframe_New Payment___privateStripeFrame87928'. Try using Self-healing.

14-04-2025T15:43:48 - [MESSAGE][WARNING] - [SELF-HEALING] The current locator of test object 'Object Repository/Payment for teams (CARD, ACH, CHECK)/Page_SportWrench - The Home of Sporting Events/iframe_New Payment___privateStripeFrame87928' was broken. Propose an alternative one: '//iframe'.

14-04-2025T15:43:48 - [MESSAGE][PASSED] - Object: 'Object Repository/Payment for teams (CARD, ACH, CHECK)/Page_SportWrench - The Home of Sporting Events/button_Agree and continue' is clicked on

14-04-2025T15:43:48 - [TEST_STEP][PASSED] - click(findTestObject("Object Repository/Payment for teams (CARD, ACH, CHECK)/Page_SportWrench - The Home of Sporting Events/span_Connect account")): Object: 'Object Repository/Payment for teams (CARD, ACH, CHECK)/Page_SportWrench - The Home of Sporting Events/span_Connect account' is clicked on

14-04-2025T15:43:48 - [MESSAGE][WARNING] - [SELF-HEALING] Failed to find element with id 'Object Repository/Payment for teams (CARD, ACH, CHECK)/Page_SportWrench - The Home of Sporting Events/iframe_New Payment___privateStripeFrame87928'. Try using Self-healing.

14-04-2025T15:43:49 - [MESSAGE][WARNING] - [SELF-HEALING] The current locator of test object 'Object Repository/Payment for teams (CARD, ACH, CHECK)/Page_SportWrench - The Home of Sporting Events/iframe_New Payment___privateStripeFrame87928' was broken. Propose an alternative one: '//iframe'.

14-04-2025T15:43:51 - [MESSAGE][PASSED] - Object: 'Object Repository/Payment for teams (CARD, ACH, CHECK)/Page_SportWrench - The Home of Sporting Events/span_Connect account' is clicked on

14-04-2025T15:43:51 - [TEST_STEP][PASSED] - click(findTestObject("Object Repository/Payment for teams (CARD, ACH, CHECK)/Page_SportWrench - The Home of Sporting Events/span_Back to SportWrench Inc")): Object: 'Object Repository/Payment for teams (CARD, ACH, CHECK)/Page_SportWrench - The Home of Sporting Events/span_Back to SportWrench Inc' is clicked on

14-04-2025T15:43:51 - [MESSAGE][WARNING] - [SELF-HEALING] Failed to find element with id 'Object Repository/Payment for teams (CARD, ACH, CHECK)/Page_SportWrench - The Home of Sporting Events/iframe_New Payment___privateStripeFrame87928'. Try using Self-healing.

14-04-2025T15:43:52 - [MESSAGE][WARNING] - [SELF-HEALING] The current locator of test object 'Object Repository/Payment for teams (CARD, ACH, CHECK)/Page_SportWrench - The Home of Sporting Events/iframe_New Payment___privateStripeFrame87928' was broken. Propose an alternative one: '//iframe'.

14-04-2025T15:43:53 - [MESSAGE][PASSED] - Object: 'Object Repository/Payment for teams (CARD, ACH, CHECK)/Page_SportWrench - The Home of Sporting Events/span_Back to SportWrench Inc' is clicked on

14-04-2025T15:43:53 - [TEST_STEP][PASSED] - click(findTestObject("Object Repository/Payment for teams (CARD, ACH, CHECK)/Page_SportWrench - The Home of Sporting Events/button_Pay 4,000.00")): Object: 'Object Repository/Payment for teams (CARD, ACH, CHECK)/Page_SportWrench - The Home of Sporting Events/button_Pay 4,000.00' is clicked on

14-04-2025T15:43:55 - [MESSAGE][PASSED] - Object: 'Object Repository/Payment for teams (CARD, ACH, CHECK)/Page_SportWrench - The Home of Sporting Events/button_Pay 4,000.00' is clicked on

14-04-2025T15:43:55 - [TEST_STEP][PASSED] - verifyElementPresent(findTestObject("Object Repository/Payment for teams (CARD, ACH, CHECK)/Page_SportWrench - The Home of Sporting Events/span_Your Payment of 4,000.00 is pending ba_433985"), 0): Object 'Object Repository/Payment for teams (CARD, ACH, CHECK)/Page_SportWrench - The Home of Sporting Events/span_Your Payment of 4,000.00 is pending ba_433985' is present

14-04-2025T15:43:55 - [MESSAGE][WARNING] - Timeout '0' is invalid. Using default page load timeout: '30'

14-04-2025T15:43:56 - [MESSAGE][PASSED] - Object 'Object Repository/Payment for teams (CARD, ACH, CHECK)/Page_SportWrench - The Home of Sporting Events/span_Your Payment of 4,000.00 is pending ba_433985' is present

14-04-2025T15:43:56 - [TEST_STEP][PASSED] - closeBrowser(): Browser is closed

14-04-2025T15:43:56 - [MESSAGE][PASSED] - Browser is closed]]></system-out>
         <system-err><![CDATA[]]></system-err>
      </testcase>
      <testcase name="Test Cases/Refund for teams (CARD)" time="39.487" classname="Test Cases/Refund for teams (CARD)" status="PASSED">
         <system-out><![CDATA[14-04-2025T15:44:56 - [TEST_CASE][PASSED] - Test Cases/Refund for teams (CARD): Test Cases/Refund for teams (CARD)

14-04-2025T15:44:56 - [TEST_STEP][PASSED] - openBrowser("http://USAV:demo@dev.swstage.com/ "): Browser is opened with url: 'http://USAV:demo@dev.swstage.com/ '

14-04-2025T15:44:56 - [MESSAGE][WARNING] - A browser is already opened. Closing browser and opening a new one

14-04-2025T15:44:56 - [MESSAGE][INFO] - Starting 'Chrome' driver

14-04-2025T15:44:56 - [MESSAGE][INFO] - Action delay is set to 0 milliseconds

14-04-2025T15:44:59 - [MESSAGE][PASSED] - Browser is opened with url: 'http://USAV:demo@dev.swstage.com/ '

14-04-2025T15:44:59 - [TEST_STEP][PASSED] - navigateToUrl("http://USAV:demo@my.dev.swstage.com/#/"): Navigate to 'http://USAV:demo@my.dev.swstage.com/#/' successfully

14-04-2025T15:45:02 - [MESSAGE][PASSED] - Navigate to 'http://USAV:demo@my.dev.swstage.com/#/' successfully

14-04-2025T15:45:02 - [TEST_STEP][PASSED] - setText(findTestObject("Object Repository/Refund for teams (CARD)/Page_SportWrench - The Home of Sporting Events/input_Log In_email"), "dcgfcgchfhgvhv@gmail.com"): Text 'dcgfcgchfhgvhv@gmail.com' is set on object 'Object Repository/Refund for teams (CARD)/Page_SportWrench - The Home of Sporting Events/input_Log In_email'

14-04-2025T15:45:03 - [MESSAGE][PASSED] - Text 'dcgfcgchfhgvhv@gmail.com' is set on object 'Object Repository/Refund for teams (CARD)/Page_SportWrench - The Home of Sporting Events/input_Log In_email'

14-04-2025T15:45:03 - [TEST_STEP][PASSED] - setEncryptedText(findTestObject("Object Repository/Refund for teams (CARD)/Page_SportWrench - The Home of Sporting Events/input_false_password"), "ugkk24xDMrWrlVpEbACuNZEQlZ6qfcdw"): Text ****** has been set on object 'Object Repository/Refund for teams (CARD)/Page_SportWrench - The Home of Sporting Events/input_false_password'

14-04-2025T15:45:03 - [MESSAGE][PASSED] - Text ****** has been set on object 'Object Repository/Refund for teams (CARD)/Page_SportWrench - The Home of Sporting Events/input_false_password'

14-04-2025T15:45:03 - [TEST_STEP][PASSED] - click(findTestObject("Object Repository/Refund for teams (CARD)/Page_SportWrench - The Home of Sporting Events/button_Log In")): Object: 'Object Repository/Refund for teams (CARD)/Page_SportWrench - The Home of Sporting Events/button_Log In' is clicked on

14-04-2025T15:45:03 - [MESSAGE][PASSED] - Object: 'Object Repository/Refund for teams (CARD)/Page_SportWrench - The Home of Sporting Events/button_Log In' is clicked on

14-04-2025T15:45:03 - [TEST_STEP][PASSED] - setText(findTestObject("Object Repository/Refund for teams (CARD)/Page_SportWrench - The Home of Sporting Events/input_Other Events_searchbox"), "ULTIMATE TEAMS REFUND"): Text 'ULTIMATE TEAMS REFUND' is set on object 'Object Repository/Refund for teams (CARD)/Page_SportWrench - The Home of Sporting Events/input_Other Events_searchbox'

14-04-2025T15:45:07 - [MESSAGE][PASSED] - Text 'ULTIMATE TEAMS REFUND' is set on object 'Object Repository/Refund for teams (CARD)/Page_SportWrench - The Home of Sporting Events/input_Other Events_searchbox'

14-04-2025T15:45:07 - [TEST_STEP][PASSED] - click(findTestObject("Object Repository/Refund for teams (CARD)/Page_SportWrench - The Home of Sporting Events/a_ULTIMATE TEAMS REFUND")): Object: 'Object Repository/Refund for teams (CARD)/Page_SportWrench - The Home of Sporting Events/a_ULTIMATE TEAMS REFUND' is clicked on

14-04-2025T15:45:08 - [MESSAGE][PASSED] - Object: 'Object Repository/Refund for teams (CARD)/Page_SportWrench - The Home of Sporting Events/a_ULTIMATE TEAMS REFUND' is clicked on

14-04-2025T15:45:08 - [TEST_STEP][PASSED] - click(findTestObject("Object Repository/Refund for teams (CARD)/Page_SportWrench - The Home of Sporting Events/a_Accounting")): Object: 'Object Repository/Refund for teams (CARD)/Page_SportWrench - The Home of Sporting Events/a_Accounting' is clicked on

14-04-2025T15:45:09 - [MESSAGE][PASSED] - Object: 'Object Repository/Refund for teams (CARD)/Page_SportWrench - The Home of Sporting Events/a_Accounting' is clicked on

14-04-2025T15:45:09 - [TEST_STEP][PASSED] - verifyElementPresent(findTestObject("Object Repository/Refund for teams (CARD)/Page_SportWrench - The Home of Sporting Events/div_5,000.00"), 0): Object 'Object Repository/Refund for teams (CARD)/Page_SportWrench - The Home of Sporting Events/div_5,000.00' is present

14-04-2025T15:45:09 - [MESSAGE][WARNING] - Timeout '0' is invalid. Using default page load timeout: '30'

14-04-2025T15:45:10 - [MESSAGE][PASSED] - Object 'Object Repository/Refund for teams (CARD)/Page_SportWrench - The Home of Sporting Events/div_5,000.00' is present

14-04-2025T15:45:10 - [TEST_STEP][PASSED] - verifyElementPresent(findTestObject("Object Repository/Refund for teams (CARD)/Page_SportWrench - The Home of Sporting Events/div_145.30"), 0): Object 'Object Repository/Refund for teams (CARD)/Page_SportWrench - The Home of Sporting Events/div_145.30' is present

14-04-2025T15:45:10 - [MESSAGE][WARNING] - Timeout '0' is invalid. Using default page load timeout: '30'

14-04-2025T15:45:10 - [MESSAGE][PASSED] - Object 'Object Repository/Refund for teams (CARD)/Page_SportWrench - The Home of Sporting Events/div_145.30' is present

14-04-2025T15:45:10 - [TEST_STEP][PASSED] - verifyElementPresent(findTestObject("Object Repository/Refund for teams (CARD)/Page_SportWrench - The Home of Sporting Events/div_8,704.70"), 0): Object 'Object Repository/Refund for teams (CARD)/Page_SportWrench - The Home of Sporting Events/div_8,704.70' is present

14-04-2025T15:45:10 - [MESSAGE][WARNING] - Timeout '0' is invalid. Using default page load timeout: '30'

14-04-2025T15:45:10 - [MESSAGE][PASSED] - Object 'Object Repository/Refund for teams (CARD)/Page_SportWrench - The Home of Sporting Events/div_8,704.70' is present

14-04-2025T15:45:10 - [TEST_STEP][PASSED] - click(findTestObject("Object Repository/Refund for teams (CARD)/Page_SportWrench - The Home of Sporting Events/a_Teams")): Object: 'Object Repository/Refund for teams (CARD)/Page_SportWrench - The Home of Sporting Events/a_Teams' is clicked on

14-04-2025T15:45:10 - [MESSAGE][PASSED] - Object: 'Object Repository/Refund for teams (CARD)/Page_SportWrench - The Home of Sporting Events/a_Teams' is clicked on

14-04-2025T15:45:10 - [TEST_STEP][PASSED] - click(findTestObject("Object Repository/Refund for teams (CARD)/Page_SportWrench - The Home of Sporting Events/a_Teams List")): Object: 'Object Repository/Refund for teams (CARD)/Page_SportWrench - The Home of Sporting Events/a_Teams List' is clicked on

14-04-2025T15:45:11 - [MESSAGE][PASSED] - Object: 'Object Repository/Refund for teams (CARD)/Page_SportWrench - The Home of Sporting Events/a_Teams List' is clicked on

14-04-2025T15:45:11 - [TEST_STEP][PASSED] - click(findTestObject("Object Repository/Refund for teams (CARD)/Page_SportWrench - The Home of Sporting Events/span_Trinity 8 1")): Object: 'Object Repository/Refund for teams (CARD)/Page_SportWrench - The Home of Sporting Events/span_Trinity 8 1' is clicked on

14-04-2025T15:45:12 - [MESSAGE][PASSED] - Object: 'Object Repository/Refund for teams (CARD)/Page_SportWrench - The Home of Sporting Events/span_Trinity 8 1' is clicked on

14-04-2025T15:45:12 - [TEST_STEP][PASSED] - click(findTestObject("Object Repository/Refund for teams (CARD)/Page_SportWrench - The Home of Sporting Events/a_Payments")): Object: 'Object Repository/Refund for teams (CARD)/Page_SportWrench - The Home of Sporting Events/a_Payments' is clicked on

14-04-2025T15:45:13 - [MESSAGE][PASSED] - Object: 'Object Repository/Refund for teams (CARD)/Page_SportWrench - The Home of Sporting Events/a_Payments' is clicked on

14-04-2025T15:45:13 - [TEST_STEP][PASSED] - click(findTestObject("Object Repository/Refund for teams (CARD)/Page_SportWrench - The Home of Sporting Events/span_CARD (paid)")): Object: 'Object Repository/Refund for teams (CARD)/Page_SportWrench - The Home of Sporting Events/span_CARD (paid)' is clicked on

14-04-2025T15:45:15 - [MESSAGE][WARNING] - [SELF-HEALING] Failed to find element with id 'Object Repository/Refund for teams (CARD)/Page_SportWrench - The Home of Sporting Events/span_CARD (paid)'. Try using Self-healing.

14-04-2025T15:45:15 - [MESSAGE][WARNING] - [SELF-HEALING] The current locator of test object 'Object Repository/Refund for teams (CARD)/Page_SportWrench - The Home of Sporting Events/span_CARD (paid)' was broken. Propose an alternative one: '(.//*[normalize-space(text()) and normalize-space(.)='-'])[10]/following::span[1]'.

14-04-2025T15:45:15 - [MESSAGE][PASSED] - Object: 'Object Repository/Refund for teams (CARD)/Page_SportWrench - The Home of Sporting Events/span_CARD (paid)' is clicked on

14-04-2025T15:45:15 - [TEST_STEP][PASSED] - click(findTestObject("Object Repository/Refund for teams (CARD)/Page_SportWrench - The Home of Sporting Events/button_Refund")): Object: 'Object Repository/Refund for teams (CARD)/Page_SportWrench - The Home of Sporting Events/button_Refund' is clicked on

14-04-2025T15:45:15 - [MESSAGE][PASSED] - Object: 'Object Repository/Refund for teams (CARD)/Page_SportWrench - The Home of Sporting Events/button_Refund' is clicked on

14-04-2025T15:45:15 - [TEST_STEP][PASSED] - enhancedClick(findTestObject("Object Repository/Refund for teams (CARD)/Page_SportWrench - The Home of Sporting Events/a_Partial")): Object: 'Object Repository/Refund for teams (CARD)/Page_SportWrench - The Home of Sporting Events/a_Partial' is clicked on

14-04-2025T15:45:16 - [MESSAGE][WARNING] - [SELF-HEALING] Failed to find element with id 'Object Repository/Refund for teams (CARD)/Page_SportWrench - The Home of Sporting Events/a_Partial'. Try using Self-healing.

14-04-2025T15:45:16 - [MESSAGE][WARNING] - [SELF-HEALING] The current locator of test object 'Object Repository/Refund for teams (CARD)/Page_SportWrench - The Home of Sporting Events/a_Partial' was broken. Propose an alternative one: '(//a[contains(@href, '')])[17]'.

14-04-2025T15:45:16 - [MESSAGE][PASSED] - Object: 'Object Repository/Refund for teams (CARD)/Page_SportWrench - The Home of Sporting Events/a_Partial' is clicked on

14-04-2025T15:45:16 - [TEST_STEP][PASSED] - click(findTestObject("Object Repository/Refund for teams (CARD)/Page_SportWrench - The Home of Sporting Events/input_Team name_ng-pristine ng-untouched ng_75950e")): Object: 'Object Repository/Refund for teams (CARD)/Page_SportWrench - The Home of Sporting Events/input_Team name_ng-pristine ng-untouched ng_75950e' is clicked on

14-04-2025T15:45:17 - [MESSAGE][PASSED] - Object: 'Object Repository/Refund for teams (CARD)/Page_SportWrench - The Home of Sporting Events/input_Team name_ng-pristine ng-untouched ng_75950e' is clicked on

14-04-2025T15:45:17 - [TEST_STEP][PASSED] - click(findTestObject("Object Repository/Refund for teams (CARD)/Page_SportWrench - The Home of Sporting Events/input_Trinity 9 11_ng-pristine ng-untouched_6875e5")): Object: 'Object Repository/Refund for teams (CARD)/Page_SportWrench - The Home of Sporting Events/input_Trinity 9 11_ng-pristine ng-untouched_6875e5' is clicked on

14-04-2025T15:45:17 - [MESSAGE][PASSED] - Object: 'Object Repository/Refund for teams (CARD)/Page_SportWrench - The Home of Sporting Events/input_Trinity 9 11_ng-pristine ng-untouched_6875e5' is clicked on

14-04-2025T15:45:17 - [TEST_STEP][PASSED] - setText(findTestObject("Object Repository/Refund for teams (CARD)/Page_SportWrench - The Home of Sporting Events/input__form-control form-control-4digits ng_fc52e6"), "500"): Text '500' is set on object 'Object Repository/Refund for teams (CARD)/Page_SportWrench - The Home of Sporting Events/input__form-control form-control-4digits ng_fc52e6'

14-04-2025T15:45:18 - [MESSAGE][PASSED] - Text '500' is set on object 'Object Repository/Refund for teams (CARD)/Page_SportWrench - The Home of Sporting Events/input__form-control form-control-4digits ng_fc52e6'

14-04-2025T15:45:18 - [TEST_STEP][PASSED] - click(findTestObject("Object Repository/Refund for teams (CARD)/Page_SportWrench - The Home of Sporting Events/button_Refund 2,500.00")): Object: 'Object Repository/Refund for teams (CARD)/Page_SportWrench - The Home of Sporting Events/button_Refund 2,500.00' is clicked on

14-04-2025T15:45:18 - [MESSAGE][PASSED] - Object: 'Object Repository/Refund for teams (CARD)/Page_SportWrench - The Home of Sporting Events/button_Refund 2,500.00' is clicked on

14-04-2025T15:45:18 - [TEST_STEP][PASSED] - click(findTestObject("Object Repository/Refund for teams (CARD)/Page_SportWrench - The Home of Sporting Events/button_")): Object: 'Object Repository/Refund for teams (CARD)/Page_SportWrench - The Home of Sporting Events/button_' is clicked on

14-04-2025T15:45:23 - [MESSAGE][PASSED] - Object: 'Object Repository/Refund for teams (CARD)/Page_SportWrench - The Home of Sporting Events/button_' is clicked on

14-04-2025T15:45:23 - [TEST_STEP][PASSED] - click(findTestObject("Object Repository/Refund for teams (CARD)/Page_SportWrench - The Home of Sporting Events/a_Accounting"), STOP_ON_FAILURE): Object: 'Object Repository/Refund for teams (CARD)/Page_SportWrench - The Home of Sporting Events/a_Accounting' is clicked on

14-04-2025T15:45:23 - [MESSAGE][PASSED] - Object: 'Object Repository/Refund for teams (CARD)/Page_SportWrench - The Home of Sporting Events/a_Accounting' is clicked on

14-04-2025T15:45:23 - [TEST_STEP][PASSED] - verifyElementPresent(findTestObject("Object Repository/Refund for teams (CARD)/Page_SportWrench - The Home of Sporting Events/div_2,500.00"), 0): Object 'Object Repository/Refund for teams (CARD)/Page_SportWrench - The Home of Sporting Events/div_2,500.00' is present

14-04-2025T15:45:23 - [MESSAGE][WARNING] - Timeout '0' is invalid. Using default page load timeout: '30'

14-04-2025T15:45:24 - [MESSAGE][PASSED] - Object 'Object Repository/Refund for teams (CARD)/Page_SportWrench - The Home of Sporting Events/div_2,500.00' is present

14-04-2025T15:45:24 - [TEST_STEP][PASSED] - verifyElementPresent(findTestObject("Object Repository/Refund for teams (CARD)/Page_SportWrench - The Home of Sporting Events/div_72.80"), 0): Object 'Object Repository/Refund for teams (CARD)/Page_SportWrench - The Home of Sporting Events/div_72.80' is present

14-04-2025T15:45:24 - [MESSAGE][WARNING] - Timeout '0' is invalid. Using default page load timeout: '30'

14-04-2025T15:45:24 - [MESSAGE][PASSED] - Object 'Object Repository/Refund for teams (CARD)/Page_SportWrench - The Home of Sporting Events/div_72.80' is present

14-04-2025T15:45:24 - [TEST_STEP][PASSED] - verifyElementPresent(findTestObject("Object Repository/Refund for teams (CARD)/Page_SportWrench - The Home of Sporting Events/div_6,297.20"), 0): Object 'Object Repository/Refund for teams (CARD)/Page_SportWrench - The Home of Sporting Events/div_6,297.20' is present

14-04-2025T15:45:24 - [MESSAGE][WARNING] - Timeout '0' is invalid. Using default page load timeout: '30'

14-04-2025T15:45:24 - [MESSAGE][PASSED] - Object 'Object Repository/Refund for teams (CARD)/Page_SportWrench - The Home of Sporting Events/div_6,297.20' is present

14-04-2025T15:45:24 - [TEST_STEP][PASSED] - click(findTestObject("Object Repository/Refund for teams (CARD)/Page_SportWrench - The Home of Sporting Events/a_Teams")): Object: 'Object Repository/Refund for teams (CARD)/Page_SportWrench - The Home of Sporting Events/a_Teams' is clicked on

14-04-2025T15:45:25 - [MESSAGE][PASSED] - Object: 'Object Repository/Refund for teams (CARD)/Page_SportWrench - The Home of Sporting Events/a_Teams' is clicked on

14-04-2025T15:45:25 - [TEST_STEP][PASSED] - click(findTestObject("Object Repository/Refund for teams (CARD)/Page_SportWrench - The Home of Sporting Events/a_Teams List")): Object: 'Object Repository/Refund for teams (CARD)/Page_SportWrench - The Home of Sporting Events/a_Teams List' is clicked on

14-04-2025T15:45:25 - [MESSAGE][PASSED] - Object: 'Object Repository/Refund for teams (CARD)/Page_SportWrench - The Home of Sporting Events/a_Teams List' is clicked on

14-04-2025T15:45:25 - [TEST_STEP][PASSED] - click(findTestObject("Object Repository/Refund for teams (CARD)/Page_SportWrench - The Home of Sporting Events/span_Trinity 8 1")): Object: 'Object Repository/Refund for teams (CARD)/Page_SportWrench - The Home of Sporting Events/span_Trinity 8 1' is clicked on

14-04-2025T15:45:26 - [MESSAGE][PASSED] - Object: 'Object Repository/Refund for teams (CARD)/Page_SportWrench - The Home of Sporting Events/span_Trinity 8 1' is clicked on

14-04-2025T15:45:26 - [TEST_STEP][PASSED] - click(findTestObject("Object Repository/Refund for teams (CARD)/Page_SportWrench - The Home of Sporting Events/a_Payments")): Object: 'Object Repository/Refund for teams (CARD)/Page_SportWrench - The Home of Sporting Events/a_Payments' is clicked on

14-04-2025T15:45:27 - [MESSAGE][PASSED] - Object: 'Object Repository/Refund for teams (CARD)/Page_SportWrench - The Home of Sporting Events/a_Payments' is clicked on

14-04-2025T15:45:27 - [TEST_STEP][PASSED] - click(findTestObject("Object Repository/Refund for teams (CARD)/Page_SportWrench - The Home of Sporting Events/span_CARD (paid)_1")): Object: 'Object Repository/Refund for teams (CARD)/Page_SportWrench - The Home of Sporting Events/span_CARD (paid)_1' is clicked on

14-04-2025T15:45:28 - [MESSAGE][WARNING] - [SELF-HEALING] Failed to find element with id 'Object Repository/Refund for teams (CARD)/Page_SportWrench - The Home of Sporting Events/span_CARD (paid)_1'. Try using Self-healing.

14-04-2025T15:45:29 - [MESSAGE][WARNING] - [SELF-HEALING] The current locator of test object 'Object Repository/Refund for teams (CARD)/Page_SportWrench - The Home of Sporting Events/span_CARD (paid)_1' was broken. Propose an alternative one: '(.//*[normalize-space(text()) and normalize-space(.)='-'])[10]/following::span[1]'.

14-04-2025T15:45:29 - [MESSAGE][PASSED] - Object: 'Object Repository/Refund for teams (CARD)/Page_SportWrench - The Home of Sporting Events/span_CARD (paid)_1' is clicked on

14-04-2025T15:45:29 - [TEST_STEP][PASSED] - click(findTestObject("Object Repository/Refund for teams (CARD)/Page_SportWrench - The Home of Sporting Events/button_Refund")): Object: 'Object Repository/Refund for teams (CARD)/Page_SportWrench - The Home of Sporting Events/button_Refund' is clicked on

14-04-2025T15:45:29 - [MESSAGE][PASSED] - Object: 'Object Repository/Refund for teams (CARD)/Page_SportWrench - The Home of Sporting Events/button_Refund' is clicked on

14-04-2025T15:45:29 - [TEST_STEP][PASSED] - enhancedClick(findTestObject("Object Repository/Refund for teams (CARD)/Page_SportWrench - The Home of Sporting Events/a_Total")): Object: 'Object Repository/Refund for teams (CARD)/Page_SportWrench - The Home of Sporting Events/a_Total' is clicked on

14-04-2025T15:45:30 - [MESSAGE][WARNING] - [SELF-HEALING] Failed to find element with id 'Object Repository/Refund for teams (CARD)/Page_SportWrench - The Home of Sporting Events/a_Total'. Try using Self-healing.

14-04-2025T15:45:30 - [MESSAGE][WARNING] - [SELF-HEALING] The current locator of test object 'Object Repository/Refund for teams (CARD)/Page_SportWrench - The Home of Sporting Events/a_Total' was broken. Propose an alternative one: '(//a[contains(text(),'Total')])[2]'.

14-04-2025T15:45:30 - [MESSAGE][PASSED] - Object: 'Object Repository/Refund for teams (CARD)/Page_SportWrench - The Home of Sporting Events/a_Total' is clicked on

14-04-2025T15:45:30 - [TEST_STEP][PASSED] - click(findTestObject("Object Repository/Refund for teams (CARD)/Page_SportWrench - The Home of Sporting Events/button_Yes")): Object: 'Object Repository/Refund for teams (CARD)/Page_SportWrench - The Home of Sporting Events/button_Yes' is clicked on

14-04-2025T15:45:31 - [MESSAGE][PASSED] - Object: 'Object Repository/Refund for teams (CARD)/Page_SportWrench - The Home of Sporting Events/button_Yes' is clicked on

14-04-2025T15:45:31 - [TEST_STEP][PASSED] - click(findTestObject("Object Repository/Refund for teams (CARD)/Page_SportWrench - The Home of Sporting Events/button_")): Object: 'Object Repository/Refund for teams (CARD)/Page_SportWrench - The Home of Sporting Events/button_' is clicked on

14-04-2025T15:45:35 - [MESSAGE][PASSED] - Object: 'Object Repository/Refund for teams (CARD)/Page_SportWrench - The Home of Sporting Events/button_' is clicked on

14-04-2025T15:45:35 - [TEST_STEP][PASSED] - closeBrowser(): Browser is closed

14-04-2025T15:45:35 - [MESSAGE][PASSED] - Browser is closed]]></system-out>
         <system-err><![CDATA[]]></system-err>
      </testcase>
      <system-out><![CDATA[14-04-2025T15:41:35 - [TEST_SUITE][FAILED] - New Test Suite: Test Cases/Refund for teams (CARD) FAILED.
Reason:
com.kms.katalon.core.exception.StepFailedException: Unable to click on object 'Object Repository/Refund for teams (CARD)/Page_SportWrench - The Home of Sporting Events/input_Team name_ng-pristine ng-untouched ng_75950e'
	at com.kms.katalon.core.webui.keyword.internal.WebUIKeywordMain.stepFailed(WebUIKeywordMain.groovy:117)
	at com.kms.katalon.core.webui.keyword.internal.WebUIKeywordMain.runKeyword(WebUIKeywordMain.groovy:43)
	at com.kms.katalon.core.webui.keyword.builtin.ClickKeyword.click(ClickKeyword.groovy:75)
	at com.kms.katalon.core.webui.keyword.builtin.ClickKeyword.execute(ClickKeyword.groovy:40)
	at com.kms.katalon.core.keyword.internal.KeywordExecutor.executeKeywordForPlatform(KeywordExecutor.groovy:74)
	at com.kms.katalon.core.webui.keyword.WebUiBuiltInKeywords.click(WebUiBuiltInKeywords.groovy:696)
	at Refund for teams (CARD).run(Refund for teams (CARD):62)
	at com.kms.katalon.core.main.ScriptEngine.run(ScriptEngine.java:194)
	at com.kms.katalon.core.main.ScriptEngine.runScriptAsRawText(ScriptEngine.java:119)
	at com.kms.katalon.core.main.TestCaseExecutor.runScript(TestCaseExecutor.java:448)
	at com.kms.katalon.core.main.TestCaseExecutor.doExecute(TestCaseExecutor.java:439)
	at com.kms.katalon.core.main.TestCaseExecutor.processExecutionPhase(TestCaseExecutor.java:418)
	at com.kms.katalon.core.main.TestCaseExecutor.accessMainPhase(TestCaseExecutor.java:410)
	at com.kms.katalon.core.main.TestCaseExecutor.execute(TestCaseExecutor.java:285)
	at com.kms.katalon.core.common.CommonExecutor.accessTestCaseMainPhase(CommonExecutor.java:71)
	at com.kms.katalon.core.main.TestSuiteExecutor.accessTestSuiteMainPhase(TestSuiteExecutor.java:160)
	at com.kms.katalon.core.main.TestSuiteExecutor.execute(TestSuiteExecutor.java:107)
	at com.kms.katalon.core.main.TestCaseMain.startTestSuite(TestCaseMain.java:180)
	at TempTestSuite1744634491250.run(TempTestSuite1744634491250.groovy:35)
	at java.base/jdk.internal.reflect.NativeMethodAccessorImpl.invoke0(Native Method)
	at java.base/jdk.internal.reflect.NativeMethodAccessorImpl.invoke(NativeMethodAccessorImpl.java:77)
	at java.base/jdk.internal.reflect.DelegatingMethodAccessorImpl.invoke(DelegatingMethodAccessorImpl.java:43)
Caused by: com.kms.katalon.core.webui.exception.WebElementNotFoundException: Web element with id: 'Object Repository/Refund for teams (CARD)/Page_SportWrench - The Home of Sporting Events/input_Team name_ng-pristine ng-untouched ng_75950e' located by '(//input[@type='checkbox'])[2]' not found
	at com.kms.katalon.core.webui.common.WebUiCommonHelper.findWebElement(WebUiCommonHelper.java:1457)
	at com.kms.katalon.core.webui.keyword.internal.WebUIAbstractKeyword.findWebElement(WebUIAbstractKeyword.groovy:27)
	at com.kms.katalon.core.webui.keyword.builtin.ClickKeyword$_click_closure1.doCall(ClickKeyword.groovy:66)
	at com.kms.katalon.core.webui.keyword.builtin.ClickKeyword$_click_closure1.call(ClickKeyword.groovy)
	at com.kms.katalon.core.webui.keyword.internal.WebUIKeywordMain.runKeyword(WebUIKeywordMain.groovy:35)
	... 20 more]]></system-out>
      <system-err><![CDATA[14-04-2025T15:41:35 - [TEST_SUITE][FAILED] - New Test Suite: Test Cases/Refund for teams (CARD) FAILED.
Reason:
com.kms.katalon.core.exception.StepFailedException: Unable to click on object 'Object Repository/Refund for teams (CARD)/Page_SportWrench - The Home of Sporting Events/input_Team name_ng-pristine ng-untouched ng_75950e'
	at com.kms.katalon.core.webui.keyword.internal.WebUIKeywordMain.stepFailed(WebUIKeywordMain.groovy:117)
	at com.kms.katalon.core.webui.keyword.internal.WebUIKeywordMain.runKeyword(WebUIKeywordMain.groovy:43)
	at com.kms.katalon.core.webui.keyword.builtin.ClickKeyword.click(ClickKeyword.groovy:75)
	at com.kms.katalon.core.webui.keyword.builtin.ClickKeyword.execute(ClickKeyword.groovy:40)
	at com.kms.katalon.core.keyword.internal.KeywordExecutor.executeKeywordForPlatform(KeywordExecutor.groovy:74)
	at com.kms.katalon.core.webui.keyword.WebUiBuiltInKeywords.click(WebUiBuiltInKeywords.groovy:696)
	at Refund for teams (CARD).run(Refund for teams (CARD):62)
	at com.kms.katalon.core.main.ScriptEngine.run(ScriptEngine.java:194)
	at com.kms.katalon.core.main.ScriptEngine.runScriptAsRawText(ScriptEngine.java:119)
	at com.kms.katalon.core.main.TestCaseExecutor.runScript(TestCaseExecutor.java:448)
	at com.kms.katalon.core.main.TestCaseExecutor.doExecute(TestCaseExecutor.java:439)
	at com.kms.katalon.core.main.TestCaseExecutor.processExecutionPhase(TestCaseExecutor.java:418)
	at com.kms.katalon.core.main.TestCaseExecutor.accessMainPhase(TestCaseExecutor.java:410)
	at com.kms.katalon.core.main.TestCaseExecutor.execute(TestCaseExecutor.java:285)
	at com.kms.katalon.core.common.CommonExecutor.accessTestCaseMainPhase(CommonExecutor.java:71)
	at com.kms.katalon.core.main.TestSuiteExecutor.accessTestSuiteMainPhase(TestSuiteExecutor.java:160)
	at com.kms.katalon.core.main.TestSuiteExecutor.execute(TestSuiteExecutor.java:107)
	at com.kms.katalon.core.main.TestCaseMain.startTestSuite(TestCaseMain.java:180)
	at TempTestSuite1744634491250.run(TempTestSuite1744634491250.groovy:35)
	at java.base/jdk.internal.reflect.NativeMethodAccessorImpl.invoke0(Native Method)
	at java.base/jdk.internal.reflect.NativeMethodAccessorImpl.invoke(NativeMethodAccessorImpl.java:77)
	at java.base/jdk.internal.reflect.DelegatingMethodAccessorImpl.invoke(DelegatingMethodAccessorImpl.java:43)
Caused by: com.kms.katalon.core.webui.exception.WebElementNotFoundException: Web element with id: 'Object Repository/Refund for teams (CARD)/Page_SportWrench - The Home of Sporting Events/input_Team name_ng-pristine ng-untouched ng_75950e' located by '(//input[@type='checkbox'])[2]' not found
	at com.kms.katalon.core.webui.common.WebUiCommonHelper.findWebElement(WebUiCommonHelper.java:1457)
	at com.kms.katalon.core.webui.keyword.internal.WebUIAbstractKeyword.findWebElement(WebUIAbstractKeyword.groovy:27)
	at com.kms.katalon.core.webui.keyword.builtin.ClickKeyword$_click_closure1.doCall(ClickKeyword.groovy:66)
	at com.kms.katalon.core.webui.keyword.builtin.ClickKeyword$_click_closure1.call(ClickKeyword.groovy)
	at com.kms.katalon.core.webui.keyword.internal.WebUIKeywordMain.runKeyword(WebUIKeywordMain.groovy:35)
	... 20 more]]></system-err>
   </testsuite>
</testsuites>
