<?xml version="1.0" encoding="UTF-8"?>
<testsuites name="Ticket Refunds" time="146.798" tests="4" failures="0" errors="0">
   <testsuite name="Ticket Refunds" tests="4" failures="0" errors="0" time="146.798" skipped="0" timestamp="26-05-2025T23:43:17" hostname="LENOVO - DESKTOP-9MN524E" id="Test Suites/Ticket Refunds">
      <properties>
         <property name="deviceName" value=""/>
         <property name="devicePlatform"/>
         <property name="logFolder" value="C:\\Users\\LENOVO\\git\\SportWrench\\Reports\\20250526_234307\\Ticket Refunds\\20250526_234307"/>
         <property name="logFiles" value="C:\\Users\\LENOVO\\git\\SportWrench\\Reports\\20250526_234307\\Ticket Refunds\\20250526_234307\\execution0.log"/>
         <property name="attachments" value="C:\\Users\\LENOVO\\git\\SportWrench\\Reports\\20250526_234307\\Ticket Refunds\\20250526_234307\\1748292249086.png"/>
         <property name="hostName" value="LENOVO - DESKTOP-9MN524E"/>
         <property name="os" value="Windows 10 64bit"/>
         <property name="katalonVersion" value="10.1.1.0"/>
         <property name="browser" value="Chrome 136.0.7103.114"/>
         <property name="hostAddress" value="26.190.180.74"/>
         <property name="sessionId" value="2b8b01842abb0a973d755e6aae85e618"/>
         <property name="seleniumVersion" value="4.22.0"/>
         <property name="proxyInformation" value="ProxyInformation { proxyOption=NO_PROXY, proxyServerType=HTTP, username=, password=********, proxyServerAddress=, proxyServerPort=0, executionList=&quot;&quot;, isApplyToDesiredCapabilities=true }"/>
         <property name="platform" value="Windows 10"/>
      </properties>
      <testcase name="Test Cases/111Ticket refund/Ticket Payment for refund" time="55.448" classname="Test Cases/111Ticket refund/Ticket Payment for refund" status="PASSED">
         <system-out><![CDATA[26-05-2025T23:43:17 - [TEST_CASE][PASSED] - Test Cases/111Ticket refund/Ticket Payment for refund: Test Cases/111Ticket refund/Ticket Payment for refund

26-05-2025T23:43:17 - [TEST_STEP][PASSED] - openBrowser("http://USAV:demo@dev.swstage.com/"): Browser is opened with url: 'http://USAV:demo@dev.swstage.com/'

26-05-2025T23:43:18 - [MESSAGE][INFO] - Starting 'Chrome' driver

26-05-2025T23:43:18 - [MESSAGE][INFO] - Action delay is set to 0 milliseconds

26-05-2025T23:43:23 - [MESSAGE][PASSED] - Browser is opened with url: 'http://USAV:demo@dev.swstage.com/'

26-05-2025T23:43:23 - [TEST_STEP][PASSED] - navigateToUrl("http://USAV:demo@tickets-dev.swstage.com/"): Navigate to 'http://USAV:demo@tickets-dev.swstage.com/' successfully

26-05-2025T23:43:25 - [MESSAGE][PASSED] - Navigate to 'http://USAV:demo@tickets-dev.swstage.com/' successfully

26-05-2025T23:43:25 - [TEST_STEP][PASSED] - maximizeWindow(): Current window maximized

26-05-2025T23:43:25 - [MESSAGE][PASSED] - Current window maximized

26-05-2025T23:43:25 - [TEST_STEP][PASSED] - setText(findTestObject("Object Repository/Ticket purchase/Page_SW  Tickets/input_Available Events_form-control ng-pris_aaf354"), "[AUTOTESTS] Tickets refunds (do not touch!)"): Text '[AUTOTESTS] Tickets refunds (do not touch!)' is set on object 'Object Repository/Ticket purchase/Page_SW  Tickets/input_Available Events_form-control ng-pris_aaf354'

26-05-2025T23:43:26 - [MESSAGE][PASSED] - Text '[AUTOTESTS] Tickets refunds (do not touch!)' is set on object 'Object Repository/Ticket purchase/Page_SW  Tickets/input_Available Events_form-control ng-pris_aaf354'

26-05-2025T23:43:26 - [TEST_STEP][PASSED] - click(findTestObject("Spy Web/Page_SportWrench - The Home of Sporting Events/Page_SW  Tickets/b_AUTOTESTS Tickets refunds (do not touch)")): Object: 'Object Repository/Spy Web/Page_SportWrench - The Home of Sporting Events/Page_SW  Tickets/b_AUTOTESTS Tickets refunds (do not touch)' is clicked on

26-05-2025T23:43:28 - [MESSAGE][PASSED] - Object: 'Object Repository/Spy Web/Page_SportWrench - The Home of Sporting Events/Page_SW  Tickets/b_AUTOTESTS Tickets refunds (do not touch)' is clicked on

26-05-2025T23:43:28 - [TEST_STEP][PASSED] - click(findTestObject("Object Repository/Ticket payment 1111111111111/Page_Tickets/div_None")): Object: 'Object Repository/Ticket payment 1111111111111/Page_Tickets/div_None' is clicked on

26-05-2025T23:43:29 - [MESSAGE][PASSED] - Object: 'Object Repository/Ticket payment 1111111111111/Page_Tickets/div_None' is clicked on

26-05-2025T23:43:29 - [TEST_STEP][PASSED] - click(findTestObject("Object Repository/Ticket payment 1111111111111/Page_Tickets/div_1")): Object: 'Object Repository/Ticket payment 1111111111111/Page_Tickets/div_1' is clicked on

26-05-2025T23:43:29 - [MESSAGE][PASSED] - Object: 'Object Repository/Ticket payment 1111111111111/Page_Tickets/div_1' is clicked on

26-05-2025T23:43:29 - [TEST_STEP][PASSED] - click(findTestObject("Object Repository/Ticket payment 1111111111111/Page_Tickets/div_Purchaser Info_1")): Object: 'Object Repository/Ticket payment 1111111111111/Page_Tickets/div_Purchaser Info_1' is clicked on

26-05-2025T23:43:29 - [MESSAGE][PASSED] - Object: 'Object Repository/Ticket payment 1111111111111/Page_Tickets/div_Purchaser Info_1' is clicked on

26-05-2025T23:43:29 - [TEST_STEP][PASSED] - click(findTestObject("Object Repository/Ticket payment 1111111111111/Page_Tickets/div_I Agree")): Object: 'Object Repository/Ticket payment 1111111111111/Page_Tickets/div_I Agree' is clicked on

26-05-2025T23:43:30 - [MESSAGE][PASSED] - Object: 'Object Repository/Ticket payment 1111111111111/Page_Tickets/div_I Agree' is clicked on

26-05-2025T23:43:30 - [TEST_STEP][PASSED] - setText(findTestObject("Object Repository/Ticket payment 1111111111111/Page_Tickets/input__purchaserFirst"), "Tara"): Text 'Tara' is set on object 'Object Repository/Ticket payment 1111111111111/Page_Tickets/input__purchaserFirst'

26-05-2025T23:43:31 - [MESSAGE][PASSED] - Text 'Tara' is set on object 'Object Repository/Ticket payment 1111111111111/Page_Tickets/input__purchaserFirst'

26-05-2025T23:43:31 - [TEST_STEP][PASSED] - setText(findTestObject("Object Repository/Ticket payment 1111111111111/Page_Tickets/input__purchaserLast"), "Charles"): Text 'Charles' is set on object 'Object Repository/Ticket payment 1111111111111/Page_Tickets/input__purchaserLast'

26-05-2025T23:43:31 - [MESSAGE][PASSED] - Text 'Charles' is set on object 'Object Repository/Ticket payment 1111111111111/Page_Tickets/input__purchaserLast'

26-05-2025T23:43:31 - [TEST_STEP][PASSED] - setText(findTestObject("Object Repository/Ticket payment 1111111111111/Page_Tickets/input__purchaserEmail"), "aaaa@gmail.com"): Text 'aaaa@gmail.com' is set on object 'Object Repository/Ticket payment 1111111111111/Page_Tickets/input__purchaserEmail'

26-05-2025T23:43:32 - [MESSAGE][PASSED] - Text 'aaaa@gmail.com' is set on object 'Object Repository/Ticket payment 1111111111111/Page_Tickets/input__purchaserEmail'

26-05-2025T23:43:32 - [TEST_STEP][PASSED] - executeJavaScript("document.getElementById('purchaserPhone').focus(); document.execCommand('insertText', false, '(111) 111-1111');", null): Execute JavaScript 'document.getElementById('purchaserPhone').focus(); document.execCommand('insertText', false, '(111) 111-1111');' successfully

26-05-2025T23:43:32 - [MESSAGE][PASSED] - Execute JavaScript 'document.getElementById('purchaserPhone').focus(); document.execCommand('insertText', false, '(111) 111-1111');' successfully

26-05-2025T23:43:32 - [TEST_STEP][PASSED] - setText(findTestObject("Object Repository/Ticket payment 1111111111111/Page_Tickets/input__purchaserZipCode"), "11949"): Text '11949' is set on object 'Object Repository/Ticket payment 1111111111111/Page_Tickets/input__purchaserZipCode'

26-05-2025T23:43:33 - [MESSAGE][PASSED] - Text '11949' is set on object 'Object Repository/Ticket payment 1111111111111/Page_Tickets/input__purchaserZipCode'

26-05-2025T23:43:33 - [TEST_STEP][PASSED] - click(findTestObject("Object Repository/Ticket payment 1111111111111/Page_Tickets/div_Daily Passes")): Object: 'Object Repository/Ticket payment 1111111111111/Page_Tickets/div_Daily Passes' is clicked on

26-05-2025T23:43:33 - [MESSAGE][PASSED] - Object: 'Object Repository/Ticket payment 1111111111111/Page_Tickets/div_Daily Passes' is clicked on

26-05-2025T23:43:33 - [TEST_STEP][PASSED] - click(findTestObject("Object Repository/Ticket payment 1111111111111/Page_Tickets/div_I Agree")): Object: 'Object Repository/Ticket payment 1111111111111/Page_Tickets/div_I Agree' is clicked on

26-05-2025T23:43:34 - [MESSAGE][PASSED] - Object: 'Object Repository/Ticket payment 1111111111111/Page_Tickets/div_I Agree' is clicked on

26-05-2025T23:43:34 - [TEST_STEP][PASSED] - click(findTestObject("Object Repository/Ticket payment 1111111111111/Page_Tickets/div_Summary")): Object: 'Object Repository/Ticket payment 1111111111111/Page_Tickets/div_Summary' is clicked on

26-05-2025T23:43:34 - [MESSAGE][PASSED] - Object: 'Object Repository/Ticket payment 1111111111111/Page_Tickets/div_Summary' is clicked on

26-05-2025T23:43:34 - [TEST_STEP][PASSED] - click(findTestObject("Object Repository/Ticket payment 1111111111111/Page_Tickets/div_Payment")): Object: 'Object Repository/Ticket payment 1111111111111/Page_Tickets/div_Payment' is clicked on

26-05-2025T23:43:34 - [MESSAGE][PASSED] - Object: 'Object Repository/Ticket payment 1111111111111/Page_Tickets/div_Payment' is clicked on

26-05-2025T23:43:34 - [TEST_STEP][PASSED] - click(findTestObject("Object Repository/Ticket payment 1111111111111/Page_Tickets/div_Card information")): Object: 'Object Repository/Ticket payment 1111111111111/Page_Tickets/div_Card information' is clicked on

26-05-2025T23:43:35 - [MESSAGE][PASSED] - Object: 'Object Repository/Ticket payment 1111111111111/Page_Tickets/div_Card information' is clicked on

26-05-2025T23:43:35 - [TEST_STEP][PASSED] - setText(findTestObject("Object Repository/Ticket payment 1111111111111/Page_Tickets/input_Number_cardnumber"), "4242424242424242"): Text '4242424242424242' is set on object 'Object Repository/Ticket payment 1111111111111/Page_Tickets/input_Number_cardnumber'

26-05-2025T23:43:36 - [MESSAGE][PASSED] - Text '4242424242424242' is set on object 'Object Repository/Ticket payment 1111111111111/Page_Tickets/input_Number_cardnumber'

26-05-2025T23:43:36 - [TEST_STEP][PASSED] - setText(findTestObject("Object Repository/Ticket payment 1111111111111/Page_Tickets/input_Number_exp-date"), "12 / 25"): Text '12 / 25' is set on object 'Object Repository/Ticket payment 1111111111111/Page_Tickets/input_Number_exp-date'

26-05-2025T23:43:37 - [MESSAGE][PASSED] - Text '12 / 25' is set on object 'Object Repository/Ticket payment 1111111111111/Page_Tickets/input_Number_exp-date'

26-05-2025T23:43:37 - [TEST_STEP][PASSED] - setText(findTestObject("Object Repository/Ticket payment 1111111111111/Page_Tickets/input_Number_cvc"), "454"): Text '454' is set on object 'Object Repository/Ticket payment 1111111111111/Page_Tickets/input_Number_cvc'

26-05-2025T23:43:37 - [MESSAGE][PASSED] - Text '454' is set on object 'Object Repository/Ticket payment 1111111111111/Page_Tickets/input_Number_cvc'

26-05-2025T23:43:37 - [TEST_STEP][PASSED] - click(findTestObject("Object Repository/Ticket payment 1111111111111/Page_Tickets/div_omplete Purchase")): Object: 'Object Repository/Ticket payment 1111111111111/Page_Tickets/div_omplete Purchase' is clicked on

26-05-2025T23:43:37 - [MESSAGE][PASSED] - Object: 'Object Repository/Ticket payment 1111111111111/Page_Tickets/div_omplete Purchase' is clicked on

26-05-2025T23:43:37 - [TEST_STEP][PASSED] - click(findTestObject("Page_Tickets/div_Buy Anyway"), OPTIONAL): Unable to click on object 'Object Repository/Page_Tickets/div_Buy Anyway' (Root cause: com.kms.katalon.core.exception.StepFailedException: Unable to click on object 'Object Repository/Page_Tickets/div_Buy Anyway'
	at com.kms.katalon.core.webui.keyword.internal.WebUIKeywordMain.stepFailed(WebUIKeywordMain.groovy:117)
	at com.kms.katalon.core.webui.keyword.internal.WebUIKeywordMain.runKeyword(WebUIKeywordMain.groovy:43)
	at com.kms.katalon.core.webui.keyword.builtin.ClickKeyword.click(ClickKeyword.groovy:75)
	at com.kms.katalon.core.webui.keyword.builtin.ClickKeyword.execute(ClickKeyword.groovy:40)
	at com.kms.katalon.core.keyword.internal.KeywordExecutor.executeKeywordForPlatform(KeywordExecutor.groovy:74)
	at com.kms.katalon.core.webui.keyword.WebUiBuiltInKeywords.click(WebUiBuiltInKeywords.groovy:684)
	at Ticket Payment for refund.run(Ticket Payment for refund:68)
	at com.kms.katalon.core.main.ScriptEngine.run(ScriptEngine.java:194)
	at com.kms.katalon.core.main.ScriptEngine.runScriptAsRawText(ScriptEngine.java:119)
	at com.kms.katalon.core.main.TestCaseExecutor.runScript(TestCaseExecutor.java:448)
	at com.kms.katalon.core.main.TestCaseExecutor.doExecute(TestCaseExecutor.java:439)
	at com.kms.katalon.core.main.TestCaseExecutor.processExecutionPhase(TestCaseExecutor.java:418)
	at com.kms.katalon.core.main.TestCaseExecutor.accessMainPhase(TestCaseExecutor.java:410)
	at com.kms.katalon.core.main.TestCaseExecutor.execute(TestCaseExecutor.java:285)
	at com.kms.katalon.core.common.CommonExecutor.accessTestCaseMainPhase(CommonExecutor.java:71)
	at com.kms.katalon.core.main.TestSuiteExecutor.accessTestSuiteMainPhase(TestSuiteExecutor.java:160)
	at com.kms.katalon.core.main.TestSuiteExecutor.execute(TestSuiteExecutor.java:107)
	at com.kms.katalon.core.main.TestCaseMain.startTestSuite(TestCaseMain.java:180)
	at TempTestSuite1748292187764.run(TempTestSuite1748292187764.groovy:35)
	at java.base/jdk.internal.reflect.NativeMethodAccessorImpl.invoke0(Native Method)
	at java.base/jdk.internal.reflect.NativeMethodAccessorImpl.invoke(NativeMethodAccessorImpl.java:77)
	at java.base/jdk.internal.reflect.DelegatingMethodAccessorImpl.invoke(DelegatingMethodAccessorImpl.java:43)
Caused by: com.kms.katalon.core.webui.exception.WebElementNotFoundException: Web element with id: 'Object Repository/Page_Tickets/div_Buy Anyway' located by '//div[@id='root']/div/div/div/div[4]/div[2]/div[3]/div' not found
	at com.kms.katalon.core.webui.common.WebUiCommonHelper.findWebElement(WebUiCommonHelper.java:1457)
	at com.kms.katalon.core.webui.keyword.internal.WebUIAbstractKeyword.findWebElement(WebUIAbstractKeyword.groovy:27)
	at com.kms.katalon.core.webui.keyword.builtin.ClickKeyword$_click_closure1.doCall(ClickKeyword.groovy:66)
	at com.kms.katalon.core.webui.keyword.builtin.ClickKeyword$_click_closure1.call(ClickKeyword.groovy)
	at com.kms.katalon.core.webui.keyword.internal.WebUIKeywordMain.runKeyword(WebUIKeywordMain.groovy:35)
	at com.kms.katalon.core.webui.keyword.builtin.ClickKeyword.click(ClickKeyword.groovy:75)
	at com.kms.katalon.core.webui.keyword.builtin.ClickKeyword.execute(ClickKeyword.groovy:40)
	at com.kms.katalon.core.keyword.internal.KeywordExecutor.executeKeywordForPlatform(KeywordExecutor.groovy:74)
	at com.kms.katalon.core.webui.keyword.WebUiBuiltInKeywords.click(WebUiBuiltInKeywords.groovy:684)
	at Script1747940089081.run(Script1747940089081.groovy:68)
	... 15 more
)

26-05-2025T23:44:09 - [MESSAGE][INFO] - Unable to find the element located by 'By.xpath: //div[@id='root']/div/div/div/div[4]/div[2]/div[3]/div'. Please recheck the objects properties to make sure the desired element is located. 

26-05-2025T23:44:09 - [MESSAGE][WARNING] - Unable to click on object 'Object Repository/Page_Tickets/div_Buy Anyway' (Root cause: com.kms.katalon.core.exception.StepFailedException: Unable to click on object 'Object Repository/Page_Tickets/div_Buy Anyway'
	at com.kms.katalon.core.webui.keyword.internal.WebUIKeywordMain.stepFailed(WebUIKeywordMain.groovy:117)
	at com.kms.katalon.core.webui.keyword.internal.WebUIKeywordMain.runKeyword(WebUIKeywordMain.groovy:43)
	at com.kms.katalon.core.webui.keyword.builtin.ClickKeyword.click(ClickKeyword.groovy:75)
	at com.kms.katalon.core.webui.keyword.builtin.ClickKeyword.execute(ClickKeyword.groovy:40)
	at com.kms.katalon.core.keyword.internal.KeywordExecutor.executeKeywordForPlatform(KeywordExecutor.groovy:74)
	at com.kms.katalon.core.webui.keyword.WebUiBuiltInKeywords.click(WebUiBuiltInKeywords.groovy:684)
	at Ticket Payment for refund.run(Ticket Payment for refund:68)
	at com.kms.katalon.core.main.ScriptEngine.run(ScriptEngine.java:194)
	at com.kms.katalon.core.main.ScriptEngine.runScriptAsRawText(ScriptEngine.java:119)
	at com.kms.katalon.core.main.TestCaseExecutor.runScript(TestCaseExecutor.java:448)
	at com.kms.katalon.core.main.TestCaseExecutor.doExecute(TestCaseExecutor.java:439)
	at com.kms.katalon.core.main.TestCaseExecutor.processExecutionPhase(TestCaseExecutor.java:418)
	at com.kms.katalon.core.main.TestCaseExecutor.accessMainPhase(TestCaseExecutor.java:410)
	at com.kms.katalon.core.main.TestCaseExecutor.execute(TestCaseExecutor.java:285)
	at com.kms.katalon.core.common.CommonExecutor.accessTestCaseMainPhase(CommonExecutor.java:71)
	at com.kms.katalon.core.main.TestSuiteExecutor.accessTestSuiteMainPhase(TestSuiteExecutor.java:160)
	at com.kms.katalon.core.main.TestSuiteExecutor.execute(TestSuiteExecutor.java:107)
	at com.kms.katalon.core.main.TestCaseMain.startTestSuite(TestCaseMain.java:180)
	at TempTestSuite1748292187764.run(TempTestSuite1748292187764.groovy:35)
	at java.base/jdk.internal.reflect.NativeMethodAccessorImpl.invoke0(Native Method)
	at java.base/jdk.internal.reflect.NativeMethodAccessorImpl.invoke(NativeMethodAccessorImpl.java:77)
	at java.base/jdk.internal.reflect.DelegatingMethodAccessorImpl.invoke(DelegatingMethodAccessorImpl.java:43)
Caused by: com.kms.katalon.core.webui.exception.WebElementNotFoundException: Web element with id: 'Object Repository/Page_Tickets/div_Buy Anyway' located by '//div[@id='root']/div/div/div/div[4]/div[2]/div[3]/div' not found
	at com.kms.katalon.core.webui.common.WebUiCommonHelper.findWebElement(WebUiCommonHelper.java:1457)
	at com.kms.katalon.core.webui.keyword.internal.WebUIAbstractKeyword.findWebElement(WebUIAbstractKeyword.groovy:27)
	at com.kms.katalon.core.webui.keyword.builtin.ClickKeyword$_click_closure1.doCall(ClickKeyword.groovy:66)
	at com.kms.katalon.core.webui.keyword.builtin.ClickKeyword$_click_closure1.call(ClickKeyword.groovy)
	at com.kms.katalon.core.webui.keyword.internal.WebUIKeywordMain.runKeyword(WebUIKeywordMain.groovy:35)
	at com.kms.katalon.core.webui.keyword.builtin.ClickKeyword.click(ClickKeyword.groovy:75)
	at com.kms.katalon.core.webui.keyword.builtin.ClickKeyword.execute(ClickKeyword.groovy:40)
	at com.kms.katalon.core.keyword.internal.KeywordExecutor.executeKeywordForPlatform(KeywordExecutor.groovy:74)
	at com.kms.katalon.core.webui.keyword.WebUiBuiltInKeywords.click(WebUiBuiltInKeywords.groovy:684)
	at Script1747940089081.run(Script1747940089081.groovy:68)
	... 15 more
)
[[ATTACHMENT|C:\\Users\\LENOVO\\git\\SportWrench\\Reports\\20250526_234307\\Ticket Refunds\\20250526_234307\\1748292249086.png]]

26-05-2025T23:44:09 - [TEST_STEP][PASSED] - verifyElementPresent(findTestObject("Additional data for ticket puchase/Page_Tickets/div_Successful Payment"), 0): Object 'Object Repository/Additional data for ticket puchase/Page_Tickets/div_Successful Payment' is present

26-05-2025T23:44:09 - [MESSAGE][WARNING] - Timeout '0' is invalid. Using default page load timeout: '30'

26-05-2025T23:44:09 - [MESSAGE][PASSED] - Object 'Object Repository/Additional data for ticket puchase/Page_Tickets/div_Successful Payment' is present

26-05-2025T23:44:09 - [TEST_STEP][PASSED] - verifyElementPresent(findTestObject("Additional data for ticket puchase/Page_Tickets/div_1 Daily Passes to 123Test Event"), 0): Object 'Object Repository/Additional data for ticket puchase/Page_Tickets/div_1 Daily Passes to 123Test Event' is present

26-05-2025T23:44:09 - [MESSAGE][WARNING] - Timeout '0' is invalid. Using default page load timeout: '30'

26-05-2025T23:44:09 - [MESSAGE][PASSED] - Object 'Object Repository/Additional data for ticket puchase/Page_Tickets/div_1 Daily Passes to 123Test Event' is present

26-05-2025T23:44:09 - [TEST_STEP][PASSED] - verifyElementPresent(findTestObject("Additional data for ticket puchase/Page_Tickets/div_Payment of 10.00 was successful. A link_c703ef"), 0): Object 'Object Repository/Additional data for ticket puchase/Page_Tickets/div_Payment of 10.00 was successful. A link_c703ef' is present

26-05-2025T23:44:09 - [MESSAGE][WARNING] - Timeout '0' is invalid. Using default page load timeout: '30'

26-05-2025T23:44:09 - [MESSAGE][PASSED] - Object 'Object Repository/Additional data for ticket puchase/Page_Tickets/div_Payment of 10.00 was successful. A link_c703ef' is present

26-05-2025T23:44:09 - [TEST_STEP][PASSED] - delay(3): Delayed 3 second(s)

26-05-2025T23:44:12 - [MESSAGE][PASSED] - Delayed 3 second(s)

26-05-2025T23:44:12 - [TEST_STEP][PASSED] - closeBrowser(): Browser is closed

26-05-2025T23:44:13 - [MESSAGE][PASSED] - Browser is closed]]></system-out>
         <system-err><![CDATA[]]></system-err>
      </testcase>
      <testcase name="Test Cases/111Ticket refund/Partial Ticket Refund" time="37.127" classname="Test Cases/111Ticket refund/Partial Ticket Refund" status="PASSED">
         <system-out><![CDATA[26-05-2025T23:44:13 - [TEST_CASE][PASSED] - Test Cases/111Ticket refund/Partial Ticket Refund: Test Cases/111Ticket refund/Partial Ticket Refund

26-05-2025T23:44:13 - [TEST_STEP][PASSED] - openBrowser("http://USAV:demo@dev.swstage.com/ "): Browser is opened with url: 'http://USAV:demo@dev.swstage.com/ '

26-05-2025T23:44:13 - [MESSAGE][INFO] - Starting 'Chrome' driver

26-05-2025T23:44:13 - [MESSAGE][INFO] - Action delay is set to 0 milliseconds

26-05-2025T23:44:16 - [MESSAGE][PASSED] - Browser is opened with url: 'http://USAV:demo@dev.swstage.com/ '

26-05-2025T23:44:16 - [TEST_STEP][PASSED] - navigateToUrl("http://USAV:demo@my.dev.swstage.com/#/"): Navigate to 'http://USAV:demo@my.dev.swstage.com/#/' successfully

26-05-2025T23:44:19 - [MESSAGE][PASSED] - Navigate to 'http://USAV:demo@my.dev.swstage.com/#/' successfully

26-05-2025T23:44:19 - [TEST_STEP][PASSED] - maximizeWindow(): Current window maximized

26-05-2025T23:44:19 - [MESSAGE][PASSED] - Current window maximized

26-05-2025T23:44:19 - [TEST_STEP][PASSED] - setText(findTestObject("Object Repository/Partial Ticket Refund/Page_SportWrench - The Home of Sporting Events/input_Log In_email"), "dcgfcgchfhgvhv@gmail.com"): Text 'dcgfcgchfhgvhv@gmail.com' is set on object 'Object Repository/Partial Ticket Refund/Page_SportWrench - The Home of Sporting Events/input_Log In_email'

26-05-2025T23:44:20 - [MESSAGE][PASSED] - Text 'dcgfcgchfhgvhv@gmail.com' is set on object 'Object Repository/Partial Ticket Refund/Page_SportWrench - The Home of Sporting Events/input_Log In_email'

26-05-2025T23:44:20 - [TEST_STEP][PASSED] - setEncryptedText(findTestObject("Object Repository/Partial Ticket Refund/Page_SportWrench - The Home of Sporting Events/input_false_password"), "ugkk24xDMrWrlVpEbACuNZEQlZ6qfcdw"): Text ****** has been set on object 'Object Repository/Partial Ticket Refund/Page_SportWrench - The Home of Sporting Events/input_false_password'

26-05-2025T23:44:20 - [MESSAGE][PASSED] - Text ****** has been set on object 'Object Repository/Partial Ticket Refund/Page_SportWrench - The Home of Sporting Events/input_false_password'

26-05-2025T23:44:20 - [TEST_STEP][PASSED] - click(findTestObject("Object Repository/Partial Ticket Refund/Page_SportWrench - The Home of Sporting Events/button_Log In")): Object: 'Object Repository/Partial Ticket Refund/Page_SportWrench - The Home of Sporting Events/button_Log In' is clicked on

26-05-2025T23:44:21 - [MESSAGE][PASSED] - Object: 'Object Repository/Partial Ticket Refund/Page_SportWrench - The Home of Sporting Events/button_Log In' is clicked on

26-05-2025T23:44:21 - [TEST_STEP][PASSED] - setText(findTestObject("Object Repository/Partial Ticket Refund/Page_SportWrench - The Home of Sporting Events/input_Other Events_searchbox"), "[AUTOTESTS] Tickets refunds (do not touch!)"): Text '[AUTOTESTS] Tickets refunds (do not touch!)' is set on object 'Object Repository/Partial Ticket Refund/Page_SportWrench - The Home of Sporting Events/input_Other Events_searchbox'

26-05-2025T23:44:27 - [MESSAGE][PASSED] - Text '[AUTOTESTS] Tickets refunds (do not touch!)' is set on object 'Object Repository/Partial Ticket Refund/Page_SportWrench - The Home of Sporting Events/input_Other Events_searchbox'

26-05-2025T23:44:27 - [TEST_STEP][PASSED] - click(findTestObject("Object Repository/Partial Ticket Refund/Page_SportWrench - The Home of Sporting Events/a_AUTOTESTS Tickets refunds (do not touch)")): Object: 'Object Repository/Partial Ticket Refund/Page_SportWrench - The Home of Sporting Events/a_AUTOTESTS Tickets refunds (do not touch)' is clicked on

26-05-2025T23:44:28 - [MESSAGE][PASSED] - Object: 'Object Repository/Partial Ticket Refund/Page_SportWrench - The Home of Sporting Events/a_AUTOTESTS Tickets refunds (do not touch)' is clicked on

26-05-2025T23:44:28 - [TEST_STEP][PASSED] - click(findTestObject("Object Repository/Partial Ticket Refund/Page_SportWrench - The Home of Sporting Events/a_Tickets")): Object: 'Object Repository/Partial Ticket Refund/Page_SportWrench - The Home of Sporting Events/a_Tickets' is clicked on

26-05-2025T23:44:28 - [MESSAGE][PASSED] - Object: 'Object Repository/Partial Ticket Refund/Page_SportWrench - The Home of Sporting Events/a_Tickets' is clicked on

26-05-2025T23:44:28 - [TEST_STEP][PASSED] - click(findTestObject("Object Repository/Partial Ticket Refund/Page_SportWrench - The Home of Sporting Events/a_Payments List")): Object: 'Object Repository/Partial Ticket Refund/Page_SportWrench - The Home of Sporting Events/a_Payments List' is clicked on

26-05-2025T23:44:29 - [MESSAGE][PASSED] - Object: 'Object Repository/Partial Ticket Refund/Page_SportWrench - The Home of Sporting Events/a_Payments List' is clicked on

26-05-2025T23:44:29 - [TEST_STEP][PASSED] - click(findTestObject("Object Repository/Partial Ticket Refund/Page_SportWrench - The Home of Sporting Events/td_11949")): Object: 'Object Repository/Partial Ticket Refund/Page_SportWrench - The Home of Sporting Events/td_11949' is clicked on

26-05-2025T23:44:30 - [MESSAGE][PASSED] - Object: 'Object Repository/Partial Ticket Refund/Page_SportWrench - The Home of Sporting Events/td_11949' is clicked on

26-05-2025T23:44:30 - [TEST_STEP][PASSED] - click(findTestObject("Object Repository/Partial Ticket Refund/Page_SportWrench - The Home of Sporting Events/button_Refund")): Object: 'Object Repository/Partial Ticket Refund/Page_SportWrench - The Home of Sporting Events/button_Refund' is clicked on

26-05-2025T23:44:31 - [MESSAGE][PASSED] - Object: 'Object Repository/Partial Ticket Refund/Page_SportWrench - The Home of Sporting Events/button_Refund' is clicked on

26-05-2025T23:44:31 - [TEST_STEP][PASSED] - enhancedClick(findTestObject("Object Repository/Partial Ticket Refund/Page_SportWrench - The Home of Sporting Events/a_Partial Refund")): Object: 'Object Repository/Partial Ticket Refund/Page_SportWrench - The Home of Sporting Events/a_Partial Refund' is clicked on

26-05-2025T23:44:31 - [MESSAGE][PASSED] - Object: 'Object Repository/Partial Ticket Refund/Page_SportWrench - The Home of Sporting Events/a_Partial Refund' is clicked on

26-05-2025T23:44:31 - [TEST_STEP][PASSED] - setText(findTestObject("Object Repository/Partial Ticket Refund/Page_SportWrench - The Home of Sporting Events/input_Discount_form-control form-control-in_cd2c09"), "10"): Text '10' is set on object 'Object Repository/Partial Ticket Refund/Page_SportWrench - The Home of Sporting Events/input_Discount_form-control form-control-in_cd2c09'

26-05-2025T23:44:32 - [MESSAGE][PASSED] - Text '10' is set on object 'Object Repository/Partial Ticket Refund/Page_SportWrench - The Home of Sporting Events/input_Discount_form-control form-control-in_cd2c09'

26-05-2025T23:44:32 - [TEST_STEP][PASSED] - click(findTestObject("Object Repository/Partial Ticket Refund/Page_SportWrench - The Home of Sporting Events/button_Save")): Object: 'Object Repository/Partial Ticket Refund/Page_SportWrench - The Home of Sporting Events/button_Save' is clicked on

26-05-2025T23:44:33 - [MESSAGE][PASSED] - Object: 'Object Repository/Partial Ticket Refund/Page_SportWrench - The Home of Sporting Events/button_Save' is clicked on

26-05-2025T23:44:33 - [TEST_STEP][PASSED] - click(findTestObject("Object Repository/Partial Ticket Refund/Page_SportWrench - The Home of Sporting Events/button_Close")): Object: 'Object Repository/Partial Ticket Refund/Page_SportWrench - The Home of Sporting Events/button_Close' is clicked on

26-05-2025T23:44:37 - [MESSAGE][PASSED] - Object: 'Object Repository/Partial Ticket Refund/Page_SportWrench - The Home of Sporting Events/button_Close' is clicked on

26-05-2025T23:44:37 - [TEST_STEP][PASSED] - click(findTestObject("Object Repository/Partial Ticket Refund/Page_SportWrench - The Home of Sporting Events/a_Accounting")): Object: 'Object Repository/Partial Ticket Refund/Page_SportWrench - The Home of Sporting Events/a_Accounting' is clicked on

26-05-2025T23:44:38 - [MESSAGE][PASSED] - Object: 'Object Repository/Partial Ticket Refund/Page_SportWrench - The Home of Sporting Events/a_Accounting' is clicked on

26-05-2025T23:44:38 - [TEST_STEP][PASSED] - click(findTestObject("Object Repository/Partial Ticket Refund/Page_SportWrench - The Home of Sporting Events/div_10.00")): Object: 'Object Repository/Partial Ticket Refund/Page_SportWrench - The Home of Sporting Events/div_10.00' is clicked on

26-05-2025T23:44:39 - [MESSAGE][PASSED] - Object: 'Object Repository/Partial Ticket Refund/Page_SportWrench - The Home of Sporting Events/div_10.00' is clicked on

26-05-2025T23:44:39 - [TEST_STEP][PASSED] - click(findTestObject("Object Repository/Partial Ticket Refund/Page_SportWrench - The Home of Sporting Events/div_10.00_1")): Object: 'Object Repository/Partial Ticket Refund/Page_SportWrench - The Home of Sporting Events/div_10.00_1' is clicked on

26-05-2025T23:44:39 - [MESSAGE][PASSED] - Object: 'Object Repository/Partial Ticket Refund/Page_SportWrench - The Home of Sporting Events/div_10.00_1' is clicked on

26-05-2025T23:44:39 - [TEST_STEP][PASSED] - click(findTestObject("Object Repository/Partial Ticket Refund/Page_SportWrench - The Home of Sporting Events/div_0.59")): Object: 'Object Repository/Partial Ticket Refund/Page_SportWrench - The Home of Sporting Events/div_0.59' is clicked on

26-05-2025T23:44:39 - [MESSAGE][PASSED] - Object: 'Object Repository/Partial Ticket Refund/Page_SportWrench - The Home of Sporting Events/div_0.59' is clicked on

26-05-2025T23:44:39 - [TEST_STEP][PASSED] - click(findTestObject("Object Repository/Partial Ticket Refund/Page_SportWrench - The Home of Sporting Events/div_1.10")): Object: 'Object Repository/Partial Ticket Refund/Page_SportWrench - The Home of Sporting Events/div_1.10' is clicked on

26-05-2025T23:44:40 - [MESSAGE][PASSED] - Object: 'Object Repository/Partial Ticket Refund/Page_SportWrench - The Home of Sporting Events/div_1.10' is clicked on

26-05-2025T23:44:40 - [TEST_STEP][PASSED] - click(findTestObject("Object Repository/Partial Ticket Refund/Page_SportWrench - The Home of Sporting Events/div_8.31")): Object: 'Object Repository/Partial Ticket Refund/Page_SportWrench - The Home of Sporting Events/div_8.31' is clicked on

26-05-2025T23:44:40 - [MESSAGE][PASSED] - Object: 'Object Repository/Partial Ticket Refund/Page_SportWrench - The Home of Sporting Events/div_8.31' is clicked on

26-05-2025T23:44:40 - [TEST_STEP][PASSED] - click(findTestObject("Object Repository/Partial Ticket Refund/Page_SportWrench - The Home of Sporting Events/a_Tickets")): Object: 'Object Repository/Partial Ticket Refund/Page_SportWrench - The Home of Sporting Events/a_Tickets' is clicked on

26-05-2025T23:44:40 - [MESSAGE][PASSED] - Object: 'Object Repository/Partial Ticket Refund/Page_SportWrench - The Home of Sporting Events/a_Tickets' is clicked on

26-05-2025T23:44:40 - [TEST_STEP][PASSED] - click(findTestObject("Object Repository/Partial Ticket Refund/Page_SportWrench - The Home of Sporting Events/a_Payments List")): Object: 'Object Repository/Partial Ticket Refund/Page_SportWrench - The Home of Sporting Events/a_Payments List' is clicked on

26-05-2025T23:44:40 - [MESSAGE][PASSED] - Object: 'Object Repository/Partial Ticket Refund/Page_SportWrench - The Home of Sporting Events/a_Payments List' is clicked on

26-05-2025T23:44:41 - [TEST_STEP][PASSED] - click(findTestObject("Object Repository/Partial Ticket Refund/Page_SportWrench - The Home of Sporting Events/td_11949")): Object: 'Object Repository/Partial Ticket Refund/Page_SportWrench - The Home of Sporting Events/td_11949' is clicked on

26-05-2025T23:44:41 - [MESSAGE][PASSED] - Object: 'Object Repository/Partial Ticket Refund/Page_SportWrench - The Home of Sporting Events/td_11949' is clicked on

26-05-2025T23:44:41 - [TEST_STEP][PASSED] - click(findTestObject("Object Repository/Partial Ticket Refund/Page_SportWrench - The Home of Sporting Events/button_Refund")): Object: 'Object Repository/Partial Ticket Refund/Page_SportWrench - The Home of Sporting Events/button_Refund' is clicked on

26-05-2025T23:44:42 - [MESSAGE][PASSED] - Object: 'Object Repository/Partial Ticket Refund/Page_SportWrench - The Home of Sporting Events/button_Refund' is clicked on

26-05-2025T23:44:42 - [TEST_STEP][PASSED] - click(findTestObject("Object Repository/Partial Ticket Refund/Page_SportWrench - The Home of Sporting Events/a_Make A Full Refund")): Object: 'Object Repository/Partial Ticket Refund/Page_SportWrench - The Home of Sporting Events/a_Make A Full Refund' is clicked on

26-05-2025T23:44:42 - [MESSAGE][PASSED] - Object: 'Object Repository/Partial Ticket Refund/Page_SportWrench - The Home of Sporting Events/a_Make A Full Refund' is clicked on

26-05-2025T23:44:42 - [TEST_STEP][PASSED] - click(findTestObject("Object Repository/Partial Ticket Refund/Page_SportWrench - The Home of Sporting Events/button_Yes")): Object: 'Object Repository/Partial Ticket Refund/Page_SportWrench - The Home of Sporting Events/button_Yes' is clicked on

26-05-2025T23:44:43 - [MESSAGE][PASSED] - Object: 'Object Repository/Partial Ticket Refund/Page_SportWrench - The Home of Sporting Events/button_Yes' is clicked on

26-05-2025T23:44:43 - [TEST_STEP][PASSED] - click(findTestObject("Object Repository/Partial Ticket Refund/Page_SportWrench - The Home of Sporting Events/button_Close")): Object: 'Object Repository/Partial Ticket Refund/Page_SportWrench - The Home of Sporting Events/button_Close' is clicked on

26-05-2025T23:44:48 - [MESSAGE][PASSED] - Object: 'Object Repository/Partial Ticket Refund/Page_SportWrench - The Home of Sporting Events/button_Close' is clicked on

26-05-2025T23:44:48 - [TEST_STEP][PASSED] - click(findTestObject("Object Repository/Partial Ticket Refund/Page_SportWrench - The Home of Sporting Events/a_Accounting")): Object: 'Object Repository/Partial Ticket Refund/Page_SportWrench - The Home of Sporting Events/a_Accounting' is clicked on

26-05-2025T23:44:48 - [MESSAGE][PASSED] - Object: 'Object Repository/Partial Ticket Refund/Page_SportWrench - The Home of Sporting Events/a_Accounting' is clicked on

26-05-2025T23:44:48 - [TEST_STEP][PASSED] - click(findTestObject("Object Repository/Partial Ticket Refund/Page_SportWrench - The Home of Sporting Events/div_0.00")): Object: 'Object Repository/Partial Ticket Refund/Page_SportWrench - The Home of Sporting Events/div_0.00' is clicked on

26-05-2025T23:44:50 - [MESSAGE][PASSED] - Object: 'Object Repository/Partial Ticket Refund/Page_SportWrench - The Home of Sporting Events/div_0.00' is clicked on

26-05-2025T23:44:50 - [TEST_STEP][PASSED] - closeBrowser(): Browser is closed

26-05-2025T23:44:50 - [MESSAGE][PASSED] - Browser is closed]]></system-out>
         <system-err><![CDATA[]]></system-err>
      </testcase>
      <testcase name="Test Cases/111Ticket refund/Ticket Payment for refund" time="26.828" classname="Test Cases/111Ticket refund/Ticket Payment for refund" status="PASSED">
         <system-out><![CDATA[26-05-2025T23:44:50 - [TEST_CASE][PASSED] - Test Cases/111Ticket refund/Ticket Payment for refund: Test Cases/111Ticket refund/Ticket Payment for refund

26-05-2025T23:44:50 - [TEST_STEP][PASSED] - openBrowser("http://USAV:demo@dev.swstage.com/"): Browser is opened with url: 'http://USAV:demo@dev.swstage.com/'

26-05-2025T23:44:50 - [MESSAGE][INFO] - Starting 'Chrome' driver

26-05-2025T23:44:50 - [MESSAGE][INFO] - Action delay is set to 0 milliseconds

26-05-2025T23:44:53 - [MESSAGE][PASSED] - Browser is opened with url: 'http://USAV:demo@dev.swstage.com/'

26-05-2025T23:44:53 - [TEST_STEP][PASSED] - navigateToUrl("http://USAV:demo@tickets-dev.swstage.com/"): Navigate to 'http://USAV:demo@tickets-dev.swstage.com/' successfully

26-05-2025T23:44:55 - [MESSAGE][PASSED] - Navigate to 'http://USAV:demo@tickets-dev.swstage.com/' successfully

26-05-2025T23:44:55 - [TEST_STEP][PASSED] - maximizeWindow(): Current window maximized

26-05-2025T23:44:55 - [MESSAGE][PASSED] - Current window maximized

26-05-2025T23:44:55 - [TEST_STEP][PASSED] - setText(findTestObject("Object Repository/Ticket purchase/Page_SW  Tickets/input_Available Events_form-control ng-pris_aaf354"), "[AUTOTESTS] Tickets refunds (do not touch!)"): Text '[AUTOTESTS] Tickets refunds (do not touch!)' is set on object 'Object Repository/Ticket purchase/Page_SW  Tickets/input_Available Events_form-control ng-pris_aaf354'

26-05-2025T23:44:57 - [MESSAGE][PASSED] - Text '[AUTOTESTS] Tickets refunds (do not touch!)' is set on object 'Object Repository/Ticket purchase/Page_SW  Tickets/input_Available Events_form-control ng-pris_aaf354'

26-05-2025T23:44:57 - [TEST_STEP][PASSED] - click(findTestObject("Spy Web/Page_SportWrench - The Home of Sporting Events/Page_SW  Tickets/b_AUTOTESTS Tickets refunds (do not touch)")): Object: 'Object Repository/Spy Web/Page_SportWrench - The Home of Sporting Events/Page_SW  Tickets/b_AUTOTESTS Tickets refunds (do not touch)' is clicked on

26-05-2025T23:44:59 - [MESSAGE][PASSED] - Object: 'Object Repository/Spy Web/Page_SportWrench - The Home of Sporting Events/Page_SW  Tickets/b_AUTOTESTS Tickets refunds (do not touch)' is clicked on

26-05-2025T23:44:59 - [TEST_STEP][PASSED] - click(findTestObject("Object Repository/Ticket payment 1111111111111/Page_Tickets/div_None")): Object: 'Object Repository/Ticket payment 1111111111111/Page_Tickets/div_None' is clicked on

26-05-2025T23:44:59 - [MESSAGE][PASSED] - Object: 'Object Repository/Ticket payment 1111111111111/Page_Tickets/div_None' is clicked on

26-05-2025T23:44:59 - [TEST_STEP][PASSED] - click(findTestObject("Object Repository/Ticket payment 1111111111111/Page_Tickets/div_1")): Object: 'Object Repository/Ticket payment 1111111111111/Page_Tickets/div_1' is clicked on

26-05-2025T23:44:59 - [MESSAGE][PASSED] - Object: 'Object Repository/Ticket payment 1111111111111/Page_Tickets/div_1' is clicked on

26-05-2025T23:44:59 - [TEST_STEP][PASSED] - click(findTestObject("Object Repository/Ticket payment 1111111111111/Page_Tickets/div_Purchaser Info_1")): Object: 'Object Repository/Ticket payment 1111111111111/Page_Tickets/div_Purchaser Info_1' is clicked on

26-05-2025T23:45:00 - [MESSAGE][PASSED] - Object: 'Object Repository/Ticket payment 1111111111111/Page_Tickets/div_Purchaser Info_1' is clicked on

26-05-2025T23:45:00 - [TEST_STEP][PASSED] - click(findTestObject("Object Repository/Ticket payment 1111111111111/Page_Tickets/div_I Agree")): Object: 'Object Repository/Ticket payment 1111111111111/Page_Tickets/div_I Agree' is clicked on

26-05-2025T23:45:00 - [MESSAGE][PASSED] - Object: 'Object Repository/Ticket payment 1111111111111/Page_Tickets/div_I Agree' is clicked on

26-05-2025T23:45:00 - [TEST_STEP][PASSED] - setText(findTestObject("Object Repository/Ticket payment 1111111111111/Page_Tickets/input__purchaserFirst"), "Tara"): Text 'Tara' is set on object 'Object Repository/Ticket payment 1111111111111/Page_Tickets/input__purchaserFirst'

26-05-2025T23:45:01 - [MESSAGE][PASSED] - Text 'Tara' is set on object 'Object Repository/Ticket payment 1111111111111/Page_Tickets/input__purchaserFirst'

26-05-2025T23:45:01 - [TEST_STEP][PASSED] - setText(findTestObject("Object Repository/Ticket payment 1111111111111/Page_Tickets/input__purchaserLast"), "Charles"): Text 'Charles' is set on object 'Object Repository/Ticket payment 1111111111111/Page_Tickets/input__purchaserLast'

26-05-2025T23:45:02 - [MESSAGE][PASSED] - Text 'Charles' is set on object 'Object Repository/Ticket payment 1111111111111/Page_Tickets/input__purchaserLast'

26-05-2025T23:45:02 - [TEST_STEP][PASSED] - setText(findTestObject("Object Repository/Ticket payment 1111111111111/Page_Tickets/input__purchaserEmail"), "aaaa@gmail.com"): Text 'aaaa@gmail.com' is set on object 'Object Repository/Ticket payment 1111111111111/Page_Tickets/input__purchaserEmail'

26-05-2025T23:45:02 - [MESSAGE][PASSED] - Text 'aaaa@gmail.com' is set on object 'Object Repository/Ticket payment 1111111111111/Page_Tickets/input__purchaserEmail'

26-05-2025T23:45:02 - [TEST_STEP][PASSED] - executeJavaScript("document.getElementById('purchaserPhone').focus(); document.execCommand('insertText', false, '(111) 111-1111');", null): Execute JavaScript 'document.getElementById('purchaserPhone').focus(); document.execCommand('insertText', false, '(111) 111-1111');' successfully

26-05-2025T23:45:02 - [MESSAGE][PASSED] - Execute JavaScript 'document.getElementById('purchaserPhone').focus(); document.execCommand('insertText', false, '(111) 111-1111');' successfully

26-05-2025T23:45:02 - [TEST_STEP][PASSED] - setText(findTestObject("Object Repository/Ticket payment 1111111111111/Page_Tickets/input__purchaserZipCode"), "11949"): Text '11949' is set on object 'Object Repository/Ticket payment 1111111111111/Page_Tickets/input__purchaserZipCode'

26-05-2025T23:45:03 - [MESSAGE][PASSED] - Text '11949' is set on object 'Object Repository/Ticket payment 1111111111111/Page_Tickets/input__purchaserZipCode'

26-05-2025T23:45:03 - [TEST_STEP][PASSED] - click(findTestObject("Object Repository/Ticket payment 1111111111111/Page_Tickets/div_Daily Passes")): Object: 'Object Repository/Ticket payment 1111111111111/Page_Tickets/div_Daily Passes' is clicked on

26-05-2025T23:45:03 - [MESSAGE][PASSED] - Object: 'Object Repository/Ticket payment 1111111111111/Page_Tickets/div_Daily Passes' is clicked on

26-05-2025T23:45:03 - [TEST_STEP][PASSED] - click(findTestObject("Object Repository/Ticket payment 1111111111111/Page_Tickets/div_I Agree")): Object: 'Object Repository/Ticket payment 1111111111111/Page_Tickets/div_I Agree' is clicked on

26-05-2025T23:45:04 - [MESSAGE][PASSED] - Object: 'Object Repository/Ticket payment 1111111111111/Page_Tickets/div_I Agree' is clicked on

26-05-2025T23:45:04 - [TEST_STEP][PASSED] - click(findTestObject("Object Repository/Ticket payment 1111111111111/Page_Tickets/div_Summary")): Object: 'Object Repository/Ticket payment 1111111111111/Page_Tickets/div_Summary' is clicked on

26-05-2025T23:45:04 - [MESSAGE][PASSED] - Object: 'Object Repository/Ticket payment 1111111111111/Page_Tickets/div_Summary' is clicked on

26-05-2025T23:45:04 - [TEST_STEP][PASSED] - click(findTestObject("Object Repository/Ticket payment 1111111111111/Page_Tickets/div_Payment")): Object: 'Object Repository/Ticket payment 1111111111111/Page_Tickets/div_Payment' is clicked on

26-05-2025T23:45:05 - [MESSAGE][PASSED] - Object: 'Object Repository/Ticket payment 1111111111111/Page_Tickets/div_Payment' is clicked on

26-05-2025T23:45:05 - [TEST_STEP][PASSED] - click(findTestObject("Object Repository/Ticket payment 1111111111111/Page_Tickets/div_Card information")): Object: 'Object Repository/Ticket payment 1111111111111/Page_Tickets/div_Card information' is clicked on

26-05-2025T23:45:05 - [MESSAGE][PASSED] - Object: 'Object Repository/Ticket payment 1111111111111/Page_Tickets/div_Card information' is clicked on

26-05-2025T23:45:05 - [TEST_STEP][PASSED] - setText(findTestObject("Object Repository/Ticket payment 1111111111111/Page_Tickets/input_Number_cardnumber"), "4242424242424242"): Text '4242424242424242' is set on object 'Object Repository/Ticket payment 1111111111111/Page_Tickets/input_Number_cardnumber'

26-05-2025T23:45:06 - [MESSAGE][PASSED] - Text '4242424242424242' is set on object 'Object Repository/Ticket payment 1111111111111/Page_Tickets/input_Number_cardnumber'

26-05-2025T23:45:06 - [TEST_STEP][PASSED] - setText(findTestObject("Object Repository/Ticket payment 1111111111111/Page_Tickets/input_Number_exp-date"), "12 / 25"): Text '12 / 25' is set on object 'Object Repository/Ticket payment 1111111111111/Page_Tickets/input_Number_exp-date'

26-05-2025T23:45:06 - [MESSAGE][PASSED] - Text '12 / 25' is set on object 'Object Repository/Ticket payment 1111111111111/Page_Tickets/input_Number_exp-date'

26-05-2025T23:45:06 - [TEST_STEP][PASSED] - setText(findTestObject("Object Repository/Ticket payment 1111111111111/Page_Tickets/input_Number_cvc"), "454"): Text '454' is set on object 'Object Repository/Ticket payment 1111111111111/Page_Tickets/input_Number_cvc'

26-05-2025T23:45:07 - [MESSAGE][PASSED] - Text '454' is set on object 'Object Repository/Ticket payment 1111111111111/Page_Tickets/input_Number_cvc'

26-05-2025T23:45:07 - [TEST_STEP][PASSED] - click(findTestObject("Object Repository/Ticket payment 1111111111111/Page_Tickets/div_omplete Purchase")): Object: 'Object Repository/Ticket payment 1111111111111/Page_Tickets/div_omplete Purchase' is clicked on

26-05-2025T23:45:07 - [MESSAGE][PASSED] - Object: 'Object Repository/Ticket payment 1111111111111/Page_Tickets/div_omplete Purchase' is clicked on

26-05-2025T23:45:07 - [TEST_STEP][PASSED] - click(findTestObject("Page_Tickets/div_Buy Anyway"), OPTIONAL): Object: 'Object Repository/Page_Tickets/div_Buy Anyway' is clicked on

26-05-2025T23:45:09 - [MESSAGE][PASSED] - Object: 'Object Repository/Page_Tickets/div_Buy Anyway' is clicked on

26-05-2025T23:45:09 - [TEST_STEP][PASSED] - verifyElementPresent(findTestObject("Additional data for ticket puchase/Page_Tickets/div_Successful Payment"), 0): Object 'Object Repository/Additional data for ticket puchase/Page_Tickets/div_Successful Payment' is present

26-05-2025T23:45:09 - [MESSAGE][WARNING] - Timeout '0' is invalid. Using default page load timeout: '30'

26-05-2025T23:45:13 - [MESSAGE][PASSED] - Object 'Object Repository/Additional data for ticket puchase/Page_Tickets/div_Successful Payment' is present

26-05-2025T23:45:13 - [TEST_STEP][PASSED] - verifyElementPresent(findTestObject("Additional data for ticket puchase/Page_Tickets/div_1 Daily Passes to 123Test Event"), 0): Object 'Object Repository/Additional data for ticket puchase/Page_Tickets/div_1 Daily Passes to 123Test Event' is present

26-05-2025T23:45:13 - [MESSAGE][WARNING] - Timeout '0' is invalid. Using default page load timeout: '30'

26-05-2025T23:45:13 - [MESSAGE][PASSED] - Object 'Object Repository/Additional data for ticket puchase/Page_Tickets/div_1 Daily Passes to 123Test Event' is present

26-05-2025T23:45:13 - [TEST_STEP][PASSED] - verifyElementPresent(findTestObject("Additional data for ticket puchase/Page_Tickets/div_Payment of 10.00 was successful. A link_c703ef"), 0): Object 'Object Repository/Additional data for ticket puchase/Page_Tickets/div_Payment of 10.00 was successful. A link_c703ef' is present

26-05-2025T23:45:13 - [MESSAGE][WARNING] - Timeout '0' is invalid. Using default page load timeout: '30'

26-05-2025T23:45:13 - [MESSAGE][PASSED] - Object 'Object Repository/Additional data for ticket puchase/Page_Tickets/div_Payment of 10.00 was successful. A link_c703ef' is present

26-05-2025T23:45:13 - [TEST_STEP][PASSED] - delay(3): Delayed 3 second(s)

26-05-2025T23:45:16 - [MESSAGE][PASSED] - Delayed 3 second(s)

26-05-2025T23:45:16 - [TEST_STEP][PASSED] - closeBrowser(): Browser is closed

26-05-2025T23:45:17 - [MESSAGE][PASSED] - Browser is closed]]></system-out>
         <system-err><![CDATA[]]></system-err>
      </testcase>
      <testcase name="Test Cases/111Ticket refund/Full Ticket Refund" time="27.248" classname="Test Cases/111Ticket refund/Full Ticket Refund" status="PASSED">
         <system-out><![CDATA[26-05-2025T23:45:17 - [TEST_CASE][PASSED] - Test Cases/111Ticket refund/Full Ticket Refund: Test Cases/111Ticket refund/Full Ticket Refund

26-05-2025T23:45:17 - [TEST_STEP][PASSED] - openBrowser("http://USAV:demo@dev.swstage.com/ "): Browser is opened with url: 'http://USAV:demo@dev.swstage.com/ '

26-05-2025T23:45:17 - [MESSAGE][INFO] - Starting 'Chrome' driver

26-05-2025T23:45:17 - [MESSAGE][INFO] - Action delay is set to 0 milliseconds

26-05-2025T23:45:20 - [MESSAGE][PASSED] - Browser is opened with url: 'http://USAV:demo@dev.swstage.com/ '

26-05-2025T23:45:20 - [TEST_STEP][PASSED] - navigateToUrl("http://USAV:demo@my.dev.swstage.com/#/"): Navigate to 'http://USAV:demo@my.dev.swstage.com/#/' successfully

26-05-2025T23:45:23 - [MESSAGE][PASSED] - Navigate to 'http://USAV:demo@my.dev.swstage.com/#/' successfully

26-05-2025T23:45:23 - [TEST_STEP][PASSED] - maximizeWindow(): Current window maximized

26-05-2025T23:45:23 - [MESSAGE][PASSED] - Current window maximized

26-05-2025T23:45:23 - [TEST_STEP][PASSED] - setText(findTestObject("Object Repository/Full Ticket Refund/Page_SportWrench - The Home of Sporting Events/input_Log In_email"), "dcgfcgchfhgvhv@gmail.com"): Text 'dcgfcgchfhgvhv@gmail.com' is set on object 'Object Repository/Full Ticket Refund/Page_SportWrench - The Home of Sporting Events/input_Log In_email'

26-05-2025T23:45:23 - [MESSAGE][PASSED] - Text 'dcgfcgchfhgvhv@gmail.com' is set on object 'Object Repository/Full Ticket Refund/Page_SportWrench - The Home of Sporting Events/input_Log In_email'

26-05-2025T23:45:23 - [TEST_STEP][PASSED] - setEncryptedText(findTestObject("Object Repository/Full Ticket Refund/Page_SportWrench - The Home of Sporting Events/input_false_password"), "ugkk24xDMrWrlVpEbACuNZEQlZ6qfcdw"): Text ****** has been set on object 'Object Repository/Full Ticket Refund/Page_SportWrench - The Home of Sporting Events/input_false_password'

26-05-2025T23:45:24 - [MESSAGE][PASSED] - Text ****** has been set on object 'Object Repository/Full Ticket Refund/Page_SportWrench - The Home of Sporting Events/input_false_password'

26-05-2025T23:45:24 - [TEST_STEP][PASSED] - click(findTestObject("Object Repository/Full Ticket Refund/Page_SportWrench - The Home of Sporting Events/button_Log In")): Object: 'Object Repository/Full Ticket Refund/Page_SportWrench - The Home of Sporting Events/button_Log In' is clicked on

26-05-2025T23:45:24 - [MESSAGE][PASSED] - Object: 'Object Repository/Full Ticket Refund/Page_SportWrench - The Home of Sporting Events/button_Log In' is clicked on

26-05-2025T23:45:24 - [TEST_STEP][PASSED] - setText(findTestObject("Object Repository/Full Ticket Refund/Page_SportWrench - The Home of Sporting Events/input_Other Events_searchbox"), "[AUTOTESTS] Tickets refunds (do not touch!)"): Text '[AUTOTESTS] Tickets refunds (do not touch!)' is set on object 'Object Repository/Full Ticket Refund/Page_SportWrench - The Home of Sporting Events/input_Other Events_searchbox'

26-05-2025T23:45:30 - [MESSAGE][PASSED] - Text '[AUTOTESTS] Tickets refunds (do not touch!)' is set on object 'Object Repository/Full Ticket Refund/Page_SportWrench - The Home of Sporting Events/input_Other Events_searchbox'

26-05-2025T23:45:30 - [TEST_STEP][PASSED] - click(findTestObject("Object Repository/Full Ticket Refund/Page_SportWrench - The Home of Sporting Events/a_AUTOTESTS Tickets refunds (do not touch)")): Object: 'Object Repository/Full Ticket Refund/Page_SportWrench - The Home of Sporting Events/a_AUTOTESTS Tickets refunds (do not touch)' is clicked on

26-05-2025T23:45:30 - [MESSAGE][PASSED] - Object: 'Object Repository/Full Ticket Refund/Page_SportWrench - The Home of Sporting Events/a_AUTOTESTS Tickets refunds (do not touch)' is clicked on

26-05-2025T23:45:30 - [TEST_STEP][PASSED] - click(findTestObject("Object Repository/Full Ticket Refund/Page_SportWrench - The Home of Sporting Events/a_Accounting")): Object: 'Object Repository/Full Ticket Refund/Page_SportWrench - The Home of Sporting Events/a_Accounting' is clicked on

26-05-2025T23:45:31 - [MESSAGE][PASSED] - Object: 'Object Repository/Full Ticket Refund/Page_SportWrench - The Home of Sporting Events/a_Accounting' is clicked on

26-05-2025T23:45:31 - [TEST_STEP][PASSED] - click(findTestObject("Object Repository/Full Ticket Refund/Page_SportWrench - The Home of Sporting Events/div_20.00")): Object: 'Object Repository/Full Ticket Refund/Page_SportWrench - The Home of Sporting Events/div_20.00' is clicked on

26-05-2025T23:45:32 - [MESSAGE][PASSED] - Object: 'Object Repository/Full Ticket Refund/Page_SportWrench - The Home of Sporting Events/div_20.00' is clicked on

26-05-2025T23:45:32 - [TEST_STEP][PASSED] - click(findTestObject("Object Repository/Full Ticket Refund/Page_SportWrench - The Home of Sporting Events/div_0.88")): Object: 'Object Repository/Full Ticket Refund/Page_SportWrench - The Home of Sporting Events/div_0.88' is clicked on

26-05-2025T23:45:32 - [MESSAGE][PASSED] - Object: 'Object Repository/Full Ticket Refund/Page_SportWrench - The Home of Sporting Events/div_0.88' is clicked on

26-05-2025T23:45:32 - [TEST_STEP][PASSED] - click(findTestObject("Object Repository/Full Ticket Refund/Page_SportWrench - The Home of Sporting Events/div_1.10")): Object: 'Object Repository/Full Ticket Refund/Page_SportWrench - The Home of Sporting Events/div_1.10' is clicked on

26-05-2025T23:45:33 - [MESSAGE][PASSED] - Object: 'Object Repository/Full Ticket Refund/Page_SportWrench - The Home of Sporting Events/div_1.10' is clicked on

26-05-2025T23:45:33 - [TEST_STEP][PASSED] - click(findTestObject("Object Repository/Full Ticket Refund/Page_SportWrench - The Home of Sporting Events/div_18.02")): Object: 'Object Repository/Full Ticket Refund/Page_SportWrench - The Home of Sporting Events/div_18.02' is clicked on

26-05-2025T23:45:33 - [MESSAGE][PASSED] - Object: 'Object Repository/Full Ticket Refund/Page_SportWrench - The Home of Sporting Events/div_18.02' is clicked on

26-05-2025T23:45:33 - [TEST_STEP][PASSED] - click(findTestObject("Object Repository/Full Ticket Refund/Page_SportWrench - The Home of Sporting Events/a_Tickets")): Object: 'Object Repository/Full Ticket Refund/Page_SportWrench - The Home of Sporting Events/a_Tickets' is clicked on

26-05-2025T23:45:33 - [MESSAGE][PASSED] - Object: 'Object Repository/Full Ticket Refund/Page_SportWrench - The Home of Sporting Events/a_Tickets' is clicked on

26-05-2025T23:45:33 - [TEST_STEP][PASSED] - click(findTestObject("Object Repository/Full Ticket Refund/Page_SportWrench - The Home of Sporting Events/a_Payments List")): Object: 'Object Repository/Full Ticket Refund/Page_SportWrench - The Home of Sporting Events/a_Payments List' is clicked on

26-05-2025T23:45:33 - [MESSAGE][PASSED] - Object: 'Object Repository/Full Ticket Refund/Page_SportWrench - The Home of Sporting Events/a_Payments List' is clicked on

26-05-2025T23:45:33 - [TEST_STEP][PASSED] - click(findTestObject("Object Repository/Full Ticket Refund/Page_SportWrench - The Home of Sporting Events/td_11949")): Object: 'Object Repository/Full Ticket Refund/Page_SportWrench - The Home of Sporting Events/td_11949' is clicked on

26-05-2025T23:45:35 - [MESSAGE][PASSED] - Object: 'Object Repository/Full Ticket Refund/Page_SportWrench - The Home of Sporting Events/td_11949' is clicked on

26-05-2025T23:45:35 - [TEST_STEP][PASSED] - click(findTestObject("Object Repository/Full Ticket Refund/Page_SportWrench - The Home of Sporting Events/button_Refund")): Object: 'Object Repository/Full Ticket Refund/Page_SportWrench - The Home of Sporting Events/button_Refund' is clicked on

26-05-2025T23:45:36 - [MESSAGE][PASSED] - Object: 'Object Repository/Full Ticket Refund/Page_SportWrench - The Home of Sporting Events/button_Refund' is clicked on

26-05-2025T23:45:36 - [TEST_STEP][PASSED] - click(findTestObject("Object Repository/Full Ticket Refund/Page_SportWrench - The Home of Sporting Events/a_Make A Full Refund")): Object: 'Object Repository/Full Ticket Refund/Page_SportWrench - The Home of Sporting Events/a_Make A Full Refund' is clicked on

26-05-2025T23:45:36 - [MESSAGE][PASSED] - Object: 'Object Repository/Full Ticket Refund/Page_SportWrench - The Home of Sporting Events/a_Make A Full Refund' is clicked on

26-05-2025T23:45:36 - [TEST_STEP][PASSED] - click(findTestObject("Object Repository/Full Ticket Refund/Page_SportWrench - The Home of Sporting Events/button_Yes")): Object: 'Object Repository/Full Ticket Refund/Page_SportWrench - The Home of Sporting Events/button_Yes' is clicked on

26-05-2025T23:45:37 - [MESSAGE][PASSED] - Object: 'Object Repository/Full Ticket Refund/Page_SportWrench - The Home of Sporting Events/button_Yes' is clicked on

26-05-2025T23:45:37 - [TEST_STEP][PASSED] - click(findTestObject("Spy Web/Page_SportWrench - The Home of Sporting Events/Page_SportWrench - The Home of Sporting Events/Page_SportWrench - The Home of Sporting Events/button_Close")): Object: 'Object Repository/Spy Web/Page_SportWrench - The Home of Sporting Events/Page_SportWrench - The Home of Sporting Events/Page_SportWrench - The Home of Sporting Events/button_Close' is clicked on

26-05-2025T23:45:42 - [MESSAGE][PASSED] - Object: 'Object Repository/Spy Web/Page_SportWrench - The Home of Sporting Events/Page_SportWrench - The Home of Sporting Events/Page_SportWrench - The Home of Sporting Events/button_Close' is clicked on

26-05-2025T23:45:42 - [TEST_STEP][PASSED] - click(findTestObject("Object Repository/Full Ticket Refund/Page_SportWrench - The Home of Sporting Events/a_Accounting")): Object: 'Object Repository/Full Ticket Refund/Page_SportWrench - The Home of Sporting Events/a_Accounting' is clicked on

26-05-2025T23:45:42 - [MESSAGE][PASSED] - Object: 'Object Repository/Full Ticket Refund/Page_SportWrench - The Home of Sporting Events/a_Accounting' is clicked on

26-05-2025T23:45:42 - [TEST_STEP][PASSED] - click(findTestObject("Object Repository/Full Ticket Refund/Page_SportWrench - The Home of Sporting Events/div_0.00")): Object: 'Object Repository/Full Ticket Refund/Page_SportWrench - The Home of Sporting Events/div_0.00' is clicked on

26-05-2025T23:45:43 - [MESSAGE][PASSED] - Object: 'Object Repository/Full Ticket Refund/Page_SportWrench - The Home of Sporting Events/div_0.00' is clicked on

26-05-2025T23:45:43 - [TEST_STEP][PASSED] - click(findTestObject("Object Repository/Full Ticket Refund/Page_SportWrench - The Home of Sporting Events/div_0.00_1")): Object: 'Object Repository/Full Ticket Refund/Page_SportWrench - The Home of Sporting Events/div_0.00_1' is clicked on

26-05-2025T23:45:43 - [MESSAGE][PASSED] - Object: 'Object Repository/Full Ticket Refund/Page_SportWrench - The Home of Sporting Events/div_0.00_1' is clicked on

26-05-2025T23:45:43 - [TEST_STEP][PASSED] - click(findTestObject("Object Repository/Full Ticket Refund/Page_SportWrench - The Home of Sporting Events/div_0.00_1_2")): Object: 'Object Repository/Full Ticket Refund/Page_SportWrench - The Home of Sporting Events/div_0.00_1_2' is clicked on

26-05-2025T23:45:44 - [MESSAGE][PASSED] - Object: 'Object Repository/Full Ticket Refund/Page_SportWrench - The Home of Sporting Events/div_0.00_1_2' is clicked on

26-05-2025T23:45:44 - [TEST_STEP][PASSED] - closeBrowser(): Browser is closed

26-05-2025T23:45:44 - [MESSAGE][PASSED] - Browser is closed]]></system-out>
         <system-err><![CDATA[]]></system-err>
      </testcase>
      <system-out><![CDATA[26-05-2025T23:43:17 - [TEST_SUITE][PASSED] - Ticket Refunds: Test Cases/111Ticket refund/Full Ticket Refund]]></system-out>
      <system-err><![CDATA[]]></system-err>
   </testsuite>
</testsuites>
