<?xml version="1.0" encoding="UTF-8"?>
<testsuites name="Team Payment" time="146.149" tests="5" failures="0" errors="0">
   <testsuite name="Team Payment" tests="5" failures="0" errors="0" time="146.149" skipped="0" timestamp="08-04-2025T14:37:22" hostname="LENOVO - DESKTOP-9MN524E" id="Test Suites/Team Payment">
      <properties>
         <property name="deviceName" value=""/>
         <property name="devicePlatform"/>
         <property name="logFolder" value="C:\\Users\\LENOVO\\Katalon Studio\\Payment\\Reports\\20250408_143720\\Team Payment\\20250408_143720"/>
         <property name="logFiles" value="C:\\Users\\LENOVO\\Katalon Studio\\Payment\\Reports\\20250408_143720\\Team Payment\\20250408_143720\\execution0.log"/>
         <property name="attachments" value=""/>
         <property name="hostName" value="LENOVO - DESKTOP-9MN524E"/>
         <property name="os" value="Windows 10 64bit"/>
         <property name="katalonVersion" value="10.1.1.0"/>
         <property name="browser" value="Chrome 134.0.6998.178"/>
         <property name="hostAddress" value="26.190.180.74"/>
         <property name="sessionId" value="6f0f60d56bfd0cbd5d4dbb4501149556"/>
         <property name="seleniumVersion" value="4.22.0"/>
         <property name="proxyInformation" value="ProxyInformation { proxyOption=NO_PROXY, proxyServerType=HTTP, username=, password=********, proxyServerAddress=, proxyServerPort=0, executionList=&quot;&quot;, isApplyToDesiredCapabilities=true }"/>
         <property name="platform" value="Windows 10"/>
      </properties>
      <testcase name="Test Cases/Create an Event For Teams" time="56.74" classname="Test Cases/Create an Event For Teams" status="PASSED">
         <system-out><![CDATA[08-04-2025T14:37:22 - [TEST_CASE][PASSED] - Test Cases/Create an Event For Teams: Test Cases/Create an Event For Teams

08-04-2025T14:37:23 - [TEST_STEP][PASSED] - openBrowser("http://USAV:demo@dev.swstage.com/"): Browser is opened with url: 'http://USAV:demo@dev.swstage.com/'

08-04-2025T14:37:23 - [MESSAGE][INFO] - Starting 'Chrome' driver

08-04-2025T14:37:23 - [MESSAGE][INFO] - Action delay is set to 0 milliseconds

08-04-2025T14:37:27 - [MESSAGE][PASSED] - Browser is opened with url: 'http://USAV:demo@dev.swstage.com/'

08-04-2025T14:37:27 - [TEST_STEP][PASSED] - navigateToUrl("http://USAV:demo@my.dev.swstage.com/#/"): Navigate to 'http://USAV:demo@my.dev.swstage.com/#/' successfully

08-04-2025T14:37:30 - [MESSAGE][PASSED] - Navigate to 'http://USAV:demo@my.dev.swstage.com/#/' successfully

08-04-2025T14:37:30 - [TEST_STEP][PASSED] - maximizeWindow(): Current window maximized

08-04-2025T14:37:30 - [MESSAGE][PASSED] - Current window maximized

08-04-2025T14:37:30 - [TEST_STEP][PASSED] - setText(findTestObject("Object Repository/EVENT FOR TEAMS/Page_SportWrench - The Home of Sporting Events/input_Log In_email"), "dcgfcgchfhgvhv@gmail.com"): Text 'dcgfcgchfhgvhv@gmail.com' is set on object 'Object Repository/EVENT FOR TEAMS/Page_SportWrench - The Home of Sporting Events/input_Log In_email'

08-04-2025T14:37:31 - [MESSAGE][PASSED] - Text 'dcgfcgchfhgvhv@gmail.com' is set on object 'Object Repository/EVENT FOR TEAMS/Page_SportWrench - The Home of Sporting Events/input_Log In_email'

08-04-2025T14:37:31 - [TEST_STEP][PASSED] - setEncryptedText(findTestObject("Object Repository/EVENT FOR TEAMS/Page_SportWrench - The Home of Sporting Events/input_false_password"), "ugkk24xDMrWrlVpEbACuNZEQlZ6qfcdw"): Text ****** has been set on object 'Object Repository/EVENT FOR TEAMS/Page_SportWrench - The Home of Sporting Events/input_false_password'

08-04-2025T14:37:31 - [MESSAGE][PASSED] - Text ****** has been set on object 'Object Repository/EVENT FOR TEAMS/Page_SportWrench - The Home of Sporting Events/input_false_password'

08-04-2025T14:37:31 - [TEST_STEP][PASSED] - click(findTestObject("Object Repository/EVENT FOR TEAMS/Page_SportWrench - The Home of Sporting Events/button_Log In")): Object: 'Object Repository/EVENT FOR TEAMS/Page_SportWrench - The Home of Sporting Events/button_Log In' is clicked on

08-04-2025T14:37:32 - [MESSAGE][PASSED] - Object: 'Object Repository/EVENT FOR TEAMS/Page_SportWrench - The Home of Sporting Events/button_Log In' is clicked on

08-04-2025T14:37:32 - [TEST_STEP][PASSED] - click(findTestObject("Object Repository/EVENT FOR TEAMS/Page_SportWrench - The Home of Sporting Events/a_New Event")): Object: 'Object Repository/EVENT FOR TEAMS/Page_SportWrench - The Home of Sporting Events/a_New Event' is clicked on

08-04-2025T14:37:34 - [MESSAGE][PASSED] - Object: 'Object Repository/EVENT FOR TEAMS/Page_SportWrench - The Home of Sporting Events/a_New Event' is clicked on

08-04-2025T14:37:34 - [TEST_STEP][PASSED] - click(findTestObject("Object Repository/EVENT FOR TEAMS/Page_SportWrench - The Home of Sporting Events/span_Event Details")): Object: 'Object Repository/EVENT FOR TEAMS/Page_SportWrench - The Home of Sporting Events/span_Event Details' is clicked on

08-04-2025T14:37:34 - [MESSAGE][PASSED] - Object: 'Object Repository/EVENT FOR TEAMS/Page_SportWrench - The Home of Sporting Events/span_Event Details' is clicked on

08-04-2025T14:37:34 - [TEST_STEP][PASSED] - setText(findTestObject("Object Repository/EVENT FOR TEAMS/Page_SportWrench - The Home of Sporting Events/input_Event Name_long_name"), "123Test Event"): Text '123Test Event' is set on object 'Object Repository/EVENT FOR TEAMS/Page_SportWrench - The Home of Sporting Events/input_Event Name_long_name'

08-04-2025T14:37:35 - [MESSAGE][PASSED] - Text '123Test Event' is set on object 'Object Repository/EVENT FOR TEAMS/Page_SportWrench - The Home of Sporting Events/input_Event Name_long_name'

08-04-2025T14:37:35 - [TEST_STEP][PASSED] - setText(findTestObject("Object Repository/EVENT FOR TEAMS/Page_SportWrench - The Home of Sporting Events/input_Short Name_name"), "TE"): Text 'TE' is set on object 'Object Repository/EVENT FOR TEAMS/Page_SportWrench - The Home of Sporting Events/input_Short Name_name'

08-04-2025T14:37:35 - [MESSAGE][PASSED] - Text 'TE' is set on object 'Object Repository/EVENT FOR TEAMS/Page_SportWrench - The Home of Sporting Events/input_Short Name_name'

08-04-2025T14:37:35 - [TEST_STEP][PASSED] - click(findTestObject("Object Repository/EVENT FOR TEAMS/Page_SportWrench - The Home of Sporting Events/input_Teams_allow_teams_registration")): Object: 'Object Repository/EVENT FOR TEAMS/Page_SportWrench - The Home of Sporting Events/input_Teams_allow_teams_registration' is clicked on

08-04-2025T14:37:36 - [MESSAGE][PASSED] - Object: 'Object Repository/EVENT FOR TEAMS/Page_SportWrench - The Home of Sporting Events/input_Teams_allow_teams_registration' is clicked on

08-04-2025T14:37:36 - [TEST_STEP][PASSED] - click(findTestObject("Object Repository/EVENT FOR TEAMS/Page_SportWrench - The Home of Sporting Events/input_Ticket Sales_allow_ticket_sales")): Object: 'Object Repository/EVENT FOR TEAMS/Page_SportWrench - The Home of Sporting Events/input_Ticket Sales_allow_ticket_sales' is clicked on

08-04-2025T14:37:36 - [MESSAGE][PASSED] - Object: 'Object Repository/EVENT FOR TEAMS/Page_SportWrench - The Home of Sporting Events/input_Ticket Sales_allow_ticket_sales' is clicked on

08-04-2025T14:37:36 - [TEST_STEP][PASSED] - selectOptionByValue(findTestObject("Object Repository/EVENT FOR TEAMS/Page_SportWrench - The Home of Sporting Events/select_Choose a Timezone .AmericaNew_YorkAm_0bdf4d"), "America/New_York", true): All options with value 'America/New_York' are selected in object 'Object Repository/EVENT FOR TEAMS/Page_SportWrench - The Home of Sporting Events/select_Choose a Timezone .AmericaNew_YorkAm_0bdf4d'  using regular expression

08-04-2025T14:37:37 - [MESSAGE][PASSED] - All options with value 'America/New_York' are selected in object 'Object Repository/EVENT FOR TEAMS/Page_SportWrench - The Home of Sporting Events/select_Choose a Timezone .AmericaNew_YorkAm_0bdf4d'  using regular expression

08-04-2025T14:37:37 - [TEST_STEP][PASSED] - selectOptionByValue(findTestObject("Object Repository/EVENT FOR TEAMS/Page_SportWrench - The Home of Sporting Events/select_Choose Sport .VolleyballBasketballSo_1c54a4"), "2", true): All options with value '2' are selected in object 'Object Repository/EVENT FOR TEAMS/Page_SportWrench - The Home of Sporting Events/select_Choose Sport .VolleyballBasketballSo_1c54a4'  using regular expression

08-04-2025T14:37:38 - [MESSAGE][PASSED] - All options with value '2' are selected in object 'Object Repository/EVENT FOR TEAMS/Page_SportWrench - The Home of Sporting Events/select_Choose Sport .VolleyballBasketballSo_1c54a4'  using regular expression

08-04-2025T14:37:38 - [TEST_STEP][PASSED] - enhancedClick(findTestObject("Object Repository/EVENT FOR TEAMS/Page_SportWrench - The Home of Sporting Events/select_Choose Sport Variation .IndoorDoubles")): Object: 'Object Repository/EVENT FOR TEAMS/Page_SportWrench - The Home of Sporting Events/select_Choose Sport Variation .IndoorDoubles' is clicked on

08-04-2025T14:37:39 - [MESSAGE][PASSED] - Object: 'Object Repository/EVENT FOR TEAMS/Page_SportWrench - The Home of Sporting Events/select_Choose Sport Variation .IndoorDoubles' is clicked on

08-04-2025T14:37:39 - [TEST_STEP][PASSED] - selectOptionByValue(findTestObject("Object Repository/EVENT FOR TEAMS/Page_SportWrench - The Home of Sporting Events/select_Choose Sport Variation .IndoorDoubles"), "number:1", true): All options with value 'number:1' are selected in object 'Object Repository/EVENT FOR TEAMS/Page_SportWrench - The Home of Sporting Events/select_Choose Sport Variation .IndoorDoubles'  using regular expression

08-04-2025T14:37:39 - [MESSAGE][PASSED] - All options with value 'number:1' are selected in object 'Object Repository/EVENT FOR TEAMS/Page_SportWrench - The Home of Sporting Events/select_Choose Sport Variation .IndoorDoubles'  using regular expression

08-04-2025T14:37:39 - [TEST_STEP][PASSED] - click(findTestObject("Object Repository/EVENT FOR TEAMS/Page_SportWrench - The Home of Sporting Events/input_Date Start_date_start")): Object: 'Object Repository/EVENT FOR TEAMS/Page_SportWrench - The Home of Sporting Events/input_Date Start_date_start' is clicked on

08-04-2025T14:37:40 - [MESSAGE][PASSED] - Object: 'Object Repository/EVENT FOR TEAMS/Page_SportWrench - The Home of Sporting Events/input_Date Start_date_start' is clicked on

08-04-2025T14:37:40 - [TEST_STEP][PASSED] - click(findTestObject("Object Repository/EVENT FOR TEAMS/Page_SportWrench - The Home of Sporting Events/button_April 2025_btn btn-default btn-sm pu_492a81")): Object: 'Object Repository/EVENT FOR TEAMS/Page_SportWrench - The Home of Sporting Events/button_April 2025_btn btn-default btn-sm pu_492a81' is clicked on

08-04-2025T14:37:40 - [MESSAGE][PASSED] - Object: 'Object Repository/EVENT FOR TEAMS/Page_SportWrench - The Home of Sporting Events/button_April 2025_btn btn-default btn-sm pu_492a81' is clicked on

08-04-2025T14:37:40 - [TEST_STEP][PASSED] - click(findTestObject("Object Repository/EVENT FOR TEAMS/Page_SportWrench - The Home of Sporting Events/button_April 2025_btn btn-default btn-sm pu_492a81")): Object: 'Object Repository/EVENT FOR TEAMS/Page_SportWrench - The Home of Sporting Events/button_April 2025_btn btn-default btn-sm pu_492a81' is clicked on

08-04-2025T14:37:41 - [MESSAGE][PASSED] - Object: 'Object Repository/EVENT FOR TEAMS/Page_SportWrench - The Home of Sporting Events/button_April 2025_btn btn-default btn-sm pu_492a81' is clicked on

08-04-2025T14:37:41 - [TEST_STEP][PASSED] - click(findTestObject("Object Repository/EVENT FOR TEAMS/Page_SportWrench - The Home of Sporting Events/button_18")): Object: 'Object Repository/EVENT FOR TEAMS/Page_SportWrench - The Home of Sporting Events/button_18' is clicked on

08-04-2025T14:37:41 - [MESSAGE][PASSED] - Object: 'Object Repository/EVENT FOR TEAMS/Page_SportWrench - The Home of Sporting Events/button_18' is clicked on

08-04-2025T14:37:41 - [TEST_STEP][PASSED] - click(findTestObject("Object Repository/EVENT FOR TEAMS/Page_SportWrench - The Home of Sporting Events/button_Date")): Object: 'Object Repository/EVENT FOR TEAMS/Page_SportWrench - The Home of Sporting Events/button_Date' is clicked on

08-04-2025T14:37:42 - [MESSAGE][PASSED] - Object: 'Object Repository/EVENT FOR TEAMS/Page_SportWrench - The Home of Sporting Events/button_Date' is clicked on

08-04-2025T14:37:42 - [TEST_STEP][PASSED] - click(findTestObject("Object Repository/EVENT FOR TEAMS/Page_SportWrench - The Home of Sporting Events/button_Close")): Object: 'Object Repository/EVENT FOR TEAMS/Page_SportWrench - The Home of Sporting Events/button_Close' is clicked on

08-04-2025T14:37:43 - [MESSAGE][PASSED] - Object: 'Object Repository/EVENT FOR TEAMS/Page_SportWrench - The Home of Sporting Events/button_Close' is clicked on

08-04-2025T14:37:43 - [TEST_STEP][PASSED] - click(findTestObject("Object Repository/EVENT FOR TEAMS/Page_SportWrench - The Home of Sporting Events/input_Date End_date_end")): Object: 'Object Repository/EVENT FOR TEAMS/Page_SportWrench - The Home of Sporting Events/input_Date End_date_end' is clicked on

08-04-2025T14:37:43 - [MESSAGE][PASSED] - Object: 'Object Repository/EVENT FOR TEAMS/Page_SportWrench - The Home of Sporting Events/input_Date End_date_end' is clicked on

08-04-2025T14:37:43 - [TEST_STEP][PASSED] - click(findTestObject("Object Repository/EVENT FOR TEAMS/Page_SportWrench - The Home of Sporting Events/button_April 2025_btn btn-default btn-sm pu_492a81")): Object: 'Object Repository/EVENT FOR TEAMS/Page_SportWrench - The Home of Sporting Events/button_April 2025_btn btn-default btn-sm pu_492a81' is clicked on

08-04-2025T14:37:44 - [MESSAGE][PASSED] - Object: 'Object Repository/EVENT FOR TEAMS/Page_SportWrench - The Home of Sporting Events/button_April 2025_btn btn-default btn-sm pu_492a81' is clicked on

08-04-2025T14:37:44 - [TEST_STEP][PASSED] - click(findTestObject("Object Repository/EVENT FOR TEAMS/Page_SportWrench - The Home of Sporting Events/button_April 2025_btn btn-default btn-sm pu_492a81")): Object: 'Object Repository/EVENT FOR TEAMS/Page_SportWrench - The Home of Sporting Events/button_April 2025_btn btn-default btn-sm pu_492a81' is clicked on

08-04-2025T14:37:44 - [MESSAGE][PASSED] - Object: 'Object Repository/EVENT FOR TEAMS/Page_SportWrench - The Home of Sporting Events/button_April 2025_btn btn-default btn-sm pu_492a81' is clicked on

08-04-2025T14:37:44 - [TEST_STEP][PASSED] - click(findTestObject("Object Repository/EVENT FOR TEAMS/Page_SportWrench - The Home of Sporting Events/button_20")): Object: 'Object Repository/EVENT FOR TEAMS/Page_SportWrench - The Home of Sporting Events/button_20' is clicked on

08-04-2025T14:37:45 - [MESSAGE][PASSED] - Object: 'Object Repository/EVENT FOR TEAMS/Page_SportWrench - The Home of Sporting Events/button_20' is clicked on

08-04-2025T14:37:45 - [TEST_STEP][PASSED] - click(findTestObject("Object Repository/EVENT FOR TEAMS/Page_SportWrench - The Home of Sporting Events/button_Date")): Object: 'Object Repository/EVENT FOR TEAMS/Page_SportWrench - The Home of Sporting Events/button_Date' is clicked on

08-04-2025T14:37:45 - [MESSAGE][PASSED] - Object: 'Object Repository/EVENT FOR TEAMS/Page_SportWrench - The Home of Sporting Events/button_Date' is clicked on

08-04-2025T14:37:45 - [TEST_STEP][PASSED] - click(findTestObject("Object Repository/EVENT FOR TEAMS/Page_SportWrench - The Home of Sporting Events/button_Close")): Object: 'Object Repository/EVENT FOR TEAMS/Page_SportWrench - The Home of Sporting Events/button_Close' is clicked on

08-04-2025T14:37:46 - [MESSAGE][PASSED] - Object: 'Object Repository/EVENT FOR TEAMS/Page_SportWrench - The Home of Sporting Events/button_Close' is clicked on

08-04-2025T14:37:46 - [TEST_STEP][PASSED] - click(findTestObject("Object Repository/EVENT FOR TEAMS/Page_SportWrench - The Home of Sporting Events/input_Make Event Live to Public_ng-pristine_2d3249")): Object: 'Object Repository/EVENT FOR TEAMS/Page_SportWrench - The Home of Sporting Events/input_Make Event Live to Public_ng-pristine_2d3249' is clicked on

08-04-2025T14:37:46 - [MESSAGE][PASSED] - Object: 'Object Repository/EVENT FOR TEAMS/Page_SportWrench - The Home of Sporting Events/input_Make Event Live to Public_ng-pristine_2d3249' is clicked on

08-04-2025T14:37:46 - [TEST_STEP][PASSED] - click(findTestObject("Object Repository/EVENT FOR TEAMS/Page_SportWrench - The Home of Sporting Events/span_Host Organization Information")): Object: 'Object Repository/EVENT FOR TEAMS/Page_SportWrench - The Home of Sporting Events/span_Host Organization Information' is clicked on

08-04-2025T14:37:47 - [MESSAGE][PASSED] - Object: 'Object Repository/EVENT FOR TEAMS/Page_SportWrench - The Home of Sporting Events/span_Host Organization Information' is clicked on

08-04-2025T14:37:47 - [TEST_STEP][PASSED] - setText(findTestObject("Object Repository/EVENT FOR TEAMS/Page_SportWrench - The Home of Sporting Events/input_Organization Name_org_name"), "101 North Atlantic Avenue"): Text '101 North Atlantic Avenue' is set on object 'Object Repository/EVENT FOR TEAMS/Page_SportWrench - The Home of Sporting Events/input_Organization Name_org_name'

08-04-2025T14:37:47 - [MESSAGE][PASSED] - Text '101 North Atlantic Avenue' is set on object 'Object Repository/EVENT FOR TEAMS/Page_SportWrench - The Home of Sporting Events/input_Organization Name_org_name'

08-04-2025T14:37:47 - [TEST_STEP][PASSED] - setText(findTestObject("Object Repository/EVENT FOR TEAMS/Page_SportWrench - The Home of Sporting Events/input_Address_host_address"), "101 North Atlantic Avenue"): Text '101 North Atlantic Avenue' is set on object 'Object Repository/EVENT FOR TEAMS/Page_SportWrench - The Home of Sporting Events/input_Address_host_address'

08-04-2025T14:37:48 - [MESSAGE][PASSED] - Text '101 North Atlantic Avenue' is set on object 'Object Repository/EVENT FOR TEAMS/Page_SportWrench - The Home of Sporting Events/input_Address_host_address'

08-04-2025T14:37:48 - [TEST_STEP][PASSED] - setText(findTestObject("Object Repository/EVENT FOR TEAMS/Page_SportWrench - The Home of Sporting Events/input_City_host_city"), "Daytona Beach"): Text 'Daytona Beach' is set on object 'Object Repository/EVENT FOR TEAMS/Page_SportWrench - The Home of Sporting Events/input_City_host_city'

08-04-2025T14:37:48 - [MESSAGE][PASSED] - Text 'Daytona Beach' is set on object 'Object Repository/EVENT FOR TEAMS/Page_SportWrench - The Home of Sporting Events/input_City_host_city'

08-04-2025T14:37:48 - [TEST_STEP][PASSED] - selectOptionByValue(findTestObject("Object Repository/EVENT FOR TEAMS/Page_SportWrench - The Home of Sporting Events/select_Select.AlabamaAlaskaAlbertaArizonaAr_24cd39"), "string:AL", true): All options with value 'string:AL' are selected in object 'Object Repository/EVENT FOR TEAMS/Page_SportWrench - The Home of Sporting Events/select_Select.AlabamaAlaskaAlbertaArizonaAr_24cd39'  using regular expression

08-04-2025T14:37:50 - [MESSAGE][PASSED] - All options with value 'string:AL' are selected in object 'Object Repository/EVENT FOR TEAMS/Page_SportWrench - The Home of Sporting Events/select_Select.AlabamaAlaskaAlbertaArizonaAr_24cd39'  using regular expression

08-04-2025T14:37:50 - [TEST_STEP][PASSED] - setText(findTestObject("Object Repository/EVENT FOR TEAMS/Page_SportWrench - The Home of Sporting Events/input_ZIP_host_zip"), "32218"): Text '32218' is set on object 'Object Repository/EVENT FOR TEAMS/Page_SportWrench - The Home of Sporting Events/input_ZIP_host_zip'

08-04-2025T14:37:50 - [MESSAGE][PASSED] - Text '32218' is set on object 'Object Repository/EVENT FOR TEAMS/Page_SportWrench - The Home of Sporting Events/input_ZIP_host_zip'

08-04-2025T14:37:50 - [TEST_STEP][PASSED] - setText(findTestObject("Object Repository/EVENT FOR TEAMS/Page_SportWrench - The Home of Sporting Events/input_Phone_org_phone"), "(111) 111-1111"): Text '(111) 111-1111' is set on object 'Object Repository/EVENT FOR TEAMS/Page_SportWrench - The Home of Sporting Events/input_Phone_org_phone'

08-04-2025T14:37:51 - [MESSAGE][PASSED] - Text '(111) 111-1111' is set on object 'Object Repository/EVENT FOR TEAMS/Page_SportWrench - The Home of Sporting Events/input_Phone_org_phone'

08-04-2025T14:37:51 - [TEST_STEP][PASSED] - setText(findTestObject("Object Repository/EVENT FOR TEAMS/Page_SportWrench - The Home of Sporting Events/input_Website URL_website"), "http://111fapl.ru"): Text 'http://111fapl.ru' is set on object 'Object Repository/EVENT FOR TEAMS/Page_SportWrench - The Home of Sporting Events/input_Website URL_website'

08-04-2025T14:37:51 - [MESSAGE][PASSED] - Text 'http://111fapl.ru' is set on object 'Object Repository/EVENT FOR TEAMS/Page_SportWrench - The Home of Sporting Events/input_Website URL_website'

08-04-2025T14:37:51 - [TEST_STEP][PASSED] - setText(findTestObject("Object Repository/EVENT FOR TEAMS/Page_SportWrench - The Home of Sporting Events/input_Log In_email"), "dhntyjrtjrujtst@gmail.com"): Text 'dhntyjrtjrujtst@gmail.com' is set on object 'Object Repository/EVENT FOR TEAMS/Page_SportWrench - The Home of Sporting Events/input_Log In_email'

08-04-2025T14:37:52 - [MESSAGE][PASSED] - Text 'dhntyjrtjrujtst@gmail.com' is set on object 'Object Repository/EVENT FOR TEAMS/Page_SportWrench - The Home of Sporting Events/input_Log In_email'

08-04-2025T14:37:52 - [TEST_STEP][PASSED] - click(findTestObject("Object Repository/EVENT FOR TEAMS/Page_SportWrench - The Home of Sporting Events/span_Teams Registration Details")): Object: 'Object Repository/EVENT FOR TEAMS/Page_SportWrench - The Home of Sporting Events/span_Teams Registration Details' is clicked on

08-04-2025T14:37:52 - [MESSAGE][PASSED] - Object: 'Object Repository/EVENT FOR TEAMS/Page_SportWrench - The Home of Sporting Events/span_Teams Registration Details' is clicked on

08-04-2025T14:37:52 - [TEST_STEP][PASSED] - click(findTestObject("Object Repository/EVENT FOR TEAMS/Page_SportWrench - The Home of Sporting Events/label_Use Registration")): Object: 'Object Repository/EVENT FOR TEAMS/Page_SportWrench - The Home of Sporting Events/label_Use Registration' is clicked on

08-04-2025T14:37:52 - [MESSAGE][PASSED] - Object: 'Object Repository/EVENT FOR TEAMS/Page_SportWrench - The Home of Sporting Events/label_Use Registration' is clicked on

08-04-2025T14:37:52 - [TEST_STEP][PASSED] - doubleClick(findTestObject("Object Repository/EVENT FOR TEAMS/Page_SportWrench - The Home of Sporting Events/label_Use Registration")): Object: 'Object Repository/EVENT FOR TEAMS/Page_SportWrench - The Home of Sporting Events/label_Use Registration' is double clicked on

08-04-2025T14:37:53 - [MESSAGE][PASSED] - Object: 'Object Repository/EVENT FOR TEAMS/Page_SportWrench - The Home of Sporting Events/label_Use Registration' is double clicked on

08-04-2025T14:37:53 - [TEST_STEP][PASSED] - click(findTestObject("Object Repository/EVENT FOR TEAMS/Page_SportWrench - The Home of Sporting Events/input_Activate Teams Registration_live_reg")): Object: 'Object Repository/EVENT FOR TEAMS/Page_SportWrench - The Home of Sporting Events/input_Activate Teams Registration_live_reg' is clicked on

08-04-2025T14:37:53 - [MESSAGE][PASSED] - Object: 'Object Repository/EVENT FOR TEAMS/Page_SportWrench - The Home of Sporting Events/input_Activate Teams Registration_live_reg' is clicked on

08-04-2025T14:37:53 - [TEST_STEP][PASSED] - click(findTestObject("Object Repository/EVENT FOR TEAMS/Page_SportWrench - The Home of Sporting Events/input_Open Date_reg_open")): Object: 'Object Repository/EVENT FOR TEAMS/Page_SportWrench - The Home of Sporting Events/input_Open Date_reg_open' is clicked on

08-04-2025T14:37:53 - [MESSAGE][PASSED] - Object: 'Object Repository/EVENT FOR TEAMS/Page_SportWrench - The Home of Sporting Events/input_Open Date_reg_open' is clicked on

08-04-2025T14:37:53 - [TEST_STEP][PASSED] - click(findTestObject("Object Repository/EVENT FOR TEAMS/Page_SportWrench - The Home of Sporting Events/button_31")): Object: 'Object Repository/EVENT FOR TEAMS/Page_SportWrench - The Home of Sporting Events/button_31' is clicked on

08-04-2025T14:37:54 - [MESSAGE][PASSED] - Object: 'Object Repository/EVENT FOR TEAMS/Page_SportWrench - The Home of Sporting Events/button_31' is clicked on

08-04-2025T14:37:54 - [TEST_STEP][PASSED] - click(findTestObject("Object Repository/EVENT FOR TEAMS/Page_SportWrench - The Home of Sporting Events/button_Date")): Object: 'Object Repository/EVENT FOR TEAMS/Page_SportWrench - The Home of Sporting Events/button_Date' is clicked on

08-04-2025T14:37:54 - [MESSAGE][PASSED] - Object: 'Object Repository/EVENT FOR TEAMS/Page_SportWrench - The Home of Sporting Events/button_Date' is clicked on

08-04-2025T14:37:54 - [TEST_STEP][PASSED] - click(findTestObject("Object Repository/EVENT FOR TEAMS/Page_SportWrench - The Home of Sporting Events/button_Close")): Object: 'Object Repository/EVENT FOR TEAMS/Page_SportWrench - The Home of Sporting Events/button_Close' is clicked on

08-04-2025T14:37:55 - [MESSAGE][PASSED] - Object: 'Object Repository/EVENT FOR TEAMS/Page_SportWrench - The Home of Sporting Events/button_Close' is clicked on

08-04-2025T14:37:55 - [TEST_STEP][PASSED] - click(findTestObject("Object Repository/EVENT FOR TEAMS/Page_SportWrench - The Home of Sporting Events/input_Close Date_reg_close")): Object: 'Object Repository/EVENT FOR TEAMS/Page_SportWrench - The Home of Sporting Events/input_Close Date_reg_close' is clicked on

08-04-2025T14:37:55 - [MESSAGE][PASSED] - Object: 'Object Repository/EVENT FOR TEAMS/Page_SportWrench - The Home of Sporting Events/input_Close Date_reg_close' is clicked on

08-04-2025T14:37:55 - [TEST_STEP][PASSED] - click(findTestObject("Object Repository/EVENT FOR TEAMS/Page_SportWrench - The Home of Sporting Events/button_April 2025_btn btn-default btn-sm pu_492a81")): Object: 'Object Repository/EVENT FOR TEAMS/Page_SportWrench - The Home of Sporting Events/button_April 2025_btn btn-default btn-sm pu_492a81' is clicked on

08-04-2025T14:37:56 - [MESSAGE][PASSED] - Object: 'Object Repository/EVENT FOR TEAMS/Page_SportWrench - The Home of Sporting Events/button_April 2025_btn btn-default btn-sm pu_492a81' is clicked on

08-04-2025T14:37:56 - [TEST_STEP][PASSED] - click(findTestObject("Object Repository/EVENT FOR TEAMS/Page_SportWrench - The Home of Sporting Events/button_22")): Object: 'Object Repository/EVENT FOR TEAMS/Page_SportWrench - The Home of Sporting Events/button_22' is clicked on

08-04-2025T14:37:56 - [MESSAGE][PASSED] - Object: 'Object Repository/EVENT FOR TEAMS/Page_SportWrench - The Home of Sporting Events/button_22' is clicked on

08-04-2025T14:37:56 - [TEST_STEP][PASSED] - click(findTestObject("Object Repository/EVENT FOR TEAMS/Page_SportWrench - The Home of Sporting Events/button_Date")): Object: 'Object Repository/EVENT FOR TEAMS/Page_SportWrench - The Home of Sporting Events/button_Date' is clicked on

08-04-2025T14:37:57 - [MESSAGE][PASSED] - Object: 'Object Repository/EVENT FOR TEAMS/Page_SportWrench - The Home of Sporting Events/button_Date' is clicked on

08-04-2025T14:37:57 - [TEST_STEP][PASSED] - click(findTestObject("Object Repository/EVENT FOR TEAMS/Page_SportWrench - The Home of Sporting Events/button_Close")): Object: 'Object Repository/EVENT FOR TEAMS/Page_SportWrench - The Home of Sporting Events/button_Close' is clicked on

08-04-2025T14:37:58 - [MESSAGE][PASSED] - Object: 'Object Repository/EVENT FOR TEAMS/Page_SportWrench - The Home of Sporting Events/button_Close' is clicked on

08-04-2025T14:37:58 - [TEST_STEP][PASSED] - click(findTestObject("Object Repository/EVENT FOR TEAMS/Page_SportWrench - The Home of Sporting Events/input_Female_female_gender")): Object: 'Object Repository/EVENT FOR TEAMS/Page_SportWrench - The Home of Sporting Events/input_Female_female_gender' is clicked on

08-04-2025T14:37:58 - [MESSAGE][PASSED] - Object: 'Object Repository/EVENT FOR TEAMS/Page_SportWrench - The Home of Sporting Events/input_Female_female_gender' is clicked on

08-04-2025T14:37:58 - [TEST_STEP][PASSED] - click(findTestObject("Object Repository/EVENT FOR TEAMS/Page_SportWrench - The Home of Sporting Events/input_Male_male_gender")): Object: 'Object Repository/EVENT FOR TEAMS/Page_SportWrench - The Home of Sporting Events/input_Male_male_gender' is clicked on

08-04-2025T14:37:58 - [MESSAGE][PASSED] - Object: 'Object Repository/EVENT FOR TEAMS/Page_SportWrench - The Home of Sporting Events/input_Male_male_gender' is clicked on

08-04-2025T14:37:58 - [TEST_STEP][PASSED] - click(findTestObject("Object Repository/EVENT FOR TEAMS/Page_SportWrench - The Home of Sporting Events/input_Coed_coed_gender")): Object: 'Object Repository/EVENT FOR TEAMS/Page_SportWrench - The Home of Sporting Events/input_Coed_coed_gender' is clicked on

08-04-2025T14:37:58 - [MESSAGE][PASSED] - Object: 'Object Repository/EVENT FOR TEAMS/Page_SportWrench - The Home of Sporting Events/input_Coed_coed_gender' is clicked on

08-04-2025T14:37:58 - [TEST_STEP][PASSED] - selectOptionByValue(findTestObject("Object Repository/EVENT FOR TEAMS/Page_SportWrench - The Home of Sporting Events/select_Choose Sanctioning Body .USAVAAUJVA9_9b6f50"), "number:3", true): All options with value 'number:3' are selected in object 'Object Repository/EVENT FOR TEAMS/Page_SportWrench - The Home of Sporting Events/select_Choose Sanctioning Body .USAVAAUJVA9_9b6f50'  using regular expression

08-04-2025T14:37:59 - [MESSAGE][PASSED] - All options with value 'number:3' are selected in object 'Object Repository/EVENT FOR TEAMS/Page_SportWrench - The Home of Sporting Events/select_Choose Sanctioning Body .USAVAAUJVA9_9b6f50'  using regular expression

08-04-2025T14:37:59 - [TEST_STEP][PASSED] - click(findTestObject("Object Repository/EVENT FOR TEAMS/Page_SportWrench - The Home of Sporting Events/input_Require USAV Number_usav_req")): Object: 'Object Repository/EVENT FOR TEAMS/Page_SportWrench - The Home of Sporting Events/input_Require USAV Number_usav_req' is clicked on

08-04-2025T14:38:00 - [MESSAGE][PASSED] - Object: 'Object Repository/EVENT FOR TEAMS/Page_SportWrench - The Home of Sporting Events/input_Require USAV Number_usav_req' is clicked on

08-04-2025T14:38:00 - [TEST_STEP][PASSED] - selectOptionByValue(findTestObject("Object Repository/EVENT FOR TEAMS/Page_SportWrench - The Home of Sporting Events/select_Choose USAV Region .AlaskaAlohaArizo_c03c28"), "string:AK", true): All options with value 'string:AK' are selected in object 'Object Repository/EVENT FOR TEAMS/Page_SportWrench - The Home of Sporting Events/select_Choose USAV Region .AlaskaAlohaArizo_c03c28'  using regular expression

08-04-2025T14:38:01 - [MESSAGE][PASSED] - All options with value 'string:AK' are selected in object 'Object Repository/EVENT FOR TEAMS/Page_SportWrench - The Home of Sporting Events/select_Choose USAV Region .AlaskaAlohaArizo_c03c28'  using regular expression

08-04-2025T14:38:01 - [TEST_STEP][PASSED] - selectOptionByValue(findTestObject("Object Repository/EVENT FOR TEAMS/Page_SportWrench - The Home of Sporting Events/select_Choose Event Type .RegionalNationalQ_75cf81"), "string:regional", true): All options with value 'string:regional' are selected in object 'Object Repository/EVENT FOR TEAMS/Page_SportWrench - The Home of Sporting Events/select_Choose Event Type .RegionalNationalQ_75cf81'  using regular expression

08-04-2025T14:38:01 - [MESSAGE][PASSED] - All options with value 'string:regional' are selected in object 'Object Repository/EVENT FOR TEAMS/Page_SportWrench - The Home of Sporting Events/select_Choose Event Type .RegionalNationalQ_75cf81'  using regular expression

08-04-2025T14:38:01 - [TEST_STEP][PASSED] - setText(findTestObject("Object Repository/EVENT FOR TEAMS/Page_SportWrench - The Home of Sporting Events/input_Registration Fee_reg_fee"), "1000"): Text '1000' is set on object 'Object Repository/EVENT FOR TEAMS/Page_SportWrench - The Home of Sporting Events/input_Registration Fee_reg_fee'

08-04-2025T14:38:02 - [MESSAGE][PASSED] - Text '1000' is set on object 'Object Repository/EVENT FOR TEAMS/Page_SportWrench - The Home of Sporting Events/input_Registration Fee_reg_fee'

08-04-2025T14:38:02 - [TEST_STEP][PASSED] - click(findTestObject("Object Repository/EVENT FOR TEAMS/Page_SportWrench - The Home of Sporting Events/input_Hide Seeds_hide_seeds")): Object: 'Object Repository/EVENT FOR TEAMS/Page_SportWrench - The Home of Sporting Events/input_Hide Seeds_hide_seeds' is clicked on

08-04-2025T14:38:02 - [MESSAGE][PASSED] - Object: 'Object Repository/EVENT FOR TEAMS/Page_SportWrench - The Home of Sporting Events/input_Hide Seeds_hide_seeds' is clicked on

08-04-2025T14:38:02 - [TEST_STEP][PASSED] - click(findTestObject("Object Repository/EVENT FOR TEAMS/Page_SportWrench - The Home of Sporting Events/input_Roster Deadline_deadline")): Object: 'Object Repository/EVENT FOR TEAMS/Page_SportWrench - The Home of Sporting Events/input_Roster Deadline_deadline' is clicked on

08-04-2025T14:38:02 - [MESSAGE][PASSED] - Object: 'Object Repository/EVENT FOR TEAMS/Page_SportWrench - The Home of Sporting Events/input_Roster Deadline_deadline' is clicked on

08-04-2025T14:38:02 - [TEST_STEP][PASSED] - click(findTestObject("Object Repository/EVENT FOR TEAMS/Page_SportWrench - The Home of Sporting Events/button_April 2025_btn btn-default btn-sm pu_492a81_1")): Object: 'Object Repository/EVENT FOR TEAMS/Page_SportWrench - The Home of Sporting Events/button_April 2025_btn btn-default btn-sm pu_492a81_1' is clicked on

08-04-2025T14:38:03 - [MESSAGE][PASSED] - Object: 'Object Repository/EVENT FOR TEAMS/Page_SportWrench - The Home of Sporting Events/button_April 2025_btn btn-default btn-sm pu_492a81_1' is clicked on

08-04-2025T14:38:03 - [TEST_STEP][PASSED] - click(findTestObject("Object Repository/EVENT FOR TEAMS/Page_SportWrench - The Home of Sporting Events/button_23")): Object: 'Object Repository/EVENT FOR TEAMS/Page_SportWrench - The Home of Sporting Events/button_23' is clicked on

08-04-2025T14:38:03 - [MESSAGE][PASSED] - Object: 'Object Repository/EVENT FOR TEAMS/Page_SportWrench - The Home of Sporting Events/button_23' is clicked on

08-04-2025T14:38:03 - [TEST_STEP][PASSED] - click(findTestObject("Object Repository/EVENT FOR TEAMS/Page_SportWrench - The Home of Sporting Events/button_Date_1")): Object: 'Object Repository/EVENT FOR TEAMS/Page_SportWrench - The Home of Sporting Events/button_Date_1' is clicked on

08-04-2025T14:38:05 - [MESSAGE][PASSED] - Object: 'Object Repository/EVENT FOR TEAMS/Page_SportWrench - The Home of Sporting Events/button_Date_1' is clicked on

08-04-2025T14:38:05 - [TEST_STEP][PASSED] - click(findTestObject("Object Repository/EVENT FOR TEAMS/Page_SportWrench - The Home of Sporting Events/button_Close_1")): Object: 'Object Repository/EVENT FOR TEAMS/Page_SportWrench - The Home of Sporting Events/button_Close_1' is clicked on

08-04-2025T14:38:05 - [MESSAGE][PASSED] - Object: 'Object Repository/EVENT FOR TEAMS/Page_SportWrench - The Home of Sporting Events/button_Close_1' is clicked on

08-04-2025T14:38:05 - [TEST_STEP][PASSED] - click(findTestObject("Object Repository/EVENT FOR TEAMS/Page_SportWrench - The Home of Sporting Events/span_Payment Information")): Object: 'Object Repository/EVENT FOR TEAMS/Page_SportWrench - The Home of Sporting Events/span_Payment Information' is clicked on

08-04-2025T14:38:05 - [MESSAGE][PASSED] - Object: 'Object Repository/EVENT FOR TEAMS/Page_SportWrench - The Home of Sporting Events/span_Payment Information' is clicked on

08-04-2025T14:38:05 - [TEST_STEP][PASSED] - setText(findTestObject("Object Repository/EVENT FOR TEAMS/Page_SportWrench - The Home of Sporting Events/input_Address_address"), "Ut consequatur aliq"): Text 'Ut consequatur aliq' is set on object 'Object Repository/EVENT FOR TEAMS/Page_SportWrench - The Home of Sporting Events/input_Address_address'

08-04-2025T14:38:06 - [MESSAGE][PASSED] - Text 'Ut consequatur aliq' is set on object 'Object Repository/EVENT FOR TEAMS/Page_SportWrench - The Home of Sporting Events/input_Address_address'

08-04-2025T14:38:06 - [TEST_STEP][PASSED] - setText(findTestObject("Object Repository/EVENT FOR TEAMS/Page_SportWrench - The Home of Sporting Events/input_City_city"), "Eiusmod quo doloribu"): Text 'Eiusmod quo doloribu' is set on object 'Object Repository/EVENT FOR TEAMS/Page_SportWrench - The Home of Sporting Events/input_City_city'

08-04-2025T14:38:06 - [MESSAGE][PASSED] - Text 'Eiusmod quo doloribu' is set on object 'Object Repository/EVENT FOR TEAMS/Page_SportWrench - The Home of Sporting Events/input_City_city'

08-04-2025T14:38:06 - [TEST_STEP][PASSED] - selectOptionByValue(findTestObject("Object Repository/EVENT FOR TEAMS/Page_SportWrench - The Home of Sporting Events/select_Choose a State .AlabamaAlaskaAlberta_e68b6b"), "string:AL", true): All options with value 'string:AL' are selected in object 'Object Repository/EVENT FOR TEAMS/Page_SportWrench - The Home of Sporting Events/select_Choose a State .AlabamaAlaskaAlberta_e68b6b'  using regular expression

08-04-2025T14:38:08 - [MESSAGE][PASSED] - All options with value 'string:AL' are selected in object 'Object Repository/EVENT FOR TEAMS/Page_SportWrench - The Home of Sporting Events/select_Choose a State .AlabamaAlaskaAlberta_e68b6b'  using regular expression

08-04-2025T14:38:08 - [TEST_STEP][PASSED] - setText(findTestObject("Object Repository/EVENT FOR TEAMS/Page_SportWrench - The Home of Sporting Events/input_Zip_zip (1)"), "11949"): Text '11949' is set on object 'Object Repository/EVENT FOR TEAMS/Page_SportWrench - The Home of Sporting Events/input_Zip_zip (1)'

08-04-2025T14:38:08 - [MESSAGE][PASSED] - Text '11949' is set on object 'Object Repository/EVENT FOR TEAMS/Page_SportWrench - The Home of Sporting Events/input_Zip_zip (1)'

08-04-2025T14:38:08 - [TEST_STEP][PASSED] - click(findTestObject("Object Repository/EVENT FOR TEAMS/Page_SportWrench - The Home of Sporting Events/label_Checks Payable to")): Object: 'Object Repository/EVENT FOR TEAMS/Page_SportWrench - The Home of Sporting Events/label_Checks Payable to' is clicked on

08-04-2025T14:38:08 - [MESSAGE][PASSED] - Object: 'Object Repository/EVENT FOR TEAMS/Page_SportWrench - The Home of Sporting Events/label_Checks Payable to' is clicked on

08-04-2025T14:38:08 - [TEST_STEP][PASSED] - setText(findTestObject("Object Repository/EVENT FOR TEAMS/Page_SportWrench - The Home of Sporting Events/input_Checks Payable to_payment_name"), "6565233"): Text '6565233' is set on object 'Object Repository/EVENT FOR TEAMS/Page_SportWrench - The Home of Sporting Events/input_Checks Payable to_payment_name'

08-04-2025T14:38:09 - [MESSAGE][PASSED] - Text '6565233' is set on object 'Object Repository/EVENT FOR TEAMS/Page_SportWrench - The Home of Sporting Events/input_Checks Payable to_payment_name'

08-04-2025T14:38:09 - [TEST_STEP][PASSED] - click(findTestObject("Object Repository/EVENT FOR TEAMS/Page_SportWrench - The Home of Sporting Events/input_Tournament Uses Card Payments_allow_c_cda1e1")): Object: 'Object Repository/EVENT FOR TEAMS/Page_SportWrench - The Home of Sporting Events/input_Tournament Uses Card Payments_allow_c_cda1e1' is clicked on

08-04-2025T14:38:09 - [MESSAGE][PASSED] - Object: 'Object Repository/EVENT FOR TEAMS/Page_SportWrench - The Home of Sporting Events/input_Tournament Uses Card Payments_allow_c_cda1e1' is clicked on

08-04-2025T14:38:09 - [TEST_STEP][PASSED] - setText(findTestObject("Object Repository/EVENT FOR TEAMS/Page_SportWrench - The Home of Sporting Events/input_Statement Descriptor_stripe_statement"), "gffcggfccgc"): Text 'gffcggfccgc' is set on object 'Object Repository/EVENT FOR TEAMS/Page_SportWrench - The Home of Sporting Events/input_Statement Descriptor_stripe_statement'

08-04-2025T14:38:10 - [MESSAGE][PASSED] - Text 'gffcggfccgc' is set on object 'Object Repository/EVENT FOR TEAMS/Page_SportWrench - The Home of Sporting Events/input_Statement Descriptor_stripe_statement'

08-04-2025T14:38:10 - [TEST_STEP][PASSED] - setText(findTestObject("Object Repository/EVENT FOR TEAMS/Page_SportWrench - The Home of Sporting Events/input_Credit Surcharge_surcharge"), "0"): Text '0' is set on object 'Object Repository/EVENT FOR TEAMS/Page_SportWrench - The Home of Sporting Events/input_Credit Surcharge_surcharge'

08-04-2025T14:38:11 - [MESSAGE][PASSED] - Text '0' is set on object 'Object Repository/EVENT FOR TEAMS/Page_SportWrench - The Home of Sporting Events/input_Credit Surcharge_surcharge'

08-04-2025T14:38:11 - [TEST_STEP][PASSED] - selectOptionByValue(findTestObject("Object Repository/EVENT FOR TEAMS/Page_SportWrench - The Home of Sporting Events/select_Choose a Stripe Account .Lev (lev.ku_173092"), "number:16777251", true): All options with value 'number:16777251' are selected in object 'Object Repository/EVENT FOR TEAMS/Page_SportWrench - The Home of Sporting Events/select_Choose a Stripe Account .Lev (lev.ku_173092'  using regular expression

08-04-2025T14:38:12 - [MESSAGE][PASSED] - All options with value 'number:16777251' are selected in object 'Object Repository/EVENT FOR TEAMS/Page_SportWrench - The Home of Sporting Events/select_Choose a Stripe Account .Lev (lev.ku_173092'  using regular expression

08-04-2025T14:38:12 - [TEST_STEP][PASSED] - click(findTestObject("Object Repository/EVENT FOR TEAMS/Page_SportWrench - The Home of Sporting Events/span_Main Location")): Object: 'Object Repository/EVENT FOR TEAMS/Page_SportWrench - The Home of Sporting Events/span_Main Location' is clicked on

08-04-2025T14:38:12 - [MESSAGE][PASSED] - Object: 'Object Repository/EVENT FOR TEAMS/Page_SportWrench - The Home of Sporting Events/span_Main Location' is clicked on

08-04-2025T14:38:12 - [TEST_STEP][PASSED] - setText(findTestObject("Object Repository/EVENT FOR TEAMS/Page_SportWrench - The Home of Sporting Events/input_Location name_name"), "Daytona Beach Ocean Center"): Text 'Daytona Beach Ocean Center' is set on object 'Object Repository/EVENT FOR TEAMS/Page_SportWrench - The Home of Sporting Events/input_Location name_name'

08-04-2025T14:38:12 - [MESSAGE][PASSED] - Text 'Daytona Beach Ocean Center' is set on object 'Object Repository/EVENT FOR TEAMS/Page_SportWrench - The Home of Sporting Events/input_Location name_name'

08-04-2025T14:38:12 - [TEST_STEP][PASSED] - setText(findTestObject("Object Repository/EVENT FOR TEAMS/Page_SportWrench - The Home of Sporting Events/input_Short name_short_name"), "Molly"): Text 'Molly' is set on object 'Object Repository/EVENT FOR TEAMS/Page_SportWrench - The Home of Sporting Events/input_Short name_short_name'

08-04-2025T14:38:13 - [MESSAGE][PASSED] - Text 'Molly' is set on object 'Object Repository/EVENT FOR TEAMS/Page_SportWrench - The Home of Sporting Events/input_Short name_short_name'

08-04-2025T14:38:13 - [TEST_STEP][PASSED] - setText(findTestObject("Object Repository/EVENT FOR TEAMS/Page_SportWrench - The Home of Sporting Events/input_Address_address_1"), "101 North Atlantic Avenue"): Text '101 North Atlantic Avenue' is set on object 'Object Repository/EVENT FOR TEAMS/Page_SportWrench - The Home of Sporting Events/input_Address_address_1'

08-04-2025T14:38:13 - [MESSAGE][PASSED] - Text '101 North Atlantic Avenue' is set on object 'Object Repository/EVENT FOR TEAMS/Page_SportWrench - The Home of Sporting Events/input_Address_address_1'

08-04-2025T14:38:13 - [TEST_STEP][PASSED] - setText(findTestObject("Object Repository/EVENT FOR TEAMS/Page_SportWrench - The Home of Sporting Events/input_City_city_1"), "Daytona Beach"): Text 'Daytona Beach' is set on object 'Object Repository/EVENT FOR TEAMS/Page_SportWrench - The Home of Sporting Events/input_City_city_1'

08-04-2025T14:38:14 - [MESSAGE][PASSED] - Text 'Daytona Beach' is set on object 'Object Repository/EVENT FOR TEAMS/Page_SportWrench - The Home of Sporting Events/input_City_city_1'

08-04-2025T14:38:14 - [TEST_STEP][PASSED] - selectOptionByValue(findTestObject("Object Repository/EVENT FOR TEAMS/Page_SportWrench - The Home of Sporting Events/select_Choose State .AlabamaAlaskaAlbertaAr_76df04"), "string:AL", true): All options with value 'string:AL' are selected in object 'Object Repository/EVENT FOR TEAMS/Page_SportWrench - The Home of Sporting Events/select_Choose State .AlabamaAlaskaAlbertaAr_76df04'  using regular expression

08-04-2025T14:38:15 - [MESSAGE][PASSED] - All options with value 'string:AL' are selected in object 'Object Repository/EVENT FOR TEAMS/Page_SportWrench - The Home of Sporting Events/select_Choose State .AlabamaAlaskaAlbertaAr_76df04'  using regular expression

08-04-2025T14:38:15 - [TEST_STEP][PASSED] - click(findTestObject("Object Repository/EVENT FOR TEAMS/Page_SportWrench - The Home of Sporting Events/input_ZIP_zip")): Object: 'Object Repository/EVENT FOR TEAMS/Page_SportWrench - The Home of Sporting Events/input_ZIP_zip' is clicked on

08-04-2025T14:38:15 - [MESSAGE][PASSED] - Object: 'Object Repository/EVENT FOR TEAMS/Page_SportWrench - The Home of Sporting Events/input_ZIP_zip' is clicked on

08-04-2025T14:38:15 - [TEST_STEP][PASSED] - setText(findTestObject("Object Repository/EVENT FOR TEAMS/Page_SportWrench - The Home of Sporting Events/input_ZIP_zip"), "32218"): Text '32218' is set on object 'Object Repository/EVENT FOR TEAMS/Page_SportWrench - The Home of Sporting Events/input_ZIP_zip'

08-04-2025T14:38:16 - [MESSAGE][PASSED] - Text '32218' is set on object 'Object Repository/EVENT FOR TEAMS/Page_SportWrench - The Home of Sporting Events/input_ZIP_zip'

08-04-2025T14:38:16 - [TEST_STEP][PASSED] - click(findTestObject("Object Repository/EVENT FOR TEAMS/Page_SportWrench - The Home of Sporting Events/button_Save")): Object: 'Object Repository/EVENT FOR TEAMS/Page_SportWrench - The Home of Sporting Events/button_Save' is clicked on

08-04-2025T14:38:16 - [MESSAGE][PASSED] - Object: 'Object Repository/EVENT FOR TEAMS/Page_SportWrench - The Home of Sporting Events/button_Save' is clicked on

08-04-2025T14:38:16 - [TEST_STEP][PASSED] - delay(3): Delayed 3 second(s)

08-04-2025T14:38:19 - [MESSAGE][PASSED] - Delayed 3 second(s)

08-04-2025T14:38:19 - [TEST_STEP][PASSED] - closeBrowser(): Browser is closed

08-04-2025T14:38:19 - [MESSAGE][PASSED] - Browser is closed]]></system-out>
         <system-err><![CDATA[]]></system-err>
      </testcase>
      <testcase name="Test Cases/Create Divisions" time="24.25" classname="Test Cases/Create Divisions" status="PASSED">
         <system-out><![CDATA[08-04-2025T14:38:19 - [TEST_CASE][PASSED] - Test Cases/Create Divisions: Test Cases/Create Divisions

08-04-2025T14:38:19 - [TEST_STEP][PASSED] - openBrowser("http://USAV:demo@dev.swstage.com/ "): Browser is opened with url: 'http://USAV:demo@dev.swstage.com/ '

08-04-2025T14:38:19 - [MESSAGE][INFO] - Starting 'Chrome' driver

08-04-2025T14:38:19 - [MESSAGE][INFO] - Action delay is set to 0 milliseconds

08-04-2025T14:38:23 - [MESSAGE][PASSED] - Browser is opened with url: 'http://USAV:demo@dev.swstage.com/ '

08-04-2025T14:38:23 - [TEST_STEP][PASSED] - navigateToUrl("http://USAV:demo@my.dev.swstage.com/#/"): Navigate to 'http://USAV:demo@my.dev.swstage.com/#/' successfully

08-04-2025T14:38:26 - [MESSAGE][PASSED] - Navigate to 'http://USAV:demo@my.dev.swstage.com/#/' successfully

08-04-2025T14:38:26 - [TEST_STEP][PASSED] - maximizeWindow(): Current window maximized

08-04-2025T14:38:26 - [MESSAGE][PASSED] - Current window maximized

08-04-2025T14:38:26 - [TEST_STEP][PASSED] - setText(findTestObject("Object Repository/Create Division/Page_SportWrench - The Home of Sporting Events/input_Log In_email"), "dcgfcgchfhgvhv@gmail.com"): Text 'dcgfcgchfhgvhv@gmail.com' is set on object 'Object Repository/Create Division/Page_SportWrench - The Home of Sporting Events/input_Log In_email'

08-04-2025T14:38:27 - [MESSAGE][PASSED] - Text 'dcgfcgchfhgvhv@gmail.com' is set on object 'Object Repository/Create Division/Page_SportWrench - The Home of Sporting Events/input_Log In_email'

08-04-2025T14:38:27 - [TEST_STEP][PASSED] - setEncryptedText(findTestObject("Object Repository/Create Division/Page_SportWrench - The Home of Sporting Events/input_false_password"), "ugkk24xDMrWrlVpEbACuNZEQlZ6qfcdw"): Text ****** has been set on object 'Object Repository/Create Division/Page_SportWrench - The Home of Sporting Events/input_false_password'

08-04-2025T14:38:27 - [MESSAGE][PASSED] - Text ****** has been set on object 'Object Repository/Create Division/Page_SportWrench - The Home of Sporting Events/input_false_password'

08-04-2025T14:38:27 - [TEST_STEP][PASSED] - click(findTestObject("Object Repository/Create Division/Page_SportWrench - The Home of Sporting Events/button_Log In")): Object: 'Object Repository/Create Division/Page_SportWrench - The Home of Sporting Events/button_Log In' is clicked on

08-04-2025T14:38:27 - [MESSAGE][PASSED] - Object: 'Object Repository/Create Division/Page_SportWrench - The Home of Sporting Events/button_Log In' is clicked on

08-04-2025T14:38:27 - [TEST_STEP][PASSED] - setText(findTestObject("Object Repository/Create Division/Page_SportWrench - The Home of Sporting Events/input_Other Events_searchbox"), "123Test Event"): Text '123Test Event' is set on object 'Object Repository/Create Division/Page_SportWrench - The Home of Sporting Events/input_Other Events_searchbox'

08-04-2025T14:38:31 - [MESSAGE][PASSED] - Text '123Test Event' is set on object 'Object Repository/Create Division/Page_SportWrench - The Home of Sporting Events/input_Other Events_searchbox'

08-04-2025T14:38:31 - [TEST_STEP][PASSED] - click(findTestObject("Object Repository/Create Division/Page_SportWrench - The Home of Sporting Events/a_Test Event")): Object: 'Object Repository/Create Division/Page_SportWrench - The Home of Sporting Events/a_Test Event' is clicked on

08-04-2025T14:38:31 - [MESSAGE][PASSED] - Object: 'Object Repository/Create Division/Page_SportWrench - The Home of Sporting Events/a_Test Event' is clicked on

08-04-2025T14:38:31 - [TEST_STEP][PASSED] - click(findTestObject("Object Repository/Create Division/Page_SportWrench - The Home of Sporting Events/a_Divisions")): Object: 'Object Repository/Create Division/Page_SportWrench - The Home of Sporting Events/a_Divisions' is clicked on

08-04-2025T14:38:32 - [MESSAGE][PASSED] - Object: 'Object Repository/Create Division/Page_SportWrench - The Home of Sporting Events/a_Divisions' is clicked on

08-04-2025T14:38:32 - [TEST_STEP][PASSED] - click(findTestObject("Object Repository/Create Division/Page_SportWrench - The Home of Sporting Events/a_Divisions Wizard")): Object: 'Object Repository/Create Division/Page_SportWrench - The Home of Sporting Events/a_Divisions Wizard' is clicked on

08-04-2025T14:38:33 - [MESSAGE][PASSED] - Object: 'Object Repository/Create Division/Page_SportWrench - The Home of Sporting Events/a_Divisions Wizard' is clicked on

08-04-2025T14:38:33 - [TEST_STEP][PASSED] - click(findTestObject("Object Repository/Create Division/Page_SportWrench - The Home of Sporting Events/input_Sort Order_ng-pristine ng-untouched n_10a49a")): Object: 'Object Repository/Create Division/Page_SportWrench - The Home of Sporting Events/input_Sort Order_ng-pristine ng-untouched n_10a49a' is clicked on

08-04-2025T14:38:33 - [MESSAGE][PASSED] - Object: 'Object Repository/Create Division/Page_SportWrench - The Home of Sporting Events/input_Sort Order_ng-pristine ng-untouched n_10a49a' is clicked on

08-04-2025T14:38:33 - [TEST_STEP][PASSED] - click(findTestObject("Object Repository/Create Division/Page_SportWrench - The Home of Sporting Events/input_female_ng-pristine ng-untouched ng-va_af5c10")): Object: 'Object Repository/Create Division/Page_SportWrench - The Home of Sporting Events/input_female_ng-pristine ng-untouched ng-va_af5c10' is clicked on

08-04-2025T14:38:34 - [MESSAGE][PASSED] - Object: 'Object Repository/Create Division/Page_SportWrench - The Home of Sporting Events/input_female_ng-pristine ng-untouched ng-va_af5c10' is clicked on

08-04-2025T14:38:34 - [TEST_STEP][PASSED] - click(findTestObject("Object Repository/Create Division/Page_SportWrench - The Home of Sporting Events/input_male_ng-pristine ng-untouched ng-vali_863c78")): Object: 'Object Repository/Create Division/Page_SportWrench - The Home of Sporting Events/input_male_ng-pristine ng-untouched ng-vali_863c78' is clicked on

08-04-2025T14:38:34 - [MESSAGE][PASSED] - Object: 'Object Repository/Create Division/Page_SportWrench - The Home of Sporting Events/input_male_ng-pristine ng-untouched ng-vali_863c78' is clicked on

08-04-2025T14:38:34 - [TEST_STEP][PASSED] - click(findTestObject("Object Repository/Create Division/Page_SportWrench - The Home of Sporting Events/input_coed_input-inline ng-pristine ng-unto_3df5b0")): Object: 'Object Repository/Create Division/Page_SportWrench - The Home of Sporting Events/input_coed_input-inline ng-pristine ng-unto_3df5b0' is clicked on

08-04-2025T14:38:34 - [MESSAGE][PASSED] - Object: 'Object Repository/Create Division/Page_SportWrench - The Home of Sporting Events/input_coed_input-inline ng-pristine ng-unto_3df5b0' is clicked on

08-04-2025T14:38:34 - [TEST_STEP][PASSED] - click(findTestObject("Object Repository/Create Division/Page_SportWrench - The Home of Sporting Events/input_coed_input-inline ng-pristine ng-unto_3df5b0_1")): Object: 'Object Repository/Create Division/Page_SportWrench - The Home of Sporting Events/input_coed_input-inline ng-pristine ng-unto_3df5b0_1' is clicked on

08-04-2025T14:38:34 - [MESSAGE][PASSED] - Object: 'Object Repository/Create Division/Page_SportWrench - The Home of Sporting Events/input_coed_input-inline ng-pristine ng-unto_3df5b0_1' is clicked on

08-04-2025T14:38:34 - [TEST_STEP][PASSED] - click(findTestObject("Object Repository/Create Division/Page_SportWrench - The Home of Sporting Events/input_coed_input-inline ng-pristine ng-unto_3df5b0_1_2")): Object: 'Object Repository/Create Division/Page_SportWrench - The Home of Sporting Events/input_coed_input-inline ng-pristine ng-unto_3df5b0_1_2' is clicked on

08-04-2025T14:38:35 - [MESSAGE][PASSED] - Object: 'Object Repository/Create Division/Page_SportWrench - The Home of Sporting Events/input_coed_input-inline ng-pristine ng-unto_3df5b0_1_2' is clicked on

08-04-2025T14:38:35 - [TEST_STEP][PASSED] - click(findTestObject("Object Repository/Create Division/Page_SportWrench - The Home of Sporting Events/input_coed_input-inline ng-pristine ng-unto_3df5b0_1_2_3")): Object: 'Object Repository/Create Division/Page_SportWrench - The Home of Sporting Events/input_coed_input-inline ng-pristine ng-unto_3df5b0_1_2_3' is clicked on

08-04-2025T14:38:35 - [MESSAGE][PASSED] - Object: 'Object Repository/Create Division/Page_SportWrench - The Home of Sporting Events/input_coed_input-inline ng-pristine ng-unto_3df5b0_1_2_3' is clicked on

08-04-2025T14:38:35 - [TEST_STEP][PASSED] - click(findTestObject("Object Repository/Create Division/Page_SportWrench - The Home of Sporting Events/input_coed_input-inline ng-pristine ng-unto_3df5b0_1_2_3_4")): Object: 'Object Repository/Create Division/Page_SportWrench - The Home of Sporting Events/input_coed_input-inline ng-pristine ng-unto_3df5b0_1_2_3_4' is clicked on

08-04-2025T14:38:35 - [MESSAGE][PASSED] - Object: 'Object Repository/Create Division/Page_SportWrench - The Home of Sporting Events/input_coed_input-inline ng-pristine ng-unto_3df5b0_1_2_3_4' is clicked on

08-04-2025T14:38:35 - [TEST_STEP][PASSED] - click(findTestObject("Object Repository/Create Division/Page_SportWrench - The Home of Sporting Events/input_coed_input-inline ng-pristine ng-unto_3df5b0_1_2_3_4_5")): Object: 'Object Repository/Create Division/Page_SportWrench - The Home of Sporting Events/input_coed_input-inline ng-pristine ng-unto_3df5b0_1_2_3_4_5' is clicked on

08-04-2025T14:38:35 - [MESSAGE][PASSED] - Object: 'Object Repository/Create Division/Page_SportWrench - The Home of Sporting Events/input_coed_input-inline ng-pristine ng-unto_3df5b0_1_2_3_4_5' is clicked on

08-04-2025T14:38:35 - [TEST_STEP][PASSED] - click(findTestObject("Object Repository/Create Division/Page_SportWrench - The Home of Sporting Events/input_coed_input-inline ng-pristine ng-unto_3df5b0_1_2_3_4_5_6")): Object: 'Object Repository/Create Division/Page_SportWrench - The Home of Sporting Events/input_coed_input-inline ng-pristine ng-unto_3df5b0_1_2_3_4_5_6' is clicked on

08-04-2025T14:38:36 - [MESSAGE][PASSED] - Object: 'Object Repository/Create Division/Page_SportWrench - The Home of Sporting Events/input_coed_input-inline ng-pristine ng-unto_3df5b0_1_2_3_4_5_6' is clicked on

08-04-2025T14:38:36 - [TEST_STEP][PASSED] - click(findTestObject("Object Repository/Create Division/Page_SportWrench - The Home of Sporting Events/input_coed_input-inline ng-pristine ng-unto_3df5b0_1_2_3_4_5_6_7")): Object: 'Object Repository/Create Division/Page_SportWrench - The Home of Sporting Events/input_coed_input-inline ng-pristine ng-unto_3df5b0_1_2_3_4_5_6_7' is clicked on

08-04-2025T14:38:36 - [MESSAGE][PASSED] - Object: 'Object Repository/Create Division/Page_SportWrench - The Home of Sporting Events/input_coed_input-inline ng-pristine ng-unto_3df5b0_1_2_3_4_5_6_7' is clicked on

08-04-2025T14:38:36 - [TEST_STEP][PASSED] - click(findTestObject("Object Repository/Create Division/Page_SportWrench - The Home of Sporting Events/input_coed_input-inline ng-pristine ng-unto_3df5b0_1_2_3_4_5_6_7_8")): Object: 'Object Repository/Create Division/Page_SportWrench - The Home of Sporting Events/input_coed_input-inline ng-pristine ng-unto_3df5b0_1_2_3_4_5_6_7_8' is clicked on

08-04-2025T14:38:36 - [MESSAGE][PASSED] - Object: 'Object Repository/Create Division/Page_SportWrench - The Home of Sporting Events/input_coed_input-inline ng-pristine ng-unto_3df5b0_1_2_3_4_5_6_7_8' is clicked on

08-04-2025T14:38:36 - [TEST_STEP][PASSED] - click(findTestObject("Object Repository/Create Division/Page_SportWrench - The Home of Sporting Events/input_coed_input-inline ng-pristine ng-unto_3df5b0_1_2_3_4_5_6_7_8_9")): Object: 'Object Repository/Create Division/Page_SportWrench - The Home of Sporting Events/input_coed_input-inline ng-pristine ng-unto_3df5b0_1_2_3_4_5_6_7_8_9' is clicked on

08-04-2025T14:38:36 - [MESSAGE][PASSED] - Object: 'Object Repository/Create Division/Page_SportWrench - The Home of Sporting Events/input_coed_input-inline ng-pristine ng-unto_3df5b0_1_2_3_4_5_6_7_8_9' is clicked on

08-04-2025T14:38:36 - [TEST_STEP][PASSED] - click(findTestObject("Object Repository/Create Division/Page_SportWrench - The Home of Sporting Events/input_Adult_ng-pristine ng-untouched ng-val_ec79f8")): Object: 'Object Repository/Create Division/Page_SportWrench - The Home of Sporting Events/input_Adult_ng-pristine ng-untouched ng-val_ec79f8' is clicked on

08-04-2025T14:38:37 - [MESSAGE][PASSED] - Object: 'Object Repository/Create Division/Page_SportWrench - The Home of Sporting Events/input_Adult_ng-pristine ng-untouched ng-val_ec79f8' is clicked on

08-04-2025T14:38:37 - [TEST_STEP][PASSED] - click(findTestObject("Object Repository/Create Division/Page_SportWrench - The Home of Sporting Events/button_Create")): Object: 'Object Repository/Create Division/Page_SportWrench - The Home of Sporting Events/button_Create' is clicked on

08-04-2025T14:38:37 - [MESSAGE][PASSED] - Object: 'Object Repository/Create Division/Page_SportWrench - The Home of Sporting Events/button_Create' is clicked on

08-04-2025T14:38:37 - [TEST_STEP][PASSED] - verifyElementPresent(findTestObject("Object Repository/Create Division/Page_SportWrench - The Home of Sporting Events/a_Divisions Wizard"), 0): Object 'Object Repository/Create Division/Page_SportWrench - The Home of Sporting Events/a_Divisions Wizard' is present

08-04-2025T14:38:37 - [MESSAGE][WARNING] - Timeout '0' is invalid. Using default page load timeout: '30'

08-04-2025T14:38:43 - [MESSAGE][PASSED] - Object 'Object Repository/Create Division/Page_SportWrench - The Home of Sporting Events/a_Divisions Wizard' is present

08-04-2025T14:38:43 - [TEST_STEP][PASSED] - closeBrowser(): Browser is closed

08-04-2025T14:38:43 - [MESSAGE][PASSED] - Browser is closed]]></system-out>
         <system-err><![CDATA[]]></system-err>
      </testcase>
      <testcase name="Test Cases/Event Supervisor" time="24.217" classname="Test Cases/Event Supervisor" status="PASSED">
         <system-out><![CDATA[08-04-2025T14:38:43 - [TEST_CASE][PASSED] - Test Cases/Event Supervisor: Test Cases/Event Supervisor

08-04-2025T14:38:44 - [TEST_STEP][PASSED] - openBrowser("http://USAV:demo@dev.swstage.com/"): Browser is opened with url: 'http://USAV:demo@dev.swstage.com/'

08-04-2025T14:38:44 - [MESSAGE][INFO] - Starting 'Chrome' driver

08-04-2025T14:38:44 - [MESSAGE][INFO] - Action delay is set to 0 milliseconds

08-04-2025T14:38:47 - [MESSAGE][PASSED] - Browser is opened with url: 'http://USAV:demo@dev.swstage.com/'

08-04-2025T14:38:47 - [TEST_STEP][PASSED] - navigateToUrl("http://USAV:demo@my.dev.swstage.com/#/"): Navigate to 'http://USAV:demo@my.dev.swstage.com/#/' successfully

08-04-2025T14:38:50 - [MESSAGE][PASSED] - Navigate to 'http://USAV:demo@my.dev.swstage.com/#/' successfully

08-04-2025T14:38:50 - [TEST_STEP][PASSED] - maximizeWindow(): Current window maximized

08-04-2025T14:38:50 - [MESSAGE][PASSED] - Current window maximized

08-04-2025T14:38:50 - [TEST_STEP][PASSED] - setText(findTestObject("Object Repository/Event Supervisor/Event Supervisor 2/Page_SportWrench - The Home of Sporting Events/input_Log In_email"), "info@sportwrench.com"): Text 'info@sportwrench.com' is set on object 'Object Repository/Event Supervisor/Event Supervisor 2/Page_SportWrench - The Home of Sporting Events/input_Log In_email'

08-04-2025T14:38:51 - [MESSAGE][PASSED] - Text 'info@sportwrench.com' is set on object 'Object Repository/Event Supervisor/Event Supervisor 2/Page_SportWrench - The Home of Sporting Events/input_Log In_email'

08-04-2025T14:38:51 - [TEST_STEP][PASSED] - setEncryptedText(findTestObject("Object Repository/Event Supervisor/Event Supervisor 2/Page_SportWrench - The Home of Sporting Events/input_false_password"), "ugkk24xDMrWrlVpEbACuNZEQlZ6qfcdw"): Text ****** has been set on object 'Object Repository/Event Supervisor/Event Supervisor 2/Page_SportWrench - The Home of Sporting Events/input_false_password'

08-04-2025T14:38:51 - [MESSAGE][PASSED] - Text ****** has been set on object 'Object Repository/Event Supervisor/Event Supervisor 2/Page_SportWrench - The Home of Sporting Events/input_false_password'

08-04-2025T14:38:51 - [TEST_STEP][PASSED] - click(findTestObject("Object Repository/Event Supervisor/Event Supervisor 2/Page_SportWrench - The Home of Sporting Events/button_Log In")): Object: 'Object Repository/Event Supervisor/Event Supervisor 2/Page_SportWrench - The Home of Sporting Events/button_Log In' is clicked on

08-04-2025T14:38:51 - [MESSAGE][PASSED] - Object: 'Object Repository/Event Supervisor/Event Supervisor 2/Page_SportWrench - The Home of Sporting Events/button_Log In' is clicked on

08-04-2025T14:38:51 - [TEST_STEP][PASSED] - click(findTestObject("Object Repository/Event Supervisor/Event Supervisor 2/Page_SportWrench - The Home of Sporting Events/a_Event Supervisor")): Object: 'Object Repository/Event Supervisor/Event Supervisor 2/Page_SportWrench - The Home of Sporting Events/a_Event Supervisor' is clicked on

08-04-2025T14:38:52 - [MESSAGE][PASSED] - Object: 'Object Repository/Event Supervisor/Event Supervisor 2/Page_SportWrench - The Home of Sporting Events/a_Event Supervisor' is clicked on

08-04-2025T14:38:52 - [TEST_STEP][PASSED] - click(findTestObject("Object Repository/Event Supervisor/Event Supervisor 2/Page_SportWrench - The Home of Sporting Events/div_Undefined")): Object: 'Object Repository/Event Supervisor/Event Supervisor 2/Page_SportWrench - The Home of Sporting Events/div_Undefined' is clicked on

08-04-2025T14:39:06 - [MESSAGE][PASSED] - Object: 'Object Repository/Event Supervisor/Event Supervisor 2/Page_SportWrench - The Home of Sporting Events/div_Undefined' is clicked on

08-04-2025T14:39:06 - [TEST_STEP][PASSED] - setText(findTestObject("Object Repository/Event Supervisor/Event Supervisor 2/Page_SportWrench - The Home of Sporting Events/input_SW Fee for Teams_teams_sw_fee"), "10"): Text '10' is set on object 'Object Repository/Event Supervisor/Event Supervisor 2/Page_SportWrench - The Home of Sporting Events/input_SW Fee for Teams_teams_sw_fee'

08-04-2025T14:39:07 - [MESSAGE][PASSED] - Text '10' is set on object 'Object Repository/Event Supervisor/Event Supervisor 2/Page_SportWrench - The Home of Sporting Events/input_SW Fee for Teams_teams_sw_fee'

08-04-2025T14:39:07 - [TEST_STEP][PASSED] - click(findTestObject("Object Repository/Event Supervisor/Event Supervisor 2/Page_SportWrench - The Home of Sporting Events/button_Save")): Object: 'Object Repository/Event Supervisor/Event Supervisor 2/Page_SportWrench - The Home of Sporting Events/button_Save' is clicked on

08-04-2025T14:39:08 - [MESSAGE][PASSED] - Object: 'Object Repository/Event Supervisor/Event Supervisor 2/Page_SportWrench - The Home of Sporting Events/button_Save' is clicked on

08-04-2025T14:39:08 - [TEST_STEP][PASSED] - closeBrowser(): Browser is closed

08-04-2025T14:39:08 - [MESSAGE][PASSED] - Browser is closed]]></system-out>
         <system-err><![CDATA[]]></system-err>
      </testcase>
      <testcase name="Test Cases/Team purchase" time="23.194" classname="Test Cases/Team purchase" status="PASSED">
         <system-out><![CDATA[08-04-2025T14:39:08 - [TEST_CASE][PASSED] - Test Cases/Team purchase: Test Cases/Team purchase

08-04-2025T14:39:08 - [TEST_STEP][PASSED] - openBrowser("http://USAV:demo@dev.swstage.com/ "): Browser is opened with url: 'http://USAV:demo@dev.swstage.com/ '

08-04-2025T14:39:08 - [MESSAGE][INFO] - Starting 'Chrome' driver

08-04-2025T14:39:08 - [MESSAGE][INFO] - Action delay is set to 0 milliseconds

08-04-2025T14:39:11 - [MESSAGE][PASSED] - Browser is opened with url: 'http://USAV:demo@dev.swstage.com/ '

08-04-2025T14:39:11 - [TEST_STEP][PASSED] - maximizeWindow(): Current window maximized

08-04-2025T14:39:11 - [MESSAGE][PASSED] - Current window maximized

08-04-2025T14:39:11 - [TEST_STEP][PASSED] - navigateToUrl("http://USAV:demo@my.dev.swstage.com/#/"): Navigate to 'http://USAV:demo@my.dev.swstage.com/#/' successfully

08-04-2025T14:39:14 - [MESSAGE][PASSED] - Navigate to 'http://USAV:demo@my.dev.swstage.com/#/' successfully

08-04-2025T14:39:14 - [TEST_STEP][PASSED] - setText(findTestObject("Object Repository/Team Payment/Page_SportWrench - The Home of Sporting Events/input_Log In_email"), "wendy@mvvclub.com"): Text 'wendy@mvvclub.com' is set on object 'Object Repository/Team Payment/Page_SportWrench - The Home of Sporting Events/input_Log In_email'

08-04-2025T14:39:15 - [MESSAGE][PASSED] - Text 'wendy@mvvclub.com' is set on object 'Object Repository/Team Payment/Page_SportWrench - The Home of Sporting Events/input_Log In_email'

08-04-2025T14:39:15 - [TEST_STEP][PASSED] - setEncryptedText(findTestObject("Object Repository/Team Payment/Page_SportWrench - The Home of Sporting Events/input_false_password"), "ugkk24xDMrWrlVpEbACuNZEQlZ6qfcdw"): Text ****** has been set on object 'Object Repository/Team Payment/Page_SportWrench - The Home of Sporting Events/input_false_password'

08-04-2025T14:39:15 - [MESSAGE][PASSED] - Text ****** has been set on object 'Object Repository/Team Payment/Page_SportWrench - The Home of Sporting Events/input_false_password'

08-04-2025T14:39:15 - [TEST_STEP][PASSED] - click(findTestObject("Object Repository/Team Payment/Page_SportWrench - The Home of Sporting Events/button_Log In")): Object: 'Object Repository/Team Payment/Page_SportWrench - The Home of Sporting Events/button_Log In' is clicked on

08-04-2025T14:39:15 - [MESSAGE][PASSED] - Object: 'Object Repository/Team Payment/Page_SportWrench - The Home of Sporting Events/button_Log In' is clicked on

08-04-2025T14:39:15 - [TEST_STEP][PASSED] - click(findTestObject("Object Repository/Team Payment/Page_SportWrench - The Home of Sporting Events/a_Enter Events")): Object: 'Object Repository/Team Payment/Page_SportWrench - The Home of Sporting Events/a_Enter Events' is clicked on

08-04-2025T14:39:16 - [MESSAGE][PASSED] - Object: 'Object Repository/Team Payment/Page_SportWrench - The Home of Sporting Events/a_Enter Events' is clicked on

08-04-2025T14:39:16 - [TEST_STEP][PASSED] - click(findTestObject("Object Repository/Team Payment/Page_SportWrench - The Home of Sporting Events/span_123Test Event")): Object: 'Object Repository/Team Payment/Page_SportWrench - The Home of Sporting Events/span_123Test Event' is clicked on

08-04-2025T14:39:17 - [MESSAGE][PASSED] - Object: 'Object Repository/Team Payment/Page_SportWrench - The Home of Sporting Events/span_123Test Event' is clicked on

08-04-2025T14:39:17 - [TEST_STEP][PASSED] - click(findTestObject("Object Repository/Team Payment/Page_SportWrench - The Home of Sporting Events/button_Enter Event and Manage Teams")): Object: 'Object Repository/Team Payment/Page_SportWrench - The Home of Sporting Events/button_Enter Event and Manage Teams' is clicked on

08-04-2025T14:39:18 - [MESSAGE][PASSED] - Object: 'Object Repository/Team Payment/Page_SportWrench - The Home of Sporting Events/button_Enter Event and Manage Teams' is clicked on

08-04-2025T14:39:18 - [TEST_STEP][PASSED] - enhancedClick(findTestObject("Object Repository/Team Payment/Page_SportWrench - The Home of Sporting Events/select_18 Club 18 Club Not entered")): Object: 'Object Repository/Team Payment/Page_SportWrench - The Home of Sporting Events/select_18 Club 18 Club Not entered' is clicked on

08-04-2025T14:39:19 - [MESSAGE][PASSED] - Object: 'Object Repository/Team Payment/Page_SportWrench - The Home of Sporting Events/select_18 Club 18 Club Not entered' is clicked on

08-04-2025T14:39:19 - [TEST_STEP][PASSED] - selectOptionByLabel(findTestObject("Object Repository/Team Payment/Page_SportWrench - The Home of Sporting Events/select_18 Club 18 Club Not entered"), "♂♀ 18 Club", false): All options with label '♂♀ 18 Club' are selected in object 'Object Repository/Team Payment/Page_SportWrench - The Home of Sporting Events/select_18 Club 18 Club Not entered' 

08-04-2025T14:39:19 - [MESSAGE][PASSED] - All options with label '♂♀ 18 Club' are selected in object 'Object Repository/Team Payment/Page_SportWrench - The Home of Sporting Events/select_18 Club 18 Club Not entered' 

08-04-2025T14:39:19 - [TEST_STEP][PASSED] - click(findTestObject("Object Repository/Team Payment/Page_SportWrench - The Home of Sporting Events/button_Pay")): Object: 'Object Repository/Team Payment/Page_SportWrench - The Home of Sporting Events/button_Pay' is clicked on

08-04-2025T14:39:20 - [MESSAGE][PASSED] - Object: 'Object Repository/Team Payment/Page_SportWrench - The Home of Sporting Events/button_Pay' is clicked on

08-04-2025T14:39:20 - [TEST_STEP][PASSED] - click(findTestObject("Object Repository/Team Payment/Page_SportWrench - The Home of Sporting Events/div_Proceed to payment_1")): Object: 'Object Repository/Team Payment/Page_SportWrench - The Home of Sporting Events/div_Proceed to payment_1' is clicked on

08-04-2025T14:39:21 - [MESSAGE][PASSED] - Object: 'Object Repository/Team Payment/Page_SportWrench - The Home of Sporting Events/div_Proceed to payment_1' is clicked on

08-04-2025T14:39:21 - [TEST_STEP][PASSED] - delay(2): Delayed 2 second(s)

08-04-2025T14:39:23 - [MESSAGE][PASSED] - Delayed 2 second(s)

08-04-2025T14:39:23 - [TEST_STEP][PASSED] - setText(findTestObject("Object Repository/Team Payment/Page_SportWrench - The Home of Sporting Events/input_Card number_number"), "4242 4242 4242 4242"): Text '4242 4242 4242 4242' is set on object 'Object Repository/Team Payment/Page_SportWrench - The Home of Sporting Events/input_Card number_number'

08-04-2025T14:39:24 - [MESSAGE][WARNING] - [SELF-HEALING] Failed to find element with id 'Object Repository/Team Payment/Page_SportWrench - The Home of Sporting Events/iframe_Use a Different Method___privateStri_8b553a'. Try using Self-healing.

08-04-2025T14:39:24 - [MESSAGE][WARNING] - [SELF-HEALING] The current locator of test object 'Object Repository/Team Payment/Page_SportWrench - The Home of Sporting Events/iframe_Use a Different Method___privateStri_8b553a' was broken. Propose an alternative one: '//div[@id='payment-element']/div/iframe'.

08-04-2025T14:39:24 - [MESSAGE][PASSED] - Text '4242 4242 4242 4242' is set on object 'Object Repository/Team Payment/Page_SportWrench - The Home of Sporting Events/input_Card number_number'

08-04-2025T14:39:24 - [TEST_STEP][PASSED] - setText(findTestObject("Object Repository/Team Payment/Page_SportWrench - The Home of Sporting Events/input_MM  YY_expiry"), "12 / 26"): Text '12 / 26' is set on object 'Object Repository/Team Payment/Page_SportWrench - The Home of Sporting Events/input_MM  YY_expiry'

08-04-2025T14:39:24 - [MESSAGE][WARNING] - [SELF-HEALING] Failed to find element with id 'Object Repository/Team Payment/Page_SportWrench - The Home of Sporting Events/iframe_Use a Different Method___privateStri_8b553a'. Try using Self-healing.

08-04-2025T14:39:24 - [MESSAGE][WARNING] - [SELF-HEALING] The current locator of test object 'Object Repository/Team Payment/Page_SportWrench - The Home of Sporting Events/iframe_Use a Different Method___privateStri_8b553a' was broken. Propose an alternative one: '//div[@id='payment-element']/div/iframe'.

08-04-2025T14:39:25 - [MESSAGE][PASSED] - Text '12 / 26' is set on object 'Object Repository/Team Payment/Page_SportWrench - The Home of Sporting Events/input_MM  YY_expiry'

08-04-2025T14:39:25 - [TEST_STEP][PASSED] - setText(findTestObject("Object Repository/Team Payment/Page_SportWrench - The Home of Sporting Events/input_Security code_cvc"), "654"): Text '654' is set on object 'Object Repository/Team Payment/Page_SportWrench - The Home of Sporting Events/input_Security code_cvc'

08-04-2025T14:39:25 - [MESSAGE][WARNING] - [SELF-HEALING] Failed to find element with id 'Object Repository/Team Payment/Page_SportWrench - The Home of Sporting Events/iframe_Use a Different Method___privateStri_8b553a'. Try using Self-healing.

08-04-2025T14:39:25 - [MESSAGE][WARNING] - [SELF-HEALING] The current locator of test object 'Object Repository/Team Payment/Page_SportWrench - The Home of Sporting Events/iframe_Use a Different Method___privateStri_8b553a' was broken. Propose an alternative one: '//div[@id='payment-element']/div/iframe'.

08-04-2025T14:39:25 - [MESSAGE][PASSED] - Text '654' is set on object 'Object Repository/Team Payment/Page_SportWrench - The Home of Sporting Events/input_Security code_cvc'

08-04-2025T14:39:25 - [TEST_STEP][PASSED] - click(findTestObject("Object Repository/Team Payment/Page_SportWrench - The Home of Sporting Events/button_Pay 1,000.00")): Object: 'Object Repository/Team Payment/Page_SportWrench - The Home of Sporting Events/button_Pay 1,000.00' is clicked on

08-04-2025T14:39:26 - [MESSAGE][PASSED] - Object: 'Object Repository/Team Payment/Page_SportWrench - The Home of Sporting Events/button_Pay 1,000.00' is clicked on

08-04-2025T14:39:26 - [TEST_STEP][PASSED] - delay(5): Delayed 5 second(s)

08-04-2025T14:39:31 - [MESSAGE][PASSED] - Delayed 5 second(s)

08-04-2025T14:39:31 - [TEST_STEP][PASSED] - verifyElementPresent(findTestObject("Team Payment/Page_SportWrench - The Home of Sporting Events/span_Your Payment of 1,000.00 succeeded"), 0): Object 'Object Repository/Team Payment/Page_SportWrench - The Home of Sporting Events/span_Your Payment of 1,000.00 succeeded' is present

08-04-2025T14:39:31 - [MESSAGE][WARNING] - Timeout '0' is invalid. Using default page load timeout: '30'

08-04-2025T14:39:31 - [MESSAGE][PASSED] - Object 'Object Repository/Team Payment/Page_SportWrench - The Home of Sporting Events/span_Your Payment of 1,000.00 succeeded' is present

08-04-2025T14:39:31 - [TEST_STEP][PASSED] - closeBrowser(): Browser is closed

08-04-2025T14:39:31 - [MESSAGE][PASSED] - Browser is closed]]></system-out>
         <system-err><![CDATA[]]></system-err>
      </testcase>
      <testcase name="Test Cases/Delete an Event" time="17.582" classname="Test Cases/Delete an Event" status="PASSED">
         <system-out><![CDATA[08-04-2025T14:39:31 - [TEST_CASE][PASSED] - Test Cases/Delete an Event: Test Cases/Delete an Event

08-04-2025T14:39:31 - [TEST_STEP][PASSED] - openBrowser("http://USAV:demo@dev.swstage.com/"): Browser is opened with url: 'http://USAV:demo@dev.swstage.com/'

08-04-2025T14:39:31 - [MESSAGE][INFO] - Starting 'Chrome' driver

08-04-2025T14:39:31 - [MESSAGE][INFO] - Action delay is set to 0 milliseconds

08-04-2025T14:39:34 - [MESSAGE][PASSED] - Browser is opened with url: 'http://USAV:demo@dev.swstage.com/'

08-04-2025T14:39:34 - [TEST_STEP][PASSED] - navigateToUrl("http://USAV:demo@my.dev.swstage.com/#/"): Navigate to 'http://USAV:demo@my.dev.swstage.com/#/' successfully

08-04-2025T14:39:37 - [MESSAGE][PASSED] - Navigate to 'http://USAV:demo@my.dev.swstage.com/#/' successfully

08-04-2025T14:39:37 - [TEST_STEP][PASSED] - maximizeWindow(): Current window maximized

08-04-2025T14:39:37 - [MESSAGE][PASSED] - Current window maximized

08-04-2025T14:39:37 - [TEST_STEP][PASSED] - setText(findTestObject("Object Repository/Delete an Event/Page_SportWrench - The Home of Sporting Events/input_Log In_email"), "dcgfcgchfhgvhv@gmail.com"): Text 'dcgfcgchfhgvhv@gmail.com' is set on object 'Object Repository/Delete an Event/Page_SportWrench - The Home of Sporting Events/input_Log In_email'

08-04-2025T14:39:38 - [MESSAGE][PASSED] - Text 'dcgfcgchfhgvhv@gmail.com' is set on object 'Object Repository/Delete an Event/Page_SportWrench - The Home of Sporting Events/input_Log In_email'

08-04-2025T14:39:38 - [TEST_STEP][PASSED] - setEncryptedText(findTestObject("Object Repository/Delete an Event/Page_SportWrench - The Home of Sporting Events/input_false_password"), "ugkk24xDMrWrlVpEbACuNZEQlZ6qfcdw"): Text ****** has been set on object 'Object Repository/Delete an Event/Page_SportWrench - The Home of Sporting Events/input_false_password'

08-04-2025T14:39:38 - [MESSAGE][PASSED] - Text ****** has been set on object 'Object Repository/Delete an Event/Page_SportWrench - The Home of Sporting Events/input_false_password'

08-04-2025T14:39:38 - [TEST_STEP][PASSED] - click(findTestObject("Object Repository/Delete an Event/Page_SportWrench - The Home of Sporting Events/button_Log In")): Object: 'Object Repository/Delete an Event/Page_SportWrench - The Home of Sporting Events/button_Log In' is clicked on

08-04-2025T14:39:38 - [MESSAGE][PASSED] - Object: 'Object Repository/Delete an Event/Page_SportWrench - The Home of Sporting Events/button_Log In' is clicked on

08-04-2025T14:39:38 - [TEST_STEP][PASSED] - setText(findTestObject("Object Repository/Delete an Event/Page_SportWrench - The Home of Sporting Events/input_Other Events_searchbox"), "123Test Event"): Text '123Test Event' is set on object 'Object Repository/Delete an Event/Page_SportWrench - The Home of Sporting Events/input_Other Events_searchbox'

08-04-2025T14:39:42 - [MESSAGE][PASSED] - Text '123Test Event' is set on object 'Object Repository/Delete an Event/Page_SportWrench - The Home of Sporting Events/input_Other Events_searchbox'

08-04-2025T14:39:42 - [TEST_STEP][PASSED] - click(findTestObject("Object Repository/Delete an Event/Page_SportWrench - The Home of Sporting Events/a_123Test Event")): Object: 'Object Repository/Delete an Event/Page_SportWrench - The Home of Sporting Events/a_123Test Event' is clicked on

08-04-2025T14:39:42 - [MESSAGE][PASSED] - Object: 'Object Repository/Delete an Event/Page_SportWrench - The Home of Sporting Events/a_123Test Event' is clicked on

08-04-2025T14:39:42 - [TEST_STEP][PASSED] - click(findTestObject("Object Repository/Delete an Event/Page_SportWrench - The Home of Sporting Events/li_123Test Event")): Object: 'Object Repository/Delete an Event/Page_SportWrench - The Home of Sporting Events/li_123Test Event' is clicked on

08-04-2025T14:39:44 - [MESSAGE][PASSED] - Object: 'Object Repository/Delete an Event/Page_SportWrench - The Home of Sporting Events/li_123Test Event' is clicked on

08-04-2025T14:39:44 - [TEST_STEP][PASSED] - click(findTestObject("Object Repository/Delete an Event/Page_SportWrench - The Home of Sporting Events/a_Delete event")): Object: 'Object Repository/Delete an Event/Page_SportWrench - The Home of Sporting Events/a_Delete event' is clicked on

08-04-2025T14:39:45 - [MESSAGE][PASSED] - Object: 'Object Repository/Delete an Event/Page_SportWrench - The Home of Sporting Events/a_Delete event' is clicked on

08-04-2025T14:39:45 - [TEST_STEP][PASSED] - click(findTestObject("Object Repository/Delete an Event/Page_SportWrench - The Home of Sporting Events/button_Yes")): Object: 'Object Repository/Delete an Event/Page_SportWrench - The Home of Sporting Events/button_Yes' is clicked on

08-04-2025T14:39:45 - [MESSAGE][PASSED] - Object: 'Object Repository/Delete an Event/Page_SportWrench - The Home of Sporting Events/button_Yes' is clicked on

08-04-2025T14:39:45 - [TEST_STEP][PASSED] - delay(3): Delayed 3 second(s)

08-04-2025T14:39:48 - [MESSAGE][PASSED] - Delayed 3 second(s)

08-04-2025T14:39:48 - [TEST_STEP][PASSED] - closeBrowser(): Browser is closed

08-04-2025T14:39:48 - [MESSAGE][PASSED] - Browser is closed]]></system-out>
         <system-err><![CDATA[]]></system-err>
      </testcase>
      <system-out><![CDATA[08-04-2025T14:37:22 - [TEST_SUITE][PASSED] - Team Payment: Test Cases/Delete an Event]]></system-out>
      <system-err><![CDATA[]]></system-err>
   </testsuite>
</testsuites>
