<?xml version="1.0" encoding="UTF-8"?>
<testsuites name="Ticket Refunds" time="178.982" tests="4" failures="0" errors="0">
   <testsuite name="Ticket Refunds" tests="4" failures="0" errors="0" time="178.982" skipped="0" timestamp="27-05-2025T22:45:42" hostname="LENOVO - DESKTOP-9MN524E" id="Test Suites/Ticket Refunds">
      <properties>
         <property name="deviceName" value=""/>
         <property name="devicePlatform"/>
         <property name="logFolder" value="C:\\Users\\LENOVO\\git\\SportWrench\\Reports\\20250527_224537\\Ticket Refunds\\20250527_224537"/>
         <property name="logFiles" value="C:\\Users\\LENOVO\\git\\SportWrench\\Reports\\20250527_224537\\Ticket Refunds\\20250527_224537\\execution0.log"/>
         <property name="attachments" value="C:\\Users\\LENOVO\\git\\SportWrench\\Reports\\20250527_224537\\Ticket Refunds\\20250527_224537\\1748375194979.png, C:\\Users\\LENOVO\\git\\SportWrench\\Reports\\20250527_224537\\Ticket Refunds\\20250527_224537\\1748375288365.png"/>
         <property name="hostName" value="LENOVO - DESKTOP-9MN524E"/>
         <property name="os" value="Windows 10 64bit"/>
         <property name="katalonVersion" value="10.1.1.0"/>
         <property name="browser" value="Chrome 136.0.7103.114"/>
         <property name="hostAddress" value="26.190.180.74"/>
         <property name="sessionId" value="30ae66c7557b407480d2bdae1ccf78c6"/>
         <property name="seleniumVersion" value="4.22.0"/>
         <property name="proxyInformation" value="ProxyInformation { proxyOption=NO_PROXY, proxyServerType=HTTP, username=, password=********, proxyServerAddress=, proxyServerPort=0, executionList=&quot;&quot;, isApplyToDesiredCapabilities=true }"/>
         <property name="platform" value="Windows 10"/>
      </properties>
      <testcase name="Test Cases/111Ticket refund/Ticket Payment for refund" time="56.828" classname="Test Cases/111Ticket refund/Ticket Payment for refund" status="PASSED">
         <system-out><![CDATA[27-05-2025T22:45:42 - [TEST_CASE][PASSED] - Test Cases/111Ticket refund/Ticket Payment for refund: Test Cases/111Ticket refund/Ticket Payment for refund

27-05-2025T22:45:42 - [TEST_STEP][PASSED] - openBrowser("http://USAV:demo@dev.swstage.com/"): Browser is opened with url: 'http://USAV:demo@dev.swstage.com/'

27-05-2025T22:45:42 - [MESSAGE][INFO] - Starting 'Chrome' driver

27-05-2025T22:45:42 - [MESSAGE][INFO] - Action delay is set to 0 milliseconds

27-05-2025T22:45:47 - [MESSAGE][PASSED] - Browser is opened with url: 'http://USAV:demo@dev.swstage.com/'

27-05-2025T22:45:47 - [TEST_STEP][PASSED] - navigateToUrl("http://USAV:demo@tickets-dev.swstage.com/"): Navigate to 'http://USAV:demo@tickets-dev.swstage.com/' successfully

27-05-2025T22:45:49 - [MESSAGE][PASSED] - Navigate to 'http://USAV:demo@tickets-dev.swstage.com/' successfully

27-05-2025T22:45:49 - [TEST_STEP][PASSED] - maximizeWindow(): Current window maximized

27-05-2025T22:45:49 - [MESSAGE][PASSED] - Current window maximized

27-05-2025T22:45:49 - [TEST_STEP][PASSED] - setText(findTestObject("Object Repository/Ticket purchase/Page_SW  Tickets/input_Available Events_form-control ng-pris_aaf354"), "[AUTOTESTS] Tickets refunds (do not touch!)"): Text '[AUTOTESTS] Tickets refunds (do not touch!)' is set on object 'Object Repository/Ticket purchase/Page_SW  Tickets/input_Available Events_form-control ng-pris_aaf354'

27-05-2025T22:45:50 - [MESSAGE][PASSED] - Text '[AUTOTESTS] Tickets refunds (do not touch!)' is set on object 'Object Repository/Ticket purchase/Page_SW  Tickets/input_Available Events_form-control ng-pris_aaf354'

27-05-2025T22:45:50 - [TEST_STEP][PASSED] - click(findTestObject("Spy Web/Page_SportWrench - The Home of Sporting Events/Page_SW  Tickets/b_AUTOTESTS Tickets refunds (do not touch)")): Object: 'Object Repository/Spy Web/Page_SportWrench - The Home of Sporting Events/Page_SW  Tickets/b_AUTOTESTS Tickets refunds (do not touch)' is clicked on

27-05-2025T22:45:52 - [MESSAGE][PASSED] - Object: 'Object Repository/Spy Web/Page_SportWrench - The Home of Sporting Events/Page_SW  Tickets/b_AUTOTESTS Tickets refunds (do not touch)' is clicked on

27-05-2025T22:45:52 - [TEST_STEP][PASSED] - click(findTestObject("Object Repository/Ticket payment 1111111111111/Page_Tickets/div_None")): Object: 'Object Repository/Ticket payment 1111111111111/Page_Tickets/div_None' is clicked on

27-05-2025T22:45:53 - [MESSAGE][PASSED] - Object: 'Object Repository/Ticket payment 1111111111111/Page_Tickets/div_None' is clicked on

27-05-2025T22:45:53 - [TEST_STEP][PASSED] - click(findTestObject("Object Repository/Ticket payment 1111111111111/Page_Tickets/div_1")): Object: 'Object Repository/Ticket payment 1111111111111/Page_Tickets/div_1' is clicked on

27-05-2025T22:45:54 - [MESSAGE][PASSED] - Object: 'Object Repository/Ticket payment 1111111111111/Page_Tickets/div_1' is clicked on

27-05-2025T22:45:54 - [TEST_STEP][PASSED] - click(findTestObject("Object Repository/Ticket payment 1111111111111/Page_Tickets/div_Purchaser Info_1")): Object: 'Object Repository/Ticket payment 1111111111111/Page_Tickets/div_Purchaser Info_1' is clicked on

27-05-2025T22:45:54 - [MESSAGE][PASSED] - Object: 'Object Repository/Ticket payment 1111111111111/Page_Tickets/div_Purchaser Info_1' is clicked on

27-05-2025T22:45:54 - [TEST_STEP][PASSED] - click(findTestObject("Object Repository/Ticket payment 1111111111111/Page_Tickets/div_I Agree")): Object: 'Object Repository/Ticket payment 1111111111111/Page_Tickets/div_I Agree' is clicked on

27-05-2025T22:45:55 - [MESSAGE][PASSED] - Object: 'Object Repository/Ticket payment 1111111111111/Page_Tickets/div_I Agree' is clicked on

27-05-2025T22:45:55 - [TEST_STEP][PASSED] - setText(findTestObject("Object Repository/Ticket payment 1111111111111/Page_Tickets/input__purchaserFirst"), "Tara"): Text 'Tara' is set on object 'Object Repository/Ticket payment 1111111111111/Page_Tickets/input__purchaserFirst'

27-05-2025T22:45:55 - [MESSAGE][PASSED] - Text 'Tara' is set on object 'Object Repository/Ticket payment 1111111111111/Page_Tickets/input__purchaserFirst'

27-05-2025T22:45:55 - [TEST_STEP][PASSED] - setText(findTestObject("Object Repository/Ticket payment 1111111111111/Page_Tickets/input__purchaserLast"), "Charles"): Text 'Charles' is set on object 'Object Repository/Ticket payment 1111111111111/Page_Tickets/input__purchaserLast'

27-05-2025T22:45:56 - [MESSAGE][PASSED] - Text 'Charles' is set on object 'Object Repository/Ticket payment 1111111111111/Page_Tickets/input__purchaserLast'

27-05-2025T22:45:56 - [TEST_STEP][PASSED] - setText(findTestObject("Object Repository/Ticket payment 1111111111111/Page_Tickets/input__purchaserEmail"), "aaaa@gmail.com"): Text 'aaaa@gmail.com' is set on object 'Object Repository/Ticket payment 1111111111111/Page_Tickets/input__purchaserEmail'

27-05-2025T22:45:57 - [MESSAGE][PASSED] - Text 'aaaa@gmail.com' is set on object 'Object Repository/Ticket payment 1111111111111/Page_Tickets/input__purchaserEmail'

27-05-2025T22:45:57 - [TEST_STEP][PASSED] - executeJavaScript("document.getElementById('purchaserPhone').focus(); document.execCommand('insertText', false, '(111) 111-1111');", null): Execute JavaScript 'document.getElementById('purchaserPhone').focus(); document.execCommand('insertText', false, '(111) 111-1111');' successfully

27-05-2025T22:45:57 - [MESSAGE][PASSED] - Execute JavaScript 'document.getElementById('purchaserPhone').focus(); document.execCommand('insertText', false, '(111) 111-1111');' successfully

27-05-2025T22:45:57 - [TEST_STEP][PASSED] - setText(findTestObject("Object Repository/Ticket payment 1111111111111/Page_Tickets/input__purchaserZipCode"), "11949"): Text '11949' is set on object 'Object Repository/Ticket payment 1111111111111/Page_Tickets/input__purchaserZipCode'

27-05-2025T22:45:57 - [MESSAGE][PASSED] - Text '11949' is set on object 'Object Repository/Ticket payment 1111111111111/Page_Tickets/input__purchaserZipCode'

27-05-2025T22:45:57 - [TEST_STEP][PASSED] - click(findTestObject("Object Repository/Ticket payment 1111111111111/Page_Tickets/div_Daily Passes")): Object: 'Object Repository/Ticket payment 1111111111111/Page_Tickets/div_Daily Passes' is clicked on

27-05-2025T22:45:58 - [MESSAGE][PASSED] - Object: 'Object Repository/Ticket payment 1111111111111/Page_Tickets/div_Daily Passes' is clicked on

27-05-2025T22:45:58 - [TEST_STEP][PASSED] - click(findTestObject("Object Repository/Ticket payment 1111111111111/Page_Tickets/div_I Agree")): Object: 'Object Repository/Ticket payment 1111111111111/Page_Tickets/div_I Agree' is clicked on

27-05-2025T22:45:58 - [MESSAGE][PASSED] - Object: 'Object Repository/Ticket payment 1111111111111/Page_Tickets/div_I Agree' is clicked on

27-05-2025T22:45:58 - [TEST_STEP][PASSED] - click(findTestObject("Object Repository/Ticket payment 1111111111111/Page_Tickets/div_Summary")): Object: 'Object Repository/Ticket payment 1111111111111/Page_Tickets/div_Summary' is clicked on

27-05-2025T22:45:58 - [MESSAGE][PASSED] - Object: 'Object Repository/Ticket payment 1111111111111/Page_Tickets/div_Summary' is clicked on

27-05-2025T22:45:58 - [TEST_STEP][PASSED] - click(findTestObject("Object Repository/Ticket payment 1111111111111/Page_Tickets/div_Payment")): Object: 'Object Repository/Ticket payment 1111111111111/Page_Tickets/div_Payment' is clicked on

27-05-2025T22:45:59 - [MESSAGE][PASSED] - Object: 'Object Repository/Ticket payment 1111111111111/Page_Tickets/div_Payment' is clicked on

27-05-2025T22:45:59 - [TEST_STEP][PASSED] - click(findTestObject("Object Repository/Ticket payment 1111111111111/Page_Tickets/div_Card information")): Object: 'Object Repository/Ticket payment 1111111111111/Page_Tickets/div_Card information' is clicked on

27-05-2025T22:46:00 - [MESSAGE][PASSED] - Object: 'Object Repository/Ticket payment 1111111111111/Page_Tickets/div_Card information' is clicked on

27-05-2025T22:46:00 - [TEST_STEP][PASSED] - setText(findTestObject("Object Repository/Ticket payment 1111111111111/Page_Tickets/input_Number_cardnumber"), "4242424242424242"): Text '4242424242424242' is set on object 'Object Repository/Ticket payment 1111111111111/Page_Tickets/input_Number_cardnumber'

27-05-2025T22:46:01 - [MESSAGE][PASSED] - Text '4242424242424242' is set on object 'Object Repository/Ticket payment 1111111111111/Page_Tickets/input_Number_cardnumber'

27-05-2025T22:46:01 - [TEST_STEP][PASSED] - setText(findTestObject("Object Repository/Ticket payment 1111111111111/Page_Tickets/input_Number_exp-date"), "12 / 25"): Text '12 / 25' is set on object 'Object Repository/Ticket payment 1111111111111/Page_Tickets/input_Number_exp-date'

27-05-2025T22:46:01 - [MESSAGE][PASSED] - Text '12 / 25' is set on object 'Object Repository/Ticket payment 1111111111111/Page_Tickets/input_Number_exp-date'

27-05-2025T22:46:01 - [TEST_STEP][PASSED] - setText(findTestObject("Object Repository/Ticket payment 1111111111111/Page_Tickets/input_Number_cvc"), "454"): Text '454' is set on object 'Object Repository/Ticket payment 1111111111111/Page_Tickets/input_Number_cvc'

27-05-2025T22:46:01 - [MESSAGE][PASSED] - Text '454' is set on object 'Object Repository/Ticket payment 1111111111111/Page_Tickets/input_Number_cvc'

27-05-2025T22:46:01 - [TEST_STEP][PASSED] - click(findTestObject("Object Repository/Ticket payment 1111111111111/Page_Tickets/div_omplete Purchase")): Object: 'Object Repository/Ticket payment 1111111111111/Page_Tickets/div_omplete Purchase' is clicked on

27-05-2025T22:46:01 - [MESSAGE][PASSED] - Object: 'Object Repository/Ticket payment 1111111111111/Page_Tickets/div_omplete Purchase' is clicked on

27-05-2025T22:46:01 - [TEST_STEP][PASSED] - click(findTestObject("Page_Tickets/div_Buy Anyway"), OPTIONAL): Object: 'Object Repository/Page_Tickets/div_Buy Anyway' is clicked on

27-05-2025T22:46:03 - [MESSAGE][PASSED] - Object: 'Object Repository/Page_Tickets/div_Buy Anyway' is clicked on

27-05-2025T22:46:03 - [TEST_STEP][PASSED] - click(findTestObject("Page_Tickets/div_Confirm Duplicate Purchase"), OPTIONAL): Unable to click on object 'Object Repository/Page_Tickets/div_Confirm Duplicate Purchase' (Root cause: com.kms.katalon.core.exception.StepFailedException: Unable to click on object 'Object Repository/Page_Tickets/div_Confirm Duplicate Purchase'
	at com.kms.katalon.core.webui.keyword.internal.WebUIKeywordMain.stepFailed(WebUIKeywordMain.groovy:117)
	at com.kms.katalon.core.webui.keyword.internal.WebUIKeywordMain.runKeyword(WebUIKeywordMain.groovy:43)
	at com.kms.katalon.core.webui.keyword.builtin.ClickKeyword.click(ClickKeyword.groovy:75)
	at com.kms.katalon.core.webui.keyword.builtin.ClickKeyword.execute(ClickKeyword.groovy:40)
	at com.kms.katalon.core.keyword.internal.KeywordExecutor.executeKeywordForPlatform(KeywordExecutor.groovy:74)
	at com.kms.katalon.core.webui.keyword.WebUiBuiltInKeywords.click(WebUiBuiltInKeywords.groovy:684)
	at Ticket Payment for refund.run(Ticket Payment for refund:70)
	at com.kms.katalon.core.main.ScriptEngine.run(ScriptEngine.java:194)
	at com.kms.katalon.core.main.ScriptEngine.runScriptAsRawText(ScriptEngine.java:119)
	at com.kms.katalon.core.main.TestCaseExecutor.runScript(TestCaseExecutor.java:448)
	at com.kms.katalon.core.main.TestCaseExecutor.doExecute(TestCaseExecutor.java:439)
	at com.kms.katalon.core.main.TestCaseExecutor.processExecutionPhase(TestCaseExecutor.java:418)
	at com.kms.katalon.core.main.TestCaseExecutor.accessMainPhase(TestCaseExecutor.java:410)
	at com.kms.katalon.core.main.TestCaseExecutor.execute(TestCaseExecutor.java:285)
	at com.kms.katalon.core.common.CommonExecutor.accessTestCaseMainPhase(CommonExecutor.java:71)
	at com.kms.katalon.core.main.TestSuiteExecutor.accessTestSuiteMainPhase(TestSuiteExecutor.java:160)
	at com.kms.katalon.core.main.TestSuiteExecutor.execute(TestSuiteExecutor.java:107)
	at com.kms.katalon.core.main.TestCaseMain.startTestSuite(TestCaseMain.java:180)
	at TempTestSuite1748375137835.run(TempTestSuite1748375137835.groovy:35)
	at java.base/jdk.internal.reflect.NativeMethodAccessorImpl.invoke0(Native Method)
	at java.base/jdk.internal.reflect.NativeMethodAccessorImpl.invoke(NativeMethodAccessorImpl.java:77)
	at java.base/jdk.internal.reflect.DelegatingMethodAccessorImpl.invoke(DelegatingMethodAccessorImpl.java:43)
Caused by: com.kms.katalon.core.webui.exception.WebElementNotFoundException: Web element with id: 'Object Repository/Page_Tickets/div_Confirm Duplicate Purchase' located by '//div[@id='root']/div/div/div/div[4]/div[2]/div[3]/div' not found
	at com.kms.katalon.core.webui.common.WebUiCommonHelper.findWebElement(WebUiCommonHelper.java:1457)
	at com.kms.katalon.core.webui.keyword.internal.WebUIAbstractKeyword.findWebElement(WebUIAbstractKeyword.groovy:27)
	at com.kms.katalon.core.webui.keyword.builtin.ClickKeyword$_click_closure1.doCall(ClickKeyword.groovy:66)
	at com.kms.katalon.core.webui.keyword.builtin.ClickKeyword$_click_closure1.call(ClickKeyword.groovy)
	at com.kms.katalon.core.webui.keyword.internal.WebUIKeywordMain.runKeyword(WebUIKeywordMain.groovy:35)
	at com.kms.katalon.core.webui.keyword.builtin.ClickKeyword.click(ClickKeyword.groovy:75)
	at com.kms.katalon.core.webui.keyword.builtin.ClickKeyword.execute(ClickKeyword.groovy:40)
	at com.kms.katalon.core.keyword.internal.KeywordExecutor.executeKeywordForPlatform(KeywordExecutor.groovy:74)
	at com.kms.katalon.core.webui.keyword.WebUiBuiltInKeywords.click(WebUiBuiltInKeywords.groovy:684)
	at Script1747940089081.run(Script1747940089081.groovy:70)
	... 15 more
)

27-05-2025T22:46:34 - [MESSAGE][INFO] - Unable to find the element located by 'By.xpath: //div[@id='root']/div/div/div/div[4]/div[2]/div[3]/div'. Please recheck the objects properties to make sure the desired element is located. 

27-05-2025T22:46:35 - [MESSAGE][WARNING] - Unable to click on object 'Object Repository/Page_Tickets/div_Confirm Duplicate Purchase' (Root cause: com.kms.katalon.core.exception.StepFailedException: Unable to click on object 'Object Repository/Page_Tickets/div_Confirm Duplicate Purchase'
	at com.kms.katalon.core.webui.keyword.internal.WebUIKeywordMain.stepFailed(WebUIKeywordMain.groovy:117)
	at com.kms.katalon.core.webui.keyword.internal.WebUIKeywordMain.runKeyword(WebUIKeywordMain.groovy:43)
	at com.kms.katalon.core.webui.keyword.builtin.ClickKeyword.click(ClickKeyword.groovy:75)
	at com.kms.katalon.core.webui.keyword.builtin.ClickKeyword.execute(ClickKeyword.groovy:40)
	at com.kms.katalon.core.keyword.internal.KeywordExecutor.executeKeywordForPlatform(KeywordExecutor.groovy:74)
	at com.kms.katalon.core.webui.keyword.WebUiBuiltInKeywords.click(WebUiBuiltInKeywords.groovy:684)
	at Ticket Payment for refund.run(Ticket Payment for refund:70)
	at com.kms.katalon.core.main.ScriptEngine.run(ScriptEngine.java:194)
	at com.kms.katalon.core.main.ScriptEngine.runScriptAsRawText(ScriptEngine.java:119)
	at com.kms.katalon.core.main.TestCaseExecutor.runScript(TestCaseExecutor.java:448)
	at com.kms.katalon.core.main.TestCaseExecutor.doExecute(TestCaseExecutor.java:439)
	at com.kms.katalon.core.main.TestCaseExecutor.processExecutionPhase(TestCaseExecutor.java:418)
	at com.kms.katalon.core.main.TestCaseExecutor.accessMainPhase(TestCaseExecutor.java:410)
	at com.kms.katalon.core.main.TestCaseExecutor.execute(TestCaseExecutor.java:285)
	at com.kms.katalon.core.common.CommonExecutor.accessTestCaseMainPhase(CommonExecutor.java:71)
	at com.kms.katalon.core.main.TestSuiteExecutor.accessTestSuiteMainPhase(TestSuiteExecutor.java:160)
	at com.kms.katalon.core.main.TestSuiteExecutor.execute(TestSuiteExecutor.java:107)
	at com.kms.katalon.core.main.TestCaseMain.startTestSuite(TestCaseMain.java:180)
	at TempTestSuite1748375137835.run(TempTestSuite1748375137835.groovy:35)
	at java.base/jdk.internal.reflect.NativeMethodAccessorImpl.invoke0(Native Method)
	at java.base/jdk.internal.reflect.NativeMethodAccessorImpl.invoke(NativeMethodAccessorImpl.java:77)
	at java.base/jdk.internal.reflect.DelegatingMethodAccessorImpl.invoke(DelegatingMethodAccessorImpl.java:43)
Caused by: com.kms.katalon.core.webui.exception.WebElementNotFoundException: Web element with id: 'Object Repository/Page_Tickets/div_Confirm Duplicate Purchase' located by '//div[@id='root']/div/div/div/div[4]/div[2]/div[3]/div' not found
	at com.kms.katalon.core.webui.common.WebUiCommonHelper.findWebElement(WebUiCommonHelper.java:1457)
	at com.kms.katalon.core.webui.keyword.internal.WebUIAbstractKeyword.findWebElement(WebUIAbstractKeyword.groovy:27)
	at com.kms.katalon.core.webui.keyword.builtin.ClickKeyword$_click_closure1.doCall(ClickKeyword.groovy:66)
	at com.kms.katalon.core.webui.keyword.builtin.ClickKeyword$_click_closure1.call(ClickKeyword.groovy)
	at com.kms.katalon.core.webui.keyword.internal.WebUIKeywordMain.runKeyword(WebUIKeywordMain.groovy:35)
	at com.kms.katalon.core.webui.keyword.builtin.ClickKeyword.click(ClickKeyword.groovy:75)
	at com.kms.katalon.core.webui.keyword.builtin.ClickKeyword.execute(ClickKeyword.groovy:40)
	at com.kms.katalon.core.keyword.internal.KeywordExecutor.executeKeywordForPlatform(KeywordExecutor.groovy:74)
	at com.kms.katalon.core.webui.keyword.WebUiBuiltInKeywords.click(WebUiBuiltInKeywords.groovy:684)
	at Script1747940089081.run(Script1747940089081.groovy:70)
	... 15 more
)
[[ATTACHMENT|C:\\Users\\LENOVO\\git\\SportWrench\\Reports\\20250527_224537\\Ticket Refunds\\20250527_224537\\1748375194979.png]]

27-05-2025T22:46:35 - [TEST_STEP][PASSED] - verifyElementPresent(findTestObject("Additional data for ticket puchase/Page_Tickets/div_Successful Payment"), 0): Object 'Object Repository/Additional data for ticket puchase/Page_Tickets/div_Successful Payment' is present

27-05-2025T22:46:35 - [MESSAGE][WARNING] - Timeout '0' is invalid. Using default page load timeout: '30'

27-05-2025T22:46:35 - [MESSAGE][PASSED] - Object 'Object Repository/Additional data for ticket puchase/Page_Tickets/div_Successful Payment' is present

27-05-2025T22:46:35 - [TEST_STEP][PASSED] - verifyElementPresent(findTestObject("Additional data for ticket puchase/Page_Tickets/div_1 Daily Passes to 123Test Event"), 0): Object 'Object Repository/Additional data for ticket puchase/Page_Tickets/div_1 Daily Passes to 123Test Event' is present

27-05-2025T22:46:35 - [MESSAGE][WARNING] - Timeout '0' is invalid. Using default page load timeout: '30'

27-05-2025T22:46:35 - [MESSAGE][PASSED] - Object 'Object Repository/Additional data for ticket puchase/Page_Tickets/div_1 Daily Passes to 123Test Event' is present

27-05-2025T22:46:35 - [TEST_STEP][PASSED] - verifyElementPresent(findTestObject("Additional data for ticket puchase/Page_Tickets/div_Payment of 10.00 was successful. A link_c703ef"), 0): Object 'Object Repository/Additional data for ticket puchase/Page_Tickets/div_Payment of 10.00 was successful. A link_c703ef' is present

27-05-2025T22:46:35 - [MESSAGE][WARNING] - Timeout '0' is invalid. Using default page load timeout: '30'

27-05-2025T22:46:35 - [MESSAGE][PASSED] - Object 'Object Repository/Additional data for ticket puchase/Page_Tickets/div_Payment of 10.00 was successful. A link_c703ef' is present

27-05-2025T22:46:35 - [TEST_STEP][PASSED] - delay(3): Delayed 3 second(s)

27-05-2025T22:46:38 - [MESSAGE][PASSED] - Delayed 3 second(s)

27-05-2025T22:46:38 - [TEST_STEP][PASSED] - closeBrowser(): Browser is closed

27-05-2025T22:46:39 - [MESSAGE][PASSED] - Browser is closed]]></system-out>
         <system-err><![CDATA[]]></system-err>
      </testcase>
      <testcase name="Test Cases/111Ticket refund/Partial Ticket Refund" time="38.639" classname="Test Cases/111Ticket refund/Partial Ticket Refund" status="PASSED">
         <system-out><![CDATA[27-05-2025T22:46:39 - [TEST_CASE][PASSED] - Test Cases/111Ticket refund/Partial Ticket Refund: Test Cases/111Ticket refund/Partial Ticket Refund

27-05-2025T22:46:39 - [TEST_STEP][PASSED] - openBrowser("http://USAV:demo@dev.swstage.com/ "): Browser is opened with url: 'http://USAV:demo@dev.swstage.com/ '

27-05-2025T22:46:39 - [MESSAGE][INFO] - Starting 'Chrome' driver

27-05-2025T22:46:39 - [MESSAGE][INFO] - Action delay is set to 0 milliseconds

27-05-2025T22:46:43 - [MESSAGE][PASSED] - Browser is opened with url: 'http://USAV:demo@dev.swstage.com/ '

27-05-2025T22:46:43 - [TEST_STEP][PASSED] - navigateToUrl("http://USAV:demo@my.dev.swstage.com/#/"): Navigate to 'http://USAV:demo@my.dev.swstage.com/#/' successfully

27-05-2025T22:46:46 - [MESSAGE][PASSED] - Navigate to 'http://USAV:demo@my.dev.swstage.com/#/' successfully

27-05-2025T22:46:46 - [TEST_STEP][PASSED] - maximizeWindow(): Current window maximized

27-05-2025T22:46:46 - [MESSAGE][PASSED] - Current window maximized

27-05-2025T22:46:46 - [TEST_STEP][PASSED] - setText(findTestObject("Object Repository/Partial Ticket Refund/Page_SportWrench - The Home of Sporting Events/input_Log In_email"), "dcgfcgchfhgvhv@gmail.com"): Text 'dcgfcgchfhgvhv@gmail.com' is set on object 'Object Repository/Partial Ticket Refund/Page_SportWrench - The Home of Sporting Events/input_Log In_email'

27-05-2025T22:46:46 - [MESSAGE][PASSED] - Text 'dcgfcgchfhgvhv@gmail.com' is set on object 'Object Repository/Partial Ticket Refund/Page_SportWrench - The Home of Sporting Events/input_Log In_email'

27-05-2025T22:46:46 - [TEST_STEP][PASSED] - setEncryptedText(findTestObject("Object Repository/Partial Ticket Refund/Page_SportWrench - The Home of Sporting Events/input_false_password"), "ugkk24xDMrWrlVpEbACuNZEQlZ6qfcdw"): Text ****** has been set on object 'Object Repository/Partial Ticket Refund/Page_SportWrench - The Home of Sporting Events/input_false_password'

27-05-2025T22:46:47 - [MESSAGE][PASSED] - Text ****** has been set on object 'Object Repository/Partial Ticket Refund/Page_SportWrench - The Home of Sporting Events/input_false_password'

27-05-2025T22:46:47 - [TEST_STEP][PASSED] - click(findTestObject("Object Repository/Partial Ticket Refund/Page_SportWrench - The Home of Sporting Events/button_Log In")): Object: 'Object Repository/Partial Ticket Refund/Page_SportWrench - The Home of Sporting Events/button_Log In' is clicked on

27-05-2025T22:46:47 - [MESSAGE][PASSED] - Object: 'Object Repository/Partial Ticket Refund/Page_SportWrench - The Home of Sporting Events/button_Log In' is clicked on

27-05-2025T22:46:47 - [TEST_STEP][PASSED] - setText(findTestObject("Object Repository/Partial Ticket Refund/Page_SportWrench - The Home of Sporting Events/input_Other Events_searchbox"), "[AUTOTESTS] Tickets refunds (do not touch!)"): Text '[AUTOTESTS] Tickets refunds (do not touch!)' is set on object 'Object Repository/Partial Ticket Refund/Page_SportWrench - The Home of Sporting Events/input_Other Events_searchbox'

27-05-2025T22:46:54 - [MESSAGE][PASSED] - Text '[AUTOTESTS] Tickets refunds (do not touch!)' is set on object 'Object Repository/Partial Ticket Refund/Page_SportWrench - The Home of Sporting Events/input_Other Events_searchbox'

27-05-2025T22:46:54 - [TEST_STEP][PASSED] - click(findTestObject("Object Repository/Partial Ticket Refund/Page_SportWrench - The Home of Sporting Events/a_AUTOTESTS Tickets refunds (do not touch)")): Object: 'Object Repository/Partial Ticket Refund/Page_SportWrench - The Home of Sporting Events/a_AUTOTESTS Tickets refunds (do not touch)' is clicked on

27-05-2025T22:46:55 - [MESSAGE][PASSED] - Object: 'Object Repository/Partial Ticket Refund/Page_SportWrench - The Home of Sporting Events/a_AUTOTESTS Tickets refunds (do not touch)' is clicked on

27-05-2025T22:46:55 - [TEST_STEP][PASSED] - click(findTestObject("Object Repository/Partial Ticket Refund/Page_SportWrench - The Home of Sporting Events/a_Tickets")): Object: 'Object Repository/Partial Ticket Refund/Page_SportWrench - The Home of Sporting Events/a_Tickets' is clicked on

27-05-2025T22:46:55 - [MESSAGE][PASSED] - Object: 'Object Repository/Partial Ticket Refund/Page_SportWrench - The Home of Sporting Events/a_Tickets' is clicked on

27-05-2025T22:46:55 - [TEST_STEP][PASSED] - click(findTestObject("Object Repository/Partial Ticket Refund/Page_SportWrench - The Home of Sporting Events/a_Payments List")): Object: 'Object Repository/Partial Ticket Refund/Page_SportWrench - The Home of Sporting Events/a_Payments List' is clicked on

27-05-2025T22:46:55 - [MESSAGE][PASSED] - Object: 'Object Repository/Partial Ticket Refund/Page_SportWrench - The Home of Sporting Events/a_Payments List' is clicked on

27-05-2025T22:46:55 - [TEST_STEP][PASSED] - click(findTestObject("Object Repository/Partial Ticket Refund/Page_SportWrench - The Home of Sporting Events/td_11949")): Object: 'Object Repository/Partial Ticket Refund/Page_SportWrench - The Home of Sporting Events/td_11949' is clicked on

27-05-2025T22:46:57 - [MESSAGE][PASSED] - Object: 'Object Repository/Partial Ticket Refund/Page_SportWrench - The Home of Sporting Events/td_11949' is clicked on

27-05-2025T22:46:57 - [TEST_STEP][PASSED] - click(findTestObject("Object Repository/Partial Ticket Refund/Page_SportWrench - The Home of Sporting Events/button_Refund")): Object: 'Object Repository/Partial Ticket Refund/Page_SportWrench - The Home of Sporting Events/button_Refund' is clicked on

27-05-2025T22:46:58 - [MESSAGE][PASSED] - Object: 'Object Repository/Partial Ticket Refund/Page_SportWrench - The Home of Sporting Events/button_Refund' is clicked on

27-05-2025T22:46:58 - [TEST_STEP][PASSED] - enhancedClick(findTestObject("Object Repository/Partial Ticket Refund/Page_SportWrench - The Home of Sporting Events/a_Partial Refund")): Object: 'Object Repository/Partial Ticket Refund/Page_SportWrench - The Home of Sporting Events/a_Partial Refund' is clicked on

27-05-2025T22:46:58 - [MESSAGE][PASSED] - Object: 'Object Repository/Partial Ticket Refund/Page_SportWrench - The Home of Sporting Events/a_Partial Refund' is clicked on

27-05-2025T22:46:58 - [TEST_STEP][PASSED] - setText(findTestObject("Object Repository/Partial Ticket Refund/Page_SportWrench - The Home of Sporting Events/input_Discount_form-control form-control-in_cd2c09"), "10"): Text '10' is set on object 'Object Repository/Partial Ticket Refund/Page_SportWrench - The Home of Sporting Events/input_Discount_form-control form-control-in_cd2c09'

27-05-2025T22:46:59 - [MESSAGE][PASSED] - Text '10' is set on object 'Object Repository/Partial Ticket Refund/Page_SportWrench - The Home of Sporting Events/input_Discount_form-control form-control-in_cd2c09'

27-05-2025T22:46:59 - [TEST_STEP][PASSED] - click(findTestObject("Object Repository/Partial Ticket Refund/Page_SportWrench - The Home of Sporting Events/button_Save")): Object: 'Object Repository/Partial Ticket Refund/Page_SportWrench - The Home of Sporting Events/button_Save' is clicked on

27-05-2025T22:46:59 - [MESSAGE][PASSED] - Object: 'Object Repository/Partial Ticket Refund/Page_SportWrench - The Home of Sporting Events/button_Save' is clicked on

27-05-2025T22:46:59 - [TEST_STEP][PASSED] - click(findTestObject("Object Repository/Partial Ticket Refund/Page_SportWrench - The Home of Sporting Events/button_Close")): Object: 'Object Repository/Partial Ticket Refund/Page_SportWrench - The Home of Sporting Events/button_Close' is clicked on

27-05-2025T22:47:04 - [MESSAGE][PASSED] - Object: 'Object Repository/Partial Ticket Refund/Page_SportWrench - The Home of Sporting Events/button_Close' is clicked on

27-05-2025T22:47:04 - [TEST_STEP][PASSED] - click(findTestObject("Object Repository/Partial Ticket Refund/Page_SportWrench - The Home of Sporting Events/a_Accounting")): Object: 'Object Repository/Partial Ticket Refund/Page_SportWrench - The Home of Sporting Events/a_Accounting' is clicked on

27-05-2025T22:47:05 - [MESSAGE][PASSED] - Object: 'Object Repository/Partial Ticket Refund/Page_SportWrench - The Home of Sporting Events/a_Accounting' is clicked on

27-05-2025T22:47:05 - [TEST_STEP][PASSED] - click(findTestObject("Object Repository/Partial Ticket Refund/Page_SportWrench - The Home of Sporting Events/div_10.00")): Object: 'Object Repository/Partial Ticket Refund/Page_SportWrench - The Home of Sporting Events/div_10.00' is clicked on

27-05-2025T22:47:06 - [MESSAGE][PASSED] - Object: 'Object Repository/Partial Ticket Refund/Page_SportWrench - The Home of Sporting Events/div_10.00' is clicked on

27-05-2025T22:47:06 - [TEST_STEP][PASSED] - click(findTestObject("Object Repository/Partial Ticket Refund/Page_SportWrench - The Home of Sporting Events/div_10.00_1")): Object: 'Object Repository/Partial Ticket Refund/Page_SportWrench - The Home of Sporting Events/div_10.00_1' is clicked on

27-05-2025T22:47:06 - [MESSAGE][PASSED] - Object: 'Object Repository/Partial Ticket Refund/Page_SportWrench - The Home of Sporting Events/div_10.00_1' is clicked on

27-05-2025T22:47:06 - [TEST_STEP][PASSED] - click(findTestObject("Object Repository/Partial Ticket Refund/Page_SportWrench - The Home of Sporting Events/div_0.59")): Object: 'Object Repository/Partial Ticket Refund/Page_SportWrench - The Home of Sporting Events/div_0.59' is clicked on

27-05-2025T22:47:06 - [MESSAGE][PASSED] - Object: 'Object Repository/Partial Ticket Refund/Page_SportWrench - The Home of Sporting Events/div_0.59' is clicked on

27-05-2025T22:47:06 - [TEST_STEP][PASSED] - click(findTestObject("Object Repository/Partial Ticket Refund/Page_SportWrench - The Home of Sporting Events/div_1.10")): Object: 'Object Repository/Partial Ticket Refund/Page_SportWrench - The Home of Sporting Events/div_1.10' is clicked on

27-05-2025T22:47:07 - [MESSAGE][PASSED] - Object: 'Object Repository/Partial Ticket Refund/Page_SportWrench - The Home of Sporting Events/div_1.10' is clicked on

27-05-2025T22:47:07 - [TEST_STEP][PASSED] - click(findTestObject("Object Repository/Partial Ticket Refund/Page_SportWrench - The Home of Sporting Events/div_8.31")): Object: 'Object Repository/Partial Ticket Refund/Page_SportWrench - The Home of Sporting Events/div_8.31' is clicked on

27-05-2025T22:47:07 - [MESSAGE][PASSED] - Object: 'Object Repository/Partial Ticket Refund/Page_SportWrench - The Home of Sporting Events/div_8.31' is clicked on

27-05-2025T22:47:07 - [TEST_STEP][PASSED] - click(findTestObject("Object Repository/Partial Ticket Refund/Page_SportWrench - The Home of Sporting Events/a_Tickets")): Object: 'Object Repository/Partial Ticket Refund/Page_SportWrench - The Home of Sporting Events/a_Tickets' is clicked on

27-05-2025T22:47:07 - [MESSAGE][PASSED] - Object: 'Object Repository/Partial Ticket Refund/Page_SportWrench - The Home of Sporting Events/a_Tickets' is clicked on

27-05-2025T22:47:07 - [TEST_STEP][PASSED] - click(findTestObject("Object Repository/Partial Ticket Refund/Page_SportWrench - The Home of Sporting Events/a_Payments List")): Object: 'Object Repository/Partial Ticket Refund/Page_SportWrench - The Home of Sporting Events/a_Payments List' is clicked on

27-05-2025T22:47:07 - [MESSAGE][PASSED] - Object: 'Object Repository/Partial Ticket Refund/Page_SportWrench - The Home of Sporting Events/a_Payments List' is clicked on

27-05-2025T22:47:07 - [TEST_STEP][PASSED] - click(findTestObject("Object Repository/Partial Ticket Refund/Page_SportWrench - The Home of Sporting Events/td_11949")): Object: 'Object Repository/Partial Ticket Refund/Page_SportWrench - The Home of Sporting Events/td_11949' is clicked on

27-05-2025T22:47:08 - [MESSAGE][PASSED] - Object: 'Object Repository/Partial Ticket Refund/Page_SportWrench - The Home of Sporting Events/td_11949' is clicked on

27-05-2025T22:47:08 - [TEST_STEP][PASSED] - click(findTestObject("Object Repository/Partial Ticket Refund/Page_SportWrench - The Home of Sporting Events/button_Refund")): Object: 'Object Repository/Partial Ticket Refund/Page_SportWrench - The Home of Sporting Events/button_Refund' is clicked on

27-05-2025T22:47:09 - [MESSAGE][PASSED] - Object: 'Object Repository/Partial Ticket Refund/Page_SportWrench - The Home of Sporting Events/button_Refund' is clicked on

27-05-2025T22:47:09 - [TEST_STEP][PASSED] - click(findTestObject("Object Repository/Partial Ticket Refund/Page_SportWrench - The Home of Sporting Events/a_Make A Full Refund")): Object: 'Object Repository/Partial Ticket Refund/Page_SportWrench - The Home of Sporting Events/a_Make A Full Refund' is clicked on

27-05-2025T22:47:09 - [MESSAGE][PASSED] - Object: 'Object Repository/Partial Ticket Refund/Page_SportWrench - The Home of Sporting Events/a_Make A Full Refund' is clicked on

27-05-2025T22:47:09 - [TEST_STEP][PASSED] - click(findTestObject("Object Repository/Partial Ticket Refund/Page_SportWrench - The Home of Sporting Events/button_Yes")): Object: 'Object Repository/Partial Ticket Refund/Page_SportWrench - The Home of Sporting Events/button_Yes' is clicked on

27-05-2025T22:47:10 - [MESSAGE][PASSED] - Object: 'Object Repository/Partial Ticket Refund/Page_SportWrench - The Home of Sporting Events/button_Yes' is clicked on

27-05-2025T22:47:10 - [TEST_STEP][PASSED] - click(findTestObject("Object Repository/Partial Ticket Refund/Page_SportWrench - The Home of Sporting Events/button_Close")): Object: 'Object Repository/Partial Ticket Refund/Page_SportWrench - The Home of Sporting Events/button_Close' is clicked on

27-05-2025T22:47:15 - [MESSAGE][PASSED] - Object: 'Object Repository/Partial Ticket Refund/Page_SportWrench - The Home of Sporting Events/button_Close' is clicked on

27-05-2025T22:47:15 - [TEST_STEP][PASSED] - click(findTestObject("Object Repository/Partial Ticket Refund/Page_SportWrench - The Home of Sporting Events/a_Accounting")): Object: 'Object Repository/Partial Ticket Refund/Page_SportWrench - The Home of Sporting Events/a_Accounting' is clicked on

27-05-2025T22:47:16 - [MESSAGE][PASSED] - Object: 'Object Repository/Partial Ticket Refund/Page_SportWrench - The Home of Sporting Events/a_Accounting' is clicked on

27-05-2025T22:47:16 - [TEST_STEP][PASSED] - click(findTestObject("Object Repository/Partial Ticket Refund/Page_SportWrench - The Home of Sporting Events/div_0.00")): Object: 'Object Repository/Partial Ticket Refund/Page_SportWrench - The Home of Sporting Events/div_0.00' is clicked on

27-05-2025T22:47:17 - [MESSAGE][PASSED] - Object: 'Object Repository/Partial Ticket Refund/Page_SportWrench - The Home of Sporting Events/div_0.00' is clicked on

27-05-2025T22:47:17 - [TEST_STEP][PASSED] - closeBrowser(): Browser is closed

27-05-2025T22:47:17 - [MESSAGE][PASSED] - Browser is closed]]></system-out>
         <system-err><![CDATA[]]></system-err>
      </testcase>
      <testcase name="Test Cases/111Ticket refund/Ticket Payment for refund" time="54.661" classname="Test Cases/111Ticket refund/Ticket Payment for refund" status="PASSED">
         <system-out><![CDATA[27-05-2025T22:47:17 - [TEST_CASE][PASSED] - Test Cases/111Ticket refund/Ticket Payment for refund: Test Cases/111Ticket refund/Ticket Payment for refund

27-05-2025T22:47:17 - [TEST_STEP][PASSED] - openBrowser("http://USAV:demo@dev.swstage.com/"): Browser is opened with url: 'http://USAV:demo@dev.swstage.com/'

27-05-2025T22:47:17 - [MESSAGE][INFO] - Starting 'Chrome' driver

27-05-2025T22:47:17 - [MESSAGE][INFO] - Action delay is set to 0 milliseconds

27-05-2025T22:47:21 - [MESSAGE][PASSED] - Browser is opened with url: 'http://USAV:demo@dev.swstage.com/'

27-05-2025T22:47:21 - [TEST_STEP][PASSED] - navigateToUrl("http://USAV:demo@tickets-dev.swstage.com/"): Navigate to 'http://USAV:demo@tickets-dev.swstage.com/' successfully

27-05-2025T22:47:22 - [MESSAGE][PASSED] - Navigate to 'http://USAV:demo@tickets-dev.swstage.com/' successfully

27-05-2025T22:47:22 - [TEST_STEP][PASSED] - maximizeWindow(): Current window maximized

27-05-2025T22:47:23 - [MESSAGE][PASSED] - Current window maximized

27-05-2025T22:47:23 - [TEST_STEP][PASSED] - setText(findTestObject("Object Repository/Ticket purchase/Page_SW  Tickets/input_Available Events_form-control ng-pris_aaf354"), "[AUTOTESTS] Tickets refunds (do not touch!)"): Text '[AUTOTESTS] Tickets refunds (do not touch!)' is set on object 'Object Repository/Ticket purchase/Page_SW  Tickets/input_Available Events_form-control ng-pris_aaf354'

27-05-2025T22:47:24 - [MESSAGE][PASSED] - Text '[AUTOTESTS] Tickets refunds (do not touch!)' is set on object 'Object Repository/Ticket purchase/Page_SW  Tickets/input_Available Events_form-control ng-pris_aaf354'

27-05-2025T22:47:24 - [TEST_STEP][PASSED] - click(findTestObject("Spy Web/Page_SportWrench - The Home of Sporting Events/Page_SW  Tickets/b_AUTOTESTS Tickets refunds (do not touch)")): Object: 'Object Repository/Spy Web/Page_SportWrench - The Home of Sporting Events/Page_SW  Tickets/b_AUTOTESTS Tickets refunds (do not touch)' is clicked on

27-05-2025T22:47:27 - [MESSAGE][PASSED] - Object: 'Object Repository/Spy Web/Page_SportWrench - The Home of Sporting Events/Page_SW  Tickets/b_AUTOTESTS Tickets refunds (do not touch)' is clicked on

27-05-2025T22:47:27 - [TEST_STEP][PASSED] - click(findTestObject("Object Repository/Ticket payment 1111111111111/Page_Tickets/div_None")): Object: 'Object Repository/Ticket payment 1111111111111/Page_Tickets/div_None' is clicked on

27-05-2025T22:47:27 - [MESSAGE][PASSED] - Object: 'Object Repository/Ticket payment 1111111111111/Page_Tickets/div_None' is clicked on

27-05-2025T22:47:27 - [TEST_STEP][PASSED] - click(findTestObject("Object Repository/Ticket payment 1111111111111/Page_Tickets/div_1")): Object: 'Object Repository/Ticket payment 1111111111111/Page_Tickets/div_1' is clicked on

27-05-2025T22:47:27 - [MESSAGE][PASSED] - Object: 'Object Repository/Ticket payment 1111111111111/Page_Tickets/div_1' is clicked on

27-05-2025T22:47:27 - [TEST_STEP][PASSED] - click(findTestObject("Object Repository/Ticket payment 1111111111111/Page_Tickets/div_Purchaser Info_1")): Object: 'Object Repository/Ticket payment 1111111111111/Page_Tickets/div_Purchaser Info_1' is clicked on

27-05-2025T22:47:28 - [MESSAGE][PASSED] - Object: 'Object Repository/Ticket payment 1111111111111/Page_Tickets/div_Purchaser Info_1' is clicked on

27-05-2025T22:47:28 - [TEST_STEP][PASSED] - click(findTestObject("Object Repository/Ticket payment 1111111111111/Page_Tickets/div_I Agree")): Object: 'Object Repository/Ticket payment 1111111111111/Page_Tickets/div_I Agree' is clicked on

27-05-2025T22:47:28 - [MESSAGE][PASSED] - Object: 'Object Repository/Ticket payment 1111111111111/Page_Tickets/div_I Agree' is clicked on

27-05-2025T22:47:28 - [TEST_STEP][PASSED] - setText(findTestObject("Object Repository/Ticket payment 1111111111111/Page_Tickets/input__purchaserFirst"), "Tara"): Text 'Tara' is set on object 'Object Repository/Ticket payment 1111111111111/Page_Tickets/input__purchaserFirst'

27-05-2025T22:47:29 - [MESSAGE][PASSED] - Text 'Tara' is set on object 'Object Repository/Ticket payment 1111111111111/Page_Tickets/input__purchaserFirst'

27-05-2025T22:47:29 - [TEST_STEP][PASSED] - setText(findTestObject("Object Repository/Ticket payment 1111111111111/Page_Tickets/input__purchaserLast"), "Charles"): Text 'Charles' is set on object 'Object Repository/Ticket payment 1111111111111/Page_Tickets/input__purchaserLast'

27-05-2025T22:47:30 - [MESSAGE][PASSED] - Text 'Charles' is set on object 'Object Repository/Ticket payment 1111111111111/Page_Tickets/input__purchaserLast'

27-05-2025T22:47:30 - [TEST_STEP][PASSED] - setText(findTestObject("Object Repository/Ticket payment 1111111111111/Page_Tickets/input__purchaserEmail"), "aaaa@gmail.com"): Text 'aaaa@gmail.com' is set on object 'Object Repository/Ticket payment 1111111111111/Page_Tickets/input__purchaserEmail'

27-05-2025T22:47:31 - [MESSAGE][PASSED] - Text 'aaaa@gmail.com' is set on object 'Object Repository/Ticket payment 1111111111111/Page_Tickets/input__purchaserEmail'

27-05-2025T22:47:31 - [TEST_STEP][PASSED] - executeJavaScript("document.getElementById('purchaserPhone').focus(); document.execCommand('insertText', false, '(111) 111-1111');", null): Execute JavaScript 'document.getElementById('purchaserPhone').focus(); document.execCommand('insertText', false, '(111) 111-1111');' successfully

27-05-2025T22:47:31 - [MESSAGE][PASSED] - Execute JavaScript 'document.getElementById('purchaserPhone').focus(); document.execCommand('insertText', false, '(111) 111-1111');' successfully

27-05-2025T22:47:31 - [TEST_STEP][PASSED] - setText(findTestObject("Object Repository/Ticket payment 1111111111111/Page_Tickets/input__purchaserZipCode"), "11949"): Text '11949' is set on object 'Object Repository/Ticket payment 1111111111111/Page_Tickets/input__purchaserZipCode'

27-05-2025T22:47:31 - [MESSAGE][PASSED] - Text '11949' is set on object 'Object Repository/Ticket payment 1111111111111/Page_Tickets/input__purchaserZipCode'

27-05-2025T22:47:31 - [TEST_STEP][PASSED] - click(findTestObject("Object Repository/Ticket payment 1111111111111/Page_Tickets/div_Daily Passes")): Object: 'Object Repository/Ticket payment 1111111111111/Page_Tickets/div_Daily Passes' is clicked on

27-05-2025T22:47:31 - [MESSAGE][PASSED] - Object: 'Object Repository/Ticket payment 1111111111111/Page_Tickets/div_Daily Passes' is clicked on

27-05-2025T22:47:31 - [TEST_STEP][PASSED] - click(findTestObject("Object Repository/Ticket payment 1111111111111/Page_Tickets/div_I Agree")): Object: 'Object Repository/Ticket payment 1111111111111/Page_Tickets/div_I Agree' is clicked on

27-05-2025T22:47:32 - [MESSAGE][PASSED] - Object: 'Object Repository/Ticket payment 1111111111111/Page_Tickets/div_I Agree' is clicked on

27-05-2025T22:47:32 - [TEST_STEP][PASSED] - click(findTestObject("Object Repository/Ticket payment 1111111111111/Page_Tickets/div_Summary")): Object: 'Object Repository/Ticket payment 1111111111111/Page_Tickets/div_Summary' is clicked on

27-05-2025T22:47:32 - [MESSAGE][PASSED] - Object: 'Object Repository/Ticket payment 1111111111111/Page_Tickets/div_Summary' is clicked on

27-05-2025T22:47:32 - [TEST_STEP][PASSED] - click(findTestObject("Object Repository/Ticket payment 1111111111111/Page_Tickets/div_Payment")): Object: 'Object Repository/Ticket payment 1111111111111/Page_Tickets/div_Payment' is clicked on

27-05-2025T22:47:33 - [MESSAGE][PASSED] - Object: 'Object Repository/Ticket payment 1111111111111/Page_Tickets/div_Payment' is clicked on

27-05-2025T22:47:33 - [TEST_STEP][PASSED] - click(findTestObject("Object Repository/Ticket payment 1111111111111/Page_Tickets/div_Card information")): Object: 'Object Repository/Ticket payment 1111111111111/Page_Tickets/div_Card information' is clicked on

27-05-2025T22:47:33 - [MESSAGE][PASSED] - Object: 'Object Repository/Ticket payment 1111111111111/Page_Tickets/div_Card information' is clicked on

27-05-2025T22:47:33 - [TEST_STEP][PASSED] - setText(findTestObject("Object Repository/Ticket payment 1111111111111/Page_Tickets/input_Number_cardnumber"), "4242424242424242"): Text '4242424242424242' is set on object 'Object Repository/Ticket payment 1111111111111/Page_Tickets/input_Number_cardnumber'

27-05-2025T22:47:34 - [MESSAGE][PASSED] - Text '4242424242424242' is set on object 'Object Repository/Ticket payment 1111111111111/Page_Tickets/input_Number_cardnumber'

27-05-2025T22:47:34 - [TEST_STEP][PASSED] - setText(findTestObject("Object Repository/Ticket payment 1111111111111/Page_Tickets/input_Number_exp-date"), "12 / 25"): Text '12 / 25' is set on object 'Object Repository/Ticket payment 1111111111111/Page_Tickets/input_Number_exp-date'

27-05-2025T22:47:35 - [MESSAGE][PASSED] - Text '12 / 25' is set on object 'Object Repository/Ticket payment 1111111111111/Page_Tickets/input_Number_exp-date'

27-05-2025T22:47:35 - [TEST_STEP][PASSED] - setText(findTestObject("Object Repository/Ticket payment 1111111111111/Page_Tickets/input_Number_cvc"), "454"): Text '454' is set on object 'Object Repository/Ticket payment 1111111111111/Page_Tickets/input_Number_cvc'

27-05-2025T22:47:35 - [MESSAGE][PASSED] - Text '454' is set on object 'Object Repository/Ticket payment 1111111111111/Page_Tickets/input_Number_cvc'

27-05-2025T22:47:35 - [TEST_STEP][PASSED] - click(findTestObject("Object Repository/Ticket payment 1111111111111/Page_Tickets/div_omplete Purchase")): Object: 'Object Repository/Ticket payment 1111111111111/Page_Tickets/div_omplete Purchase' is clicked on

27-05-2025T22:47:35 - [MESSAGE][PASSED] - Object: 'Object Repository/Ticket payment 1111111111111/Page_Tickets/div_omplete Purchase' is clicked on

27-05-2025T22:47:35 - [TEST_STEP][PASSED] - click(findTestObject("Page_Tickets/div_Buy Anyway"), OPTIONAL): Object: 'Object Repository/Page_Tickets/div_Buy Anyway' is clicked on

27-05-2025T22:47:37 - [MESSAGE][PASSED] - Object: 'Object Repository/Page_Tickets/div_Buy Anyway' is clicked on

27-05-2025T22:47:37 - [TEST_STEP][PASSED] - click(findTestObject("Page_Tickets/div_Confirm Duplicate Purchase"), OPTIONAL): Unable to click on object 'Object Repository/Page_Tickets/div_Confirm Duplicate Purchase' (Root cause: com.kms.katalon.core.exception.StepFailedException: Unable to click on object 'Object Repository/Page_Tickets/div_Confirm Duplicate Purchase'
	at com.kms.katalon.core.webui.keyword.internal.WebUIKeywordMain.stepFailed(WebUIKeywordMain.groovy:117)
	at com.kms.katalon.core.webui.keyword.internal.WebUIKeywordMain.runKeyword(WebUIKeywordMain.groovy:43)
	at com.kms.katalon.core.webui.keyword.builtin.ClickKeyword.click(ClickKeyword.groovy:75)
	at com.kms.katalon.core.webui.keyword.builtin.ClickKeyword.execute(ClickKeyword.groovy:40)
	at com.kms.katalon.core.keyword.internal.KeywordExecutor.executeKeywordForPlatform(KeywordExecutor.groovy:74)
	at com.kms.katalon.core.webui.keyword.WebUiBuiltInKeywords.click(WebUiBuiltInKeywords.groovy:684)
	at Ticket Payment for refund.run(Ticket Payment for refund:70)
	at com.kms.katalon.core.main.ScriptEngine.run(ScriptEngine.java:194)
	at com.kms.katalon.core.main.ScriptEngine.runScriptAsRawText(ScriptEngine.java:119)
	at com.kms.katalon.core.main.TestCaseExecutor.runScript(TestCaseExecutor.java:448)
	at com.kms.katalon.core.main.TestCaseExecutor.doExecute(TestCaseExecutor.java:439)
	at com.kms.katalon.core.main.TestCaseExecutor.processExecutionPhase(TestCaseExecutor.java:418)
	at com.kms.katalon.core.main.TestCaseExecutor.accessMainPhase(TestCaseExecutor.java:410)
	at com.kms.katalon.core.main.TestCaseExecutor.execute(TestCaseExecutor.java:285)
	at com.kms.katalon.core.common.CommonExecutor.accessTestCaseMainPhase(CommonExecutor.java:71)
	at com.kms.katalon.core.main.TestSuiteExecutor.accessTestSuiteMainPhase(TestSuiteExecutor.java:160)
	at com.kms.katalon.core.main.TestSuiteExecutor.execute(TestSuiteExecutor.java:107)
	at com.kms.katalon.core.main.TestCaseMain.startTestSuite(TestCaseMain.java:180)
	at TempTestSuite1748375137835.run(TempTestSuite1748375137835.groovy:35)
	at java.base/jdk.internal.reflect.NativeMethodAccessorImpl.invoke0(Native Method)
	at java.base/jdk.internal.reflect.NativeMethodAccessorImpl.invoke(NativeMethodAccessorImpl.java:77)
	at java.base/jdk.internal.reflect.DelegatingMethodAccessorImpl.invoke(DelegatingMethodAccessorImpl.java:43)
Caused by: com.kms.katalon.core.webui.exception.WebElementNotFoundException: Web element with id: 'Object Repository/Page_Tickets/div_Confirm Duplicate Purchase' located by '//div[@id='root']/div/div/div/div[4]/div[2]/div[3]/div' not found
	at com.kms.katalon.core.webui.common.WebUiCommonHelper.findWebElement(WebUiCommonHelper.java:1457)
	at com.kms.katalon.core.webui.keyword.internal.WebUIAbstractKeyword.findWebElement(WebUIAbstractKeyword.groovy:27)
	at com.kms.katalon.core.webui.keyword.builtin.ClickKeyword$_click_closure1.doCall(ClickKeyword.groovy:66)
	at com.kms.katalon.core.webui.keyword.builtin.ClickKeyword$_click_closure1.call(ClickKeyword.groovy)
	at com.kms.katalon.core.webui.keyword.internal.WebUIKeywordMain.runKeyword(WebUIKeywordMain.groovy:35)
	at com.kms.katalon.core.webui.keyword.builtin.ClickKeyword.click(ClickKeyword.groovy:75)
	at com.kms.katalon.core.webui.keyword.builtin.ClickKeyword.execute(ClickKeyword.groovy:40)
	at com.kms.katalon.core.keyword.internal.KeywordExecutor.executeKeywordForPlatform(KeywordExecutor.groovy:74)
	at com.kms.katalon.core.webui.keyword.WebUiBuiltInKeywords.click(WebUiBuiltInKeywords.groovy:684)
	at Script1747940089081.run(Script1747940089081.groovy:70)
	... 15 more
)

27-05-2025T22:48:08 - [MESSAGE][INFO] - Unable to find the element located by 'By.xpath: //div[@id='root']/div/div/div/div[4]/div[2]/div[3]/div'. Please recheck the objects properties to make sure the desired element is located. 

27-05-2025T22:48:08 - [MESSAGE][WARNING] - Unable to click on object 'Object Repository/Page_Tickets/div_Confirm Duplicate Purchase' (Root cause: com.kms.katalon.core.exception.StepFailedException: Unable to click on object 'Object Repository/Page_Tickets/div_Confirm Duplicate Purchase'
	at com.kms.katalon.core.webui.keyword.internal.WebUIKeywordMain.stepFailed(WebUIKeywordMain.groovy:117)
	at com.kms.katalon.core.webui.keyword.internal.WebUIKeywordMain.runKeyword(WebUIKeywordMain.groovy:43)
	at com.kms.katalon.core.webui.keyword.builtin.ClickKeyword.click(ClickKeyword.groovy:75)
	at com.kms.katalon.core.webui.keyword.builtin.ClickKeyword.execute(ClickKeyword.groovy:40)
	at com.kms.katalon.core.keyword.internal.KeywordExecutor.executeKeywordForPlatform(KeywordExecutor.groovy:74)
	at com.kms.katalon.core.webui.keyword.WebUiBuiltInKeywords.click(WebUiBuiltInKeywords.groovy:684)
	at Ticket Payment for refund.run(Ticket Payment for refund:70)
	at com.kms.katalon.core.main.ScriptEngine.run(ScriptEngine.java:194)
	at com.kms.katalon.core.main.ScriptEngine.runScriptAsRawText(ScriptEngine.java:119)
	at com.kms.katalon.core.main.TestCaseExecutor.runScript(TestCaseExecutor.java:448)
	at com.kms.katalon.core.main.TestCaseExecutor.doExecute(TestCaseExecutor.java:439)
	at com.kms.katalon.core.main.TestCaseExecutor.processExecutionPhase(TestCaseExecutor.java:418)
	at com.kms.katalon.core.main.TestCaseExecutor.accessMainPhase(TestCaseExecutor.java:410)
	at com.kms.katalon.core.main.TestCaseExecutor.execute(TestCaseExecutor.java:285)
	at com.kms.katalon.core.common.CommonExecutor.accessTestCaseMainPhase(CommonExecutor.java:71)
	at com.kms.katalon.core.main.TestSuiteExecutor.accessTestSuiteMainPhase(TestSuiteExecutor.java:160)
	at com.kms.katalon.core.main.TestSuiteExecutor.execute(TestSuiteExecutor.java:107)
	at com.kms.katalon.core.main.TestCaseMain.startTestSuite(TestCaseMain.java:180)
	at TempTestSuite1748375137835.run(TempTestSuite1748375137835.groovy:35)
	at java.base/jdk.internal.reflect.NativeMethodAccessorImpl.invoke0(Native Method)
	at java.base/jdk.internal.reflect.NativeMethodAccessorImpl.invoke(NativeMethodAccessorImpl.java:77)
	at java.base/jdk.internal.reflect.DelegatingMethodAccessorImpl.invoke(DelegatingMethodAccessorImpl.java:43)
Caused by: com.kms.katalon.core.webui.exception.WebElementNotFoundException: Web element with id: 'Object Repository/Page_Tickets/div_Confirm Duplicate Purchase' located by '//div[@id='root']/div/div/div/div[4]/div[2]/div[3]/div' not found
	at com.kms.katalon.core.webui.common.WebUiCommonHelper.findWebElement(WebUiCommonHelper.java:1457)
	at com.kms.katalon.core.webui.keyword.internal.WebUIAbstractKeyword.findWebElement(WebUIAbstractKeyword.groovy:27)
	at com.kms.katalon.core.webui.keyword.builtin.ClickKeyword$_click_closure1.doCall(ClickKeyword.groovy:66)
	at com.kms.katalon.core.webui.keyword.builtin.ClickKeyword$_click_closure1.call(ClickKeyword.groovy)
	at com.kms.katalon.core.webui.keyword.internal.WebUIKeywordMain.runKeyword(WebUIKeywordMain.groovy:35)
	at com.kms.katalon.core.webui.keyword.builtin.ClickKeyword.click(ClickKeyword.groovy:75)
	at com.kms.katalon.core.webui.keyword.builtin.ClickKeyword.execute(ClickKeyword.groovy:40)
	at com.kms.katalon.core.keyword.internal.KeywordExecutor.executeKeywordForPlatform(KeywordExecutor.groovy:74)
	at com.kms.katalon.core.webui.keyword.WebUiBuiltInKeywords.click(WebUiBuiltInKeywords.groovy:684)
	at Script1747940089081.run(Script1747940089081.groovy:70)
	... 15 more
)
[[ATTACHMENT|C:\\Users\\LENOVO\\git\\SportWrench\\Reports\\20250527_224537\\Ticket Refunds\\20250527_224537\\1748375288365.png]]

27-05-2025T22:48:08 - [TEST_STEP][PASSED] - verifyElementPresent(findTestObject("Additional data for ticket puchase/Page_Tickets/div_Successful Payment"), 0): Object 'Object Repository/Additional data for ticket puchase/Page_Tickets/div_Successful Payment' is present

27-05-2025T22:48:08 - [MESSAGE][WARNING] - Timeout '0' is invalid. Using default page load timeout: '30'

27-05-2025T22:48:08 - [MESSAGE][PASSED] - Object 'Object Repository/Additional data for ticket puchase/Page_Tickets/div_Successful Payment' is present

27-05-2025T22:48:08 - [TEST_STEP][PASSED] - verifyElementPresent(findTestObject("Additional data for ticket puchase/Page_Tickets/div_1 Daily Passes to 123Test Event"), 0): Object 'Object Repository/Additional data for ticket puchase/Page_Tickets/div_1 Daily Passes to 123Test Event' is present

27-05-2025T22:48:08 - [MESSAGE][WARNING] - Timeout '0' is invalid. Using default page load timeout: '30'

27-05-2025T22:48:08 - [MESSAGE][PASSED] - Object 'Object Repository/Additional data for ticket puchase/Page_Tickets/div_1 Daily Passes to 123Test Event' is present

27-05-2025T22:48:08 - [TEST_STEP][PASSED] - verifyElementPresent(findTestObject("Additional data for ticket puchase/Page_Tickets/div_Payment of 10.00 was successful. A link_c703ef"), 0): Object 'Object Repository/Additional data for ticket puchase/Page_Tickets/div_Payment of 10.00 was successful. A link_c703ef' is present

27-05-2025T22:48:08 - [MESSAGE][WARNING] - Timeout '0' is invalid. Using default page load timeout: '30'

27-05-2025T22:48:09 - [MESSAGE][PASSED] - Object 'Object Repository/Additional data for ticket puchase/Page_Tickets/div_Payment of 10.00 was successful. A link_c703ef' is present

27-05-2025T22:48:09 - [TEST_STEP][PASSED] - delay(3): Delayed 3 second(s)

27-05-2025T22:48:12 - [MESSAGE][PASSED] - Delayed 3 second(s)

27-05-2025T22:48:12 - [TEST_STEP][PASSED] - closeBrowser(): Browser is closed

27-05-2025T22:48:12 - [MESSAGE][PASSED] - Browser is closed]]></system-out>
         <system-err><![CDATA[]]></system-err>
      </testcase>
      <testcase name="Test Cases/111Ticket refund/Full Ticket Refund" time="28.712" classname="Test Cases/111Ticket refund/Full Ticket Refund" status="PASSED">
         <system-out><![CDATA[27-05-2025T22:48:12 - [TEST_CASE][PASSED] - Test Cases/111Ticket refund/Full Ticket Refund: Test Cases/111Ticket refund/Full Ticket Refund

27-05-2025T22:48:12 - [TEST_STEP][PASSED] - openBrowser("http://USAV:demo@dev.swstage.com/ "): Browser is opened with url: 'http://USAV:demo@dev.swstage.com/ '

27-05-2025T22:48:12 - [MESSAGE][INFO] - Starting 'Chrome' driver

27-05-2025T22:48:12 - [MESSAGE][INFO] - Action delay is set to 0 milliseconds

27-05-2025T22:48:15 - [MESSAGE][PASSED] - Browser is opened with url: 'http://USAV:demo@dev.swstage.com/ '

27-05-2025T22:48:15 - [TEST_STEP][PASSED] - navigateToUrl("http://USAV:demo@my.dev.swstage.com/#/"): Navigate to 'http://USAV:demo@my.dev.swstage.com/#/' successfully

27-05-2025T22:48:18 - [MESSAGE][PASSED] - Navigate to 'http://USAV:demo@my.dev.swstage.com/#/' successfully

27-05-2025T22:48:18 - [TEST_STEP][PASSED] - maximizeWindow(): Current window maximized

27-05-2025T22:48:18 - [MESSAGE][PASSED] - Current window maximized

27-05-2025T22:48:18 - [TEST_STEP][PASSED] - setText(findTestObject("Object Repository/Full Ticket Refund/Page_SportWrench - The Home of Sporting Events/input_Log In_email"), "dcgfcgchfhgvhv@gmail.com"): Text 'dcgfcgchfhgvhv@gmail.com' is set on object 'Object Repository/Full Ticket Refund/Page_SportWrench - The Home of Sporting Events/input_Log In_email'

27-05-2025T22:48:19 - [MESSAGE][PASSED] - Text 'dcgfcgchfhgvhv@gmail.com' is set on object 'Object Repository/Full Ticket Refund/Page_SportWrench - The Home of Sporting Events/input_Log In_email'

27-05-2025T22:48:19 - [TEST_STEP][PASSED] - setEncryptedText(findTestObject("Object Repository/Full Ticket Refund/Page_SportWrench - The Home of Sporting Events/input_false_password"), "ugkk24xDMrWrlVpEbACuNZEQlZ6qfcdw"): Text ****** has been set on object 'Object Repository/Full Ticket Refund/Page_SportWrench - The Home of Sporting Events/input_false_password'

27-05-2025T22:48:19 - [MESSAGE][PASSED] - Text ****** has been set on object 'Object Repository/Full Ticket Refund/Page_SportWrench - The Home of Sporting Events/input_false_password'

27-05-2025T22:48:19 - [TEST_STEP][PASSED] - click(findTestObject("Object Repository/Full Ticket Refund/Page_SportWrench - The Home of Sporting Events/button_Log In")): Object: 'Object Repository/Full Ticket Refund/Page_SportWrench - The Home of Sporting Events/button_Log In' is clicked on

27-05-2025T22:48:19 - [MESSAGE][PASSED] - Object: 'Object Repository/Full Ticket Refund/Page_SportWrench - The Home of Sporting Events/button_Log In' is clicked on

27-05-2025T22:48:19 - [TEST_STEP][PASSED] - setText(findTestObject("Object Repository/Full Ticket Refund/Page_SportWrench - The Home of Sporting Events/input_Other Events_searchbox"), "[AUTOTESTS] Tickets refunds (do not touch!)"): Text '[AUTOTESTS] Tickets refunds (do not touch!)' is set on object 'Object Repository/Full Ticket Refund/Page_SportWrench - The Home of Sporting Events/input_Other Events_searchbox'

27-05-2025T22:48:26 - [MESSAGE][PASSED] - Text '[AUTOTESTS] Tickets refunds (do not touch!)' is set on object 'Object Repository/Full Ticket Refund/Page_SportWrench - The Home of Sporting Events/input_Other Events_searchbox'

27-05-2025T22:48:26 - [TEST_STEP][PASSED] - click(findTestObject("Object Repository/Full Ticket Refund/Page_SportWrench - The Home of Sporting Events/a_AUTOTESTS Tickets refunds (do not touch)")): Object: 'Object Repository/Full Ticket Refund/Page_SportWrench - The Home of Sporting Events/a_AUTOTESTS Tickets refunds (do not touch)' is clicked on

27-05-2025T22:48:26 - [MESSAGE][PASSED] - Object: 'Object Repository/Full Ticket Refund/Page_SportWrench - The Home of Sporting Events/a_AUTOTESTS Tickets refunds (do not touch)' is clicked on

27-05-2025T22:48:26 - [TEST_STEP][PASSED] - click(findTestObject("Object Repository/Full Ticket Refund/Page_SportWrench - The Home of Sporting Events/a_Accounting")): Object: 'Object Repository/Full Ticket Refund/Page_SportWrench - The Home of Sporting Events/a_Accounting' is clicked on

27-05-2025T22:48:27 - [MESSAGE][PASSED] - Object: 'Object Repository/Full Ticket Refund/Page_SportWrench - The Home of Sporting Events/a_Accounting' is clicked on

27-05-2025T22:48:27 - [TEST_STEP][PASSED] - click(findTestObject("Object Repository/Full Ticket Refund/Page_SportWrench - The Home of Sporting Events/div_20.00")): Object: 'Object Repository/Full Ticket Refund/Page_SportWrench - The Home of Sporting Events/div_20.00' is clicked on

27-05-2025T22:48:28 - [MESSAGE][PASSED] - Object: 'Object Repository/Full Ticket Refund/Page_SportWrench - The Home of Sporting Events/div_20.00' is clicked on

27-05-2025T22:48:28 - [TEST_STEP][PASSED] - click(findTestObject("Object Repository/Full Ticket Refund/Page_SportWrench - The Home of Sporting Events/div_0.88")): Object: 'Object Repository/Full Ticket Refund/Page_SportWrench - The Home of Sporting Events/div_0.88' is clicked on

27-05-2025T22:48:28 - [MESSAGE][PASSED] - Object: 'Object Repository/Full Ticket Refund/Page_SportWrench - The Home of Sporting Events/div_0.88' is clicked on

27-05-2025T22:48:28 - [TEST_STEP][PASSED] - click(findTestObject("Object Repository/Full Ticket Refund/Page_SportWrench - The Home of Sporting Events/div_1.10")): Object: 'Object Repository/Full Ticket Refund/Page_SportWrench - The Home of Sporting Events/div_1.10' is clicked on

27-05-2025T22:48:29 - [MESSAGE][PASSED] - Object: 'Object Repository/Full Ticket Refund/Page_SportWrench - The Home of Sporting Events/div_1.10' is clicked on

27-05-2025T22:48:29 - [TEST_STEP][PASSED] - click(findTestObject("Object Repository/Full Ticket Refund/Page_SportWrench - The Home of Sporting Events/div_18.02")): Object: 'Object Repository/Full Ticket Refund/Page_SportWrench - The Home of Sporting Events/div_18.02' is clicked on

27-05-2025T22:48:29 - [MESSAGE][PASSED] - Object: 'Object Repository/Full Ticket Refund/Page_SportWrench - The Home of Sporting Events/div_18.02' is clicked on

27-05-2025T22:48:29 - [TEST_STEP][PASSED] - click(findTestObject("Object Repository/Full Ticket Refund/Page_SportWrench - The Home of Sporting Events/a_Tickets")): Object: 'Object Repository/Full Ticket Refund/Page_SportWrench - The Home of Sporting Events/a_Tickets' is clicked on

27-05-2025T22:48:29 - [MESSAGE][PASSED] - Object: 'Object Repository/Full Ticket Refund/Page_SportWrench - The Home of Sporting Events/a_Tickets' is clicked on

27-05-2025T22:48:29 - [TEST_STEP][PASSED] - click(findTestObject("Object Repository/Full Ticket Refund/Page_SportWrench - The Home of Sporting Events/a_Payments List")): Object: 'Object Repository/Full Ticket Refund/Page_SportWrench - The Home of Sporting Events/a_Payments List' is clicked on

27-05-2025T22:48:29 - [MESSAGE][PASSED] - Object: 'Object Repository/Full Ticket Refund/Page_SportWrench - The Home of Sporting Events/a_Payments List' is clicked on

27-05-2025T22:48:29 - [TEST_STEP][PASSED] - click(findTestObject("Object Repository/Full Ticket Refund/Page_SportWrench - The Home of Sporting Events/td_11949")): Object: 'Object Repository/Full Ticket Refund/Page_SportWrench - The Home of Sporting Events/td_11949' is clicked on

27-05-2025T22:48:31 - [MESSAGE][PASSED] - Object: 'Object Repository/Full Ticket Refund/Page_SportWrench - The Home of Sporting Events/td_11949' is clicked on

27-05-2025T22:48:31 - [TEST_STEP][PASSED] - click(findTestObject("Object Repository/Full Ticket Refund/Page_SportWrench - The Home of Sporting Events/button_Refund")): Object: 'Object Repository/Full Ticket Refund/Page_SportWrench - The Home of Sporting Events/button_Refund' is clicked on

27-05-2025T22:48:32 - [MESSAGE][PASSED] - Object: 'Object Repository/Full Ticket Refund/Page_SportWrench - The Home of Sporting Events/button_Refund' is clicked on

27-05-2025T22:48:32 - [TEST_STEP][PASSED] - click(findTestObject("Object Repository/Full Ticket Refund/Page_SportWrench - The Home of Sporting Events/a_Make A Full Refund")): Object: 'Object Repository/Full Ticket Refund/Page_SportWrench - The Home of Sporting Events/a_Make A Full Refund' is clicked on

27-05-2025T22:48:32 - [MESSAGE][PASSED] - Object: 'Object Repository/Full Ticket Refund/Page_SportWrench - The Home of Sporting Events/a_Make A Full Refund' is clicked on

27-05-2025T22:48:32 - [TEST_STEP][PASSED] - click(findTestObject("Object Repository/Full Ticket Refund/Page_SportWrench - The Home of Sporting Events/button_Yes")): Object: 'Object Repository/Full Ticket Refund/Page_SportWrench - The Home of Sporting Events/button_Yes' is clicked on

27-05-2025T22:48:33 - [MESSAGE][PASSED] - Object: 'Object Repository/Full Ticket Refund/Page_SportWrench - The Home of Sporting Events/button_Yes' is clicked on

27-05-2025T22:48:33 - [TEST_STEP][PASSED] - click(findTestObject("Spy Web/Page_SportWrench - The Home of Sporting Events/Page_SportWrench - The Home of Sporting Events/Page_SportWrench - The Home of Sporting Events/button_Close")): Object: 'Object Repository/Spy Web/Page_SportWrench - The Home of Sporting Events/Page_SportWrench - The Home of Sporting Events/Page_SportWrench - The Home of Sporting Events/button_Close' is clicked on

27-05-2025T22:48:39 - [MESSAGE][PASSED] - Object: 'Object Repository/Spy Web/Page_SportWrench - The Home of Sporting Events/Page_SportWrench - The Home of Sporting Events/Page_SportWrench - The Home of Sporting Events/button_Close' is clicked on

27-05-2025T22:48:39 - [TEST_STEP][PASSED] - click(findTestObject("Object Repository/Full Ticket Refund/Page_SportWrench - The Home of Sporting Events/a_Accounting")): Object: 'Object Repository/Full Ticket Refund/Page_SportWrench - The Home of Sporting Events/a_Accounting' is clicked on

27-05-2025T22:48:39 - [MESSAGE][PASSED] - Object: 'Object Repository/Full Ticket Refund/Page_SportWrench - The Home of Sporting Events/a_Accounting' is clicked on

27-05-2025T22:48:39 - [TEST_STEP][PASSED] - click(findTestObject("Object Repository/Full Ticket Refund/Page_SportWrench - The Home of Sporting Events/div_0.00")): Object: 'Object Repository/Full Ticket Refund/Page_SportWrench - The Home of Sporting Events/div_0.00' is clicked on

27-05-2025T22:48:40 - [MESSAGE][PASSED] - Object: 'Object Repository/Full Ticket Refund/Page_SportWrench - The Home of Sporting Events/div_0.00' is clicked on

27-05-2025T22:48:40 - [TEST_STEP][PASSED] - click(findTestObject("Object Repository/Full Ticket Refund/Page_SportWrench - The Home of Sporting Events/div_0.00_1")): Object: 'Object Repository/Full Ticket Refund/Page_SportWrench - The Home of Sporting Events/div_0.00_1' is clicked on

27-05-2025T22:48:40 - [MESSAGE][PASSED] - Object: 'Object Repository/Full Ticket Refund/Page_SportWrench - The Home of Sporting Events/div_0.00_1' is clicked on

27-05-2025T22:48:40 - [TEST_STEP][PASSED] - click(findTestObject("Object Repository/Full Ticket Refund/Page_SportWrench - The Home of Sporting Events/div_0.00_1_2")): Object: 'Object Repository/Full Ticket Refund/Page_SportWrench - The Home of Sporting Events/div_0.00_1_2' is clicked on

27-05-2025T22:48:40 - [MESSAGE][PASSED] - Object: 'Object Repository/Full Ticket Refund/Page_SportWrench - The Home of Sporting Events/div_0.00_1_2' is clicked on

27-05-2025T22:48:40 - [TEST_STEP][PASSED] - closeBrowser(): Browser is closed

27-05-2025T22:48:41 - [MESSAGE][PASSED] - Browser is closed]]></system-out>
         <system-err><![CDATA[]]></system-err>
      </testcase>
      <system-out><![CDATA[27-05-2025T22:45:42 - [TEST_SUITE][PASSED] - Ticket Refunds: Test Cases/111Ticket refund/Full Ticket Refund]]></system-out>
      <system-err><![CDATA[]]></system-err>
   </testsuite>
</testsuites>
